INFO	[2010-07-16 03:49:21:541] <15094> START INIPHP cancel (V5030-091216)(OS:Linux2.6.18-164.15.1.el5PAE,PHP:5.2.0)
DEBUG	[2010-07-16 03:49:21:541] <15094> inipayhome:/home/banana/public_html/INIpay50
DEBUG	[2010-07-16 03:49:21:541] <15094> type:cancel
DEBUG	[2010-07-16 03:49:21:541] <15094> debug:true
DEBUG	[2010-07-16 03:49:21:541] <15094> mid:battlebana
DEBUG	[2010-07-16 03:49:21:541] <15094> admin:1111
DEBUG	[2010-07-16 03:49:21:541] <15094> tid:INIphpVBNKbattlebana20100714141151309483
DEBUG	[2010-07-16 03:49:21:541] <15094> cancelmsg:
INFO	[2010-07-16 03:49:21:541] <15094> Check Field OK
INFO	[2010-07-16 03:49:21:541] <15094> PI PUB KEY LOAD OK []
INFO	[2010-07-16 03:49:21:541] <15094> PG PUB KEY LOAD OK [30]
INFO	[2010-07-16 03:49:21:542] <15094> MERCHANT PRIV KEY LOAD OK
INFO	[2010-07-16 03:49:21:542] <15094> MERCHANT PUB KEY LOAD OK [0]
DEBUG	[2010-07-16 03:49:21:543] <15094> MAKE ENCRYPT OK[<?xml version="1.0" encoding="UTF-8"?>
<CancelInfo>
	  <CancelTID>INIphpVBNKbattlebana20100714141151309483</CancelTID>
	  <CancelMsg/></CancelInfo>]
INFO	[2010-07-16 03:49:21:543] <15094> MAKE BODY OK
INFO	[2010-07-16 03:49:21:547] <15094> SIGN OK
INFO	[2010-07-16 03:49:21:547] <15094> MAKE HEAD OK
INFO	[2010-07-16 03:49:21:547] <15094> MSG_TO_PG:[0082000175D SHA1                   0                                      300420battlebana                    INIphpVBNKbattlebana20100714141151309483<?xml version="1.0" encoding="UTF-8"?>
<INIpay>
	  <CancelInfo>
	    <SessionKey>mglJdux1SFfKVWH5hXirip+T8vH43RFYn502U20W4EVYkdPZ6U+oo9u3XRgpEda+
NkzkIzagXT40K0M/2/vtIk+EQPUA/Z1eG6lxCxu9zM+rZyhaLTSZ0EFXbLcn4z1p
4vh7p78x/3hoi6nAZ7f44CiBEtOguPCAjorHCNET6wfFUksXye/UNw==
</SessionKey>
	    <Encrypted>kASy9jlOcfwjXd+aoqhKh3eFZF0Cv89joF8UwZ+3FUNCAPuAKCorx3+a+HcNucD4
IKhTRJaP4zfIEhb3JRxaqWKTyg20EQFTqLqv74SM79bRre/Dyxgw8hn+MI5YBNbV
Jy9s/UmDyCaQuzZam4fVWx6kdgb1gH2s22zdGOR0jX18phSPGnlxwxpX/m53MRpF
iTamxYrsWo4=
</Encrypted></CancelInfo>
	  <ReservedInfo>
	    <MReserved1/>
	    <MReserved2/>
	    <MReserved3/></ReservedInfo>
	  <ManageInfo>
	    <Language/>
	    <URL/>
	    <TXVersion>5030B091216canceLinux     PHPchkfake   2.6.18-164.15.1.el5PAEPHP:5.2.</TXVersion>
	    <TXUserID/>
	    <TXRegNum/></ManageInfo></INIpay>AFx4BZDxEkXby2jEI1BpRuqyAUG8oujlOF5i423nvxPaBIA0WSzwtd6JOx9/uLPz
07jAGKEke0q7a/gaZyZrcjEfGDyx+SdUhSdL5GwFunK/NiP1c3ypsVHm2TExoUhX
Oc4E4u2mDM+tnOqUckIsxphP5Yo/C/Z5zY41mBfaVaXP
]
INFO	[2010-07-16 03:49:21:554] <15094> DNS LOOKUP OK(pg.inicis.com:203.238.37.3:34049) laptime:0
INFO	[2010-07-16 03:49:21:558] <15094> SOCKET CONNECT OK
INFO	[2010-07-16 03:49:21:558] <15094> SEND OK
INFO	[2010-07-16 03:49:21:779] <15094> RECV OK
INFO	[2010-07-16 03:49:21:779] <15094> MSG_FROM_PG:[0150300175D SHA1                   0                                      300430battlebana                    INIphpVBNKbattlebana20100714141151309483<?xml version="1.0" encoding="UTF-8"?>
<INIpay>
  <CancelInfo>
    <ResultCode>170000</ResultCode>
    <ResultMsg urlencode="1">%C1%A4%BB%F3%C3%B3%B8%AE%B5%C7%BE%FA%BD%C0%B4%CF%B4%D9.</ResultMsg>
    <SessionKey>AN93TJHx+yVYarjprHe0+qV9xs35RtBQJan33oud07NhwsnpBsQ0kpAB2L00g3F2
2ov44EMFwurZCGi31JA5imuzwrBDImbsGtmYgiMSgKR/SNNCUkR0zItecCN6n4I0
RR2ieH4JpSf4Gs2FzUSG/47gVlwy81JQwu55mijplxXxbNi5oamagls=
</SessionKey>
    <Encrypted>6hV/VDqXWY+1aba1Qrnlz/1oCZY3/V3CyZSornxItD6fGIudkLNwTAY8S3RwHU4/
E6z8yogpJh5frN6+/tbjIer2sp6W9jKlsJe4BcnNdg9cAczfenYiKbqElBJJXPXZ
zZOiCS0LIKtqXblifZ81zOVJqUR0xNAp/oun3wddL7crRsjSRp96j3P8Gz4bmGlg
e/t+S0hYxKYvJdFoQqSxe+0IB0q7I6pxg1VG/5J2NbrY1kG04Ag5Agjll+V9E4UT
dAfDXJC04sDSOQYkz/mc/rtqF/celulCSs88ZD0upoZRBWabkCr3c8bZ7CUunogM
G55lbAQk1Fmd7OYn/nn1WUMc4yujaQR5G3YWF0egTygDAyjAG8r2ZRZfomy8nh/a
qX+4ubdBzIfRUKamzruqgx8NaHEh9ublBmgrblNosKjUy7R1SGmnJcCr/pyr2mHX
z+jNXoBzCmGNqu+4QnRbxYIWUYIIox3T9kDapGuTqN6XVzhfBffg6NPMZMbyHWtn
zkZxVms6r4fJawJqVZyV2fWAvU6+gq0N9adMNFgtUS0O5JW6cuJzyKvEnmkfb7Ad
gIAukG7d++LlqJ61KBNNkhOlVFSFlzD0QzQce8VcXGQC6D+szrYISwq7mHhmme1J
97jQ4IrW56n/ovwzZMfK+q3Lj1ZNLE2XP1Vl0AOQuufa6NI5dJjxL3MKIv+ziguF
</Encrypted>
  </CancelInfo>
  <ManageInfo/>
  <ReservedInfo>
    <MReserved1 urlencode="1"></MReserved1>
    <MReserved2 urlencode="1"></MReserved2>
    <MReserved3 urlencode="1"></MReserved3>
    <PGReserved1 urlencode="1"></PGReserved1>
    <PGReserved2 urlencode="1"></PGReserved2>
    <PGReserved3 urlencode="1"></PGReserved3>
  </ReservedInfo>
</INIpay>
qbXtp6lHDk2riHTzQDEKkGWTKsB8BO4dE5B3cbTgkCawDEQMlQEoV+KGBFbIqfjO
PiWiwGGEgiFoTVtXxyUB7t25u+uQdTlYjRUhsz3F5TQujgGIT+YqSfCDIiDQA7ON
iEgn9mJVDul5f3VCHT9PK+7G9C5wcuxwQYe2kVhEcUc=
]
INFO	[2010-07-16 03:49:21:780] <15094> VERIFY OK
INFO	[2010-07-16 03:49:21:780] <15094> PARSE HEAD OK
INFO	[2010-07-16 03:49:21:781] <15094> PARSE BODY OK
INFO	[2010-07-16 03:49:21:784] <15094> DECRYPT OK
DEBUG	[2010-07-16 03:49:21:784] <15094> DECRYPT MSG:[<?xml version="1.0" encoding="UTF-8"?>
<CancelInfo>
  <CancelDate>20100716</CancelDate>
  <CancelTime>035149</CancelTime>
  <ResultCode>170000</ResultCode>
  <ResultMsg urlencode="1">%C1%A4%BB%F3%C3%B3%B8%AE%B5%C7%BE%FA%BD%C0%B4%CF%B4%D9.</ResultMsg>
  <CSHR_CancelNum></CSHR_CancelNum>
  <CSHR_CancelDate>20100716</CSHR_CancelDate>
  <CSHR_CancelTime>035149</CSHR_CancelTime>
  <CSHR_ResultCode>505623</CSHR_ResultCode>
  <CSHR_ResultMsg urlencode="1">%C7%D8%B4%E7%B0%C5%B7%A1+%BE%F8%C0%BD</CSHR_ResultMsg>
</CancelInfo>]
INFO	[2010-07-16 03:49:21:785] <15094> DECRYPT PARSE OK
INFO	[2010-07-16 03:49:21:785] <15094> END cancel 정상처리되었습니다. Laptime:[0.25sec]
INFO	[2010-07-16 03:49:21:785] <15094> ===============================================================
INFO	[2010-07-16 03:49:37:564] <30372> START INIPHP cancel (V5030-091216)(OS:Linux2.6.18-164.15.1.el5PAE,PHP:5.2.0)
DEBUG	[2010-07-16 03:49:37:564] <30372> inipayhome:/home/banana/public_html/INIpay50
DEBUG	[2010-07-16 03:49:37:564] <30372> type:cancel
DEBUG	[2010-07-16 03:49:37:564] <30372> debug:true
DEBUG	[2010-07-16 03:49:37:564] <30372> mid:battlebana
DEBUG	[2010-07-16 03:49:37:564] <30372> admin:1111
DEBUG	[2010-07-16 03:49:37:564] <30372> tid:INIphpVBNKbattlebana20100714155546144909
DEBUG	[2010-07-16 03:49:37:564] <30372> cancelmsg:
INFO	[2010-07-16 03:49:37:564] <30372> Check Field OK
INFO	[2010-07-16 03:49:37:564] <30372> PI PUB KEY LOAD OK []
INFO	[2010-07-16 03:49:37:565] <30372> PG PUB KEY LOAD OK [30]
INFO	[2010-07-16 03:49:37:565] <30372> MERCHANT PRIV KEY LOAD OK
INFO	[2010-07-16 03:49:37:565] <30372> MERCHANT PUB KEY LOAD OK [0]
DEBUG	[2010-07-16 03:49:37:566] <30372> MAKE ENCRYPT OK[<?xml version="1.0" encoding="UTF-8"?>
<CancelInfo>
	  <CancelTID>INIphpVBNKbattlebana20100714155546144909</CancelTID>
	  <CancelMsg/></CancelInfo>]
INFO	[2010-07-16 03:49:37:567] <30372> MAKE BODY OK
INFO	[2010-07-16 03:49:37:570] <30372> SIGN OK
INFO	[2010-07-16 03:49:37:570] <30372> MAKE HEAD OK
INFO	[2010-07-16 03:49:37:570] <30372> MSG_TO_PG:[0082000175D SHA1                   0                                      300420battlebana                    INIphpVBNKbattlebana20100714155546144909<?xml version="1.0" encoding="UTF-8"?>
<INIpay>
	  <CancelInfo>
	    <SessionKey>KFIKG4RhQyjaj8AeNFw2xnVgR5Z0iTkEH5J2jkYqb9cV6cU0ORJKLtHB/GCuKzc8
4v1VM+6j1EM2xV2FuMnMgB+AMdU8KxD7XTySNQ0lssXuBP9Nf22eIustsY10s+qg
iPCcex2DgA33yEdfYqAZbF5Ox1+x+Nfw7Bfn0Y7dhA77lvv671Xn0w==
</SessionKey>
	    <Encrypted>+HdIsTXGjWqoIrYZPItDtYw3Wt1uVW+7suu4EneG4VjiKDkQE56RGjIaxk91grIM
Y+2EgaCEnwZNX6jxxPPKmq4zVH5S0YR+HE6nrf1lDR8tE6TJVG6YN0cKT0sqbksI
nJH69sOuGz66HQQpkliZSIgL6vcE6q8t0dJQ+qd7M3FAVA6fhP0kJfdG9X5+ijAO
cJqftAmzthA=
</Encrypted></CancelInfo>
	  <ReservedInfo>
	    <MReserved1/>
	    <MReserved2/>
	    <MReserved3/></ReservedInfo>
	  <ManageInfo>
	    <Language/>
	    <URL/>
	    <TXVersion>5030B091216canceLinux     PHPchkfake   2.6.18-164.15.1.el5PAEPHP:5.2.</TXVersion>
	    <TXUserID/>
	    <TXRegNum/></ManageInfo></INIpay>AKbpvQpT5kgqgVCeza6+nZcyLJI+Oc64dll8WRHuUzNjSJQCcWeyuFzRkQUv/qfz
NGaUGTjB/CItydKmXd1wFFCLp0QLg74j+qRjiHOSdSveYRwS8mvO9T4hyY7I/0pS
nNP+oolqJXLjIZ4rqCbtyuuJkKhoUpOW/Z1FOVehlW8r
]
INFO	[2010-07-16 03:49:37:580] <30372> DNS LOOKUP OK(pg.inicis.com:203.238.37.3:34049) laptime:0.01
INFO	[2010-07-16 03:49:37:583] <30372> SOCKET CONNECT OK
INFO	[2010-07-16 03:49:37:583] <30372> SEND OK
INFO	[2010-07-16 03:49:37:728] <30372> RECV OK
INFO	[2010-07-16 03:49:37:728] <30372> MSG_FROM_PG:[0150300175D SHA1                   0                                      300430battlebana                    INIphpVBNKbattlebana20100714155546144909<?xml version="1.0" encoding="UTF-8"?>
<INIpay>
  <CancelInfo>
    <ResultCode>170000</ResultCode>
    <ResultMsg urlencode="1">%C1%A4%BB%F3%C3%B3%B8%AE%B5%C7%BE%FA%BD%C0%B4%CF%B4%D9.</ResultMsg>
    <SessionKey>AAzFjs3+TYmTjnAeyzXGb6E+PKOHoaGUTTBjneKSmi6BHknroL0g9bShdy7jCVKl
m7/mUpIph+giwMaDRSvgk0xvsNVl/zS6MBrqfNgDwz3MLmNMlV/FxxXwUfROpq7l
2Xf/4PsZceEBoHL381cP5+nsInpLgF7qbXvg+R7tPw446IyovV1LxAc=
</SessionKey>
    <Encrypted>42g2zFgIuoDIGfi7tBHvvmEU/ChUUTfZP58MniF8OU6L8rA0EIUBKCErKcAYdqZn
bUJOAeuOEKeTYOBVhdV30Dqz0+M53ZflDNaoFAqwGZAqfmOjd/IOfdfeV/LDQ3Co
4+RMCHyZd3nAW0EGQBd6ETw8pwsjr66QLxScPBjcgdI/vt7Y2tXw/XPSaEToDdqB
yqe6J/FPYvTZHC9lTdxp60MH4cKK3darubec0jsBu0Ux62aH8f9ObKRK4Fd9E0ZG
E6a24q27sPi7NDK8p9vBd9TduERMV+AE8cN7jisUSLfhuZvxcKnNGk3BxDwIRCF+
jcL12+psCWAaq3kTI97CWSjVN6DWc+xOng34vYqFYEA8/ivNjmu1oFG1WijaC0J2
4ixEt4H0RmdOTlwSibt20fPvfsJx2GuAaYZlbb8fueV/IOx3k+3EFynrRYPlP7qy
ClHM+E/sJilhbQrzA4SM4qq2TbBqkVe4MrYoeYSysw3Zb63mlN74GbOCBeFplUHm
IcodpGYPzQySHFFI05/X16G++pTo/tvwLqnm+JJ/b/KnTQP817BxWgNqnFnfQSJZ
oMCpal6qAPtOnb7WPfAaDgwC23/p0M11irZXuYp3RdGC547h8AvB8Zu/xYBtDt9S
Tq4L9WeZKa3JfCS6GMbYBdu2nJcF/PXidR0mwBelZv8UD7opP5W7/L+r5eKyInhI
</Encrypted>
  </CancelInfo>
  <ManageInfo/>
  <ReservedInfo>
    <MReserved1 urlencode="1"></MReserved1>
    <MReserved2 urlencode="1"></MReserved2>
    <MReserved3 urlencode="1"></MReserved3>
    <PGReserved1 urlencode="1"></PGReserved1>
    <PGReserved2 urlencode="1"></PGReserved2>
    <PGReserved3 urlencode="1"></PGReserved3>
  </ReservedInfo>
</INIpay>
UWqSbo34u0KUArgKtd/64YerFjkbdV+F+V1LLlEYyEGmrG3HVCXsXNoed/RiYpyv
mWzOSltdlR+zpu39WN4Zr0bpmcjWQHr/FFzVP2ms/xmcWLUbyxZrnL4vcSDVqKTY
IZFzrhothGsySisChtVospXolDTqm569UkjDFk50S3c=
]
INFO	[2010-07-16 03:49:37:728] <30372> VERIFY OK
INFO	[2010-07-16 03:49:37:728] <30372> PARSE HEAD OK
INFO	[2010-07-16 03:49:37:729] <30372> PARSE BODY OK
INFO	[2010-07-16 03:49:37:732] <30372> DECRYPT OK
DEBUG	[2010-07-16 03:49:37:732] <30372> DECRYPT MSG:[<?xml version="1.0" encoding="UTF-8"?>
<CancelInfo>
  <CancelDate>20100716</CancelDate>
  <CancelTime>035205</CancelTime>
  <ResultCode>170000</ResultCode>
  <ResultMsg urlencode="1">%C1%A4%BB%F3%C3%B3%B8%AE%B5%C7%BE%FA%BD%C0%B4%CF%B4%D9.</ResultMsg>
  <CSHR_CancelNum></CSHR_CancelNum>
  <CSHR_CancelDate>20100716</CSHR_CancelDate>
  <CSHR_CancelTime>035205</CSHR_CancelTime>
  <CSHR_ResultCode>505623</CSHR_ResultCode>
  <CSHR_ResultMsg urlencode="1">%C7%D8%B4%E7%B0%C5%B7%A1+%BE%F8%C0%BD</CSHR_ResultMsg>
</CancelInfo>]
INFO	[2010-07-16 03:49:37:733] <30372> DECRYPT PARSE OK
INFO	[2010-07-16 03:49:37:733] <30372> END cancel 정상처리되었습니다. Laptime:[0.17sec]
INFO	[2010-07-16 03:49:37:733] <30372> ===============================================================
