INFO	[2010-11-17 00:43:26:921] <30598> START INIPHP chkfake (V5030-091216)(OS:Linux2.6.18-164.15.1.el5PAE,PHP:5.2.0)
DEBUG	[2010-11-17 00:43:26:921] <30598> inipayhome:/home/banana/public_html/INIpay50/
DEBUG	[2010-11-17 00:43:26:921] <30598> type:chkfake
DEBUG	[2010-11-17 00:43:26:921] <30598> debug:true
DEBUG	[2010-11-17 00:43:26:921] <30598> enctype:asym
DEBUG	[2010-11-17 00:43:26:921] <30598> admin:1111
DEBUG	[2010-11-17 00:43:26:921] <30598> checkopt:false
DEBUG	[2010-11-17 00:43:26:921] <30598> mid:battlebana
DEBUG	[2010-11-17 00:43:26:921] <30598> price:800000
DEBUG	[2010-11-17 00:43:26:921] <30598> nointerest:no
DEBUG	[2010-11-17 00:43:26:921] <30598> quotabase:선택:일시불:2개월:3개월:6개월
INFO	[2010-11-17 00:43:26:921] <30598> Check Field OK
INFO	[2010-11-17 00:43:26:922] <30598> MERCHANT PRIV KEY LOAD OK
INFO	[2010-11-17 00:43:26:922] <30598> MERCHANT PUB KEY LOAD OK []
INFO	[2010-11-17 00:43:26:925] <30598> CHKFAKE KEY MAKE OK:MjAxMDExMTcwMDQzMjY5MjI4MzIwMA==

INFO	[2010-11-17 00:43:26:925] <30598> END chkfake  Laptime:[0.01sec]
INFO	[2010-11-17 00:43:26:925] <30598> ===============================================================
INFO	[2010-11-17 13:53:24:882] <32679> START INIPHP chkfake (V5030-091216)(OS:Linux2.6.18-164.15.1.el5PAE,PHP:5.2.0)
DEBUG	[2010-11-17 13:53:24:882] <32679> inipayhome:/home/banana/public_html/INIpay50/
DEBUG	[2010-11-17 13:53:24:882] <32679> type:chkfake
DEBUG	[2010-11-17 13:53:24:882] <32679> debug:true
DEBUG	[2010-11-17 13:53:24:882] <32679> enctype:asym
DEBUG	[2010-11-17 13:53:24:882] <32679> admin:1111
DEBUG	[2010-11-17 13:53:24:882] <32679> checkopt:false
DEBUG	[2010-11-17 13:53:24:882] <32679> mid:battlebana
DEBUG	[2010-11-17 13:53:24:882] <32679> price:10000
DEBUG	[2010-11-17 13:53:24:882] <32679> nointerest:no
DEBUG	[2010-11-17 13:53:24:882] <32679> quotabase:선택:일시불:2개월:3개월:6개월
INFO	[2010-11-17 13:53:24:882] <32679> Check Field OK
INFO	[2010-11-17 13:53:24:882] <32679> MERCHANT PRIV KEY LOAD OK
INFO	[2010-11-17 13:53:24:882] <32679> MERCHANT PUB KEY LOAD OK []
INFO	[2010-11-17 13:53:24:885] <32679> CHKFAKE KEY MAKE OK:MjAxMDExMTcxMzUzMjQ4ODM4OTg1OA==

INFO	[2010-11-17 13:53:24:885] <32679> END chkfake  Laptime:[0.01sec]
INFO	[2010-11-17 13:53:24:885] <32679> ===============================================================
