INFO	[2010-07-11 03:14:09:419] <7657> START INIPHP securepay (V5030-091216)(OS:Linux2.6.18-164.15.1.el5PAE,PHP:5.2.0)
DEBUG	[2010-07-11 03:14:09:419] <7657> inipayhome:/home/banana/public_html/INIpay50/
DEBUG	[2010-07-11 03:14:09:419] <7657> type:securepay
DEBUG	[2010-07-11 03:14:09:419] <7657> pgid:INIphp
DEBUG	[2010-07-11 03:14:09:419] <7657> subpgip:203.238.3.10
DEBUG	[2010-07-11 03:14:09:419] <7657> admin:
DEBUG	[2010-07-11 03:14:09:419] <7657> debug:true
DEBUG	[2010-07-11 03:14:09:419] <7657> uid:
DEBUG	[2010-07-11 03:14:09:419] <7657> goodname:
DEBUG	[2010-07-11 03:14:09:419] <7657> currency:
DEBUG	[2010-07-11 03:14:09:419] <7657> mid:
DEBUG	[2010-07-11 03:14:09:419] <7657> rn:
DEBUG	[2010-07-11 03:14:09:419] <7657> price:
DEBUG	[2010-07-11 03:14:09:419] <7657> enctype:
DEBUG	[2010-07-11 03:14:09:419] <7657> buyername:
DEBUG	[2010-07-11 03:14:09:419] <7657> buyertel:
DEBUG	[2010-07-11 03:14:09:419] <7657> buyeremail:
DEBUG	[2010-07-11 03:14:09:419] <7657> paymethod:
DEBUG	[2010-07-11 03:14:09:419] <7657> encrypted:
DEBUG	[2010-07-11 03:14:09:419] <7657> sessionkey:
DEBUG	[2010-07-11 03:14:09:419] <7657> url:http://www.battlebanana.com
DEBUG	[2010-07-11 03:14:09:419] <7657> cardcode:
DEBUG	[2010-07-11 03:14:09:419] <7657> parentemail:
DEBUG	[2010-07-11 03:14:09:419] <7657> recvname:
DEBUG	[2010-07-11 03:14:09:419] <7657> recvtel:
DEBUG	[2010-07-11 03:14:09:419] <7657> recvaddr:
DEBUG	[2010-07-11 03:14:09:419] <7657> recvpostnum:
DEBUG	[2010-07-11 03:14:09:419] <7657> recvmsg:
DEBUG	[2010-07-11 03:14:09:419] <7657> joincard:
DEBUG	[2010-07-11 03:14:09:419] <7657> joinexpire:
DEBUG	[2010-07-11 03:14:09:419] <7657> id_customer:
ERROR	[2010-07-11 03:14:09:429] <7657> 필수항목(mid)이 누락되었습니다.
INFO	[2010-07-11 03:14:09:429] <7657> END securepay [TX9202|필수항목(mid)이 누락되었습니다.] Laptime:[0.01sec]
INFO	[2010-07-11 03:14:09:429] <7657> ===============================================================
INFO	[2010-07-11 03:15:04:181] <7657> START INIPHP securepay (V5030-091216)(OS:Linux2.6.18-164.15.1.el5PAE,PHP:5.2.0)
DEBUG	[2010-07-11 03:15:04:181] <7657> inipayhome:/home/banana/public_html/INIpay50/
DEBUG	[2010-07-11 03:15:04:181] <7657> type:securepay
DEBUG	[2010-07-11 03:15:04:181] <7657> pgid:INIphp
DEBUG	[2010-07-11 03:15:04:181] <7657> subpgip:203.238.3.10
DEBUG	[2010-07-11 03:15:04:181] <7657> admin:
DEBUG	[2010-07-11 03:15:04:181] <7657> debug:true
DEBUG	[2010-07-11 03:15:04:181] <7657> uid:
DEBUG	[2010-07-11 03:15:04:181] <7657> goodname:
DEBUG	[2010-07-11 03:15:04:181] <7657> currency:
DEBUG	[2010-07-11 03:15:04:181] <7657> mid:
DEBUG	[2010-07-11 03:15:04:181] <7657> rn:
DEBUG	[2010-07-11 03:15:04:181] <7657> price:
DEBUG	[2010-07-11 03:15:04:181] <7657> enctype:
DEBUG	[2010-07-11 03:15:04:181] <7657> buyername:
DEBUG	[2010-07-11 03:15:04:181] <7657> buyertel:
DEBUG	[2010-07-11 03:15:04:181] <7657> buyeremail:
DEBUG	[2010-07-11 03:15:04:181] <7657> paymethod:
DEBUG	[2010-07-11 03:15:04:181] <7657> encrypted:
DEBUG	[2010-07-11 03:15:04:181] <7657> sessionkey:
DEBUG	[2010-07-11 03:15:04:181] <7657> url:http://www.battlebanana.com
DEBUG	[2010-07-11 03:15:04:181] <7657> cardcode:
DEBUG	[2010-07-11 03:15:04:181] <7657> parentemail:
DEBUG	[2010-07-11 03:15:04:181] <7657> recvname:
DEBUG	[2010-07-11 03:15:04:181] <7657> recvtel:
DEBUG	[2010-07-11 03:15:04:181] <7657> recvaddr:
DEBUG	[2010-07-11 03:15:04:181] <7657> recvpostnum:
DEBUG	[2010-07-11 03:15:04:181] <7657> recvmsg:
DEBUG	[2010-07-11 03:15:04:181] <7657> joincard:
DEBUG	[2010-07-11 03:15:04:181] <7657> joinexpire:
DEBUG	[2010-07-11 03:15:04:181] <7657> id_customer:
ERROR	[2010-07-11 03:15:04:208] <7657> 필수항목(mid)이 누락되었습니다.
INFO	[2010-07-11 03:15:04:208] <7657> END securepay [TX9202|필수항목(mid)이 누락되었습니다.] Laptime:[0.03sec]
INFO	[2010-07-11 03:15:04:209] <7657> ===============================================================
INFO	[2010-07-11 03:26:52:946] <7657> START INIPHP securepay (V5030-091216)(OS:Linux2.6.18-164.15.1.el5PAE,PHP:5.2.0)
DEBUG	[2010-07-11 03:26:52:946] <7657> inipayhome:/home/banana/public_html/INIpay50/
DEBUG	[2010-07-11 03:26:52:946] <7657> type:securepay
DEBUG	[2010-07-11 03:26:52:946] <7657> pgid:INIphp
DEBUG	[2010-07-11 03:26:52:946] <7657> subpgip:203.238.3.10
DEBUG	[2010-07-11 03:26:52:946] <7657> admin:
DEBUG	[2010-07-11 03:26:52:946] <7657> debug:true
DEBUG	[2010-07-11 03:26:52:946] <7657> uid:
DEBUG	[2010-07-11 03:26:52:946] <7657> goodname:
DEBUG	[2010-07-11 03:26:52:946] <7657> currency:
DEBUG	[2010-07-11 03:26:52:946] <7657> mid:
DEBUG	[2010-07-11 03:26:52:946] <7657> rn:
DEBUG	[2010-07-11 03:26:52:946] <7657> price:
DEBUG	[2010-07-11 03:26:52:946] <7657> enctype:
DEBUG	[2010-07-11 03:26:52:946] <7657> buyername:
DEBUG	[2010-07-11 03:26:52:946] <7657> buyertel:
DEBUG	[2010-07-11 03:26:52:946] <7657> buyeremail:
DEBUG	[2010-07-11 03:26:52:946] <7657> paymethod:
DEBUG	[2010-07-11 03:26:52:946] <7657> encrypted:
DEBUG	[2010-07-11 03:26:52:946] <7657> sessionkey:
DEBUG	[2010-07-11 03:26:52:946] <7657> url:http://www.battlebanana.com
DEBUG	[2010-07-11 03:26:52:946] <7657> cardcode:
DEBUG	[2010-07-11 03:26:52:946] <7657> parentemail:
DEBUG	[2010-07-11 03:26:52:946] <7657> recvname:
DEBUG	[2010-07-11 03:26:52:946] <7657> recvtel:
DEBUG	[2010-07-11 03:26:52:946] <7657> recvaddr:
DEBUG	[2010-07-11 03:26:52:946] <7657> recvpostnum:
DEBUG	[2010-07-11 03:26:52:946] <7657> recvmsg:
DEBUG	[2010-07-11 03:26:52:946] <7657> joincard:
DEBUG	[2010-07-11 03:26:52:946] <7657> joinexpire:
DEBUG	[2010-07-11 03:26:52:946] <7657> id_customer:
ERROR	[2010-07-11 03:26:52:961] <7657> 필수항목(mid)이 누락되었습니다.
INFO	[2010-07-11 03:26:52:961] <7657> END securepay [TX9202|필수항목(mid)이 누락되었습니다.] Laptime:[0.01sec]
INFO	[2010-07-11 03:26:52:961] <7657> ===============================================================
INFO	[2010-07-11 03:26:55:426] <3887> START INIPHP securepay (V5030-091216)(OS:Linux2.6.18-164.15.1.el5PAE,PHP:5.2.0)
DEBUG	[2010-07-11 03:26:55:426] <3887> inipayhome:/home/banana/public_html/INIpay50/
DEBUG	[2010-07-11 03:26:55:426] <3887> type:securepay
DEBUG	[2010-07-11 03:26:55:426] <3887> pgid:INIphp
DEBUG	[2010-07-11 03:26:55:426] <3887> subpgip:203.238.3.10
DEBUG	[2010-07-11 03:26:55:426] <3887> admin:
DEBUG	[2010-07-11 03:26:55:426] <3887> debug:true
DEBUG	[2010-07-11 03:26:55:426] <3887> uid:
DEBUG	[2010-07-11 03:26:55:426] <3887> goodname:
DEBUG	[2010-07-11 03:26:55:426] <3887> currency:
DEBUG	[2010-07-11 03:26:55:426] <3887> mid:
DEBUG	[2010-07-11 03:26:55:426] <3887> rn:
DEBUG	[2010-07-11 03:26:55:426] <3887> price:
DEBUG	[2010-07-11 03:26:55:426] <3887> enctype:
DEBUG	[2010-07-11 03:26:55:426] <3887> buyername:
DEBUG	[2010-07-11 03:26:55:426] <3887> buyertel:
DEBUG	[2010-07-11 03:26:55:426] <3887> buyeremail:
DEBUG	[2010-07-11 03:26:55:426] <3887> paymethod:
DEBUG	[2010-07-11 03:26:55:426] <3887> encrypted:
DEBUG	[2010-07-11 03:26:55:426] <3887> sessionkey:
DEBUG	[2010-07-11 03:26:55:426] <3887> url:http://www.battlebanana.com
DEBUG	[2010-07-11 03:26:55:426] <3887> cardcode:
DEBUG	[2010-07-11 03:26:55:426] <3887> parentemail:
DEBUG	[2010-07-11 03:26:55:426] <3887> recvname:
DEBUG	[2010-07-11 03:26:55:426] <3887> recvtel:
DEBUG	[2010-07-11 03:26:55:426] <3887> recvaddr:
DEBUG	[2010-07-11 03:26:55:426] <3887> recvpostnum:
DEBUG	[2010-07-11 03:26:55:426] <3887> recvmsg:
DEBUG	[2010-07-11 03:26:55:426] <3887> joincard:
DEBUG	[2010-07-11 03:26:55:426] <3887> joinexpire:
DEBUG	[2010-07-11 03:26:55:426] <3887> id_customer:
ERROR	[2010-07-11 03:26:55:441] <3887> 필수항목(mid)이 누락되었습니다.
INFO	[2010-07-11 03:26:55:441] <3887> END securepay [TX9202|필수항목(mid)이 누락되었습니다.] Laptime:[0.01sec]
INFO	[2010-07-11 03:26:55:441] <3887> ===============================================================
INFO	[2010-07-11 03:26:56:361] <28870> START INIPHP securepay (V5030-091216)(OS:Linux2.6.18-164.15.1.el5PAE,PHP:5.2.0)
DEBUG	[2010-07-11 03:26:56:361] <28870> inipayhome:/home/banana/public_html/INIpay50/
DEBUG	[2010-07-11 03:26:56:361] <28870> type:securepay
DEBUG	[2010-07-11 03:26:56:361] <28870> pgid:INIphp
DEBUG	[2010-07-11 03:26:56:361] <28870> subpgip:203.238.3.10
DEBUG	[2010-07-11 03:26:56:361] <28870> admin:
DEBUG	[2010-07-11 03:26:56:361] <28870> debug:true
DEBUG	[2010-07-11 03:26:56:361] <28870> uid:
DEBUG	[2010-07-11 03:26:56:361] <28870> goodname:
DEBUG	[2010-07-11 03:26:56:361] <28870> currency:
DEBUG	[2010-07-11 03:26:56:361] <28870> mid:
DEBUG	[2010-07-11 03:26:56:361] <28870> rn:
DEBUG	[2010-07-11 03:26:56:361] <28870> price:
DEBUG	[2010-07-11 03:26:56:361] <28870> enctype:
DEBUG	[2010-07-11 03:26:56:361] <28870> buyername:
DEBUG	[2010-07-11 03:26:56:361] <28870> buyertel:
DEBUG	[2010-07-11 03:26:56:361] <28870> buyeremail:
DEBUG	[2010-07-11 03:26:56:361] <28870> paymethod:
DEBUG	[2010-07-11 03:26:56:361] <28870> encrypted:
DEBUG	[2010-07-11 03:26:56:361] <28870> sessionkey:
DEBUG	[2010-07-11 03:26:56:361] <28870> url:http://www.battlebanana.com
DEBUG	[2010-07-11 03:26:56:361] <28870> cardcode:
DEBUG	[2010-07-11 03:26:56:361] <28870> parentemail:
DEBUG	[2010-07-11 03:26:56:361] <28870> recvname:
DEBUG	[2010-07-11 03:26:56:361] <28870> recvtel:
DEBUG	[2010-07-11 03:26:56:361] <28870> recvaddr:
DEBUG	[2010-07-11 03:26:56:361] <28870> recvpostnum:
DEBUG	[2010-07-11 03:26:56:361] <28870> recvmsg:
DEBUG	[2010-07-11 03:26:56:361] <28870> joincard:
DEBUG	[2010-07-11 03:26:56:361] <28870> joinexpire:
DEBUG	[2010-07-11 03:26:56:361] <28870> id_customer:
ERROR	[2010-07-11 03:26:56:371] <28870> 필수항목(mid)이 누락되었습니다.
INFO	[2010-07-11 03:26:56:371] <28870> END securepay [TX9202|필수항목(mid)이 누락되었습니다.] Laptime:[0.01sec]
INFO	[2010-07-11 03:26:56:371] <28870> ===============================================================
