INFO	[2010-11-22 20:23:03:899] <27781> START INIPHP cancel (V5030-091216)(OS:Linux2.6.18-164.15.1.el5PAE,PHP:5.2.0)
DEBUG	[2010-11-22 20:23:03:899] <27781> inipayhome:/home/banana/public_html/INIpay50
DEBUG	[2010-11-22 20:23:03:899] <27781> type:cancel
DEBUG	[2010-11-22 20:23:03:899] <27781> debug:true
DEBUG	[2010-11-22 20:23:03:899] <27781> mid:battlebana
DEBUG	[2010-11-22 20:23:03:899] <27781> admin:1111
DEBUG	[2010-11-22 20:23:03:899] <27781> tid:INIphpCARDbattlebana20101122201836091999
DEBUG	[2010-11-22 20:23:03:899] <27781> cancelmsg:
INFO	[2010-11-22 20:23:03:899] <27781> Check Field OK
INFO	[2010-11-22 20:23:03:899] <27781> PI PUB KEY LOAD OK []
INFO	[2010-11-22 20:23:03:900] <27781> PG PUB KEY LOAD OK [30]
INFO	[2010-11-22 20:23:03:900] <27781> MERCHANT PRIV KEY LOAD OK
INFO	[2010-11-22 20:23:03:900] <27781> MERCHANT PUB KEY LOAD OK [0]
DEBUG	[2010-11-22 20:23:03:902] <27781> MAKE ENCRYPT OK[<?xml version="1.0" encoding="UTF-8"?>
<CancelInfo>
	  <CancelTID>INIphpCARDbattlebana20101122201836091999</CancelTID>
	  <CancelMsg/></CancelInfo>]
INFO	[2010-11-22 20:23:03:902] <27781> MAKE BODY OK
INFO	[2010-11-22 20:23:03:905] <27781> SIGN OK
INFO	[2010-11-22 20:23:03:905] <27781> MAKE HEAD OK
INFO	[2010-11-22 20:23:03:905] <27781> MSG_TO_PG:[0082000175D SHA1                   0                                      300420battlebana                    INIphpCARDbattlebana20101122201836091999<?xml version="1.0" encoding="UTF-8"?>
<INIpay>
	  <CancelInfo>
	    <SessionKey>TH6SOmqcOyRmwv2DUFPJubDXefieNWAvVU2iUG69akjqdGJPMFnjBkXiHHY5Hfr/
fPsLW5a2hfRvZDrwnEaOIIYGWvmwErm/Un9biV2dww2r56auHVJGlPzliMbHzVZX
lN/IN+6vuub0wDuRpItGiJ6dCVab5PdYU3GocHfosEfsMDN8HNEo1Q==
</SessionKey>
	    <Encrypted>7IEUDx8Y5mA9ty7XZiXIuh3edNoGX8D8SHaxBOFBmlcKkeQlIofjW981N7c3Glqg
b7Z7dai8b6DWC8ACi66gzEWj5/2GnDUAjYEnl7KH3VPro+HPoi6JjOiUU+CnmNX5
OaiaC8Ytt8hPCGN3QcsSVJPJvovEfEgyry4VqC6340HZseCVy22khmJYF9d+TG8X
QTVMxvjCxns=
</Encrypted></CancelInfo>
	  <ReservedInfo>
	    <MReserved1/>
	    <MReserved2/>
	    <MReserved3/></ReservedInfo>
	  <ManageInfo>
	    <Language/>
	    <URL/>
	    <TXVersion>5030B091216canceLinux     PHPchkfake   2.6.18-164.15.1.el5PAEPHP:5.2.</TXVersion>
	    <TXUserID/>
	    <TXRegNum/></ManageInfo></INIpay>AQylNRSUcv5bqtnS/SZuYnYCK8JXqhTg0rTt/oSeRUBG3Mm/oIWVfXD63xbOcCBB
3sKNdaYffRdzYzDbXxSn/FCMCWtLrf5QEN3jbCJpEVEG41U83R+ncGqhk2BMBFR3
oWURg9wBML8l2BZdanbkDoGVwp4/lY6DwTAeMJgoo323
]
INFO	[2010-11-22 20:23:03:914] <27781> DNS LOOKUP OK(pg.inicis.com:203.238.37.3:34049) laptime:0
INFO	[2010-11-22 20:23:03:919] <27781> SOCKET CONNECT OK
INFO	[2010-11-22 20:23:03:919] <27781> SEND OK
INFO	[2010-11-22 20:23:04:512] <27781> RECV OK
INFO	[2010-11-22 20:23:04:512] <27781> MSG_FROM_PG:[0115800175D SHA1                   0                                      300430battlebana                    INIphpCARDbattlebana20101122201836091999<?xml version="1.0" encoding="UTF-8"?>
<INIpay>
  <CancelInfo>
    <ResultCode>120000</ResultCode>
    <ResultMsg urlencode="1">%C1%A4%BB%F3%C3%B3%B8%AE%B5%C7%BE%FA%BD%C0%B4%CF%B4%D9.</ResultMsg>
    <SessionKey>AIvsuI/UQLuV3QMmODojfpO+TOzGtJ/LHTEunpCEGO+JxF49f3nlvoPKP3Q9aHC/
v8H/0TYuc95bePQ2mg6EuolMpphmhTjEdbYzIor4IHAec14ld9UhXknyu9X+WvP4
GzjaprwotQYb/v7NZgwJssiSLiJHxNR2jj8ylsFRTf93f9IpvPUF6q0=
</SessionKey>
    <Encrypted>qnhqxWwHPIQaJ1L3kzqkiRU+z9l1ffSC1xQoHU4ltdyllaSL4DboQ6ktUQpqErNY
y0N0D6MDRuw5FvlaHt0Q1gHCEkwqMRnaYXG7tqGs/lZZQEtVjiqdHDtfzqv3zGWH
8Fse4g5AEd4kBh+iiT8kr+vPGuxUw7yIcr8+6vGEpYprq52Hb1Pr68c7yyySAaV6
5n8kj47hZcRyZsXWnZkJPLSzAHsksK8riDoEg2oyYgQVw95710mVUh+YLuG3QwrU
E4XsQLqqMOtmXQJLMFflHA/yPn0QfoHn42/kpL5Qg3lOnTSvzo38rqQ0XpPKo+RA
sIMg5jBSZWAq78UCFCQNrsUFYzLv0byuWRdtuv5WlCY=
</Encrypted>
  </CancelInfo>
  <ManageInfo/>
  <ReservedInfo>
    <MReserved1 urlencode="1"></MReserved1>
    <MReserved2 urlencode="1"></MReserved2>
    <MReserved3 urlencode="1"></MReserved3>
    <PGReserved1 urlencode="1"></PGReserved1>
    <PGReserved2 urlencode="1"></PGReserved2>
    <PGReserved3 urlencode="1"></PGReserved3>
  </ReservedInfo>
</INIpay>
gu1N60CGWIjeZwO1Q+LS9z8iHfy28K+An6s4MztBxe6cgBX5Ir9+0g3l3Obq9QF0
HmaPcbxvUStJASB2QIHW/HXKr+ufZhfj2FimnEpJPUTaTmX/HgHjC3nytnRCnfJz
/P37Bq8G6ibD9AhhOPxMg4flV4qaYuGTmfMN5ZiwbIc=
]
INFO	[2010-11-22 20:23:04:512] <27781> VERIFY OK
INFO	[2010-11-22 20:23:04:513] <27781> PARSE HEAD OK
INFO	[2010-11-22 20:23:04:514] <27781> PARSE BODY OK
INFO	[2010-11-22 20:23:04:517] <27781> DECRYPT OK
DEBUG	[2010-11-22 20:23:04:517] <27781> DECRYPT MSG:[<?xml version="1.0" encoding="UTF-8"?>
<CancelInfo>
  <CancelDate>20101122</CancelDate>
  <CancelTime>202306</CancelTime>
  <ResultCode>120000</ResultCode>
  <ResultMsg urlencode="1">%C1%A4%BB%F3%C3%B3%B8%AE%B5%C7%BE%FA%BD%C0%B4%CF%B4%D9.</ResultMsg>
</CancelInfo>]
INFO	[2010-11-22 20:23:04:517] <27781> DECRYPT PARSE OK
INFO	[2010-11-22 20:23:04:517] <27781> END cancel 정상처리되었습니다. Laptime:[0.62sec]
INFO	[2010-11-22 20:23:04:517] <27781> ===============================================================
INFO	[2010-11-22 20:23:17:2] <23359> START INIPHP cancel (V5030-091216)(OS:Linux2.6.18-164.15.1.el5PAE,PHP:5.2.0)
DEBUG	[2010-11-22 20:23:17:2] <23359> inipayhome:/home/banana/public_html/INIpay50
DEBUG	[2010-11-22 20:23:17:2] <23359> type:cancel
DEBUG	[2010-11-22 20:23:17:2] <23359> debug:true
DEBUG	[2010-11-22 20:23:17:2] <23359> mid:battlebana
DEBUG	[2010-11-22 20:23:17:2] <23359> admin:1111
DEBUG	[2010-11-22 20:23:17:2] <23359> tid:INIphpCARDbattlebana20101122201836091999
DEBUG	[2010-11-22 20:23:17:2] <23359> cancelmsg:
INFO	[2010-11-22 20:23:17:3] <23359> Check Field OK
INFO	[2010-11-22 20:23:17:3] <23359> PI PUB KEY LOAD OK []
INFO	[2010-11-22 20:23:17:3] <23359> PG PUB KEY LOAD OK [30]
INFO	[2010-11-22 20:23:17:3] <23359> MERCHANT PRIV KEY LOAD OK
INFO	[2010-11-22 20:23:17:4] <23359> MERCHANT PUB KEY LOAD OK [0]
DEBUG	[2010-11-22 20:23:17:5] <23359> MAKE ENCRYPT OK[<?xml version="1.0" encoding="UTF-8"?>
<CancelInfo>
	  <CancelTID>INIphpCARDbattlebana20101122201836091999</CancelTID>
	  <CancelMsg/></CancelInfo>]
INFO	[2010-11-22 20:23:17:5] <23359> MAKE BODY OK
INFO	[2010-11-22 20:23:17:8] <23359> SIGN OK
INFO	[2010-11-22 20:23:17:9] <23359> MAKE HEAD OK
INFO	[2010-11-22 20:23:17:9] <23359> MSG_TO_PG:[0082000175D SHA1                   0                                      300420battlebana                    INIphpCARDbattlebana20101122201836091999<?xml version="1.0" encoding="UTF-8"?>
<INIpay>
	  <CancelInfo>
	    <SessionKey>DCMY9kq6gsyawSdhsFmYF0Sokiftj0sxXG2wArrlPKSA7U4Yr9i47Xq59GupiY0B
yi4a6ZOG3IZi0p9NHP+PbuE83PBAJ9uQXvzO7lsIEVah0ZmpCJk2rPyvoQCHmzbb
+/NPWWO22q5u3/GvYot0Dqo93/mBvwFm0Xm+qZBceabQgE4ELKriyw==
</SessionKey>
	    <Encrypted>p69uTN/s8zXuHlnlshnLNQl9Awm0Rd4LCOyMs1UjJsWrKcBCL5f/uDP/ZGgTDMvY
6oh1NDWWlPIYjs4NJaMV9J50VJegm+3KEmVgh4u4eE/Pc2XA8ciYsl0npHpNP2Io
0OJtvX3kn58vllD/BTHKNzOaz1k5CDv82ha5+k7IzuKaDDsssIUUP6tN03KyoAOZ
bcltdsHNTYc=
</Encrypted></CancelInfo>
	  <ReservedInfo>
	    <MReserved1/>
	    <MReserved2/>
	    <MReserved3/></ReservedInfo>
	  <ManageInfo>
	    <Language/>
	    <URL/>
	    <TXVersion>5030B091216canceLinux     PHPchkfake   2.6.18-164.15.1.el5PAEPHP:5.2.</TXVersion>
	    <TXUserID/>
	    <TXRegNum/></ManageInfo></INIpay>AEwAwuAUBsh0uUh0dRFWktl6l3LIRmZXJqfIE2xswkX26xbcKw5p9SMTuDDL7snM
vp0pUL/180qrPbv/24LCb6Qa5MhhaAebEqLTyoDF7a8b3OkV+OmfTmp4dRZ0T1Ra
lCL+CaMPaabQYTzrMQYQDcF4AOftjrXlzEeo3scLKaM8
]
INFO	[2010-11-22 20:23:17:12] <23359> DNS LOOKUP OK(pg.inicis.com:203.238.37.3:34049) laptime:0
INFO	[2010-11-22 20:23:17:17] <23359> SOCKET CONNECT OK
INFO	[2010-11-22 20:23:17:17] <23359> SEND OK
INFO	[2010-11-22 20:23:17:114] <23359> RECV OK
INFO	[2010-11-22 20:23:17:114] <23359> MSG_FROM_PG:[0108200175D SHA1                   0                                      300430battlebana                    INIphpCARDbattlebana20101122201836091999<?xml version="1.0" encoding="UTF-8"?>
<INIpay>
  <CancelInfo>
    <ResultCode>500626</ResultCode>
    <ResultMsg urlencode="1">%B1%E2+%C3%EB%BC%D2+%B0%C5%B7%A1</ResultMsg>
    <SessionKey>AS+R5/PnQLBDpTm0dxw+mwZDR5Lz6vC2Ss33vD9u3fXHhdxQIYAPv+KCGKyxCqRb
XwHF3bLEm5K/FJXP1axl8dbhlEIoPwScYjQU1prD8BJ9/kx8/7364zkFjmJzqBGy
UQxmbDZhjT3eCYq5YmPKVfCdyz/FfbQ7AkWpRuTDW1+SW8G11NWPCT8=
</SessionKey>
    <Encrypted>cbQYTFNZvKDnhFTaD92QItBpgG4ZmQ1lWvclz0Zi/LmIcsRvwMqEVYiGm13jyr20
x9Jc3YFLugPcoETrpECPAtIXWGl0xQ6oV+O/7fNYvOCCM/SYGIPbJ/Mnhh38M2/h
20hJvOJZAEvE2hfIXZKdYQf13RrX4gIs8yjH5JDt02NyusvbqpzOHJP6zmOD1iDf
drCBR0lgEN+UvlHCe1olN5Su1iJDGG9UzSw/AOHp6hZQnRMK8qBuvt+cfmWb3J86
O3FqIO+vmmTLsq8SO1kMn2UvCSYBcJedOZ4nUReJAjfAYgYqWjr++g==
</Encrypted>
  </CancelInfo>
  <ManageInfo/>
  <ReservedInfo>
    <MReserved1 urlencode="1"></MReserved1>
    <MReserved2 urlencode="1"></MReserved2>
    <MReserved3 urlencode="1"></MReserved3>
    <PGReserved1 urlencode="1"></PGReserved1>
    <PGReserved2 urlencode="1"></PGReserved2>
    <PGReserved3 urlencode="1"></PGReserved3>
  </ReservedInfo>
</INIpay>
tbcuf75GNpIgNAiraCsHw4O1NrkhNDENIHwqJfq6eAKIxKUM/BoqbTZ3QSPj6QLj
FKOXyCSTxfqr+wnGTNrEHW02eKoQagzH3lILaMY9SBMpLY/stPfgZNmzz0sFyndD
A4/EOlgvlC/DOPcO8sqOVeRTsdj9yG+FMgyMERTRbC0=
]
INFO	[2010-11-22 20:23:17:114] <23359> VERIFY OK
INFO	[2010-11-22 20:23:17:114] <23359> PARSE HEAD OK
INFO	[2010-11-22 20:23:17:115] <23359> PARSE BODY OK
INFO	[2010-11-22 20:23:17:118] <23359> DECRYPT OK
DEBUG	[2010-11-22 20:23:17:118] <23359> DECRYPT MSG:[<?xml version="1.0" encoding="UTF-8"?>
<CancelInfo>
  <CancelDate></CancelDate>
  <CancelTime></CancelTime>
  <ResultCode>500626</ResultCode>
  <ResultMsg urlencode="1">%B1%E2+%C3%EB%BC%D2+%B0%C5%B7%A1</ResultMsg>
</CancelInfo>]
INFO	[2010-11-22 20:23:17:119] <23359> DECRYPT PARSE OK
INFO	[2010-11-22 20:23:17:119] <23359> END cancel [500626|기 취소 거래] Laptime:[0.12sec]
INFO	[2010-11-22 20:23:17:119] <23359> ===============================================================
