INFO	[2010-07-06 15:06:07:730] <30045> START INIPHP chkfake (V5030-091216)(OS:Linux2.6.18-164.15.1.el5PAE,PHP:5.2.0)
DEBUG	[2010-07-06 15:06:07:730] <30045> inipayhome:/home/banana/public_html/INIpay50/
DEBUG	[2010-07-06 15:06:07:730] <30045> type:chkfake
DEBUG	[2010-07-06 15:06:07:730] <30045> debug:true
DEBUG	[2010-07-06 15:06:07:730] <30045> enctype:asym
DEBUG	[2010-07-06 15:06:07:730] <30045> admin:1111
DEBUG	[2010-07-06 15:06:07:730] <30045> checkopt:false
DEBUG	[2010-07-06 15:06:07:730] <30045> mid:battlebana
DEBUG	[2010-07-06 15:06:07:730] <30045> price:1000
DEBUG	[2010-07-06 15:06:07:730] <30045> nointerest:no
DEBUG	[2010-07-06 15:06:07:730] <30045> quotabase:선택:일시불:2개월:3개월:6개월
INFO	[2010-07-06 15:06:07:731] <30045> Check Field OK
ERROR	[2010-07-06 15:06:07:731] <30045> 상점개인키 로드오류
INFO	[2010-07-06 15:06:07:741] <30045> END chkfake [TX9301|상점개인키 로드오류] Laptime:[0.01sec]
INFO	[2010-07-06 15:06:07:741] <30045> ===============================================================
INFO	[2010-07-06 15:06:10:65] <10759> START INIPHP chkfake (V5030-091216)(OS:Linux2.6.18-164.15.1.el5PAE,PHP:5.2.0)
DEBUG	[2010-07-06 15:06:10:65] <10759> inipayhome:/home/banana/public_html/INIpay50/
DEBUG	[2010-07-06 15:06:10:65] <10759> type:chkfake
DEBUG	[2010-07-06 15:06:10:65] <10759> debug:true
DEBUG	[2010-07-06 15:06:10:65] <10759> enctype:asym
DEBUG	[2010-07-06 15:06:10:65] <10759> admin:1111
DEBUG	[2010-07-06 15:06:10:65] <10759> checkopt:false
DEBUG	[2010-07-06 15:06:10:65] <10759> mid:battlebana
DEBUG	[2010-07-06 15:06:10:65] <10759> price:1000
DEBUG	[2010-07-06 15:06:10:65] <10759> nointerest:no
DEBUG	[2010-07-06 15:06:10:65] <10759> quotabase:선택:일시불:2개월:3개월:6개월
INFO	[2010-07-06 15:06:10:66] <10759> Check Field OK
ERROR	[2010-07-06 15:06:10:66] <10759> 상점개인키 로드오류
INFO	[2010-07-06 15:06:10:76] <10759> END chkfake [TX9301|상점개인키 로드오류] Laptime:[0.01sec]
INFO	[2010-07-06 15:06:10:76] <10759> ===============================================================
INFO	[2010-07-06 15:06:10:976] <8100> START INIPHP chkfake (V5030-091216)(OS:Linux2.6.18-164.15.1.el5PAE,PHP:5.2.0)
DEBUG	[2010-07-06 15:06:10:977] <8100> inipayhome:/home/banana/public_html/INIpay50/
DEBUG	[2010-07-06 15:06:10:977] <8100> type:chkfake
DEBUG	[2010-07-06 15:06:10:977] <8100> debug:true
DEBUG	[2010-07-06 15:06:10:977] <8100> enctype:asym
DEBUG	[2010-07-06 15:06:10:977] <8100> admin:1111
DEBUG	[2010-07-06 15:06:10:977] <8100> checkopt:false
DEBUG	[2010-07-06 15:06:10:977] <8100> mid:battlebana
DEBUG	[2010-07-06 15:06:10:977] <8100> price:1000
DEBUG	[2010-07-06 15:06:10:977] <8100> nointerest:no
DEBUG	[2010-07-06 15:06:10:977] <8100> quotabase:선택:일시불:2개월:3개월:6개월
INFO	[2010-07-06 15:06:10:977] <8100> Check Field OK
ERROR	[2010-07-06 15:06:10:977] <8100> 상점개인키 로드오류
INFO	[2010-07-06 15:06:10:987] <8100> END chkfake [TX9301|상점개인키 로드오류] Laptime:[0.01sec]
INFO	[2010-07-06 15:06:10:987] <8100> ===============================================================
INFO	[2010-07-06 15:06:12:217] <17573> START INIPHP chkfake (V5030-091216)(OS:Linux2.6.18-164.15.1.el5PAE,PHP:5.2.0)
DEBUG	[2010-07-06 15:06:12:217] <17573> inipayhome:/home/banana/public_html/INIpay50/
DEBUG	[2010-07-06 15:06:12:217] <17573> type:chkfake
DEBUG	[2010-07-06 15:06:12:217] <17573> debug:true
DEBUG	[2010-07-06 15:06:12:217] <17573> enctype:asym
DEBUG	[2010-07-06 15:06:12:217] <17573> admin:1111
DEBUG	[2010-07-06 15:06:12:217] <17573> checkopt:false
DEBUG	[2010-07-06 15:06:12:217] <17573> mid:battlebana
DEBUG	[2010-07-06 15:06:12:217] <17573> price:1000
DEBUG	[2010-07-06 15:06:12:217] <17573> nointerest:no
DEBUG	[2010-07-06 15:06:12:217] <17573> quotabase:선택:일시불:2개월:3개월:6개월
INFO	[2010-07-06 15:06:12:218] <17573> Check Field OK
ERROR	[2010-07-06 15:06:12:218] <17573> 상점개인키 로드오류
INFO	[2010-07-06 15:06:12:229] <17573> END chkfake [TX9301|상점개인키 로드오류] Laptime:[0.01sec]
INFO	[2010-07-06 15:06:12:229] <17573> ===============================================================
INFO	[2010-07-06 15:06:13:23] <30105> START INIPHP chkfake (V5030-091216)(OS:Linux2.6.18-164.15.1.el5PAE,PHP:5.2.0)
DEBUG	[2010-07-06 15:06:13:23] <30105> inipayhome:/home/banana/public_html/INIpay50/
DEBUG	[2010-07-06 15:06:13:23] <30105> type:chkfake
DEBUG	[2010-07-06 15:06:13:23] <30105> debug:true
DEBUG	[2010-07-06 15:06:13:23] <30105> enctype:asym
DEBUG	[2010-07-06 15:06:13:23] <30105> admin:1111
DEBUG	[2010-07-06 15:06:13:23] <30105> checkopt:false
DEBUG	[2010-07-06 15:06:13:23] <30105> mid:battlebana
DEBUG	[2010-07-06 15:06:13:23] <30105> price:1000
DEBUG	[2010-07-06 15:06:13:23] <30105> nointerest:no
DEBUG	[2010-07-06 15:06:13:23] <30105> quotabase:선택:일시불:2개월:3개월:6개월
INFO	[2010-07-06 15:06:13:23] <30105> Check Field OK
ERROR	[2010-07-06 15:06:13:23] <30105> 상점개인키 로드오류
INFO	[2010-07-06 15:06:13:34] <30105> END chkfake [TX9301|상점개인키 로드오류] Laptime:[0.01sec]
INFO	[2010-07-06 15:06:13:34] <30105> ===============================================================
INFO	[2010-07-06 15:06:13:558] <11021> START INIPHP chkfake (V5030-091216)(OS:Linux2.6.18-164.15.1.el5PAE,PHP:5.2.0)
DEBUG	[2010-07-06 15:06:13:558] <11021> inipayhome:/home/banana/public_html/INIpay50/
DEBUG	[2010-07-06 15:06:13:558] <11021> type:chkfake
DEBUG	[2010-07-06 15:06:13:558] <11021> debug:true
DEBUG	[2010-07-06 15:06:13:558] <11021> enctype:asym
DEBUG	[2010-07-06 15:06:13:558] <11021> admin:1111
DEBUG	[2010-07-06 15:06:13:558] <11021> checkopt:false
DEBUG	[2010-07-06 15:06:13:558] <11021> mid:battlebana
DEBUG	[2010-07-06 15:06:13:558] <11021> price:1000
DEBUG	[2010-07-06 15:06:13:558] <11021> nointerest:no
DEBUG	[2010-07-06 15:06:13:558] <11021> quotabase:선택:일시불:2개월:3개월:6개월
INFO	[2010-07-06 15:06:13:558] <11021> Check Field OK
ERROR	[2010-07-06 15:06:13:559] <11021> 상점개인키 로드오류
INFO	[2010-07-06 15:06:13:569] <11021> END chkfake [TX9301|상점개인키 로드오류] Laptime:[0.01sec]
INFO	[2010-07-06 15:06:13:569] <11021> ===============================================================
INFO	[2010-07-06 15:06:14:130] <15864> START INIPHP chkfake (V5030-091216)(OS:Linux2.6.18-164.15.1.el5PAE,PHP:5.2.0)
DEBUG	[2010-07-06 15:06:14:130] <15864> inipayhome:/home/banana/public_html/INIpay50/
DEBUG	[2010-07-06 15:06:14:130] <15864> type:chkfake
DEBUG	[2010-07-06 15:06:14:130] <15864> debug:true
DEBUG	[2010-07-06 15:06:14:130] <15864> enctype:asym
DEBUG	[2010-07-06 15:06:14:130] <15864> admin:1111
DEBUG	[2010-07-06 15:06:14:130] <15864> checkopt:false
DEBUG	[2010-07-06 15:06:14:130] <15864> mid:battlebana
DEBUG	[2010-07-06 15:06:14:130] <15864> price:1000
DEBUG	[2010-07-06 15:06:14:130] <15864> nointerest:no
DEBUG	[2010-07-06 15:06:14:130] <15864> quotabase:선택:일시불:2개월:3개월:6개월
INFO	[2010-07-06 15:06:14:130] <15864> Check Field OK
ERROR	[2010-07-06 15:06:14:130] <15864> 상점개인키 로드오류
INFO	[2010-07-06 15:06:14:142] <15864> END chkfake [TX9301|상점개인키 로드오류] Laptime:[0.01sec]
INFO	[2010-07-06 15:06:14:142] <15864> ===============================================================
INFO	[2010-07-06 15:06:14:644] <7135> START INIPHP chkfake (V5030-091216)(OS:Linux2.6.18-164.15.1.el5PAE,PHP:5.2.0)
DEBUG	[2010-07-06 15:06:14:644] <7135> inipayhome:/home/banana/public_html/INIpay50/
DEBUG	[2010-07-06 15:06:14:644] <7135> type:chkfake
DEBUG	[2010-07-06 15:06:14:644] <7135> debug:true
DEBUG	[2010-07-06 15:06:14:644] <7135> enctype:asym
DEBUG	[2010-07-06 15:06:14:644] <7135> admin:1111
DEBUG	[2010-07-06 15:06:14:644] <7135> checkopt:false
DEBUG	[2010-07-06 15:06:14:644] <7135> mid:battlebana
DEBUG	[2010-07-06 15:06:14:644] <7135> price:1000
DEBUG	[2010-07-06 15:06:14:644] <7135> nointerest:no
DEBUG	[2010-07-06 15:06:14:644] <7135> quotabase:선택:일시불:2개월:3개월:6개월
INFO	[2010-07-06 15:06:14:644] <7135> Check Field OK
ERROR	[2010-07-06 15:06:14:644] <7135> 상점개인키 로드오류
INFO	[2010-07-06 15:06:14:654] <7135> END chkfake [TX9301|상점개인키 로드오류] Laptime:[0.01sec]
INFO	[2010-07-06 15:06:14:654] <7135> ===============================================================
INFO	[2010-07-06 15:07:03:416] <10759> START INIPHP chkfake (V5030-091216)(OS:Linux2.6.18-164.15.1.el5PAE,PHP:5.2.0)
DEBUG	[2010-07-06 15:07:03:416] <10759> inipayhome:/home/banana/public_html/INIpay50/
DEBUG	[2010-07-06 15:07:03:416] <10759> type:chkfake
DEBUG	[2010-07-06 15:07:03:416] <10759> debug:true
DEBUG	[2010-07-06 15:07:03:416] <10759> enctype:asym
DEBUG	[2010-07-06 15:07:03:416] <10759> admin:1111
DEBUG	[2010-07-06 15:07:03:416] <10759> checkopt:false
DEBUG	[2010-07-06 15:07:03:416] <10759> mid:battlebana
DEBUG	[2010-07-06 15:07:03:416] <10759> price:1000
DEBUG	[2010-07-06 15:07:03:416] <10759> nointerest:no
DEBUG	[2010-07-06 15:07:03:416] <10759> quotabase:선택:일시불:2개월:3개월:6개월
INFO	[2010-07-06 15:07:03:416] <10759> Check Field OK
ERROR	[2010-07-06 15:07:03:416] <10759> 상점개인키 로드오류
INFO	[2010-07-06 15:07:03:427] <10759> END chkfake [TX9301|상점개인키 로드오류] Laptime:[0.01sec]
INFO	[2010-07-06 15:07:03:427] <10759> ===============================================================
INFO	[2010-07-06 15:07:04:58] <8100> START INIPHP chkfake (V5030-091216)(OS:Linux2.6.18-164.15.1.el5PAE,PHP:5.2.0)
DEBUG	[2010-07-06 15:07:04:58] <8100> inipayhome:/home/banana/public_html/INIpay50/
DEBUG	[2010-07-06 15:07:04:58] <8100> type:chkfake
DEBUG	[2010-07-06 15:07:04:58] <8100> debug:true
DEBUG	[2010-07-06 15:07:04:58] <8100> enctype:asym
DEBUG	[2010-07-06 15:07:04:58] <8100> admin:1111
DEBUG	[2010-07-06 15:07:04:58] <8100> checkopt:false
DEBUG	[2010-07-06 15:07:04:58] <8100> mid:battlebana
DEBUG	[2010-07-06 15:07:04:58] <8100> price:1000
DEBUG	[2010-07-06 15:07:04:58] <8100> nointerest:no
DEBUG	[2010-07-06 15:07:04:58] <8100> quotabase:선택:일시불:2개월:3개월:6개월
INFO	[2010-07-06 15:07:04:58] <8100> Check Field OK
ERROR	[2010-07-06 15:07:04:58] <8100> 상점개인키 로드오류
INFO	[2010-07-06 15:07:04:68] <8100> END chkfake [TX9301|상점개인키 로드오류] Laptime:[0.01sec]
INFO	[2010-07-06 15:07:04:68] <8100> ===============================================================
INFO	[2010-07-06 15:07:05:660] <17573> START INIPHP chkfake (V5030-091216)(OS:Linux2.6.18-164.15.1.el5PAE,PHP:5.2.0)
DEBUG	[2010-07-06 15:07:05:660] <17573> inipayhome:/home/banana/public_html/INIpay50/
DEBUG	[2010-07-06 15:07:05:660] <17573> type:chkfake
DEBUG	[2010-07-06 15:07:05:660] <17573> debug:true
DEBUG	[2010-07-06 15:07:05:660] <17573> enctype:asym
DEBUG	[2010-07-06 15:07:05:660] <17573> admin:1111
DEBUG	[2010-07-06 15:07:05:660] <17573> checkopt:false
DEBUG	[2010-07-06 15:07:05:660] <17573> mid:battlebana
DEBUG	[2010-07-06 15:07:05:660] <17573> price:1000
DEBUG	[2010-07-06 15:07:05:660] <17573> nointerest:no
DEBUG	[2010-07-06 15:07:05:660] <17573> quotabase:선택:일시불:2개월:3개월:6개월
INFO	[2010-07-06 15:07:05:660] <17573> Check Field OK
ERROR	[2010-07-06 15:07:05:660] <17573> 상점개인키 로드오류
INFO	[2010-07-06 15:07:05:671] <17573> END chkfake [TX9301|상점개인키 로드오류] Laptime:[0.01sec]
INFO	[2010-07-06 15:07:05:671] <17573> ===============================================================
INFO	[2010-07-06 15:07:06:521] <30105> START INIPHP chkfake (V5030-091216)(OS:Linux2.6.18-164.15.1.el5PAE,PHP:5.2.0)
DEBUG	[2010-07-06 15:07:06:521] <30105> inipayhome:/home/banana/public_html/INIpay50/
DEBUG	[2010-07-06 15:07:06:521] <30105> type:chkfake
DEBUG	[2010-07-06 15:07:06:521] <30105> debug:true
DEBUG	[2010-07-06 15:07:06:521] <30105> enctype:asym
DEBUG	[2010-07-06 15:07:06:521] <30105> admin:1111
DEBUG	[2010-07-06 15:07:06:521] <30105> checkopt:false
DEBUG	[2010-07-06 15:07:06:521] <30105> mid:battlebana
DEBUG	[2010-07-06 15:07:06:521] <30105> price:1000
DEBUG	[2010-07-06 15:07:06:521] <30105> nointerest:no
DEBUG	[2010-07-06 15:07:06:521] <30105> quotabase:선택:일시불:2개월:3개월:6개월
INFO	[2010-07-06 15:07:06:521] <30105> Check Field OK
ERROR	[2010-07-06 15:07:06:521] <30105> 상점개인키 로드오류
INFO	[2010-07-06 15:07:06:532] <30105> END chkfake [TX9301|상점개인키 로드오류] Laptime:[0.01sec]
INFO	[2010-07-06 15:07:06:532] <30105> ===============================================================
INFO	[2010-07-06 15:07:41:1] <11021> START INIPHP chkfake (V5030-091216)(OS:Linux2.6.18-164.15.1.el5PAE,PHP:5.2.0)
DEBUG	[2010-07-06 15:07:41:1] <11021> inipayhome:/home/banana/public_html/INIpay50/
DEBUG	[2010-07-06 15:07:41:1] <11021> type:chkfake
DEBUG	[2010-07-06 15:07:41:1] <11021> debug:true
DEBUG	[2010-07-06 15:07:41:1] <11021> enctype:asym
DEBUG	[2010-07-06 15:07:41:1] <11021> admin:1111
DEBUG	[2010-07-06 15:07:41:1] <11021> checkopt:false
DEBUG	[2010-07-06 15:07:41:1] <11021> mid:battlebana
DEBUG	[2010-07-06 15:07:41:1] <11021> price:1000
DEBUG	[2010-07-06 15:07:41:1] <11021> nointerest:no
DEBUG	[2010-07-06 15:07:41:1] <11021> quotabase:선택:일시불:2개월:3개월:6개월
INFO	[2010-07-06 15:07:41:1] <11021> Check Field OK
INFO	[2010-07-06 15:07:41:1] <11021> MERCHANT PRIV KEY LOAD OK
INFO	[2010-07-06 15:07:41:1] <11021> MERCHANT PUB KEY LOAD OK []
INFO	[2010-07-06 15:07:41:4] <11021> CHKFAKE KEY MAKE OK:MjAxMDA3MDYxNTA3NDEwMDExNjY0Mw==

INFO	[2010-07-06 15:07:41:4] <11021> END chkfake  Laptime:[0sec]
INFO	[2010-07-06 15:07:41:5] <11021> ===============================================================
INFO	[2010-07-06 15:07:50:404] <10759> START INIPHP chkfake (V5030-091216)(OS:Linux2.6.18-164.15.1.el5PAE,PHP:5.2.0)
DEBUG	[2010-07-06 15:07:50:404] <10759> inipayhome:/home/banana/public_html/INIpay50/
DEBUG	[2010-07-06 15:07:50:404] <10759> type:chkfake
DEBUG	[2010-07-06 15:07:50:404] <10759> debug:true
DEBUG	[2010-07-06 15:07:50:404] <10759> enctype:asym
DEBUG	[2010-07-06 15:07:50:404] <10759> admin:1111
DEBUG	[2010-07-06 15:07:50:404] <10759> checkopt:false
DEBUG	[2010-07-06 15:07:50:404] <10759> mid:battlebana
DEBUG	[2010-07-06 15:07:50:404] <10759> price:1000
DEBUG	[2010-07-06 15:07:50:404] <10759> nointerest:no
DEBUG	[2010-07-06 15:07:50:404] <10759> quotabase:선택:일시불:2개월:3개월:6개월
INFO	[2010-07-06 15:07:50:404] <10759> Check Field OK
INFO	[2010-07-06 15:07:50:404] <10759> MERCHANT PRIV KEY LOAD OK
INFO	[2010-07-06 15:07:50:404] <10759> MERCHANT PUB KEY LOAD OK []
INFO	[2010-07-06 15:07:50:407] <10759> CHKFAKE KEY MAKE OK:MjAxMDA3MDYxNTA3NTA0MDQxNjUyMg==

INFO	[2010-07-06 15:07:50:408] <10759> END chkfake  Laptime:[0.01sec]
INFO	[2010-07-06 15:07:50:408] <10759> ===============================================================
INFO	[2010-07-06 15:10:05:58] <30045> START INIPHP chkfake (V5030-091216)(OS:Linux2.6.18-164.15.1.el5PAE,PHP:5.2.0)
DEBUG	[2010-07-06 15:10:05:58] <30045> inipayhome:/home/banana/public_html/INIpay50/
DEBUG	[2010-07-06 15:10:05:58] <30045> type:chkfake
DEBUG	[2010-07-06 15:10:05:58] <30045> debug:true
DEBUG	[2010-07-06 15:10:05:58] <30045> enctype:asym
DEBUG	[2010-07-06 15:10:05:58] <30045> admin:1111
DEBUG	[2010-07-06 15:10:05:58] <30045> checkopt:false
DEBUG	[2010-07-06 15:10:05:58] <30045> mid:battlebana
DEBUG	[2010-07-06 15:10:05:58] <30045> price:1000
DEBUG	[2010-07-06 15:10:05:58] <30045> nointerest:no
DEBUG	[2010-07-06 15:10:05:58] <30045> quotabase:선택:일시불:2개월:3개월:6개월
INFO	[2010-07-06 15:10:05:58] <30045> Check Field OK
INFO	[2010-07-06 15:10:05:59] <30045> MERCHANT PRIV KEY LOAD OK
INFO	[2010-07-06 15:10:05:59] <30045> MERCHANT PUB KEY LOAD OK []
INFO	[2010-07-06 15:10:05:62] <30045> CHKFAKE KEY MAKE OK:MjAxMDA3MDYxNTEwMDUwNTkyMTE1OA==

INFO	[2010-07-06 15:10:05:62] <30045> END chkfake  Laptime:[0sec]
INFO	[2010-07-06 15:10:05:62] <30045> ===============================================================
INFO	[2010-07-06 15:13:14:131] <30045> START INIPHP chkfake (V5030-091216)(OS:Linux2.6.18-164.15.1.el5PAE,PHP:5.2.0)
DEBUG	[2010-07-06 15:13:14:131] <30045> inipayhome:/home/banana/public_html/INIpay50/
DEBUG	[2010-07-06 15:13:14:131] <30045> type:chkfake
DEBUG	[2010-07-06 15:13:14:131] <30045> debug:true
DEBUG	[2010-07-06 15:13:14:131] <30045> enctype:asym
DEBUG	[2010-07-06 15:13:14:131] <30045> admin:1111
DEBUG	[2010-07-06 15:13:14:131] <30045> checkopt:false
DEBUG	[2010-07-06 15:13:14:131] <30045> mid:battlebana
DEBUG	[2010-07-06 15:13:14:131] <30045> price:1000
DEBUG	[2010-07-06 15:13:14:131] <30045> nointerest:no
DEBUG	[2010-07-06 15:13:14:131] <30045> quotabase:선택:일시불:2개월:3개월:6개월
INFO	[2010-07-06 15:13:14:131] <30045> Check Field OK
INFO	[2010-07-06 15:13:14:131] <30045> MERCHANT PRIV KEY LOAD OK
INFO	[2010-07-06 15:13:14:132] <30045> MERCHANT PUB KEY LOAD OK []
INFO	[2010-07-06 15:13:14:135] <30045> CHKFAKE KEY MAKE OK:MjAxMDA3MDYxNTEzMTQxMzIyMTczMw==

INFO	[2010-07-06 15:13:14:135] <30045> END chkfake  Laptime:[0.01sec]
INFO	[2010-07-06 15:13:14:135] <30045> ===============================================================
INFO	[2010-07-06 15:13:21:674] <10759> START INIPHP chkfake (V5030-091216)(OS:Linux2.6.18-164.15.1.el5PAE,PHP:5.2.0)
DEBUG	[2010-07-06 15:13:21:674] <10759> inipayhome:/home/banana/public_html/INIpay50/
DEBUG	[2010-07-06 15:13:21:674] <10759> type:chkfake
DEBUG	[2010-07-06 15:13:21:674] <10759> debug:true
DEBUG	[2010-07-06 15:13:21:674] <10759> enctype:asym
DEBUG	[2010-07-06 15:13:21:674] <10759> admin:1111
DEBUG	[2010-07-06 15:13:21:674] <10759> checkopt:false
DEBUG	[2010-07-06 15:13:21:674] <10759> mid:battlebana
DEBUG	[2010-07-06 15:13:21:674] <10759> price:1000
DEBUG	[2010-07-06 15:13:21:674] <10759> nointerest:no
DEBUG	[2010-07-06 15:13:21:674] <10759> quotabase:선택:일시불:2개월:3개월:6개월
INFO	[2010-07-06 15:13:21:675] <10759> Check Field OK
INFO	[2010-07-06 15:13:21:675] <10759> MERCHANT PRIV KEY LOAD OK
INFO	[2010-07-06 15:13:21:675] <10759> MERCHANT PUB KEY LOAD OK []
INFO	[2010-07-06 15:13:21:678] <10759> CHKFAKE KEY MAKE OK:MjAxMDA3MDYxNTEzMjE2NzU3NDg0NA==

INFO	[2010-07-06 15:13:21:678] <10759> END chkfake  Laptime:[0.01sec]
INFO	[2010-07-06 15:13:21:678] <10759> ===============================================================
INFO	[2010-07-06 15:22:47:712] <30045> START INIPHP chkfake (V5030-091216)(OS:Linux2.6.18-164.15.1.el5PAE,PHP:5.2.0)
DEBUG	[2010-07-06 15:22:47:712] <30045> inipayhome:/home/banana/public_html/INIpay50/
DEBUG	[2010-07-06 15:22:47:712] <30045> type:chkfake
DEBUG	[2010-07-06 15:22:47:712] <30045> debug:true
DEBUG	[2010-07-06 15:22:47:712] <30045> enctype:asym
DEBUG	[2010-07-06 15:22:47:712] <30045> admin:1111
DEBUG	[2010-07-06 15:22:47:712] <30045> checkopt:false
DEBUG	[2010-07-06 15:22:47:712] <30045> mid:battlebana
DEBUG	[2010-07-06 15:22:47:712] <30045> price:1000
DEBUG	[2010-07-06 15:22:47:712] <30045> nointerest:no
DEBUG	[2010-07-06 15:22:47:712] <30045> quotabase:선택:일시불:2개월:3개월:6개월
INFO	[2010-07-06 15:22:47:712] <30045> Check Field OK
INFO	[2010-07-06 15:22:47:713] <30045> MERCHANT PRIV KEY LOAD OK
INFO	[2010-07-06 15:22:47:713] <30045> MERCHANT PUB KEY LOAD OK []
INFO	[2010-07-06 15:22:47:716] <30045> CHKFAKE KEY MAKE OK:MjAxMDA3MDYxNTIyNDc3MTMxNzU2OQ==

INFO	[2010-07-06 15:22:47:716] <30045> END chkfake  Laptime:[0.01sec]
INFO	[2010-07-06 15:22:47:716] <30045> ===============================================================
INFO	[2010-07-06 15:23:00:393] <7135> START INIPHP chkfake (V5030-091216)(OS:Linux2.6.18-164.15.1.el5PAE,PHP:5.2.0)
DEBUG	[2010-07-06 15:23:00:393] <7135> inipayhome:/home/banana/public_html/INIpay50/
DEBUG	[2010-07-06 15:23:00:393] <7135> type:chkfake
DEBUG	[2010-07-06 15:23:00:393] <7135> debug:true
DEBUG	[2010-07-06 15:23:00:393] <7135> enctype:asym
DEBUG	[2010-07-06 15:23:00:393] <7135> admin:1111
DEBUG	[2010-07-06 15:23:00:393] <7135> checkopt:false
DEBUG	[2010-07-06 15:23:00:393] <7135> mid:battlebana
DEBUG	[2010-07-06 15:23:00:393] <7135> price:1000
DEBUG	[2010-07-06 15:23:00:393] <7135> nointerest:no
DEBUG	[2010-07-06 15:23:00:393] <7135> quotabase:선택:일시불:2개월:3개월:6개월
INFO	[2010-07-06 15:23:00:393] <7135> Check Field OK
INFO	[2010-07-06 15:23:00:394] <7135> MERCHANT PRIV KEY LOAD OK
INFO	[2010-07-06 15:23:00:394] <7135> MERCHANT PUB KEY LOAD OK []
INFO	[2010-07-06 15:23:00:397] <7135> CHKFAKE KEY MAKE OK:MjAxMDA3MDYxNTIzMDAzOTQ4MzU1NQ==

INFO	[2010-07-06 15:23:00:397] <7135> END chkfake  Laptime:[0.01sec]
INFO	[2010-07-06 15:23:00:397] <7135> ===============================================================
INFO	[2010-07-06 15:23:02:506] <30045> START INIPHP chkfake (V5030-091216)(OS:Linux2.6.18-164.15.1.el5PAE,PHP:5.2.0)
DEBUG	[2010-07-06 15:23:02:506] <30045> inipayhome:/home/banana/public_html/INIpay50/
DEBUG	[2010-07-06 15:23:02:506] <30045> type:chkfake
DEBUG	[2010-07-06 15:23:02:506] <30045> debug:true
DEBUG	[2010-07-06 15:23:02:506] <30045> enctype:asym
DEBUG	[2010-07-06 15:23:02:506] <30045> admin:1111
DEBUG	[2010-07-06 15:23:02:506] <30045> checkopt:false
DEBUG	[2010-07-06 15:23:02:506] <30045> mid:battlebana
DEBUG	[2010-07-06 15:23:02:506] <30045> price:1000
DEBUG	[2010-07-06 15:23:02:506] <30045> nointerest:no
DEBUG	[2010-07-06 15:23:02:506] <30045> quotabase:선택:일시불:2개월:3개월:6개월
INFO	[2010-07-06 15:23:02:506] <30045> Check Field OK
INFO	[2010-07-06 15:23:02:506] <30045> MERCHANT PRIV KEY LOAD OK
INFO	[2010-07-06 15:23:02:507] <30045> MERCHANT PUB KEY LOAD OK []
INFO	[2010-07-06 15:23:02:510] <30045> CHKFAKE KEY MAKE OK:MjAxMDA3MDYxNTIzMDI1MDc4MTE0Mg==

INFO	[2010-07-06 15:23:02:510] <30045> END chkfake  Laptime:[0sec]
INFO	[2010-07-06 15:23:02:510] <30045> ===============================================================
INFO	[2010-07-06 15:29:14:477] <30045> START INIPHP chkfake (V5030-091216)(OS:Linux2.6.18-164.15.1.el5PAE,PHP:5.2.0)
DEBUG	[2010-07-06 15:29:14:477] <30045> inipayhome:/home/banana/public_html/INIpay50/
DEBUG	[2010-07-06 15:29:14:477] <30045> type:chkfake
DEBUG	[2010-07-06 15:29:14:477] <30045> debug:true
DEBUG	[2010-07-06 15:29:14:477] <30045> enctype:asym
DEBUG	[2010-07-06 15:29:14:477] <30045> admin:1111
DEBUG	[2010-07-06 15:29:14:477] <30045> checkopt:false
DEBUG	[2010-07-06 15:29:14:477] <30045> mid:battlebana
DEBUG	[2010-07-06 15:29:14:477] <30045> price:1000
DEBUG	[2010-07-06 15:29:14:477] <30045> nointerest:no
DEBUG	[2010-07-06 15:29:14:477] <30045> quotabase:선택:일시불:2개월:3개월:6개월
INFO	[2010-07-06 15:29:14:477] <30045> Check Field OK
INFO	[2010-07-06 15:29:14:477] <30045> MERCHANT PRIV KEY LOAD OK
INFO	[2010-07-06 15:29:14:477] <30045> MERCHANT PUB KEY LOAD OK []
INFO	[2010-07-06 15:29:14:480] <30045> CHKFAKE KEY MAKE OK:MjAxMDA3MDYxNTI5MTQ0Nzc0MzIxNQ==

INFO	[2010-07-06 15:29:14:480] <30045> END chkfake  Laptime:[0sec]
INFO	[2010-07-06 15:29:14:481] <30045> ===============================================================
INFO	[2010-07-06 15:32:21:935] <7135> START INIPHP chkfake (V5030-091216)(OS:Linux2.6.18-164.15.1.el5PAE,PHP:5.2.0)
DEBUG	[2010-07-06 15:32:21:935] <7135> inipayhome:/home/banana/public_html/INIpay50/
DEBUG	[2010-07-06 15:32:21:935] <7135> type:chkfake
DEBUG	[2010-07-06 15:32:21:935] <7135> debug:true
DEBUG	[2010-07-06 15:32:21:935] <7135> enctype:asym
DEBUG	[2010-07-06 15:32:21:935] <7135> admin:1111
DEBUG	[2010-07-06 15:32:21:935] <7135> checkopt:false
DEBUG	[2010-07-06 15:32:21:935] <7135> mid:battlebana
DEBUG	[2010-07-06 15:32:21:935] <7135> price:1000
DEBUG	[2010-07-06 15:32:21:935] <7135> nointerest:no
DEBUG	[2010-07-06 15:32:21:935] <7135> quotabase:선택:일시불:2개월:3개월:6개월
INFO	[2010-07-06 15:32:21:935] <7135> Check Field OK
INFO	[2010-07-06 15:32:21:935] <7135> MERCHANT PRIV KEY LOAD OK
INFO	[2010-07-06 15:32:21:936] <7135> MERCHANT PUB KEY LOAD OK []
INFO	[2010-07-06 15:32:21:938] <7135> CHKFAKE KEY MAKE OK:MjAxMDA3MDYxNTMyMjE5MzYyMDgyNw==

INFO	[2010-07-06 15:32:21:938] <7135> END chkfake  Laptime:[0sec]
INFO	[2010-07-06 15:32:21:938] <7135> ===============================================================
INFO	[2010-07-06 15:35:23:729] <17573> START INIPHP chkfake (V5030-091216)(OS:Linux2.6.18-164.15.1.el5PAE,PHP:5.2.0)
DEBUG	[2010-07-06 15:35:23:729] <17573> inipayhome:/home/banana/public_html/INIpay50/
DEBUG	[2010-07-06 15:35:23:729] <17573> type:chkfake
DEBUG	[2010-07-06 15:35:23:729] <17573> debug:true
DEBUG	[2010-07-06 15:35:23:729] <17573> enctype:asym
DEBUG	[2010-07-06 15:35:23:729] <17573> admin:1111
DEBUG	[2010-07-06 15:35:23:729] <17573> checkopt:false
DEBUG	[2010-07-06 15:35:23:729] <17573> mid:battlebana
DEBUG	[2010-07-06 15:35:23:729] <17573> price:1000
DEBUG	[2010-07-06 15:35:23:729] <17573> nointerest:no
DEBUG	[2010-07-06 15:35:23:729] <17573> quotabase:선택:일시불:2개월:3개월:6개월
INFO	[2010-07-06 15:35:23:729] <17573> Check Field OK
INFO	[2010-07-06 15:35:23:729] <17573> MERCHANT PRIV KEY LOAD OK
INFO	[2010-07-06 15:35:23:730] <17573> MERCHANT PUB KEY LOAD OK []
INFO	[2010-07-06 15:35:23:733] <17573> CHKFAKE KEY MAKE OK:MjAxMDA3MDYxNTM1MjM3MzA4ODg4MQ==

INFO	[2010-07-06 15:35:23:733] <17573> END chkfake  Laptime:[0sec]
INFO	[2010-07-06 15:35:23:733] <17573> ===============================================================
INFO	[2010-07-06 15:39:20:986] <20119> START INIPHP chkfake (V5030-091216)(OS:Linux2.6.18-164.15.1.el5PAE,PHP:5.2.0)
DEBUG	[2010-07-06 15:39:20:986] <20119> inipayhome:/home/banana/public_html/INIpay50/
DEBUG	[2010-07-06 15:39:20:986] <20119> type:chkfake
DEBUG	[2010-07-06 15:39:20:986] <20119> debug:true
DEBUG	[2010-07-06 15:39:20:986] <20119> enctype:asym
DEBUG	[2010-07-06 15:39:20:986] <20119> admin:1111
DEBUG	[2010-07-06 15:39:20:986] <20119> checkopt:false
DEBUG	[2010-07-06 15:39:20:986] <20119> mid:battlebana
DEBUG	[2010-07-06 15:39:20:986] <20119> price:1000
DEBUG	[2010-07-06 15:39:20:986] <20119> nointerest:no
DEBUG	[2010-07-06 15:39:20:986] <20119> quotabase:선택:일시불:2개월:3개월:6개월
INFO	[2010-07-06 15:39:20:986] <20119> Check Field OK
INFO	[2010-07-06 15:39:20:986] <20119> MERCHANT PRIV KEY LOAD OK
INFO	[2010-07-06 15:39:20:986] <20119> MERCHANT PUB KEY LOAD OK []
INFO	[2010-07-06 15:39:20:989] <20119> CHKFAKE KEY MAKE OK:MjAxMDA3MDYxNTM5MjA5ODY2NzE2OQ==

INFO	[2010-07-06 15:39:20:989] <20119> END chkfake  Laptime:[0sec]
INFO	[2010-07-06 15:39:20:989] <20119> ===============================================================
INFO	[2010-07-06 15:40:45:188] <11021> START INIPHP chkfake (V5030-091216)(OS:Linux2.6.18-164.15.1.el5PAE,PHP:5.2.0)
DEBUG	[2010-07-06 15:40:45:188] <11021> inipayhome:/home/banana/public_html/INIpay50/
DEBUG	[2010-07-06 15:40:45:188] <11021> type:chkfake
DEBUG	[2010-07-06 15:40:45:188] <11021> debug:true
DEBUG	[2010-07-06 15:40:45:188] <11021> enctype:asym
DEBUG	[2010-07-06 15:40:45:188] <11021> admin:1111
DEBUG	[2010-07-06 15:40:45:188] <11021> checkopt:false
DEBUG	[2010-07-06 15:40:45:188] <11021> mid:battlebana
DEBUG	[2010-07-06 15:40:45:188] <11021> price:1000
DEBUG	[2010-07-06 15:40:45:188] <11021> nointerest:no
DEBUG	[2010-07-06 15:40:45:188] <11021> quotabase:선택:일시불:2개월:3개월:6개월
INFO	[2010-07-06 15:40:45:188] <11021> Check Field OK
INFO	[2010-07-06 15:40:45:188] <11021> MERCHANT PRIV KEY LOAD OK
INFO	[2010-07-06 15:40:45:189] <11021> MERCHANT PUB KEY LOAD OK []
INFO	[2010-07-06 15:40:45:192] <11021> CHKFAKE KEY MAKE OK:MjAxMDA3MDYxNTQwNDUxODkyNzIxOA==

INFO	[2010-07-06 15:40:45:192] <11021> END chkfake  Laptime:[0sec]
INFO	[2010-07-06 15:40:45:192] <11021> ===============================================================
INFO	[2010-07-06 15:41:40:963] <30105> START INIPHP chkfake (V5030-091216)(OS:Linux2.6.18-164.15.1.el5PAE,PHP:5.2.0)
DEBUG	[2010-07-06 15:41:40:963] <30105> inipayhome:/home/banana/public_html/INIpay50/
DEBUG	[2010-07-06 15:41:40:963] <30105> type:chkfake
DEBUG	[2010-07-06 15:41:40:963] <30105> debug:true
DEBUG	[2010-07-06 15:41:40:963] <30105> enctype:asym
DEBUG	[2010-07-06 15:41:40:963] <30105> admin:1111
DEBUG	[2010-07-06 15:41:40:963] <30105> checkopt:false
DEBUG	[2010-07-06 15:41:40:963] <30105> mid:battlebana
DEBUG	[2010-07-06 15:41:40:963] <30105> price:1000
DEBUG	[2010-07-06 15:41:40:963] <30105> nointerest:no
DEBUG	[2010-07-06 15:41:40:963] <30105> quotabase:선택:일시불:2개월:3개월:6개월
INFO	[2010-07-06 15:41:40:963] <30105> Check Field OK
INFO	[2010-07-06 15:41:40:963] <30105> MERCHANT PRIV KEY LOAD OK
INFO	[2010-07-06 15:41:40:963] <30105> MERCHANT PUB KEY LOAD OK []
INFO	[2010-07-06 15:41:40:967] <30105> CHKFAKE KEY MAKE OK:MjAxMDA3MDYxNTQxNDA5NjM3MTQwOA==

INFO	[2010-07-06 15:41:40:967] <30105> END chkfake  Laptime:[0.01sec]
INFO	[2010-07-06 15:41:40:967] <30105> ===============================================================
INFO	[2010-07-06 15:47:44:604] <21552> START INIPHP chkfake (V5030-091216)(OS:Linux2.6.18-164.15.1.el5PAE,PHP:5.2.0)
DEBUG	[2010-07-06 15:47:44:604] <21552> inipayhome:/home/banana/public_html/INIpay50/
DEBUG	[2010-07-06 15:47:44:604] <21552> type:chkfake
DEBUG	[2010-07-06 15:47:44:604] <21552> debug:true
DEBUG	[2010-07-06 15:47:44:604] <21552> enctype:asym
DEBUG	[2010-07-06 15:47:44:604] <21552> admin:1111
DEBUG	[2010-07-06 15:47:44:604] <21552> checkopt:false
DEBUG	[2010-07-06 15:47:44:604] <21552> mid:battlebana
DEBUG	[2010-07-06 15:47:44:604] <21552> price:1000
DEBUG	[2010-07-06 15:47:44:604] <21552> nointerest:no
DEBUG	[2010-07-06 15:47:44:604] <21552> quotabase:선택:일시불:2개월:3개월:6개월
INFO	[2010-07-06 15:47:44:604] <21552> Check Field OK
INFO	[2010-07-06 15:47:44:604] <21552> MERCHANT PRIV KEY LOAD OK
INFO	[2010-07-06 15:47:44:605] <21552> MERCHANT PUB KEY LOAD OK []
INFO	[2010-07-06 15:47:44:608] <21552> CHKFAKE KEY MAKE OK:MjAxMDA3MDYxNTQ3NDQ2MDU2ODY4Ng==

INFO	[2010-07-06 15:47:44:608] <21552> END chkfake  Laptime:[0.01sec]
INFO	[2010-07-06 15:47:44:608] <21552> ===============================================================
INFO	[2010-07-06 15:49:08:767] <8100> START INIPHP chkfake (V5030-091216)(OS:Linux2.6.18-164.15.1.el5PAE,PHP:5.2.0)
DEBUG	[2010-07-06 15:49:08:767] <8100> inipayhome:/home/banana/public_html/INIpay50/
DEBUG	[2010-07-06 15:49:08:767] <8100> type:chkfake
DEBUG	[2010-07-06 15:49:08:767] <8100> debug:true
DEBUG	[2010-07-06 15:49:08:767] <8100> enctype:asym
DEBUG	[2010-07-06 15:49:08:767] <8100> admin:1111
DEBUG	[2010-07-06 15:49:08:767] <8100> checkopt:false
DEBUG	[2010-07-06 15:49:08:767] <8100> mid:battlebana
DEBUG	[2010-07-06 15:49:08:767] <8100> price:8800
DEBUG	[2010-07-06 15:49:08:767] <8100> nointerest:no
DEBUG	[2010-07-06 15:49:08:767] <8100> quotabase:선택:일시불:2개월:3개월:6개월
INFO	[2010-07-06 15:49:08:767] <8100> Check Field OK
INFO	[2010-07-06 15:49:08:767] <8100> MERCHANT PRIV KEY LOAD OK
INFO	[2010-07-06 15:49:08:767] <8100> MERCHANT PUB KEY LOAD OK []
INFO	[2010-07-06 15:49:08:770] <8100> CHKFAKE KEY MAKE OK:MjAxMDA3MDYxNTQ5MDg3Njc2MDM1OQ==

INFO	[2010-07-06 15:49:08:771] <8100> END chkfake  Laptime:[0sec]
INFO	[2010-07-06 15:49:08:771] <8100> ===============================================================
INFO	[2010-07-06 15:49:48:318] <8100> START INIPHP chkfake (V5030-091216)(OS:Linux2.6.18-164.15.1.el5PAE,PHP:5.2.0)
DEBUG	[2010-07-06 15:49:48:318] <8100> inipayhome:/home/banana/public_html/INIpay50/
DEBUG	[2010-07-06 15:49:48:318] <8100> type:chkfake
DEBUG	[2010-07-06 15:49:48:318] <8100> debug:true
DEBUG	[2010-07-06 15:49:48:318] <8100> enctype:asym
DEBUG	[2010-07-06 15:49:48:318] <8100> admin:1111
DEBUG	[2010-07-06 15:49:48:318] <8100> checkopt:false
DEBUG	[2010-07-06 15:49:48:318] <8100> mid:battlebana
DEBUG	[2010-07-06 15:49:48:318] <8100> price:35200
DEBUG	[2010-07-06 15:49:48:318] <8100> nointerest:no
DEBUG	[2010-07-06 15:49:48:318] <8100> quotabase:선택:일시불:2개월:3개월:6개월
INFO	[2010-07-06 15:49:48:318] <8100> Check Field OK
INFO	[2010-07-06 15:49:48:319] <8100> MERCHANT PRIV KEY LOAD OK
INFO	[2010-07-06 15:49:48:319] <8100> MERCHANT PUB KEY LOAD OK []
INFO	[2010-07-06 15:49:48:321] <8100> CHKFAKE KEY MAKE OK:MjAxMDA3MDYxNTQ5NDgzMTkzMzEzOQ==

INFO	[2010-07-06 15:49:48:322] <8100> END chkfake  Laptime:[0sec]
INFO	[2010-07-06 15:49:48:322] <8100> ===============================================================
INFO	[2010-07-06 15:49:58:34] <8100> START INIPHP chkfake (V5030-091216)(OS:Linux2.6.18-164.15.1.el5PAE,PHP:5.2.0)
DEBUG	[2010-07-06 15:49:58:34] <8100> inipayhome:/home/banana/public_html/INIpay50/
DEBUG	[2010-07-06 15:49:58:34] <8100> type:chkfake
DEBUG	[2010-07-06 15:49:58:34] <8100> debug:true
DEBUG	[2010-07-06 15:49:58:34] <8100> enctype:asym
DEBUG	[2010-07-06 15:49:58:34] <8100> admin:1111
DEBUG	[2010-07-06 15:49:58:34] <8100> checkopt:false
DEBUG	[2010-07-06 15:49:58:34] <8100> mid:battlebana
DEBUG	[2010-07-06 15:49:58:34] <8100> price:35200
DEBUG	[2010-07-06 15:49:58:34] <8100> nointerest:no
DEBUG	[2010-07-06 15:49:58:34] <8100> quotabase:선택:일시불:2개월:3개월:6개월
INFO	[2010-07-06 15:49:58:34] <8100> Check Field OK
INFO	[2010-07-06 15:49:58:34] <8100> MERCHANT PRIV KEY LOAD OK
INFO	[2010-07-06 15:49:58:34] <8100> MERCHANT PUB KEY LOAD OK []
INFO	[2010-07-06 15:49:58:38] <8100> CHKFAKE KEY MAKE OK:MjAxMDA3MDYxNTQ5NTgwMzUxMjQ2OQ==

INFO	[2010-07-06 15:49:58:38] <8100> END chkfake  Laptime:[0.01sec]
INFO	[2010-07-06 15:49:58:38] <8100> ===============================================================
INFO	[2010-07-06 15:52:09:293] <10759> START INIPHP chkfake (V5030-091216)(OS:Linux2.6.18-164.15.1.el5PAE,PHP:5.2.0)
DEBUG	[2010-07-06 15:52:09:293] <10759> inipayhome:/home/banana/public_html/INIpay50/
DEBUG	[2010-07-06 15:52:09:293] <10759> type:chkfake
DEBUG	[2010-07-06 15:52:09:293] <10759> debug:true
DEBUG	[2010-07-06 15:52:09:293] <10759> enctype:asym
DEBUG	[2010-07-06 15:52:09:293] <10759> admin:1111
DEBUG	[2010-07-06 15:52:09:293] <10759> checkopt:false
DEBUG	[2010-07-06 15:52:09:293] <10759> mid:battlebana
DEBUG	[2010-07-06 15:52:09:293] <10759> price:35200
DEBUG	[2010-07-06 15:52:09:293] <10759> nointerest:no
DEBUG	[2010-07-06 15:52:09:293] <10759> quotabase:선택:일시불:2개월:3개월:6개월
INFO	[2010-07-06 15:52:09:293] <10759> Check Field OK
INFO	[2010-07-06 15:52:09:293] <10759> MERCHANT PRIV KEY LOAD OK
INFO	[2010-07-06 15:52:09:293] <10759> MERCHANT PUB KEY LOAD OK []
INFO	[2010-07-06 15:52:09:296] <10759> CHKFAKE KEY MAKE OK:MjAxMDA3MDYxNTUyMDkyOTM4NTgzNA==

INFO	[2010-07-06 15:52:09:297] <10759> END chkfake  Laptime:[0.01sec]
INFO	[2010-07-06 15:52:09:297] <10759> ===============================================================
INFO	[2010-07-06 15:53:27:134] <10555> START INIPHP chkfake (V5030-091216)(OS:Linux2.6.18-164.15.1.el5PAE,PHP:5.2.0)
DEBUG	[2010-07-06 15:53:27:134] <10555> inipayhome:/home/banana/public_html/INIpay50/
DEBUG	[2010-07-06 15:53:27:134] <10555> type:chkfake
DEBUG	[2010-07-06 15:53:27:134] <10555> debug:true
DEBUG	[2010-07-06 15:53:27:134] <10555> enctype:asym
DEBUG	[2010-07-06 15:53:27:134] <10555> admin:1111
DEBUG	[2010-07-06 15:53:27:134] <10555> checkopt:false
DEBUG	[2010-07-06 15:53:27:134] <10555> mid:battlebana
DEBUG	[2010-07-06 15:53:27:134] <10555> price:35200
DEBUG	[2010-07-06 15:53:27:134] <10555> nointerest:no
DEBUG	[2010-07-06 15:53:27:134] <10555> quotabase:선택:일시불:2개월:3개월:6개월
INFO	[2010-07-06 15:53:27:134] <10555> Check Field OK
INFO	[2010-07-06 15:53:27:134] <10555> MERCHANT PRIV KEY LOAD OK
INFO	[2010-07-06 15:53:27:135] <10555> MERCHANT PUB KEY LOAD OK []
INFO	[2010-07-06 15:53:27:138] <10555> CHKFAKE KEY MAKE OK:MjAxMDA3MDYxNTUzMjcxMzU2Nzk2MQ==

INFO	[2010-07-06 15:53:27:138] <10555> END chkfake  Laptime:[0.01sec]
INFO	[2010-07-06 15:53:27:138] <10555> ===============================================================
INFO	[2010-07-06 15:55:43:318] <30105> START INIPHP chkfake (V5030-091216)(OS:Linux2.6.18-164.15.1.el5PAE,PHP:5.2.0)
DEBUG	[2010-07-06 15:55:43:318] <30105> inipayhome:/home/banana/public_html/INIpay50/
DEBUG	[2010-07-06 15:55:43:318] <30105> type:chkfake
DEBUG	[2010-07-06 15:55:43:318] <30105> debug:true
DEBUG	[2010-07-06 15:55:43:318] <30105> enctype:asym
DEBUG	[2010-07-06 15:55:43:318] <30105> admin:1111
DEBUG	[2010-07-06 15:55:43:318] <30105> checkopt:false
DEBUG	[2010-07-06 15:55:43:318] <30105> mid:battlebana
DEBUG	[2010-07-06 15:55:43:318] <30105> price:26400
DEBUG	[2010-07-06 15:55:43:318] <30105> nointerest:no
DEBUG	[2010-07-06 15:55:43:318] <30105> quotabase:선택:일시불:2개월:3개월:6개월
INFO	[2010-07-06 15:55:43:318] <30105> Check Field OK
INFO	[2010-07-06 15:55:43:318] <30105> MERCHANT PRIV KEY LOAD OK
INFO	[2010-07-06 15:55:43:319] <30105> MERCHANT PUB KEY LOAD OK []
INFO	[2010-07-06 15:55:43:322] <30105> CHKFAKE KEY MAKE OK:MjAxMDA3MDYxNTU1NDMzMTk3OTM3Mg==

INFO	[2010-07-06 15:55:43:322] <30105> END chkfake  Laptime:[0sec]
INFO	[2010-07-06 15:55:43:322] <30105> ===============================================================
INFO	[2010-07-06 15:56:09:360] <7135> START INIPHP securepay (V5030-091216)(OS:Linux2.6.18-164.15.1.el5PAE,PHP:5.2.0)
DEBUG	[2010-07-06 15:56:09:360] <7135> inipayhome:/home/banana/public_html/INIpay50/
DEBUG	[2010-07-06 15:56:09:360] <7135> type:securepay
DEBUG	[2010-07-06 15:56:09:360] <7135> pgid:INIphpVBNK
DEBUG	[2010-07-06 15:56:09:360] <7135> subpgip:203.238.3.10
DEBUG	[2010-07-06 15:56:09:360] <7135> admin:1111
DEBUG	[2010-07-06 15:56:09:360] <7135> debug:true
DEBUG	[2010-07-06 15:56:09:360] <7135> uid:
DEBUG	[2010-07-06 15:56:09:360] <7135> goodname:바나나충전 (60개)
DEBUG	[2010-07-06 15:56:09:360] <7135> currency:WON
DEBUG	[2010-07-06 15:56:09:360] <7135> mid:battlebana
DEBUG	[2010-07-06 15:56:09:360] <7135> rn:MjAxMDA3MDYxNTU1NDMzMTk3OTM3Mg==

DEBUG	[2010-07-06 15:56:09:360] <7135> price:1000
DEBUG	[2010-07-06 15:56:09:360] <7135> enctype:
DEBUG	[2010-07-06 15:56:09:360] <7135> buyername:운영자
DEBUG	[2010-07-06 15:56:09:360] <7135> buyertel:01092899889
DEBUG	[2010-07-06 15:56:09:360] <7135> buyeremail:ke2n@naver.com
DEBUG	[2010-07-06 15:56:09:360] <7135> paymethod:VBank
DEBUG	[2010-07-06 15:56:09:360] <7135> encrypted:Version=4.1&PayMethod=VBank&RsaKeyNum=1&EncryptionAlgorithm=SEED-CBC&SignAlgorithm=RSAwithSHA1&CertVer=39&moid=oid_1234567890&ver_trace=main(6034,6023)vbank(6017,6018)net(6008)Controls(6012)Data(6002)Parser(6002)Config(6020)Verify(0000)Lang(6044)Res(6021)Paycrypt&pg1=211.219.96.180&pg2=203.238.37.3&pg1ip=211.219.96.180&pg2ip=203.238.37.3&Data=ZHGmYe1AJBuH9iswxVzR4Lkw08qb04OCc/8FP8vdMwmD8BQ3PwDEq3DNZsx5IxuH
lkUNCeXl24dNKbfW5ulVFInYPHiQr97ZFSrYD/rhGFC8MXTjenCbkiNbaUoQe3K/
XMh3N3YrCXgapzdgWYnpU44oWlKVJCmHC16j+TLfkPh3kPO1fSw811y2Io2xkXyi
skv+Mc6sMK6pjo/jIE83a7RW6sGxHXBSK2yzgpB2PEv21Z9kgGcZtFlc5UjGk63O
g0QteCl4fvUkEBx71BWiJbTLHsEX9G8Ee8XRkMxRMB9FT4gwoBGcY7c4i+UpF/4X
6C9zZicg+x4DQTHjk5MsHKnxxrftWT2yHCMAQkv5OVgDh6pbF17u9yLjbIBDtCeS
RnUMIk+KqJHKC25ayDqgh5lEAT1mfm/Y8MUtihs40+AyTeiHGFYGjd/L3tsrG7Do
5SxPYZKw6SQBkjwk8c0o

DEBUG	[2010-07-06 15:56:09:360] <7135> sessionkey:tmi5sdhwvQr0Tk28ODnekRCZpUZcisYI2xTkg2TETP4OqpHbI2RakeeQlTvsui0R
e7FqEC54AtLHgqu3a5gn+k4C/TicPwbUFixQjUhNyNqicg7MP9sxG/dc+FG2b5NN
Ls7t3fBm/4rs9u7GZTVWRLQaj4zSlO+FBNGnesoG5a4=

DEBUG	[2010-07-06 15:56:09:360] <7135> url:http://www.your_domain.co.kr
DEBUG	[2010-07-06 15:56:09:360] <7135> cardcode:
DEBUG	[2010-07-06 15:56:09:360] <7135> parentemail:
DEBUG	[2010-07-06 15:56:09:360] <7135> recvname:
DEBUG	[2010-07-06 15:56:09:360] <7135> recvtel:
DEBUG	[2010-07-06 15:56:09:360] <7135> recvaddr:
DEBUG	[2010-07-06 15:56:09:360] <7135> recvpostnum:
DEBUG	[2010-07-06 15:56:09:360] <7135> recvmsg:
DEBUG	[2010-07-06 15:56:09:360] <7135> joincard:
DEBUG	[2010-07-06 15:56:09:360] <7135> joinexpire:
DEBUG	[2010-07-06 15:56:09:360] <7135> id_customer:
INFO	[2010-07-06 15:56:09:360] <7135> Check Field OK
INFO	[2010-07-06 15:56:09:361] <7135> Make TID OK INIphpVBNKbattlebana20100706155609360905
INFO	[2010-07-06 15:56:09:361] <7135> PI PUB KEY LOAD OK [39]
INFO	[2010-07-06 15:56:09:361] <7135> PG PUB KEY LOAD OK [30]
INFO	[2010-07-06 15:56:09:361] <7135> MERCHANT PRIV KEY LOAD OK
INFO	[2010-07-06 15:56:09:361] <7135> MERCHANT PUB KEY LOAD OK [0]
INFO	[2010-07-06 15:56:09:363] <7135> MAKE BODY OK
INFO	[2010-07-06 15:56:09:366] <7135> SIGN OK
INFO	[2010-07-06 15:56:09:366] <7135> MAKE HEAD OK
INFO	[2010-07-06 15:56:09:366] <7135> MSG_TO_PG:[0241800175R SHA1                   0                  39                  300200battlebana                1000INIphpVBNKbattlebana20100706155609360905<?xml version="1.0" encoding="UTF-8"?>
<INIpay>
	  <GoodsInfo>
	    <GoodsCnt>1</GoodsCnt>
	    <MOID/>
	    <Currency>WON</Currency>
	    <Goods>
	      <SMID>battlebana</SMID>
	      <GoodsName urlencode="1">%B9%D9%B3%AA%B3%AA%C3%E6%C0%FC+%2860%B0%B3%29</GoodsName>
	      <GoodsPrice>1000</GoodsPrice></Goods></GoodsInfo>
	  <BuyerInfo>
	    <BuyerName urlencode="1">%BF%EE%BF%B5%C0%DA</BuyerName>
	    <BuyerTel>01092899889</BuyerTel>
	    <BuyerEmail urlencode="1">ke2n%40naver.com</BuyerEmail>
	    <ParentEmail/>
	    <RecvName/>
	    <RecvTel/>
	    <RecvMsg/>
	    <RecvAddr/>
	    <RecvPostNum/></BuyerInfo>
	  <PaymentInfo>
	    <Payment>
	      <PayMethod>VBank</PayMethod>
	      <JoinCard/>
	      <JoinExpire/>
	      <MailOrder/>
	      <SessionKey>tmi5sdhwvQr0Tk28ODnekRCZpUZcisYI2xTkg2TETP4OqpHbI2RakeeQlTvsui0R
e7FqEC54AtLHgqu3a5gn+k4C/TicPwbUFixQjUhNyNqicg7MP9sxG/dc+FG2b5NN
Ls7t3fBm/4rs9u7GZTVWRLQaj4zSlO+FBNGnesoG5a4=
</SessionKey>
	      <Encrypted urlencode="1">Version%3D4.1%26PayMethod%3DVBank%26RsaKeyNum%3D1%26EncryptionAlgorithm%3DSEED-CBC%26SignAlgorithm%3DRSAwithSHA1%26CertVer%3D39%26moid%3Doid_1234567890%26ver_trace%3Dmain%286034%2C6023%29vbank%286017%2C6018%29net%286008%29Controls%286012%29Data%286002%29Parser%286002%29Config%286020%29Verify%280000%29Lang%286044%29Res%286021%29Paycrypt%26pg1%3D211.219.96.180%26pg2%3D203.238.37.3%26pg1ip%3D211.219.96.180%26pg2ip%3D203.238.37.3%26Data%3DZHGmYe1AJBuH9iswxVzR4Lkw08qb04OCc%2F8FP8vdMwmD8BQ3PwDEq3DNZsx5IxuH%0D%0AlkUNCeXl24dNKbfW5ulVFInYPHiQr97ZFSrYD%2FrhGFC8MXTjenCbkiNbaUoQe3K%2F%0D%0AXMh3N3YrCXgapzdgWYnpU44oWlKVJCmHC16j%2BTLfkPh3kPO1fSw811y2Io2xkXyi%0D%0Askv%2BMc6sMK6pjo%2FjIE83a7RW6sGxHXBSK2yzgpB2PEv21Z9kgGcZtFlc5UjGk63O%0D%0Ag0QteCl4fvUkEBx71BWiJbTLHsEX9G8Ee8XRkMxRMB9FT4gwoBGcY7c4i%2BUpF%2F4X%0D%0A6C9zZicg%2Bx4DQTHjk5MsHKnxxrftWT2yHCMAQkv5OVgDh6pbF17u9yLjbIBDtCeS%0D%0ARnUMIk%2BKqJHKC25ayDqgh5lEAT1mfm%2FY8MUtihs40%2BAyTeiHGFYGjd%2FL3tsrG7Do%0D%0A5SxPYZKw6SQBkjwk8c0o%0D%0A</Encrypted></Payment></PaymentInfo>
	  <ReservedInfo>
	    <MReserved1/>
	    <MReserved2/>
	    <MReserved3/></ReservedInfo>
	  <ManageInfo>
	    <Language/>
	    <URL urlencode="1">http%3A%2F%2Fwww.your_domain.co.kr</URL>
	    <TXVersion>5030B091216securLinux     PHPchkfake   2.6.18-164.15.1.el5PAEPHP:5.2.</TXVersion>
	    <TXUserID/>
	    <TXRegNum/>
	    <Ack>1</Ack>
	    <TXRN>MjAxMDA3MDYxNTU1NDMzMTk3OTM3Mg==
</TXRN></ManageInfo></INIpay>AR5C0rOlwXKKW6YnwYh3zZNgTV5D0yJHGNGRWyxfSa/1QGzG8FcwRSIByWxp6IDC
BGrgJMTSEErtvRxqj6I/7Et2JXTbEzz3vMg3nRDdiHI65gq4Cce3rmYNUyIH/zgA
DharMOn0uY9PQIoxfRpIdGTT8bU5/A9/bSvR9FGeJMkx
]
INFO	[2010-07-06 15:56:09:366] <7135> DNS LOOKUP OK(211.219.96.180:211.219.96.180:34049) laptime:0
INFO	[2010-07-06 15:56:09:369] <7135> SOCKET CONNECT OK
INFO	[2010-07-06 15:56:09:369] <7135> SEND OK
INFO	[2010-07-06 15:56:10:24] <7135> RECV OK
INFO	[2010-07-06 15:56:10:24] <7135> MSG_FROM_PG:[0237900175D SHA1                   0                  39                  300210battlebana                1000INIphpVBNKbattlebana20100706155609360905<?xml version="1.0" encoding="UTF-8"?>
<INIpay>
  <GoodsInfo>
    <GoodsCnt>1</GoodsCnt>
    <MOID urlencode="1">oid_1234567890</MOID>
    <Currency>WON</Currency>
    <Goods no="1">
      <SMID>battlebana</SMID>
      <GoodsName urlencode="1">%B9%D9%B3%AA%B3%AA%C3%E6%C0%FC+%2860%B0%B3%29</GoodsName>
      <GoodsCntS>1</GoodsCntS>
      <GoodsPrice>1000</GoodsPrice>
    </Goods>
  </GoodsInfo>
  <PaymentInfo>
    <Payment>
      <SessionKey>AQ25QNe5qYn34T+6orVlfzUF+rVKfGRVAYZGS2VusMQrCghJyLaXK6IqWZRbBPwe
GpxZ6nccFVxb7QOXBWX4LP9dDQmqZ1uaiUW6MIe5linar2EtJtopOkH3ewCUyMdp
f5pVD8Gkh8N0O4pB9yoWrGofdm+ZuTF1LFHlDf06zxCM9OB9zEockWI=
</SessionKey>
      <Encrypted>OybTevcDEFPw3fpIzkSz3e37lEJ1nLXGwpsn79fGXtRngFP3R6LH8fvkUI3ae0Oe
Vr5Tm6DGGfqVHzDcNnbNyQt10sjPNwMOdaC79ihQbNCLDS2rRQPMvACB1N4OTLhB
Nnpe6HBS1GK/yUQuQx8971VRjbx15r6/HWbEI+GmJE5otZdJSEGrIelcDxEx3T0f
PgMqV9OesZD8ur/KmpZinJs+x/ff/elcq0gjYxUOk+Bzw9rjrPhmnXRxcxNvCnRE
DYkENP+oL81+g0xuT8tbxeJjTPLKfxxsGc4NkZCDJhuUweDL6KRqR3LKmukk3M2A
tdyHeYpoFgaO2wOWd9OJ3Eny1eMiyabSUIKrJL+NHdAzTYtLQQIMQPicM9JbqAs/
wvn0tK8vlA2fTOj4tfyaaQUNH5cxJBBjc0PIA+JgrU/WoVBakWTkIz5A09tMxhNz
WFVo7dxfwuuS4S8j7+38o9gh+Qt1u/QUlf7+5P3xrUnIjJVSryT7szx6t5l+FQF7
9B0USNvWKfQgijwAVBPfvE4H89/yZ+N5O05kbw9cg9t4dPBtqxhg3M0kTd0iwHpk
wvbwLNmpmH1gQ/Xs7aypTZl7AIVS2McGKrd9tnFyqeq4pW5M9hO+JcuLuUW9HE3J
4WDdj6P5Zic3xJJYBPRoqKcpBPMxCQfD4tSrieUnYH48ju3+2VrBQGxm1s6wGlQE
YT9OBALeCJF6QQcJG/Vjii/zMpt//FAzqVzZH7V1DiT7RrgQgAzReyEKLEisG9Kq
u9CHwimwQ2s1+fKoZD50rBOHxx2ll3qiHgvZZk+kMfIY31jyX6zzlV+HdMWppTo7
f+kr7buH+sRLysyx5VUrwOx79gu3VZ2vYoksnWeHcH5ZEkTCPS3Qt/iSeWeDlkDD
lh8hJZGXtc5ktYcQMCgSy50nTEb1MhKujbYZc2mV/gWrw1XA++ydI82hV5863CkB
FnU4Jzjk2Z3X8GjcbEKkjDjwYsisX9HjOhGPyqKPF9Y=
</Encrypted>
      <PayMethod>VBank</PayMethod>
      <ResultCode>400610</ResultCode>
      <ResultMsg urlencode="1">%B1%DD%BE%D7+%BF%C0%B7%F9%28%C1%F6%BA%D2%B1%DD%BE%D7+%BA%AF%C1%B6%29</ResultMsg>
    </Payment>
  </PaymentInfo>
  <ManageInfo>
    <EventCode></EventCode>
    <OrgCurrency></OrgCurrency>
    <ExchangeRate></ExchangeRate>
    <OrgPrice></OrgPrice>
  </ManageInfo>
  <ReservedInfo>
    <MReserved1 urlencode="1"></MReserved1>
    <MReserved2 urlencode="1"></MReserved2>
    <MReserved3 urlencode="1"></MReserved3>
    <PGReserved1 urlencode="1"></PGReserved1>
    <PGReserved2 urlencode="1"></PGReserved2>
    <PGReserved3 urlencode="1"></PGReserved3>
  </ReservedInfo>
</INIpay>
Z2JrukVDy5Lbl3csYVXq9fmQap8yewbw7QQ56JCmiYGFG85vs1zjxZc/PpFdX5DB
EjptqmYo/BK8W3RVn2p9dqLLryRkP3F7qjT4qCSIIyPBInEyPpQg9yGrmlxNIi2Z
PmBdneL6dEqN4Zxp2FlBk7WGL2RduGplhU8ci2OxaLQ=
]
INFO	[2010-07-06 15:56:10:25] <7135> VERIFY OK
INFO	[2010-07-06 15:56:10:25] <7135> PARSE HEAD OK
INFO	[2010-07-06 15:56:10:26] <7135> PARSE BODY OK
INFO	[2010-07-06 15:56:10:30] <7135> DECRYPT OK
DEBUG	[2010-07-06 15:56:10:30] <7135> DECRYPT MSG:[<?xml version="1.0" encoding="UTF-8"?>
<PaymentInfo>
  <Payment>
    <VBank>
      <VACT_Num>45549012207061</VACT_Num>
      <VACT_BankCode>04</VACT_BankCode>
      <VACT_Date>20100706</VACT_Date>
      <VACT_Time></VACT_Time>
      <VACT_InputName urlencode="1">%BF%EE%BF%B5%C0%DA</VACT_InputName>
      <VACT_Name urlencode="1"></VACT_Name>
      <VACT_RefundName urlencode="1"></VACT_RefundName>
      <VACT_RefundBankCode></VACT_RefundBankCode>
      <VACT_RefundNum></VACT_RefundNum>
      <VACT_ApplPrice>26400</VACT_ApplPrice>
      <VACT_ApplDate></VACT_ApplDate>
      <VACT_ApplTime></VACT_ApplTime>
      <VACT_ResultCode></VACT_ResultCode>
      <VACT_ResultMsg urlencode="1"></VACT_ResultMsg>
    </VBank>
  </Payment>
</PaymentInfo>]
INFO	[2010-07-06 15:56:10:31] <7135> DECRYPT PARSE OK
INFO	[2010-07-06 15:56:10:31] <7135> END securepay [400610|금액 오류(지불금액 변조)] Laptime:[0.67sec]
INFO	[2010-07-06 15:56:10:31] <7135> ===============================================================
INFO	[2010-07-06 15:58:31:647] <30105> START INIPHP chkfake (V5030-091216)(OS:Linux2.6.18-164.15.1.el5PAE,PHP:5.2.0)
DEBUG	[2010-07-06 15:58:31:647] <30105> inipayhome:/home/banana/public_html/INIpay50/
DEBUG	[2010-07-06 15:58:31:647] <30105> type:chkfake
DEBUG	[2010-07-06 15:58:31:647] <30105> debug:true
DEBUG	[2010-07-06 15:58:31:647] <30105> enctype:asym
DEBUG	[2010-07-06 15:58:31:647] <30105> admin:1111
DEBUG	[2010-07-06 15:58:31:647] <30105> checkopt:false
DEBUG	[2010-07-06 15:58:31:647] <30105> mid:battlebana
DEBUG	[2010-07-06 15:58:31:647] <30105> price:26400
DEBUG	[2010-07-06 15:58:31:647] <30105> nointerest:no
DEBUG	[2010-07-06 15:58:31:647] <30105> quotabase:선택:일시불:2개월:3개월:6개월
INFO	[2010-07-06 15:58:31:647] <30105> Check Field OK
INFO	[2010-07-06 15:58:31:647] <30105> MERCHANT PRIV KEY LOAD OK
INFO	[2010-07-06 15:58:31:647] <30105> MERCHANT PUB KEY LOAD OK []
INFO	[2010-07-06 15:58:31:651] <30105> CHKFAKE KEY MAKE OK:MjAxMDA3MDYxNTU4MzE2NDg0Mjk3Mg==

INFO	[2010-07-06 15:58:31:651] <30105> END chkfake  Laptime:[0sec]
INFO	[2010-07-06 15:58:31:651] <30105> ===============================================================
INFO	[2010-07-06 15:59:09:428] <10759> START INIPHP securepay (V5030-091216)(OS:Linux2.6.18-164.15.1.el5PAE,PHP:5.2.0)
DEBUG	[2010-07-06 15:59:09:428] <10759> inipayhome:/home/banana/public_html/INIpay50/
DEBUG	[2010-07-06 15:59:09:428] <10759> type:securepay
DEBUG	[2010-07-06 15:59:09:428] <10759> pgid:INIphpVBNK
DEBUG	[2010-07-06 15:59:09:428] <10759> subpgip:203.238.3.10
DEBUG	[2010-07-06 15:59:09:428] <10759> admin:1111
DEBUG	[2010-07-06 15:59:09:428] <10759> debug:true
DEBUG	[2010-07-06 15:59:09:428] <10759> uid:
DEBUG	[2010-07-06 15:59:09:428] <10759> goodname:바나나충전 (60개)
DEBUG	[2010-07-06 15:59:09:428] <10759> currency:WON
DEBUG	[2010-07-06 15:59:09:428] <10759> mid:battlebana
DEBUG	[2010-07-06 15:59:09:428] <10759> rn:MjAxMDA3MDYxNTU4MzE2NDg0Mjk3Mg==

DEBUG	[2010-07-06 15:59:09:428] <10759> price:26400
DEBUG	[2010-07-06 15:59:09:428] <10759> enctype:
DEBUG	[2010-07-06 15:59:09:428] <10759> buyername:운영자
DEBUG	[2010-07-06 15:59:09:428] <10759> buyertel:01092899889
DEBUG	[2010-07-06 15:59:09:428] <10759> buyeremail:ke2n@naver.com
DEBUG	[2010-07-06 15:59:09:428] <10759> paymethod:VBank
DEBUG	[2010-07-06 15:59:09:428] <10759> encrypted:Version=4.1&PayMethod=VBank&RsaKeyNum=1&EncryptionAlgorithm=SEED-CBC&SignAlgorithm=RSAwithSHA1&CertVer=39&moid=oid_1234567890&ver_trace=main(6034,6023)vbank(6017,6018)net(6008)Controls(6012)Data(6002)Parser(6002)Config(6020)Verify(0000)Lang(6044)Res(6021)Paycrypt&pg1=211.219.96.180&pg2=203.238.37.3&pg1ip=211.219.96.180&pg2ip=203.238.37.3&Data=tOZaBtYtN4TV6QSMSgR/wbaVdZXEYPE9dp/nDZI6connvKkgsGmKl29XfvoIIfT0
KCNaw/XJRCdxZP4RRwfzKXqHDWpJEvCWK8HEZEpJSnxvuweqhDzgZkXUqnfn13go
WhIh2tb5fZGJX0nma+5J2lwy7ZOnBY+xzuaJYDPMTeuzjsqMj4BJVwsgJu26JAaJ
Bb8CXmINY/LywctlRkGma3HvGKxPDt2MS2RkhACq6YKkvE050xwE7avA0itJEdvP
T2pcROZG3nIrcfS1aKA/AxfhV+0gX+lcLePZAay5lKYwxnIjB4usakE5qEkn7/C1
k2bwdNOAcMgBz+owUc9PdblSz+wng75IY/mlocC2C7K91Li6uyWzVl0QWmYjKWnT
lCPZ4aAfV4xB0LjAXo2VHz7gRbMsmTPlwObCTatP74TyLxMagLWlK/QVtBeYWjST
5RnGfXzJYGWzzy3KR4ti

DEBUG	[2010-07-06 15:59:09:428] <10759> sessionkey:gOIhkHbSyxgAGC+hJC7ecsU68XVSo8mn9lgJe27PvA0cISbwkhW3omndX2XsV+WH
3GyYn3U1H7Xi52WEPAWrTnSDdulQ0Hw9LO6OAvHlQyGJBrzC+796mX/Sl/6VBvin
jJgv90uemPRKXPpWpMXcaqZGhmIszwwwqfqpi+cVNkY=

DEBUG	[2010-07-06 15:59:09:428] <10759> url:http://www.your_domain.co.kr
DEBUG	[2010-07-06 15:59:09:428] <10759> cardcode:
DEBUG	[2010-07-06 15:59:09:428] <10759> parentemail:
DEBUG	[2010-07-06 15:59:09:428] <10759> recvname:
DEBUG	[2010-07-06 15:59:09:428] <10759> recvtel:
DEBUG	[2010-07-06 15:59:09:428] <10759> recvaddr:
DEBUG	[2010-07-06 15:59:09:428] <10759> recvpostnum:
DEBUG	[2010-07-06 15:59:09:428] <10759> recvmsg:
DEBUG	[2010-07-06 15:59:09:428] <10759> joincard:
DEBUG	[2010-07-06 15:59:09:428] <10759> joinexpire:
DEBUG	[2010-07-06 15:59:09:428] <10759> id_customer:
INFO	[2010-07-06 15:59:09:428] <10759> Check Field OK
INFO	[2010-07-06 15:59:09:428] <10759> Make TID OK INIphpVBNKbattlebana20100706155909428876
INFO	[2010-07-06 15:59:09:429] <10759> PI PUB KEY LOAD OK [39]
INFO	[2010-07-06 15:59:09:429] <10759> PG PUB KEY LOAD OK [30]
INFO	[2010-07-06 15:59:09:429] <10759> MERCHANT PRIV KEY LOAD OK
INFO	[2010-07-06 15:59:09:429] <10759> MERCHANT PUB KEY LOAD OK [0]
INFO	[2010-07-06 15:59:09:431] <10759> MAKE BODY OK
INFO	[2010-07-06 15:59:09:434] <10759> SIGN OK
INFO	[2010-07-06 15:59:09:434] <10759> MAKE HEAD OK
INFO	[2010-07-06 15:59:09:434] <10759> MSG_TO_PG:[0242100175R SHA1                   0                  39                  300200battlebana               26400INIphpVBNKbattlebana20100706155909428876<?xml version="1.0" encoding="UTF-8"?>
<INIpay>
	  <GoodsInfo>
	    <GoodsCnt>1</GoodsCnt>
	    <MOID/>
	    <Currency>WON</Currency>
	    <Goods>
	      <SMID>battlebana</SMID>
	      <GoodsName urlencode="1">%B9%D9%B3%AA%B3%AA%C3%E6%C0%FC+%2860%B0%B3%29</GoodsName>
	      <GoodsPrice>26400</GoodsPrice></Goods></GoodsInfo>
	  <BuyerInfo>
	    <BuyerName urlencode="1">%BF%EE%BF%B5%C0%DA</BuyerName>
	    <BuyerTel>01092899889</BuyerTel>
	    <BuyerEmail urlencode="1">ke2n%40naver.com</BuyerEmail>
	    <ParentEmail/>
	    <RecvName/>
	    <RecvTel/>
	    <RecvMsg/>
	    <RecvAddr/>
	    <RecvPostNum/></BuyerInfo>
	  <PaymentInfo>
	    <Payment>
	      <PayMethod>VBank</PayMethod>
	      <JoinCard/>
	      <JoinExpire/>
	      <MailOrder/>
	      <SessionKey>gOIhkHbSyxgAGC+hJC7ecsU68XVSo8mn9lgJe27PvA0cISbwkhW3omndX2XsV+WH
3GyYn3U1H7Xi52WEPAWrTnSDdulQ0Hw9LO6OAvHlQyGJBrzC+796mX/Sl/6VBvin
jJgv90uemPRKXPpWpMXcaqZGhmIszwwwqfqpi+cVNkY=
</SessionKey>
	      <Encrypted urlencode="1">Version%3D4.1%26PayMethod%3DVBank%26RsaKeyNum%3D1%26EncryptionAlgorithm%3DSEED-CBC%26SignAlgorithm%3DRSAwithSHA1%26CertVer%3D39%26moid%3Doid_1234567890%26ver_trace%3Dmain%286034%2C6023%29vbank%286017%2C6018%29net%286008%29Controls%286012%29Data%286002%29Parser%286002%29Config%286020%29Verify%280000%29Lang%286044%29Res%286021%29Paycrypt%26pg1%3D211.219.96.180%26pg2%3D203.238.37.3%26pg1ip%3D211.219.96.180%26pg2ip%3D203.238.37.3%26Data%3DtOZaBtYtN4TV6QSMSgR%2FwbaVdZXEYPE9dp%2FnDZI6connvKkgsGmKl29XfvoIIfT0%0D%0AKCNaw%2FXJRCdxZP4RRwfzKXqHDWpJEvCWK8HEZEpJSnxvuweqhDzgZkXUqnfn13go%0D%0AWhIh2tb5fZGJX0nma%2B5J2lwy7ZOnBY%2BxzuaJYDPMTeuzjsqMj4BJVwsgJu26JAaJ%0D%0ABb8CXmINY%2FLywctlRkGma3HvGKxPDt2MS2RkhACq6YKkvE050xwE7avA0itJEdvP%0D%0AT2pcROZG3nIrcfS1aKA%2FAxfhV%2B0gX%2BlcLePZAay5lKYwxnIjB4usakE5qEkn7%2FC1%0D%0Ak2bwdNOAcMgBz%2BowUc9PdblSz%2Bwng75IY%2FmlocC2C7K91Li6uyWzVl0QWmYjKWnT%0D%0AlCPZ4aAfV4xB0LjAXo2VHz7gRbMsmTPlwObCTatP74TyLxMagLWlK%2FQVtBeYWjST%0D%0A5RnGfXzJYGWzzy3KR4ti%0D%0A</Encrypted></Payment></PaymentInfo>
	  <ReservedInfo>
	    <MReserved1/>
	    <MReserved2/>
	    <MReserved3/></ReservedInfo>
	  <ManageInfo>
	    <Language/>
	    <URL urlencode="1">http%3A%2F%2Fwww.your_domain.co.kr</URL>
	    <TXVersion>5030B091216securLinux     PHPchkfake   2.6.18-164.15.1.el5PAEPHP:5.2.</TXVersion>
	    <TXUserID/>
	    <TXRegNum/>
	    <Ack>1</Ack>
	    <TXRN>MjAxMDA3MDYxNTU4MzE2NDg0Mjk3Mg==
</TXRN></ManageInfo></INIpay>AQMEKOsPKKmZyKHZBtDDAAqwAWCGbzY8/6m+ZkcmTMCx/oTsyYRWl6CVDnB3rQjy
hx9ztWxU0Q+TAtBXMOXVdFEf7FMdSDUVntErUe06Lejc4sBVmxeZS2Xto+twSzKA
XuP62dTzyU1nZmHiL9KORE/v6X1Lf+elkbTwCOzA553e
]
INFO	[2010-07-06 15:59:09:434] <10759> DNS LOOKUP OK(211.219.96.180:211.219.96.180:34049) laptime:0
INFO	[2010-07-06 15:59:09:437] <10759> SOCKET CONNECT OK
INFO	[2010-07-06 15:59:09:438] <10759> SEND OK
INFO	[2010-07-06 15:59:09:606] <10759> RECV OK
INFO	[2010-07-06 15:59:09:606] <10759> MSG_FROM_PG:[0251700175D SHA1                   0                  39                  300210battlebana               26400INIphpVBNKbattlebana20100706155909428876<?xml version="1.0" encoding="UTF-8"?>
<INIpay>
  <GoodsInfo>
    <GoodsCnt>1</GoodsCnt>
    <MOID urlencode="1">oid_1234567890</MOID>
    <Currency>WON</Currency>
    <Goods no="1">
      <SMID>battlebana</SMID>
      <GoodsName urlencode="1">%B9%D9%B3%AA%B3%AA%C3%E6%C0%FC+%2860%B0%B3%29</GoodsName>
      <GoodsCntS>1</GoodsCntS>
      <GoodsPrice>26400</GoodsPrice>
    </Goods>
  </GoodsInfo>
  <PaymentInfo>
    <Payment>
      <SessionKey>AJCIhsL5hE7ijVScxA9mRqEY4+hJIB/zBTkvoQ/MPLINZqkcrqwJKENuyH0wJS/N
ul7xQZ6KLD3nLa+dJwibfNuZVq5rF/1n2xTafnKCAXr89iiCC5zq5SsEC9LKS92l
mY8zRrp1+fD8vsZ4czJw/vizsDt8wWeaTpBoEETSyqnHPbFBjXzj0pM=
</SessionKey>
      <Encrypted>Gv1h2IVBqUYzeuYg80n4VMn6pMxuBLSGcXCK0XpLk3jQ+AnRHJCywdYaTKutg9h8
pT0NqpUJio6ZP9B2WGlkN9XjQVkFzq/MhqeIDEdb8sd9u31qr4VlUmU5gz42ChKz
JuRmfSyHgQicZOv6AmyS2qCFgEO263s2pbBHMr4dQlK6YjHcJw5+JxZFkY8sJR0E
nQ8E6vKv5/LsNyMf/V1XDAdYiv1godlW8j3h3WsTV38DKMhx7V3hRsTisRNQ0EmP
pXVLltQPBet4KHalPsugNd1nEFXNLYxEmQtlqWrhAZ52RhHAGgpW0MPybqLi3cSA
O9n3WGRsAbtqMG0SlZT1Zv4M5OcrRPaib5teetdjHhmO+1AK/eGKBoqMR9oNFSXm
+4GhqnBAxFk+vDtrzc3Mtdydi2nDwVV9mXqFeYMqNj93o51jLaR9XTBJlG31teYF
KMcMHuhq4Qh2uIvj/j/nTjnYlYoMcx4FGFee6WhlHrCaRSZ4HS0lSKf3gIIGy/jd
6OjU5N5DoXbmZbLIUTQ0J4iwNic8aCivNexEwx0likJCb5iD/0KB4rcrAS3rch2C
oHfxkR8Qrvp7bGQ4g2UhoS37DbDSJ64WX/YKHL9uuWA0alfXG4pUY2UwVTLls58J
ASwWCQUNW8pA08jf3JiKoxr10xWz9lItylTmNXwtzyomemQZxkFTmZ6YifllWlHb
w07H8i5h6a/cnn5KCYPN82c4lHNDF9EyCKF2Ljhoddq6rEdzYtVn23xsDOQ+w9t+
n7EQUcK08iNVJ3FL93BlOhcMhbmxF6e3y+nvXSK5T+l95gB0kuwaADYV1S6j+LuM
pDIIaLkxy4HfAeZk7ndOFC5E/tz/ihQ2h4Z8wLCh1mLvoWlpIvVNPn80nYWshZrb
JpXunVcj6PuW0rY0oLBxGAVPNohMVezljLekdpFxyjkcVFCSuhmPnpacx9PqZvIr
WDK8PC+hCxEyUjyxIRCwC2wHKghXxel09e1V9P/UVEfjBoPbbAP/WzebpntkXMGW
KjkEr+AcSCzTyNBm2JDAyDEhUmo3UvucMLB964WiHn1jzOS6+UzJDVjHtSXevqxa
y9YZWK5vjOx5IngAaeT7eppJXKCNuIfAuaw/bvoSlfSS3IRmQz1BVUWsaQbYAKI+
</Encrypted>
      <PayMethod>VBank</PayMethod>
      <ResultCode>170000</ResultCode>
      <ResultMsg urlencode="1">%C1%A4%BB%F3%C3%B3%B8%AE%B5%C7%BE%FA%BD%C0%B4%CF%B4%D9.</ResultMsg>
    </Payment>
  </PaymentInfo>
  <ManageInfo>
    <EventCode></EventCode>
    <OrgCurrency></OrgCurrency>
    <ExchangeRate></ExchangeRate>
    <OrgPrice></OrgPrice>
  </ManageInfo>
  <ReservedInfo>
    <MReserved1 urlencode="1"></MReserved1>
    <MReserved2 urlencode="1"></MReserved2>
    <MReserved3 urlencode="1"></MReserved3>
    <PGReserved1 urlencode="1"></PGReserved1>
    <PGReserved2 urlencode="1"></PGReserved2>
    <PGReserved3 urlencode="1"></PGReserved3>
  </ReservedInfo>
</INIpay>
w9MKNYXSgyQgpuEYCx5yw0m1UHIt6dkrnUSEYmQs5FRToi7ng3X5rnTxT7v3yRfe
TdnxON1mWYpO3TXhe+I0XrU0+tNx/35ZM7FJjcB9DvfGCfiXZarpVxQS3CkSvUN9
BBWPaiQDDFp/7mSupsGneVTwVrjescoczc4qSwEsRPc=
]
INFO	[2010-07-06 15:59:09:606] <10759> VERIFY OK
INFO	[2010-07-06 15:59:09:607] <10759> PARSE HEAD OK
INFO	[2010-07-06 15:59:09:608] <10759> PARSE BODY OK
INFO	[2010-07-06 15:59:09:612] <10759> DECRYPT OK
DEBUG	[2010-07-06 15:59:09:612] <10759> DECRYPT MSG:[<?xml version="1.0" encoding="UTF-8"?>
<PaymentInfo>
  <Payment>
    <VBank>
      <VACT_Num>45549012207061</VACT_Num>
      <VACT_BankCode>04</VACT_BankCode>
      <VACT_Date>20100706</VACT_Date>
      <VACT_Time></VACT_Time>
      <VACT_InputName urlencode="1">%BF%EE%BF%B5%C0%DA</VACT_InputName>
      <VACT_Name urlencode="1">%B8%F9%C5%B0%BA%EA%B6%F3%B4%F5%BD%BA</VACT_Name>
      <VACT_RefundName urlencode="1"></VACT_RefundName>
      <VACT_RefundBankCode></VACT_RefundBankCode>
      <VACT_RefundNum></VACT_RefundNum>
      <VACT_ApplPrice>26400</VACT_ApplPrice>
      <VACT_ApplDate>20100706</VACT_ApplDate>
      <VACT_ApplTime>160055</VACT_ApplTime>
      <VACT_ResultCode>170000</VACT_ResultCode>
      <VACT_ResultMsg urlencode="1">%C1%A4%BB%F3%C3%B3%B8%AE%B5%C7%BE%FA%BD%C0%B4%CF%B4%D9.</VACT_ResultMsg>
    </VBank>
  </Payment>
</PaymentInfo>]
INFO	[2010-07-06 15:59:09:613] <10759> DECRYPT PARSE OK
INFO	[2010-07-06 15:59:09:613] <10759> WAIT ACK INVOKING
DEBUG	[2010-07-06 15:59:09:613] <10759> MAKE HEAD OK
INFO	[2010-07-06 15:59:09:616] <10759> SUCCESS ACK INVOKING
INFO	[2010-07-06 15:59:09:616] <10759> END securepay 정상처리되었습니다. Laptime:[0.19sec]
INFO	[2010-07-06 15:59:09:617] <10759> ===============================================================
INFO	[2010-07-06 16:06:49:703] <30040> START INIPHP chkfake (V5030-091216)(OS:Linux2.6.18-164.15.1.el5PAE,PHP:5.2.0)
DEBUG	[2010-07-06 16:06:49:704] <30040> inipayhome:/home/banana/public_html/INIpay50/
DEBUG	[2010-07-06 16:06:49:704] <30040> type:chkfake
DEBUG	[2010-07-06 16:06:49:704] <30040> debug:true
DEBUG	[2010-07-06 16:06:49:704] <30040> enctype:asym
DEBUG	[2010-07-06 16:06:49:704] <30040> admin:1111
DEBUG	[2010-07-06 16:06:49:704] <30040> checkopt:false
DEBUG	[2010-07-06 16:06:49:704] <30040> mid:battlebana
DEBUG	[2010-07-06 16:06:49:704] <30040> price:35200
DEBUG	[2010-07-06 16:06:49:704] <30040> nointerest:no
DEBUG	[2010-07-06 16:06:49:704] <30040> quotabase:선택:일시불:2개월:3개월:6개월
INFO	[2010-07-06 16:06:49:704] <30040> Check Field OK
INFO	[2010-07-06 16:06:49:704] <30040> MERCHANT PRIV KEY LOAD OK
INFO	[2010-07-06 16:06:49:704] <30040> MERCHANT PUB KEY LOAD OK []
INFO	[2010-07-06 16:06:49:707] <30040> CHKFAKE KEY MAKE OK:MjAxMDA3MDYxNjA2NDk3MDQ3Mzk0OQ==

INFO	[2010-07-06 16:06:49:707] <30040> END chkfake  Laptime:[0.01sec]
INFO	[2010-07-06 16:06:49:707] <30040> ===============================================================
INFO	[2010-07-06 16:09:04:507] <11021> START INIPHP chkfake (V5030-091216)(OS:Linux2.6.18-164.15.1.el5PAE,PHP:5.2.0)
DEBUG	[2010-07-06 16:09:04:508] <11021> inipayhome:/home/banana/public_html/INIpay50/
DEBUG	[2010-07-06 16:09:04:508] <11021> type:chkfake
DEBUG	[2010-07-06 16:09:04:508] <11021> debug:true
DEBUG	[2010-07-06 16:09:04:508] <11021> enctype:asym
DEBUG	[2010-07-06 16:09:04:508] <11021> admin:1111
DEBUG	[2010-07-06 16:09:04:508] <11021> checkopt:false
DEBUG	[2010-07-06 16:09:04:508] <11021> mid:battlebana
DEBUG	[2010-07-06 16:09:04:508] <11021> price:2200
DEBUG	[2010-07-06 16:09:04:508] <11021> nointerest:no
DEBUG	[2010-07-06 16:09:04:508] <11021> quotabase:선택:일시불:2개월:3개월:6개월
INFO	[2010-07-06 16:09:04:508] <11021> Check Field OK
INFO	[2010-07-06 16:09:04:508] <11021> MERCHANT PRIV KEY LOAD OK
INFO	[2010-07-06 16:09:04:508] <11021> MERCHANT PUB KEY LOAD OK []
INFO	[2010-07-06 16:09:04:511] <11021> CHKFAKE KEY MAKE OK:MjAxMDA3MDYxNjA5MDQ1MDg2OTIzNA==

INFO	[2010-07-06 16:09:04:511] <11021> END chkfake  Laptime:[0sec]
INFO	[2010-07-06 16:09:04:511] <11021> ===============================================================
INFO	[2010-07-06 16:10:22:743] <21552> START INIPHP chkfake (V5030-091216)(OS:Linux2.6.18-164.15.1.el5PAE,PHP:5.2.0)
DEBUG	[2010-07-06 16:10:22:743] <21552> inipayhome:/home/banana/public_html/INIpay50/
DEBUG	[2010-07-06 16:10:22:743] <21552> type:chkfake
DEBUG	[2010-07-06 16:10:22:743] <21552> debug:true
DEBUG	[2010-07-06 16:10:22:743] <21552> enctype:asym
DEBUG	[2010-07-06 16:10:22:743] <21552> admin:1111
DEBUG	[2010-07-06 16:10:22:743] <21552> checkopt:false
DEBUG	[2010-07-06 16:10:22:743] <21552> mid:battlebana
DEBUG	[2010-07-06 16:10:22:743] <21552> price:35200
DEBUG	[2010-07-06 16:10:22:743] <21552> nointerest:no
DEBUG	[2010-07-06 16:10:22:743] <21552> quotabase:선택:일시불:2개월:3개월:6개월
INFO	[2010-07-06 16:10:22:743] <21552> Check Field OK
INFO	[2010-07-06 16:10:22:743] <21552> MERCHANT PRIV KEY LOAD OK
INFO	[2010-07-06 16:10:22:744] <21552> MERCHANT PUB KEY LOAD OK []
INFO	[2010-07-06 16:10:22:747] <21552> CHKFAKE KEY MAKE OK:MjAxMDA3MDYxNjEwMjI3NDQ3MzczOQ==

INFO	[2010-07-06 16:10:22:747] <21552> END chkfake  Laptime:[0.01sec]
INFO	[2010-07-06 16:10:22:747] <21552> ===============================================================
INFO	[2010-07-06 16:11:06:875] <10759> START INIPHP chkfake (V5030-091216)(OS:Linux2.6.18-164.15.1.el5PAE,PHP:5.2.0)
DEBUG	[2010-07-06 16:11:06:875] <10759> inipayhome:/home/banana/public_html/INIpay50/
DEBUG	[2010-07-06 16:11:06:875] <10759> type:chkfake
DEBUG	[2010-07-06 16:11:06:875] <10759> debug:true
DEBUG	[2010-07-06 16:11:06:875] <10759> enctype:asym
DEBUG	[2010-07-06 16:11:06:875] <10759> admin:1111
DEBUG	[2010-07-06 16:11:06:875] <10759> checkopt:false
DEBUG	[2010-07-06 16:11:06:875] <10759> mid:battlebana
DEBUG	[2010-07-06 16:11:06:875] <10759> price:19800
DEBUG	[2010-07-06 16:11:06:875] <10759> nointerest:no
DEBUG	[2010-07-06 16:11:06:875] <10759> quotabase:선택:일시불:2개월:3개월:6개월
INFO	[2010-07-06 16:11:06:875] <10759> Check Field OK
INFO	[2010-07-06 16:11:06:875] <10759> MERCHANT PRIV KEY LOAD OK
INFO	[2010-07-06 16:11:06:875] <10759> MERCHANT PUB KEY LOAD OK []
INFO	[2010-07-06 16:11:06:879] <10759> CHKFAKE KEY MAKE OK:MjAxMDA3MDYxNjExMDY4NzUxMzc1Mw==

INFO	[2010-07-06 16:11:06:879] <10759> END chkfake  Laptime:[0sec]
INFO	[2010-07-06 16:11:06:879] <10759> ===============================================================
INFO	[2010-07-06 16:12:37:269] <30040> START INIPHP chkfake (V5030-091216)(OS:Linux2.6.18-164.15.1.el5PAE,PHP:5.2.0)
DEBUG	[2010-07-06 16:12:37:270] <30040> inipayhome:/home/banana/public_html/INIpay50/
DEBUG	[2010-07-06 16:12:37:270] <30040> type:chkfake
DEBUG	[2010-07-06 16:12:37:270] <30040> debug:true
DEBUG	[2010-07-06 16:12:37:270] <30040> enctype:asym
DEBUG	[2010-07-06 16:12:37:270] <30040> admin:1111
DEBUG	[2010-07-06 16:12:37:270] <30040> checkopt:false
DEBUG	[2010-07-06 16:12:37:270] <30040> mid:battlebana
DEBUG	[2010-07-06 16:12:37:270] <30040> price:26400
DEBUG	[2010-07-06 16:12:37:270] <30040> nointerest:no
DEBUG	[2010-07-06 16:12:37:270] <30040> quotabase:선택:일시불:2개월:3개월:6개월
INFO	[2010-07-06 16:12:37:270] <30040> Check Field OK
INFO	[2010-07-06 16:12:37:270] <30040> MERCHANT PRIV KEY LOAD OK
INFO	[2010-07-06 16:12:37:270] <30040> MERCHANT PUB KEY LOAD OK []
INFO	[2010-07-06 16:12:37:273] <30040> CHKFAKE KEY MAKE OK:MjAxMDA3MDYxNjEyMzcyNzAyODU0OA==

INFO	[2010-07-06 16:12:37:273] <30040> END chkfake  Laptime:[0sec]
INFO	[2010-07-06 16:12:37:274] <30040> ===============================================================
INFO	[2010-07-06 16:14:16:855] <30040> START INIPHP chkfake (V5030-091216)(OS:Linux2.6.18-164.15.1.el5PAE,PHP:5.2.0)
DEBUG	[2010-07-06 16:14:16:855] <30040> inipayhome:/home/banana/public_html/INIpay50/
DEBUG	[2010-07-06 16:14:16:855] <30040> type:chkfake
DEBUG	[2010-07-06 16:14:16:855] <30040> debug:true
DEBUG	[2010-07-06 16:14:16:855] <30040> enctype:asym
DEBUG	[2010-07-06 16:14:16:855] <30040> admin:1111
DEBUG	[2010-07-06 16:14:16:855] <30040> checkopt:false
DEBUG	[2010-07-06 16:14:16:855] <30040> mid:battlebana
DEBUG	[2010-07-06 16:14:16:855] <30040> price:44000
DEBUG	[2010-07-06 16:14:16:855] <30040> nointerest:no
DEBUG	[2010-07-06 16:14:16:855] <30040> quotabase:선택:일시불:2개월:3개월:6개월
INFO	[2010-07-06 16:14:16:855] <30040> Check Field OK
INFO	[2010-07-06 16:14:16:856] <30040> MERCHANT PRIV KEY LOAD OK
INFO	[2010-07-06 16:14:16:856] <30040> MERCHANT PUB KEY LOAD OK []
INFO	[2010-07-06 16:14:16:858] <30040> CHKFAKE KEY MAKE OK:MjAxMDA3MDYxNjE0MTY4NTY1NjQwMg==

INFO	[2010-07-06 16:14:16:858] <30040> END chkfake  Laptime:[0sec]
INFO	[2010-07-06 16:14:16:859] <30040> ===============================================================
INFO	[2010-07-06 16:35:29:266] <17573> START INIPHP chkfake (V5030-091216)(OS:Linux2.6.18-164.15.1.el5PAE,PHP:5.2.0)
DEBUG	[2010-07-06 16:35:29:266] <17573> inipayhome:/home/banana/public_html/INIpay50/
DEBUG	[2010-07-06 16:35:29:266] <17573> type:chkfake
DEBUG	[2010-07-06 16:35:29:266] <17573> debug:true
DEBUG	[2010-07-06 16:35:29:266] <17573> enctype:asym
DEBUG	[2010-07-06 16:35:29:266] <17573> admin:1111
DEBUG	[2010-07-06 16:35:29:266] <17573> checkopt:false
DEBUG	[2010-07-06 16:35:29:266] <17573> mid:battlebana
DEBUG	[2010-07-06 16:35:29:266] <17573> price:35200
DEBUG	[2010-07-06 16:35:29:266] <17573> nointerest:no
DEBUG	[2010-07-06 16:35:29:266] <17573> quotabase:선택:일시불:2개월:3개월:6개월
INFO	[2010-07-06 16:35:29:266] <17573> Check Field OK
INFO	[2010-07-06 16:35:29:266] <17573> MERCHANT PRIV KEY LOAD OK
INFO	[2010-07-06 16:35:29:266] <17573> MERCHANT PUB KEY LOAD OK []
INFO	[2010-07-06 16:35:29:269] <17573> CHKFAKE KEY MAKE OK:MjAxMDA3MDYxNjM1MjkyNjYzNDQ1Mg==

INFO	[2010-07-06 16:35:29:269] <17573> END chkfake  Laptime:[0sec]
INFO	[2010-07-06 16:35:29:269] <17573> ===============================================================
INFO	[2010-07-06 16:37:40:234] <17573> START INIPHP chkfake (V5030-091216)(OS:Linux2.6.18-164.15.1.el5PAE,PHP:5.2.0)
DEBUG	[2010-07-06 16:37:40:234] <17573> inipayhome:/home/banana/public_html/INIpay50/
DEBUG	[2010-07-06 16:37:40:234] <17573> type:chkfake
DEBUG	[2010-07-06 16:37:40:234] <17573> debug:true
DEBUG	[2010-07-06 16:37:40:234] <17573> enctype:asym
DEBUG	[2010-07-06 16:37:40:234] <17573> admin:1111
DEBUG	[2010-07-06 16:37:40:234] <17573> checkopt:false
DEBUG	[2010-07-06 16:37:40:234] <17573> mid:battlebana
DEBUG	[2010-07-06 16:37:40:234] <17573> price:572000
DEBUG	[2010-07-06 16:37:40:234] <17573> nointerest:no
DEBUG	[2010-07-06 16:37:40:234] <17573> quotabase:선택:일시불:2개월:3개월:6개월
INFO	[2010-07-06 16:37:40:234] <17573> Check Field OK
INFO	[2010-07-06 16:37:40:235] <17573> MERCHANT PRIV KEY LOAD OK
INFO	[2010-07-06 16:37:40:235] <17573> MERCHANT PUB KEY LOAD OK []
INFO	[2010-07-06 16:37:40:238] <17573> CHKFAKE KEY MAKE OK:MjAxMDA3MDYxNjM3NDAyMzU2NTQ2OQ==

INFO	[2010-07-06 16:37:40:238] <17573> END chkfake  Laptime:[0.01sec]
INFO	[2010-07-06 16:37:40:238] <17573> ===============================================================
INFO	[2010-07-06 16:37:52:671] <24704> START INIPHP chkfake (V5030-091216)(OS:Linux2.6.18-164.15.1.el5PAE,PHP:5.2.0)
DEBUG	[2010-07-06 16:37:52:671] <24704> inipayhome:/home/banana/public_html/INIpay50/
DEBUG	[2010-07-06 16:37:52:671] <24704> type:chkfake
DEBUG	[2010-07-06 16:37:52:671] <24704> debug:true
DEBUG	[2010-07-06 16:37:52:671] <24704> enctype:asym
DEBUG	[2010-07-06 16:37:52:671] <24704> admin:1111
DEBUG	[2010-07-06 16:37:52:671] <24704> checkopt:false
DEBUG	[2010-07-06 16:37:52:671] <24704> mid:battlebana
DEBUG	[2010-07-06 16:37:52:671] <24704> price:572000
DEBUG	[2010-07-06 16:37:52:671] <24704> nointerest:no
DEBUG	[2010-07-06 16:37:52:671] <24704> quotabase:선택:일시불:2개월:3개월:6개월
INFO	[2010-07-06 16:37:52:671] <24704> Check Field OK
INFO	[2010-07-06 16:37:52:671] <24704> MERCHANT PRIV KEY LOAD OK
INFO	[2010-07-06 16:37:52:671] <24704> MERCHANT PUB KEY LOAD OK []
INFO	[2010-07-06 16:37:52:675] <24704> CHKFAKE KEY MAKE OK:MjAxMDA3MDYxNjM3NTI2NzI5ODA0Nw==

INFO	[2010-07-06 16:37:52:675] <24704> END chkfake  Laptime:[0.01sec]
INFO	[2010-07-06 16:37:52:675] <24704> ===============================================================
INFO	[2010-07-06 18:49:17:204] <28779> START INIPHP chkfake (V5030-091216)(OS:Linux2.6.18-164.15.1.el5PAE,PHP:5.2.0)
DEBUG	[2010-07-06 18:49:17:204] <28779> inipayhome:/home/banana/public_html/INIpay50/
DEBUG	[2010-07-06 18:49:17:204] <28779> type:chkfake
DEBUG	[2010-07-06 18:49:17:204] <28779> debug:true
DEBUG	[2010-07-06 18:49:17:204] <28779> enctype:asym
DEBUG	[2010-07-06 18:49:17:204] <28779> admin:1111
DEBUG	[2010-07-06 18:49:17:204] <28779> checkopt:false
DEBUG	[2010-07-06 18:49:17:204] <28779> mid:battlebana
DEBUG	[2010-07-06 18:49:17:204] <28779> price:26400
DEBUG	[2010-07-06 18:49:17:204] <28779> nointerest:no
DEBUG	[2010-07-06 18:49:17:204] <28779> quotabase:선택:일시불:2개월:3개월:6개월
INFO	[2010-07-06 18:49:17:204] <28779> Check Field OK
INFO	[2010-07-06 18:49:17:204] <28779> MERCHANT PRIV KEY LOAD OK
INFO	[2010-07-06 18:49:17:205] <28779> MERCHANT PUB KEY LOAD OK []
INFO	[2010-07-06 18:49:17:208] <28779> CHKFAKE KEY MAKE OK:MjAxMDA3MDYxODQ5MTcyMDU1MzA0OQ==

INFO	[2010-07-06 18:49:17:208] <28779> END chkfake  Laptime:[0.01sec]
INFO	[2010-07-06 18:49:17:208] <28779> ===============================================================
INFO	[2010-07-06 18:53:30:733] <24704> START INIPHP chkfake (V5030-091216)(OS:Linux2.6.18-164.15.1.el5PAE,PHP:5.2.0)
DEBUG	[2010-07-06 18:53:30:733] <24704> inipayhome:/home/banana/public_html/INIpay50/
DEBUG	[2010-07-06 18:53:30:733] <24704> type:chkfake
DEBUG	[2010-07-06 18:53:30:733] <24704> debug:true
DEBUG	[2010-07-06 18:53:30:733] <24704> enctype:asym
DEBUG	[2010-07-06 18:53:30:733] <24704> admin:1111
DEBUG	[2010-07-06 18:53:30:733] <24704> checkopt:false
DEBUG	[2010-07-06 18:53:30:733] <24704> mid:battlebana
DEBUG	[2010-07-06 18:53:30:733] <24704> price:17600
DEBUG	[2010-07-06 18:53:30:733] <24704> nointerest:no
DEBUG	[2010-07-06 18:53:30:733] <24704> quotabase:선택:일시불:2개월:3개월:6개월
INFO	[2010-07-06 18:53:30:733] <24704> Check Field OK
INFO	[2010-07-06 18:53:30:733] <24704> MERCHANT PRIV KEY LOAD OK
INFO	[2010-07-06 18:53:30:733] <24704> MERCHANT PUB KEY LOAD OK []
INFO	[2010-07-06 18:53:30:736] <24704> CHKFAKE KEY MAKE OK:MjAxMDA3MDYxODUzMzA3MzM4NjMyNQ==

INFO	[2010-07-06 18:53:30:737] <24704> END chkfake  Laptime:[0.01sec]
INFO	[2010-07-06 18:53:30:737] <24704> ===============================================================
INFO	[2010-07-06 18:53:45:923] <3893> START INIPHP chkfake (V5030-091216)(OS:Linux2.6.18-164.15.1.el5PAE,PHP:5.2.0)
DEBUG	[2010-07-06 18:53:45:923] <3893> inipayhome:/home/banana/public_html/INIpay50/
DEBUG	[2010-07-06 18:53:45:923] <3893> type:chkfake
DEBUG	[2010-07-06 18:53:45:923] <3893> debug:true
DEBUG	[2010-07-06 18:53:45:923] <3893> enctype:asym
DEBUG	[2010-07-06 18:53:45:923] <3893> admin:1111
DEBUG	[2010-07-06 18:53:45:923] <3893> checkopt:false
DEBUG	[2010-07-06 18:53:45:923] <3893> mid:battlebana
DEBUG	[2010-07-06 18:53:45:923] <3893> price:17600
DEBUG	[2010-07-06 18:53:45:923] <3893> nointerest:no
DEBUG	[2010-07-06 18:53:45:923] <3893> quotabase:선택:일시불:2개월:3개월:6개월
INFO	[2010-07-06 18:53:45:923] <3893> Check Field OK
INFO	[2010-07-06 18:53:45:923] <3893> MERCHANT PRIV KEY LOAD OK
INFO	[2010-07-06 18:53:45:924] <3893> MERCHANT PUB KEY LOAD OK []
INFO	[2010-07-06 18:53:45:927] <3893> CHKFAKE KEY MAKE OK:MjAxMDA3MDYxODUzNDU5MjQzMjc2Ng==

INFO	[2010-07-06 18:53:45:927] <3893> END chkfake  Laptime:[0.01sec]
INFO	[2010-07-06 18:53:45:927] <3893> ===============================================================
INFO	[2010-07-06 18:57:13:709] <28780> START INIPHP chkfake (V5030-091216)(OS:Linux2.6.18-164.15.1.el5PAE,PHP:5.2.0)
DEBUG	[2010-07-06 18:57:13:709] <28780> inipayhome:/home/banana/public_html/INIpay50/
DEBUG	[2010-07-06 18:57:13:709] <28780> type:chkfake
DEBUG	[2010-07-06 18:57:13:709] <28780> debug:true
DEBUG	[2010-07-06 18:57:13:709] <28780> enctype:asym
DEBUG	[2010-07-06 18:57:13:709] <28780> admin:1111
DEBUG	[2010-07-06 18:57:13:709] <28780> checkopt:false
DEBUG	[2010-07-06 18:57:13:709] <28780> mid:battlebana
DEBUG	[2010-07-06 18:57:13:709] <28780> price:26400
DEBUG	[2010-07-06 18:57:13:709] <28780> nointerest:no
DEBUG	[2010-07-06 18:57:13:709] <28780> quotabase:선택:일시불:2개월:3개월:6개월
INFO	[2010-07-06 18:57:13:709] <28780> Check Field OK
INFO	[2010-07-06 18:57:13:709] <28780> MERCHANT PRIV KEY LOAD OK
INFO	[2010-07-06 18:57:13:709] <28780> MERCHANT PUB KEY LOAD OK []
INFO	[2010-07-06 18:57:13:713] <28780> CHKFAKE KEY MAKE OK:MjAxMDA3MDYxODU3MTM3MDkyMTQ2Mg==

INFO	[2010-07-06 18:57:13:713] <28780> END chkfake  Laptime:[0sec]
INFO	[2010-07-06 18:57:13:713] <28780> ===============================================================
INFO	[2010-07-06 18:58:09:25] <24468> START INIPHP chkfake (V5030-091216)(OS:Linux2.6.18-164.15.1.el5PAE,PHP:5.2.0)
DEBUG	[2010-07-06 18:58:09:25] <24468> inipayhome:/home/banana/public_html/INIpay50/
DEBUG	[2010-07-06 18:58:09:25] <24468> type:chkfake
DEBUG	[2010-07-06 18:58:09:25] <24468> debug:true
DEBUG	[2010-07-06 18:58:09:25] <24468> enctype:asym
DEBUG	[2010-07-06 18:58:09:25] <24468> admin:1111
DEBUG	[2010-07-06 18:58:09:25] <24468> checkopt:false
DEBUG	[2010-07-06 18:58:09:25] <24468> mid:battlebana
DEBUG	[2010-07-06 18:58:09:25] <24468> price:748000
DEBUG	[2010-07-06 18:58:09:25] <24468> nointerest:no
DEBUG	[2010-07-06 18:58:09:25] <24468> quotabase:선택:일시불:2개월:3개월:6개월
INFO	[2010-07-06 18:58:09:25] <24468> Check Field OK
INFO	[2010-07-06 18:58:09:25] <24468> MERCHANT PRIV KEY LOAD OK
INFO	[2010-07-06 18:58:09:25] <24468> MERCHANT PUB KEY LOAD OK []
INFO	[2010-07-06 18:58:09:29] <24468> CHKFAKE KEY MAKE OK:MjAxMDA3MDYxODU4MDkwMjYyMTMwNA==

INFO	[2010-07-06 18:58:09:29] <24468> END chkfake  Laptime:[0sec]
INFO	[2010-07-06 18:58:09:29] <24468> ===============================================================
INFO	[2010-07-06 19:58:24:602] <24468> START INIPHP chkfake (V5030-091216)(OS:Linux2.6.18-164.15.1.el5PAE,PHP:5.2.0)
DEBUG	[2010-07-06 19:58:24:602] <24468> inipayhome:/home/banana/public_html/INIpay50/
DEBUG	[2010-07-06 19:58:24:602] <24468> type:chkfake
DEBUG	[2010-07-06 19:58:24:602] <24468> debug:true
DEBUG	[2010-07-06 19:58:24:602] <24468> enctype:asym
DEBUG	[2010-07-06 19:58:24:602] <24468> admin:1111
DEBUG	[2010-07-06 19:58:24:602] <24468> checkopt:false
DEBUG	[2010-07-06 19:58:24:602] <24468> mid:battlebana
DEBUG	[2010-07-06 19:58:24:602] <24468> price:15400
DEBUG	[2010-07-06 19:58:24:602] <24468> nointerest:no
DEBUG	[2010-07-06 19:58:24:602] <24468> quotabase:선택:일시불:2개월:3개월:6개월
INFO	[2010-07-06 19:58:24:602] <24468> Check Field OK
INFO	[2010-07-06 19:58:24:602] <24468> MERCHANT PRIV KEY LOAD OK
INFO	[2010-07-06 19:58:24:602] <24468> MERCHANT PUB KEY LOAD OK []
INFO	[2010-07-06 19:58:24:605] <24468> CHKFAKE KEY MAKE OK:MjAxMDA3MDYxOTU4MjQ2MDI1NTE4OA==

INFO	[2010-07-06 19:58:24:605] <24468> END chkfake  Laptime:[0.01sec]
INFO	[2010-07-06 19:58:24:605] <24468> ===============================================================
INFO	[2010-07-06 19:59:28:402] <3893> START INIPHP chkfake (V5030-091216)(OS:Linux2.6.18-164.15.1.el5PAE,PHP:5.2.0)
DEBUG	[2010-07-06 19:59:28:402] <3893> inipayhome:/home/banana/public_html/INIpay50/
DEBUG	[2010-07-06 19:59:28:402] <3893> type:chkfake
DEBUG	[2010-07-06 19:59:28:402] <3893> debug:true
DEBUG	[2010-07-06 19:59:28:402] <3893> enctype:asym
DEBUG	[2010-07-06 19:59:28:402] <3893> admin:1111
DEBUG	[2010-07-06 19:59:28:402] <3893> checkopt:false
DEBUG	[2010-07-06 19:59:28:402] <3893> mid:battlebana
DEBUG	[2010-07-06 19:59:28:402] <3893> price:44000
DEBUG	[2010-07-06 19:59:28:402] <3893> nointerest:no
DEBUG	[2010-07-06 19:59:28:402] <3893> quotabase:선택:일시불:2개월:3개월:6개월
INFO	[2010-07-06 19:59:28:402] <3893> Check Field OK
INFO	[2010-07-06 19:59:28:402] <3893> MERCHANT PRIV KEY LOAD OK
INFO	[2010-07-06 19:59:28:402] <3893> MERCHANT PUB KEY LOAD OK []
INFO	[2010-07-06 19:59:28:405] <3893> CHKFAKE KEY MAKE OK:MjAxMDA3MDYxOTU5Mjg0MDIzOTY2NQ==

INFO	[2010-07-06 19:59:28:405] <3893> END chkfake  Laptime:[0.01sec]
INFO	[2010-07-06 19:59:28:405] <3893> ===============================================================
INFO	[2010-07-06 20:03:00:455] <6230> START INIPHP chkfake (V5030-091216)(OS:Linux2.6.18-164.15.1.el5PAE,PHP:5.2.0)
DEBUG	[2010-07-06 20:03:00:456] <6230> inipayhome:/home/banana/public_html/INIpay50/
DEBUG	[2010-07-06 20:03:00:456] <6230> type:chkfake
DEBUG	[2010-07-06 20:03:00:456] <6230> debug:true
DEBUG	[2010-07-06 20:03:00:456] <6230> enctype:asym
DEBUG	[2010-07-06 20:03:00:456] <6230> admin:1111
DEBUG	[2010-07-06 20:03:00:456] <6230> checkopt:false
DEBUG	[2010-07-06 20:03:00:456] <6230> mid:battlebana
DEBUG	[2010-07-06 20:03:00:456] <6230> price:26400
DEBUG	[2010-07-06 20:03:00:456] <6230> nointerest:no
DEBUG	[2010-07-06 20:03:00:456] <6230> quotabase:선택:일시불:2개월:3개월:6개월
INFO	[2010-07-06 20:03:00:456] <6230> Check Field OK
INFO	[2010-07-06 20:03:00:456] <6230> MERCHANT PRIV KEY LOAD OK
INFO	[2010-07-06 20:03:00:456] <6230> MERCHANT PUB KEY LOAD OK []
INFO	[2010-07-06 20:03:00:459] <6230> CHKFAKE KEY MAKE OK:MjAxMDA3MDYyMDAzMDA0NTY0MDIwMg==

INFO	[2010-07-06 20:03:00:459] <6230> END chkfake  Laptime:[0sec]
INFO	[2010-07-06 20:03:00:460] <6230> ===============================================================
INFO	[2010-07-06 20:11:12:676] <3853> START INIPHP chkfake (V5030-091216)(OS:Linux2.6.18-164.15.1.el5PAE,PHP:5.2.0)
DEBUG	[2010-07-06 20:11:12:676] <3853> inipayhome:/home/banana/public_html/INIpay50/
DEBUG	[2010-07-06 20:11:12:676] <3853> type:chkfake
DEBUG	[2010-07-06 20:11:12:676] <3853> debug:true
DEBUG	[2010-07-06 20:11:12:676] <3853> enctype:asym
DEBUG	[2010-07-06 20:11:12:676] <3853> admin:1111
DEBUG	[2010-07-06 20:11:12:676] <3853> checkopt:false
DEBUG	[2010-07-06 20:11:12:676] <3853> mid:battlebana
DEBUG	[2010-07-06 20:11:12:676] <3853> price:26400
DEBUG	[2010-07-06 20:11:12:676] <3853> nointerest:no
DEBUG	[2010-07-06 20:11:12:676] <3853> quotabase:선택:일시불:2개월:3개월:6개월
INFO	[2010-07-06 20:11:12:676] <3853> Check Field OK
INFO	[2010-07-06 20:11:12:676] <3853> MERCHANT PRIV KEY LOAD OK
INFO	[2010-07-06 20:11:12:677] <3853> MERCHANT PUB KEY LOAD OK []
INFO	[2010-07-06 20:11:12:680] <3853> CHKFAKE KEY MAKE OK:MjAxMDA3MDYyMDExMTI2Nzc0MjM4Nw==

INFO	[2010-07-06 20:11:12:680] <3853> END chkfake  Laptime:[0sec]
INFO	[2010-07-06 20:11:12:680] <3853> ===============================================================
INFO	[2010-07-06 20:13:13:206] <24704> START INIPHP chkfake (V5030-091216)(OS:Linux2.6.18-164.15.1.el5PAE,PHP:5.2.0)
DEBUG	[2010-07-06 20:13:13:207] <24704> inipayhome:/home/banana/public_html/INIpay50/
DEBUG	[2010-07-06 20:13:13:207] <24704> type:chkfake
DEBUG	[2010-07-06 20:13:13:207] <24704> debug:true
DEBUG	[2010-07-06 20:13:13:207] <24704> enctype:asym
DEBUG	[2010-07-06 20:13:13:207] <24704> admin:1111
DEBUG	[2010-07-06 20:13:13:207] <24704> checkopt:false
DEBUG	[2010-07-06 20:13:13:207] <24704> mid:battlebana
DEBUG	[2010-07-06 20:13:13:207] <24704> price:836000
DEBUG	[2010-07-06 20:13:13:207] <24704> nointerest:no
DEBUG	[2010-07-06 20:13:13:207] <24704> quotabase:선택:일시불:2개월:3개월:6개월
INFO	[2010-07-06 20:13:13:207] <24704> Check Field OK
INFO	[2010-07-06 20:13:13:207] <24704> MERCHANT PRIV KEY LOAD OK
INFO	[2010-07-06 20:13:13:207] <24704> MERCHANT PUB KEY LOAD OK []
INFO	[2010-07-06 20:13:13:210] <24704> CHKFAKE KEY MAKE OK:MjAxMDA3MDYyMDEzMTMyMDc4NjM1OA==

INFO	[2010-07-06 20:13:13:210] <24704> END chkfake  Laptime:[0sec]
INFO	[2010-07-06 20:13:13:210] <24704> ===============================================================
INFO	[2010-07-06 21:29:05:197] <29148> START INIPHP chkfake (V5030-091216)(OS:Linux2.6.18-164.15.1.el5PAE,PHP:5.2.0)
DEBUG	[2010-07-06 21:29:05:197] <29148> inipayhome:/home/banana/public_html/INIpay50/
DEBUG	[2010-07-06 21:29:05:197] <29148> type:chkfake
DEBUG	[2010-07-06 21:29:05:197] <29148> debug:true
DEBUG	[2010-07-06 21:29:05:197] <29148> enctype:asym
DEBUG	[2010-07-06 21:29:05:197] <29148> admin:1111
DEBUG	[2010-07-06 21:29:05:197] <29148> checkopt:false
DEBUG	[2010-07-06 21:29:05:197] <29148> mid:battlebana
DEBUG	[2010-07-06 21:29:05:197] <29148> price:
DEBUG	[2010-07-06 21:29:05:197] <29148> nointerest:no
DEBUG	[2010-07-06 21:29:05:197] <29148> quotabase:선택:일시불:2개월:3개월:6개월
INFO	[2010-07-06 21:29:05:197] <29148> Check Field OK
INFO	[2010-07-06 21:29:05:198] <29148> MERCHANT PRIV KEY LOAD OK
INFO	[2010-07-06 21:29:05:198] <29148> MERCHANT PUB KEY LOAD OK []
INFO	[2010-07-06 21:29:05:201] <29148> CHKFAKE KEY MAKE OK:MjAxMDA3MDYyMTI5MDUxOTg2NzA1OA==

INFO	[2010-07-06 21:29:05:201] <29148> END chkfake  Laptime:[0sec]
INFO	[2010-07-06 21:29:05:201] <29148> ===============================================================
INFO	[2010-07-06 21:31:40:463] <29631> START INIPHP chkfake (V5030-091216)(OS:Linux2.6.18-164.15.1.el5PAE,PHP:5.2.0)
DEBUG	[2010-07-06 21:31:40:463] <29631> inipayhome:/home/banana/public_html/INIpay50/
DEBUG	[2010-07-06 21:31:40:463] <29631> type:chkfake
DEBUG	[2010-07-06 21:31:40:463] <29631> debug:true
DEBUG	[2010-07-06 21:31:40:463] <29631> enctype:asym
DEBUG	[2010-07-06 21:31:40:463] <29631> admin:1111
DEBUG	[2010-07-06 21:31:40:463] <29631> checkopt:false
DEBUG	[2010-07-06 21:31:40:463] <29631> mid:battlebana
DEBUG	[2010-07-06 21:31:40:463] <29631> price:282500
DEBUG	[2010-07-06 21:31:40:463] <29631> nointerest:no
DEBUG	[2010-07-06 21:31:40:463] <29631> quotabase:선택:일시불:2개월:3개월:6개월
INFO	[2010-07-06 21:31:40:463] <29631> Check Field OK
INFO	[2010-07-06 21:31:40:463] <29631> MERCHANT PRIV KEY LOAD OK
INFO	[2010-07-06 21:31:40:464] <29631> MERCHANT PUB KEY LOAD OK []
INFO	[2010-07-06 21:31:40:466] <29631> CHKFAKE KEY MAKE OK:MjAxMDA3MDYyMTMxNDA0NjQ5MzM1Ng==

INFO	[2010-07-06 21:31:40:466] <29631> END chkfake  Laptime:[0.01sec]
INFO	[2010-07-06 21:31:40:466] <29631> ===============================================================
INFO	[2010-07-06 21:34:33:800] <29148> START INIPHP chkfake (V5030-091216)(OS:Linux2.6.18-164.15.1.el5PAE,PHP:5.2.0)
DEBUG	[2010-07-06 21:34:33:800] <29148> inipayhome:/home/banana/public_html/INIpay50/
DEBUG	[2010-07-06 21:34:33:800] <29148> type:chkfake
DEBUG	[2010-07-06 21:34:33:800] <29148> debug:true
DEBUG	[2010-07-06 21:34:33:800] <29148> enctype:asym
DEBUG	[2010-07-06 21:34:33:800] <29148> admin:1111
DEBUG	[2010-07-06 21:34:33:800] <29148> checkopt:false
DEBUG	[2010-07-06 21:34:33:800] <29148> mid:battlebana
DEBUG	[2010-07-06 21:34:33:800] <29148> price:212100
DEBUG	[2010-07-06 21:34:33:800] <29148> nointerest:no
DEBUG	[2010-07-06 21:34:33:800] <29148> quotabase:선택:일시불:2개월:3개월:6개월
INFO	[2010-07-06 21:34:33:800] <29148> Check Field OK
INFO	[2010-07-06 21:34:33:800] <29148> MERCHANT PRIV KEY LOAD OK
INFO	[2010-07-06 21:34:33:801] <29148> MERCHANT PUB KEY LOAD OK []
INFO	[2010-07-06 21:34:33:804] <29148> CHKFAKE KEY MAKE OK:MjAxMDA3MDYyMTM0MzM4MDEzMDgzNw==

INFO	[2010-07-06 21:34:33:804] <29148> END chkfake  Laptime:[0sec]
INFO	[2010-07-06 21:34:33:804] <29148> ===============================================================
INFO	[2010-07-06 21:37:47:645] <23791> START INIPHP chkfake (V5030-091216)(OS:Linux2.6.18-164.15.1.el5PAE,PHP:5.2.0)
DEBUG	[2010-07-06 21:37:47:645] <23791> inipayhome:/home/banana/public_html/INIpay50/
DEBUG	[2010-07-06 21:37:47:645] <23791> type:chkfake
DEBUG	[2010-07-06 21:37:47:645] <23791> debug:true
DEBUG	[2010-07-06 21:37:47:645] <23791> enctype:asym
DEBUG	[2010-07-06 21:37:47:645] <23791> admin:1111
DEBUG	[2010-07-06 21:37:47:645] <23791> checkopt:false
DEBUG	[2010-07-06 21:37:47:645] <23791> mid:battlebana
DEBUG	[2010-07-06 21:37:47:645] <23791> price:282500
DEBUG	[2010-07-06 21:37:47:645] <23791> nointerest:no
DEBUG	[2010-07-06 21:37:47:645] <23791> quotabase:선택:일시불:2개월:3개월:6개월
INFO	[2010-07-06 21:37:47:646] <23791> Check Field OK
INFO	[2010-07-06 21:37:47:646] <23791> MERCHANT PRIV KEY LOAD OK
INFO	[2010-07-06 21:37:47:646] <23791> MERCHANT PUB KEY LOAD OK []
INFO	[2010-07-06 21:37:47:649] <23791> CHKFAKE KEY MAKE OK:MjAxMDA3MDYyMTM3NDc2NDY5MjMzNw==

INFO	[2010-07-06 21:37:47:649] <23791> END chkfake  Laptime:[0sec]
INFO	[2010-07-06 21:37:47:649] <23791> ===============================================================
INFO	[2010-07-06 22:19:42:347] <23791> START INIPHP chkfake (V5030-091216)(OS:Linux2.6.18-164.15.1.el5PAE,PHP:5.2.0)
DEBUG	[2010-07-06 22:19:42:347] <23791> inipayhome:/home/banana/public_html/INIpay50/
DEBUG	[2010-07-06 22:19:42:347] <23791> type:chkfake
DEBUG	[2010-07-06 22:19:42:347] <23791> debug:true
DEBUG	[2010-07-06 22:19:42:347] <23791> enctype:asym
DEBUG	[2010-07-06 22:19:42:347] <23791> admin:1111
DEBUG	[2010-07-06 22:19:42:347] <23791> checkopt:false
DEBUG	[2010-07-06 22:19:42:347] <23791> mid:battlebana
DEBUG	[2010-07-06 22:19:42:347] <23791> price:15400
DEBUG	[2010-07-06 22:19:42:347] <23791> nointerest:no
DEBUG	[2010-07-06 22:19:42:347] <23791> quotabase:선택:일시불:2개월:3개월:6개월
INFO	[2010-07-06 22:19:42:347] <23791> Check Field OK
INFO	[2010-07-06 22:19:42:347] <23791> MERCHANT PRIV KEY LOAD OK
INFO	[2010-07-06 22:19:42:348] <23791> MERCHANT PUB KEY LOAD OK []
INFO	[2010-07-06 22:19:42:351] <23791> CHKFAKE KEY MAKE OK:MjAxMDA3MDYyMjE5NDIzNDgyMDA3OA==

INFO	[2010-07-06 22:19:42:351] <23791> END chkfake  Laptime:[0sec]
INFO	[2010-07-06 22:19:42:351] <23791> ===============================================================
INFO	[2010-07-06 22:47:31:477] <32390> START INIPHP chkfake (V5030-091216)(OS:Linux2.6.18-164.15.1.el5PAE,PHP:5.2.0)
DEBUG	[2010-07-06 22:47:31:477] <32390> inipayhome:/home/banana/public_html/INIpay50/
DEBUG	[2010-07-06 22:47:31:477] <32390> type:chkfake
DEBUG	[2010-07-06 22:47:31:477] <32390> debug:true
DEBUG	[2010-07-06 22:47:31:477] <32390> enctype:asym
DEBUG	[2010-07-06 22:47:31:477] <32390> admin:1111
DEBUG	[2010-07-06 22:47:31:477] <32390> checkopt:false
DEBUG	[2010-07-06 22:47:31:477] <32390> mid:battlebana
DEBUG	[2010-07-06 22:47:31:477] <32390> price:19800
DEBUG	[2010-07-06 22:47:31:477] <32390> nointerest:no
DEBUG	[2010-07-06 22:47:31:477] <32390> quotabase:선택:일시불:2개월:3개월:6개월
INFO	[2010-07-06 22:47:31:477] <32390> Check Field OK
INFO	[2010-07-06 22:47:31:477] <32390> MERCHANT PRIV KEY LOAD OK
INFO	[2010-07-06 22:47:31:478] <32390> MERCHANT PUB KEY LOAD OK []
INFO	[2010-07-06 22:47:31:481] <32390> CHKFAKE KEY MAKE OK:MjAxMDA3MDYyMjQ3MzE0Nzg5MTUxMg==

INFO	[2010-07-06 22:47:31:481] <32390> END chkfake  Laptime:[0sec]
INFO	[2010-07-06 22:47:31:481] <32390> ===============================================================
INFO	[2010-07-06 22:47:58:153] <32390> START INIPHP securepay (V5030-091216)(OS:Linux2.6.18-164.15.1.el5PAE,PHP:5.2.0)
DEBUG	[2010-07-06 22:47:58:153] <32390> inipayhome:/home/banana/public_html/INIpay50/
DEBUG	[2010-07-06 22:47:58:153] <32390> type:securepay
DEBUG	[2010-07-06 22:47:58:153] <32390> pgid:INIphpVBNK
DEBUG	[2010-07-06 22:47:58:153] <32390> subpgip:203.238.3.10
DEBUG	[2010-07-06 22:47:58:153] <32390> admin:1111
DEBUG	[2010-07-06 22:47:58:153] <32390> debug:true
DEBUG	[2010-07-06 22:47:58:153] <32390> uid:
DEBUG	[2010-07-06 22:47:58:153] <32390> goodname:바나나충전 (45개)
DEBUG	[2010-07-06 22:47:58:153] <32390> currency:WON
DEBUG	[2010-07-06 22:47:58:153] <32390> mid:battlebana
DEBUG	[2010-07-06 22:47:58:153] <32390> rn:MjAxMDA3MDYyMjQ3MzE0Nzg5MTUxMg==

DEBUG	[2010-07-06 22:47:58:153] <32390> price:19800
DEBUG	[2010-07-06 22:47:58:153] <32390> enctype:
DEBUG	[2010-07-06 22:47:58:153] <32390> buyername:김주원
DEBUG	[2010-07-06 22:47:58:153] <32390> buyertel:01092899889
DEBUG	[2010-07-06 22:47:58:153] <32390> buyeremail:skymusic@empal.com
DEBUG	[2010-07-06 22:47:58:153] <32390> paymethod:VBank
DEBUG	[2010-07-06 22:47:58:153] <32390> encrypted:Version=4.1&PayMethod=VBank&RsaKeyNum=1&EncryptionAlgorithm=SEED-CBC&SignAlgorithm=RSAwithSHA1&CertVer=39&moid=oid_1234567890&ver_trace=main(6034,6023)vbank(6017,6018)net(6008)Controls(6012)Data(6002)Parser(6002)Config(6020)Verify(0000)Lang(6044)Res(6021)Paycrypt&pg1=211.219.96.180&pg2=203.238.37.3&pg1ip=211.219.96.180&pg2ip=203.238.37.3&Data=xMgzJiwo4+UYQpWfmrVM/oH9BJ95DuXm/LOlGGJyrYuT/E+EnEcywfsQWPlDn/Th
GiHS6pBE1ds2ghT8BAJH2qbVVwnZZ2Fg9ibIJZ33yP37yAkElLf2+h918KY6iKUb
NKxmTmyLHdIJQ+5h1gWRyxtI1p8osL5oIZKBV2XMLWEpBFyka7R40qJ7dxMUKYlJ
KcUcXOWrx6xe5au5cen5gvaCyCe7FLoci3+2wbyo9hK7tqcbKTnxVZNgFPRytCWY
OJFFAB1dDX2aNP3mxrvP6p9JVPJuRG5Ow85lCzawPKbRS8KhmA1XuCaqdzKNlrU2
/tLrC3TCHFrCdFQelirhEU+4eTiKsPKh3xJJN9gVhJI2hfnx16DE96UFij7rWh+R
InGpi+3rlVWXAiNbvAB3Rz6DY3+oneD7DMOJbflcjbU43+bipH1xUfFFDXZ4UQUN
yRlIQW1qzIj+oBgxu5u+NfpsEE/AlWLKhZjdhBluIg==

DEBUG	[2010-07-06 22:47:58:153] <32390> sessionkey:g/hGuI1cI8JiqjFAdXFIsB8BuVY/YI9rSGLipehsyu2xB9l6v39jEoizuSFuuxBX
bZ6mwV7L5k8srn8T5z+ntLsG4Y5ukqDHpLhW7WuJJT7A2//6djSAmb1jBHHk7Poi
v1mR9TXNaFlSgqqj4O8SFDHEL5vIYAN4rqgTn1Y3F2c=

DEBUG	[2010-07-06 22:47:58:153] <32390> url:http://www.your_domain.co.kr
DEBUG	[2010-07-06 22:47:58:153] <32390> cardcode:
DEBUG	[2010-07-06 22:47:58:153] <32390> parentemail:
DEBUG	[2010-07-06 22:47:58:153] <32390> recvname:
DEBUG	[2010-07-06 22:47:58:153] <32390> recvtel:
DEBUG	[2010-07-06 22:47:58:153] <32390> recvaddr:
DEBUG	[2010-07-06 22:47:58:153] <32390> recvpostnum:
DEBUG	[2010-07-06 22:47:58:153] <32390> recvmsg:
DEBUG	[2010-07-06 22:47:58:153] <32390> joincard:
DEBUG	[2010-07-06 22:47:58:153] <32390> joinexpire:
DEBUG	[2010-07-06 22:47:58:153] <32390> id_customer:
INFO	[2010-07-06 22:47:58:153] <32390> Check Field OK
INFO	[2010-07-06 22:47:58:153] <32390> Make TID OK INIphpVBNKbattlebana20100706224758153916
INFO	[2010-07-06 22:47:58:153] <32390> PI PUB KEY LOAD OK [39]
INFO	[2010-07-06 22:47:58:154] <32390> PG PUB KEY LOAD OK [30]
INFO	[2010-07-06 22:47:58:154] <32390> MERCHANT PRIV KEY LOAD OK
INFO	[2010-07-06 22:47:58:154] <32390> MERCHANT PUB KEY LOAD OK [0]
INFO	[2010-07-06 22:47:58:156] <32390> MAKE BODY OK
INFO	[2010-07-06 22:47:58:158] <32390> SIGN OK
INFO	[2010-07-06 22:47:58:159] <32390> MAKE HEAD OK
INFO	[2010-07-06 22:47:58:159] <32390> MSG_TO_PG:[0246100175R SHA1                   0                  39                  300200battlebana               19800INIphpVBNKbattlebana20100706224758153916<?xml version="1.0" encoding="UTF-8"?>
<INIpay>
	  <GoodsInfo>
	    <GoodsCnt>1</GoodsCnt>
	    <MOID/>
	    <Currency>WON</Currency>
	    <Goods>
	      <SMID>battlebana</SMID>
	      <GoodsName urlencode="1">%B9%D9%B3%AA%B3%AA%C3%E6%C0%FC+%2845%B0%B3%29</GoodsName>
	      <GoodsPrice>19800</GoodsPrice></Goods></GoodsInfo>
	  <BuyerInfo>
	    <BuyerName urlencode="1">%B1%E8%C1%D6%BF%F8</BuyerName>
	    <BuyerTel>01092899889</BuyerTel>
	    <BuyerEmail urlencode="1">skymusic%40empal.com</BuyerEmail>
	    <ParentEmail/>
	    <RecvName/>
	    <RecvTel/>
	    <RecvMsg/>
	    <RecvAddr/>
	    <RecvPostNum/></BuyerInfo>
	  <PaymentInfo>
	    <Payment>
	      <PayMethod>VBank</PayMethod>
	      <JoinCard/>
	      <JoinExpire/>
	      <MailOrder/>
	      <SessionKey>g/hGuI1cI8JiqjFAdXFIsB8BuVY/YI9rSGLipehsyu2xB9l6v39jEoizuSFuuxBX
bZ6mwV7L5k8srn8T5z+ntLsG4Y5ukqDHpLhW7WuJJT7A2//6djSAmb1jBHHk7Poi
v1mR9TXNaFlSgqqj4O8SFDHEL5vIYAN4rqgTn1Y3F2c=
</SessionKey>
	      <Encrypted urlencode="1">Version%3D4.1%26PayMethod%3DVBank%26RsaKeyNum%3D1%26EncryptionAlgorithm%3DSEED-CBC%26SignAlgorithm%3DRSAwithSHA1%26CertVer%3D39%26moid%3Doid_1234567890%26ver_trace%3Dmain%286034%2C6023%29vbank%286017%2C6018%29net%286008%29Controls%286012%29Data%286002%29Parser%286002%29Config%286020%29Verify%280000%29Lang%286044%29Res%286021%29Paycrypt%26pg1%3D211.219.96.180%26pg2%3D203.238.37.3%26pg1ip%3D211.219.96.180%26pg2ip%3D203.238.37.3%26Data%3DxMgzJiwo4%2BUYQpWfmrVM%2FoH9BJ95DuXm%2FLOlGGJyrYuT%2FE%2BEnEcywfsQWPlDn%2FTh%0D%0AGiHS6pBE1ds2ghT8BAJH2qbVVwnZZ2Fg9ibIJZ33yP37yAkElLf2%2Bh918KY6iKUb%0D%0ANKxmTmyLHdIJQ%2B5h1gWRyxtI1p8osL5oIZKBV2XMLWEpBFyka7R40qJ7dxMUKYlJ%0D%0AKcUcXOWrx6xe5au5cen5gvaCyCe7FLoci3%2B2wbyo9hK7tqcbKTnxVZNgFPRytCWY%0D%0AOJFFAB1dDX2aNP3mxrvP6p9JVPJuRG5Ow85lCzawPKbRS8KhmA1XuCaqdzKNlrU2%0D%0A%2FtLrC3TCHFrCdFQelirhEU%2B4eTiKsPKh3xJJN9gVhJI2hfnx16DE96UFij7rWh%2BR%0D%0AInGpi%2B3rlVWXAiNbvAB3Rz6DY3%2BoneD7DMOJbflcjbU43%2BbipH1xUfFFDXZ4UQUN%0D%0AyRlIQW1qzIj%2BoBgxu5u%2BNfpsEE%2FAlWLKhZjdhBluIg%3D%3D%0D%0A</Encrypted></Payment></PaymentInfo>
	  <ReservedInfo>
	    <MReserved1/>
	    <MReserved2/>
	    <MReserved3/></ReservedInfo>
	  <ManageInfo>
	    <Language/>
	    <URL urlencode="1">http%3A%2F%2Fwww.your_domain.co.kr</URL>
	    <TXVersion>5030B091216securLinux     PHPchkfake   2.6.18-164.15.1.el5PAEPHP:5.2.</TXVersion>
	    <TXUserID/>
	    <TXRegNum/>
	    <Ack>1</Ack>
	    <TXRN>MjAxMDA3MDYyMjQ3MzE0Nzg5MTUxMg==
</TXRN></ManageInfo></INIpay>ALrVrgnPB2FddUB3y6nwDlMXcCpvNQT1f8LSuZwxxubGKIZkpY4p/xMsT55JFaGa
M5AkQDqUm/3DeNC1EicuLqPriCFHArdtUVN1M+4P/yDvBRBXax/d2fb/nZaHxP3h
wYD+k9R731rLsA02HXfJpjX29RJwi4+J5BBsJEnqN/Km
]
INFO	[2010-07-06 22:47:58:159] <32390> DNS LOOKUP OK(211.219.96.180:211.219.96.180:34049) laptime:0
INFO	[2010-07-06 22:47:58:162] <32390> SOCKET CONNECT OK
INFO	[2010-07-06 22:47:58:162] <32390> SEND OK
INFO	[2010-07-06 22:47:58:343] <32390> RECV OK
INFO	[2010-07-06 22:47:58:343] <32390> MSG_FROM_PG:[0251700175D SHA1                   0                  39                  300210battlebana               19800INIphpVBNKbattlebana20100706224758153916<?xml version="1.0" encoding="UTF-8"?>
<INIpay>
  <GoodsInfo>
    <GoodsCnt>1</GoodsCnt>
    <MOID urlencode="1">oid_1234567890</MOID>
    <Currency>WON</Currency>
    <Goods no="1">
      <SMID>battlebana</SMID>
      <GoodsName urlencode="1">%B9%D9%B3%AA%B3%AA%C3%E6%C0%FC+%2845%B0%B3%29</GoodsName>
      <GoodsCntS>1</GoodsCntS>
      <GoodsPrice>19800</GoodsPrice>
    </Goods>
  </GoodsInfo>
  <PaymentInfo>
    <Payment>
      <SessionKey>AFrQmfOLTgy8AC33SPGryx9XERgNRiRgb5IebNKG7+chcXzurPgXrKa0CadhHRcX
6Odd/hF4qXMxWpdIw0FH1ZT9tnSydnOpU1NkNoRUpmp4Cpy4+PFqQbRWj2GjsNO4
lOXqEGhfkSacJk1/hweU2FOsJJJVN0ZMW42IidXvfUzPrLKxXZh/Zsc=
</SessionKey>
      <Encrypted>1/XL05006OtwkY6ugDD911V05tMpsRhkLN5DZPyXt4GvELSv7atx1Bauy4rcmwex
lPa01i/JjafNK/Gdh2U2e0zS+mifOnPWPfUht3e+UHLHc78HqHdJ4pB2yW1CrU1G
mUOBXw/W7kENN0A3hCMej2rv5Mr/htWUOCsr0Tds2xf3V1X8bFg2WGK1EVnRF9CT
fZqnyT5WcqKE6ML//ijmXTYYSbUkqUxO0An/sqET4wgMxj0q0Qc0toDPD1A5giM/
TPHtuD+M68wEwYgvZvQwLCLkr08OAW+y0p+Ox+lzmrHSOLfVBqWDscjFZxbsKQMt
7O1WyHuyU191G66IXIHL4m6rRN82m3beU9k3Q1lM75IODN7RuZZ7pB5ZqLMxWRaq
ctbcgj3P7bB7z7q2jij0sp+XIgTeNlbjEpK31isv9S7M48uc6oij9Cep+k/FeHqA
lBeHO6KJCEH8Nc2R4aPOKEfpjlZr0bzf7wz3zcMz96goBMElIzzq470jG9Ycn6Up
UxH9KR99eIh1a7Qt3vC5GLK/tkEz5QCZ9eX9J1F0AJV2GhQvPNLM1Li1jcvsxb7F
VeZEfRBcKAWIXGB+6HKryqK4UxZG40OpGxhx8hXO8flchQe27yRMpUAvSmDVbMvr
xptvAE2aKec4OLV1YHTE7kXxvJHK3CXo3FTxZ/zz9oZh56t0vBN3Mv+SoNQvRRtg
Ac7TwKrojpdSPxq2NRqisyMx8ThBYS7iXBdo1USrPpvtON3yK2pXR53Q2058kOPZ
MKEMVuzTnDTT+LVH99ZvUmeDuSSOtge1HybIVRV3eDtEXEQSrKi0gY8XJeZLMjpH
ka/nD7SO3PJy3zgoRFxg/P6SSgaTG3hYPkNczaFCk1hN6rGsg4KAS1gAyMPjOZO3
v4FMtDn7yytEnMKLyvRByh2+cdyVdDoCG8gQe7eEOKbUIp+WNpZXPELB7XFwXwQh
eYgvV3MLMIUlRHeQ1LN5+zURtj284YNjyuT0Cg1bSQt0fTrYNrzvmj7rDnZ3tZ4q
mqYwkY27jeaROKJpJhaSHesGXwMQmnx7snmdLOdSYchT8CB+UvjMuh2aDfr3k7oi
vlq1H7Q3/YT+Z/qY0ZGbFEZBUAuyiphfQSSzRq1IzDFL23rriqXAGJ9PeOW0aECN
</Encrypted>
      <PayMethod>VBank</PayMethod>
      <ResultCode>170000</ResultCode>
      <ResultMsg urlencode="1">%C1%A4%BB%F3%C3%B3%B8%AE%B5%C7%BE%FA%BD%C0%B4%CF%B4%D9.</ResultMsg>
    </Payment>
  </PaymentInfo>
  <ManageInfo>
    <EventCode></EventCode>
    <OrgCurrency></OrgCurrency>
    <ExchangeRate></ExchangeRate>
    <OrgPrice></OrgPrice>
  </ManageInfo>
  <ReservedInfo>
    <MReserved1 urlencode="1"></MReserved1>
    <MReserved2 urlencode="1"></MReserved2>
    <MReserved3 urlencode="1"></MReserved3>
    <PGReserved1 urlencode="1"></PGReserved1>
    <PGReserved2 urlencode="1"></PGReserved2>
    <PGReserved3 urlencode="1"></PGReserved3>
  </ReservedInfo>
</INIpay>
I+k+GCIPq6c+Nr0n5L/9HRlCk/nihT7nK61MMwsf5UR3ChxRmGyl5PyUoPsz+fD4
wIWEyg4/DJIwbdtAH1P7AOqZ8XxKwOd6gBeuzZuIQk3KDFFs/BfQcyQ+05kwvHgW
eg6jiihtCNtHzRxFhiTETg+bJkBLLSKTnXigSQaTHNY=
]
INFO	[2010-07-06 22:47:58:343] <32390> VERIFY OK
INFO	[2010-07-06 22:47:58:343] <32390> PARSE HEAD OK
INFO	[2010-07-06 22:47:58:345] <32390> PARSE BODY OK
INFO	[2010-07-06 22:47:58:348] <32390> DECRYPT OK
DEBUG	[2010-07-06 22:47:58:348] <32390> DECRYPT MSG:[<?xml version="1.0" encoding="UTF-8"?>
<PaymentInfo>
  <Payment>
    <VBank>
      <VACT_Num>01445264090980</VACT_Num>
      <VACT_BankCode>11</VACT_BankCode>
      <VACT_Date>20100706</VACT_Date>
      <VACT_Time></VACT_Time>
      <VACT_InputName urlencode="1">%B1%E8%C1%D6%BF%F8</VACT_InputName>
      <VACT_Name urlencode="1">%B8%F9%C5%B0%BA%EA%B6%F3%B4%F5%BD%BA</VACT_Name>
      <VACT_RefundName urlencode="1"></VACT_RefundName>
      <VACT_RefundBankCode></VACT_RefundBankCode>
      <VACT_RefundNum></VACT_RefundNum>
      <VACT_ApplPrice>19800</VACT_ApplPrice>
      <VACT_ApplDate>20100706</VACT_ApplDate>
      <VACT_ApplTime>224945</VACT_ApplTime>
      <VACT_ResultCode>170000</VACT_ResultCode>
      <VACT_ResultMsg urlencode="1">%C1%A4%BB%F3%C3%B3%B8%AE%B5%C7%BE%FA%BD%C0%B4%CF%B4%D9.</VACT_ResultMsg>
    </VBank>
  </Payment>
</PaymentInfo>]
INFO	[2010-07-06 22:47:58:349] <32390> DECRYPT PARSE OK
INFO	[2010-07-06 22:47:58:349] <32390> WAIT ACK INVOKING
DEBUG	[2010-07-06 22:47:58:350] <32390> MAKE HEAD OK
INFO	[2010-07-06 22:47:58:353] <32390> SUCCESS ACK INVOKING
INFO	[2010-07-06 22:47:58:353] <32390> END securepay 정상처리되었습니다. Laptime:[0.2sec]
INFO	[2010-07-06 22:47:58:353] <32390> ===============================================================
