INFO	[2010-07-07 01:29:27:131] <20879> START INIPHP securepay (V5030-091216)(OS:Linux2.6.18-164.15.1.el5PAE,PHP:5.2.0)
DEBUG	[2010-07-07 01:29:27:132] <20879> inipayhome:/home/banana/public_html/INIpay50/
DEBUG	[2010-07-07 01:29:27:132] <20879> type:securepay
DEBUG	[2010-07-07 01:29:27:132] <20879> pgid:INIphp
DEBUG	[2010-07-07 01:29:27:132] <20879> subpgip:203.238.3.10
DEBUG	[2010-07-07 01:29:27:132] <20879> admin:
DEBUG	[2010-07-07 01:29:27:132] <20879> debug:true
DEBUG	[2010-07-07 01:29:27:132] <20879> uid:
DEBUG	[2010-07-07 01:29:27:132] <20879> goodname:
DEBUG	[2010-07-07 01:29:27:132] <20879> currency:
DEBUG	[2010-07-07 01:29:27:132] <20879> mid:
DEBUG	[2010-07-07 01:29:27:132] <20879> rn:
DEBUG	[2010-07-07 01:29:27:132] <20879> price:
DEBUG	[2010-07-07 01:29:27:132] <20879> enctype:
DEBUG	[2010-07-07 01:29:27:132] <20879> buyername:
DEBUG	[2010-07-07 01:29:27:132] <20879> buyertel:
DEBUG	[2010-07-07 01:29:27:132] <20879> buyeremail:
DEBUG	[2010-07-07 01:29:27:132] <20879> paymethod:
DEBUG	[2010-07-07 01:29:27:132] <20879> encrypted:
DEBUG	[2010-07-07 01:29:27:132] <20879> sessionkey:
DEBUG	[2010-07-07 01:29:27:132] <20879> url:http://www.your_domain.co.kr
DEBUG	[2010-07-07 01:29:27:132] <20879> cardcode:
DEBUG	[2010-07-07 01:29:27:132] <20879> parentemail:
DEBUG	[2010-07-07 01:29:27:132] <20879> recvname:
DEBUG	[2010-07-07 01:29:27:132] <20879> recvtel:
DEBUG	[2010-07-07 01:29:27:132] <20879> recvaddr:
DEBUG	[2010-07-07 01:29:27:132] <20879> recvpostnum:
DEBUG	[2010-07-07 01:29:27:132] <20879> recvmsg:
DEBUG	[2010-07-07 01:29:27:132] <20879> joincard:
DEBUG	[2010-07-07 01:29:27:132] <20879> joinexpire:
DEBUG	[2010-07-07 01:29:27:132] <20879> id_customer:
ERROR	[2010-07-07 01:29:27:143] <20879> 필수항목(mid)이 누락되었습니다.
INFO	[2010-07-07 01:29:27:143] <20879> END securepay [TX9202|필수항목(mid)이 누락되었습니다.] Laptime:[0.01sec]
INFO	[2010-07-07 01:29:27:143] <20879> ===============================================================
INFO	[2010-07-07 01:29:37:755] <23791> START INIPHP securepay (V5030-091216)(OS:Linux2.6.18-164.15.1.el5PAE,PHP:5.2.0)
DEBUG	[2010-07-07 01:29:37:755] <23791> inipayhome:/home/banana/public_html/INIpay50/
DEBUG	[2010-07-07 01:29:37:755] <23791> type:securepay
DEBUG	[2010-07-07 01:29:37:755] <23791> pgid:INIphp
DEBUG	[2010-07-07 01:29:37:755] <23791> subpgip:203.238.3.10
DEBUG	[2010-07-07 01:29:37:755] <23791> admin:
DEBUG	[2010-07-07 01:29:37:755] <23791> debug:true
DEBUG	[2010-07-07 01:29:37:755] <23791> uid:
DEBUG	[2010-07-07 01:29:37:755] <23791> goodname:
DEBUG	[2010-07-07 01:29:37:755] <23791> currency:
DEBUG	[2010-07-07 01:29:37:755] <23791> mid:
DEBUG	[2010-07-07 01:29:37:755] <23791> rn:
DEBUG	[2010-07-07 01:29:37:755] <23791> price:
DEBUG	[2010-07-07 01:29:37:755] <23791> enctype:
DEBUG	[2010-07-07 01:29:37:755] <23791> buyername:
DEBUG	[2010-07-07 01:29:37:755] <23791> buyertel:
DEBUG	[2010-07-07 01:29:37:755] <23791> buyeremail:
DEBUG	[2010-07-07 01:29:37:755] <23791> paymethod:
DEBUG	[2010-07-07 01:29:37:755] <23791> encrypted:
DEBUG	[2010-07-07 01:29:37:755] <23791> sessionkey:
DEBUG	[2010-07-07 01:29:37:755] <23791> url:http://www.your_domain.co.kr
DEBUG	[2010-07-07 01:29:37:755] <23791> cardcode:
DEBUG	[2010-07-07 01:29:37:755] <23791> parentemail:
DEBUG	[2010-07-07 01:29:37:755] <23791> recvname:
DEBUG	[2010-07-07 01:29:37:755] <23791> recvtel:
DEBUG	[2010-07-07 01:29:37:755] <23791> recvaddr:
DEBUG	[2010-07-07 01:29:37:755] <23791> recvpostnum:
DEBUG	[2010-07-07 01:29:37:755] <23791> recvmsg:
DEBUG	[2010-07-07 01:29:37:755] <23791> joincard:
DEBUG	[2010-07-07 01:29:37:755] <23791> joinexpire:
DEBUG	[2010-07-07 01:29:37:755] <23791> id_customer:
ERROR	[2010-07-07 01:29:37:775] <23791> 필수항목(mid)이 누락되었습니다.
INFO	[2010-07-07 01:29:37:775] <23791> END securepay [TX9202|필수항목(mid)이 누락되었습니다.] Laptime:[0.02sec]
INFO	[2010-07-07 01:29:37:775] <23791> ===============================================================
INFO	[2010-07-07 01:30:20:659] <3963> START INIPHP securepay (V5030-091216)(OS:Linux2.6.18-164.15.1.el5PAE,PHP:5.2.0)
DEBUG	[2010-07-07 01:30:20:659] <3963> inipayhome:/home/banana/public_html/INIpay50/
DEBUG	[2010-07-07 01:30:20:659] <3963> type:securepay
DEBUG	[2010-07-07 01:30:20:659] <3963> pgid:INIphp
DEBUG	[2010-07-07 01:30:20:659] <3963> subpgip:203.238.3.10
DEBUG	[2010-07-07 01:30:20:659] <3963> admin:
DEBUG	[2010-07-07 01:30:20:659] <3963> debug:true
DEBUG	[2010-07-07 01:30:20:659] <3963> uid:
DEBUG	[2010-07-07 01:30:20:659] <3963> goodname:
DEBUG	[2010-07-07 01:30:20:659] <3963> currency:
DEBUG	[2010-07-07 01:30:20:659] <3963> mid:
DEBUG	[2010-07-07 01:30:20:659] <3963> rn:
DEBUG	[2010-07-07 01:30:20:659] <3963> price:
DEBUG	[2010-07-07 01:30:20:659] <3963> enctype:
DEBUG	[2010-07-07 01:30:20:659] <3963> buyername:
DEBUG	[2010-07-07 01:30:20:659] <3963> buyertel:
DEBUG	[2010-07-07 01:30:20:659] <3963> buyeremail:
DEBUG	[2010-07-07 01:30:20:659] <3963> paymethod:
DEBUG	[2010-07-07 01:30:20:659] <3963> encrypted:
DEBUG	[2010-07-07 01:30:20:659] <3963> sessionkey:
DEBUG	[2010-07-07 01:30:20:659] <3963> url:http://www.your_domain.co.kr
DEBUG	[2010-07-07 01:30:20:659] <3963> cardcode:
DEBUG	[2010-07-07 01:30:20:659] <3963> parentemail:
DEBUG	[2010-07-07 01:30:20:659] <3963> recvname:
DEBUG	[2010-07-07 01:30:20:659] <3963> recvtel:
DEBUG	[2010-07-07 01:30:20:659] <3963> recvaddr:
DEBUG	[2010-07-07 01:30:20:659] <3963> recvpostnum:
DEBUG	[2010-07-07 01:30:20:659] <3963> recvmsg:
DEBUG	[2010-07-07 01:30:20:659] <3963> joincard:
DEBUG	[2010-07-07 01:30:20:659] <3963> joinexpire:
DEBUG	[2010-07-07 01:30:20:659] <3963> id_customer:
ERROR	[2010-07-07 01:30:20:670] <3963> 필수항목(mid)이 누락되었습니다.
INFO	[2010-07-07 01:30:20:670] <3963> END securepay [TX9202|필수항목(mid)이 누락되었습니다.] Laptime:[0.01sec]
INFO	[2010-07-07 01:30:20:670] <3963> ===============================================================
