INFO	[2010-08-04 23:22:14:816] <4585> START INIPHP chkfake (V5030-091216)(OS:Linux2.6.18-164.15.1.el5PAE,PHP:5.2.0)
DEBUG	[2010-08-04 23:22:14:816] <4585> inipayhome:/home/banana/public_html/INIpay50/
DEBUG	[2010-08-04 23:22:14:816] <4585> type:chkfake
DEBUG	[2010-08-04 23:22:14:816] <4585> debug:true
DEBUG	[2010-08-04 23:22:14:816] <4585> enctype:asym
DEBUG	[2010-08-04 23:22:14:816] <4585> admin:1111
DEBUG	[2010-08-04 23:22:14:816] <4585> checkopt:false
DEBUG	[2010-08-04 23:22:14:816] <4585> mid:battlebana
DEBUG	[2010-08-04 23:22:14:816] <4585> price:11000
DEBUG	[2010-08-04 23:22:14:816] <4585> nointerest:no
DEBUG	[2010-08-04 23:22:14:816] <4585> quotabase:선택:일시불:2개월:3개월:6개월
INFO	[2010-08-04 23:22:14:816] <4585> Check Field OK
INFO	[2010-08-04 23:22:14:817] <4585> MERCHANT PRIV KEY LOAD OK
INFO	[2010-08-04 23:22:14:817] <4585> MERCHANT PUB KEY LOAD OK []
INFO	[2010-08-04 23:22:14:819] <4585> CHKFAKE KEY MAKE OK:MjAxMDA4MDQyMzIyMTQ4MTcyNzc5Nw==

INFO	[2010-08-04 23:22:14:819] <4585> END chkfake  Laptime:[0sec]
INFO	[2010-08-04 23:22:14:819] <4585> ===============================================================
INFO	[2010-08-04 23:24:51:604] <30121> START INIPHP chkfake (V5030-091216)(OS:Linux2.6.18-164.15.1.el5PAE,PHP:5.2.0)
DEBUG	[2010-08-04 23:24:51:604] <30121> inipayhome:/home/banana/public_html/INIpay50/
DEBUG	[2010-08-04 23:24:51:604] <30121> type:chkfake
DEBUG	[2010-08-04 23:24:51:604] <30121> debug:true
DEBUG	[2010-08-04 23:24:51:604] <30121> enctype:asym
DEBUG	[2010-08-04 23:24:51:604] <30121> admin:1111
DEBUG	[2010-08-04 23:24:51:604] <30121> checkopt:false
DEBUG	[2010-08-04 23:24:51:604] <30121> mid:battlebana
DEBUG	[2010-08-04 23:24:51:604] <30121> price:35200
DEBUG	[2010-08-04 23:24:51:604] <30121> nointerest:no
DEBUG	[2010-08-04 23:24:51:604] <30121> quotabase:선택:일시불:2개월:3개월:6개월
INFO	[2010-08-04 23:24:51:605] <30121> Check Field OK
INFO	[2010-08-04 23:24:51:605] <30121> MERCHANT PRIV KEY LOAD OK
INFO	[2010-08-04 23:24:51:605] <30121> MERCHANT PUB KEY LOAD OK []
INFO	[2010-08-04 23:24:51:608] <30121> CHKFAKE KEY MAKE OK:MjAxMDA4MDQyMzI0NTE2MDUzMjU0OA==

INFO	[2010-08-04 23:24:51:608] <30121> END chkfake  Laptime:[0.01sec]
INFO	[2010-08-04 23:24:51:608] <30121> ===============================================================
