INFO	[2010-11-28 22:32:21:127] <20610> START INIPHP cancel (V5030-091216)(OS:Linux2.6.18-164.15.1.el5PAE,PHP:5.2.0)
DEBUG	[2010-11-28 22:32:21:127] <20610> inipayhome:/home/banana/public_html/INIpay50
DEBUG	[2010-11-28 22:32:21:127] <20610> type:cancel
DEBUG	[2010-11-28 22:32:21:127] <20610> debug:true
DEBUG	[2010-11-28 22:32:21:127] <20610> mid:battlebana
DEBUG	[2010-11-28 22:32:21:127] <20610> admin:1111
DEBUG	[2010-11-28 22:32:21:127] <20610> tid:INIphpISP_battlebana20101127224115937273
DEBUG	[2010-11-28 22:32:21:127] <20610> cancelmsg:
INFO	[2010-11-28 22:32:21:128] <20610> Check Field OK
INFO	[2010-11-28 22:32:21:128] <20610> PI PUB KEY LOAD OK []
INFO	[2010-11-28 22:32:21:128] <20610> PG PUB KEY LOAD OK [30]
INFO	[2010-11-28 22:32:21:128] <20610> MERCHANT PRIV KEY LOAD OK
INFO	[2010-11-28 22:32:21:129] <20610> MERCHANT PUB KEY LOAD OK [0]
DEBUG	[2010-11-28 22:32:21:130] <20610> MAKE ENCRYPT OK[<?xml version="1.0" encoding="UTF-8"?>
<CancelInfo>
	  <CancelTID>INIphpISP_battlebana20101127224115937273</CancelTID>
	  <CancelMsg/></CancelInfo>]
INFO	[2010-11-28 22:32:21:130] <20610> MAKE BODY OK
INFO	[2010-11-28 22:32:21:133] <20610> SIGN OK
INFO	[2010-11-28 22:32:21:133] <20610> MAKE HEAD OK
INFO	[2010-11-28 22:32:21:133] <20610> MSG_TO_PG:[0082000175D SHA1                   0                                      300420battlebana                    INIphpISP_battlebana20101127224115937273<?xml version="1.0" encoding="UTF-8"?>
<INIpay>
	  <CancelInfo>
	    <SessionKey>t97L0EnIfuqTF2QWYnAwsY/bEn3ILl3l0T0J0iATV7RyIg9ABT0ehNsq+XFMOI/4
cAR8C0SVQkrI0czU6cwluaknnGuhSgH3Zhmwq3Ti2ISjAWB2rH8betj32t3JSOBm
il0/hcC6sehJLAVXZ6zKsS7qdJl4qecuvcK4gJq9YlJ6qkZQAtQbqA==
</SessionKey>
	    <Encrypted>nQN4IdzMdqLBMpQ+6m7OmAnHwfZwP+68ynV3doTa9Oa+gOnCPKaPsOyQd2sK0BdL
8SBO5inEjoQsQYkwosK3L36dBDl8khRsuu9ItTDVBXYlIp4ss0/coI023LV2W8TT
0KwTLz4XK06Sl3ksfZY8v45cyt53jAu+0rTFcADKPiwAFYBfDSSai8XRt+ZBQcNL
hFRLVZ5sbpc=
</Encrypted></CancelInfo>
	  <ReservedInfo>
	    <MReserved1/>
	    <MReserved2/>
	    <MReserved3/></ReservedInfo>
	  <ManageInfo>
	    <Language/>
	    <URL/>
	    <TXVersion>5030B091216canceLinux     PHPchkfake   2.6.18-164.15.1.el5PAEPHP:5.2.</TXVersion>
	    <TXUserID/>
	    <TXRegNum/></ManageInfo></INIpay>AHpunyu9yTB+STxQrt3P5ZbF2ZSfxUWiI1+eyAN3tFRhIzLGhzlt7vQoYBoypuk/
hORTt0LS4YUVDLhfx8fuIBo+gMhSUr6zpSTebxoXSGWaqQaVF9DyIIXmwk99ZqDT
9gzjg142Q0HOg9iioA4X8bLhpaonIS4MDBeHShd8+ISp
]
INFO	[2010-11-28 22:32:21:149] <20610> DNS LOOKUP OK(pg.inicis.com:203.238.37.3:34049) laptime:0.02
INFO	[2010-11-28 22:32:21:153] <20610> SOCKET CONNECT OK
INFO	[2010-11-28 22:32:21:153] <20610> SEND OK
INFO	[2010-11-28 22:32:22:48] <20610> RECV OK
INFO	[2010-11-28 22:32:22:49] <20610> MSG_FROM_PG:[0108200175D SHA1                   0                                      300430battlebana                    INIphpISP_battlebana20101127224115937273<?xml version="1.0" encoding="UTF-8"?>
<INIpay>
  <CancelInfo>
    <ResultCode>170000</ResultCode>
    <ResultMsg urlencode="1">%C1%A4%BB%F3%BF%CF%B7%E1</ResultMsg>
    <SessionKey>AQ6EY43rfj2Z0EM8qIMMi8GPS60oKdCbEqt66tRpLPxcmn/I9m7ByuXvULRwda0a
MIFTW23nT1xprv+w7xClmHY8dtX+RL+pI83GTJnTya7wM8EOR5DUoG5kNmd3gWCV
uBHBha13gWZLQGsXssARCML5GMuG/n/6znzPgcrCwcGSrZZgL1owwRE=
</SessionKey>
    <Encrypted>3ZcvOuZeApc4duQZ6Jbra+XrVqZAl0NPdi+G8vUF17Zlbk5clBXPMAZNmVex0iXQ
gC6gaTcuAz4LsgUZEw9uNOtLPlybePxVFMqYfcXxo6xOZLxPdZeKVOmTpPbrIacB
RiDfzcG/ev6ff3XpFd5Y2xEqY2zo6CHPOjlFwvMP/tM2TYdV6tplrY/4K4KHIrfY
O8tr6OiCqZeuea5WVmkDta41h/B8ncAU4dlhPYj0L3FGgbMspkHQLJ8iqlc8TCst
w4Jl9nVfBDwUDJGi0XHdPNvmkVGsUxnsj3oq2E35vio2DCc+vw3r2Agr8wQNiSoI
</Encrypted>
  </CancelInfo>
  <ManageInfo/>
  <ReservedInfo>
    <MReserved1 urlencode="1"></MReserved1>
    <MReserved2 urlencode="1"></MReserved2>
    <MReserved3 urlencode="1"></MReserved3>
    <PGReserved1 urlencode="1"></PGReserved1>
    <PGReserved2 urlencode="1"></PGReserved2>
    <PGReserved3 urlencode="1"></PGReserved3>
  </ReservedInfo>
</INIpay>
PiAP5LRC+AAh/mGNa/2Ozwh2lP8dbiFrtYR6UNWhIpxRuVdnLDGwflcJQ3/GuKSY
0vzy1dRLVMve1S+jPobAHrGfoe0qZl8X/pPxdeQYtkKCzcOjYNWZRE9dpE+w827E
izVhx7GjK9pZfbubc9yn2jZuid4av6Uz19lLZvvaa8I=
]
INFO	[2010-11-28 22:32:22:49] <20610> VERIFY OK
INFO	[2010-11-28 22:32:22:49] <20610> PARSE HEAD OK
INFO	[2010-11-28 22:32:22:50] <20610> PARSE BODY OK
INFO	[2010-11-28 22:32:22:53] <20610> DECRYPT OK
DEBUG	[2010-11-28 22:32:22:53] <20610> DECRYPT MSG:[<?xml version="1.0" encoding="UTF-8"?>
<CancelInfo>
  <CancelDate>20101128</CancelDate>
  <CancelTime>223225</CancelTime>
  <ResultCode>170000</ResultCode>
  <ResultMsg urlencode="1">%C1%A4%BB%F3%BF%CF%B7%E1</ResultMsg>
</CancelInfo>]
INFO	[2010-11-28 22:32:22:53] <20610> DECRYPT PARSE OK
INFO	[2010-11-28 22:32:22:53] <20610> END cancel 정상완료 Laptime:[0.92sec]
INFO	[2010-11-28 22:32:22:53] <20610> ===============================================================
INFO	[2010-11-28 22:51:33:841] <32465> START INIPHP cancel (V5030-091216)(OS:Linux2.6.18-164.15.1.el5PAE,PHP:5.2.0)
DEBUG	[2010-11-28 22:51:33:842] <32465> inipayhome:/home/banana/public_html/INIpay50
DEBUG	[2010-11-28 22:51:33:842] <32465> type:cancel
DEBUG	[2010-11-28 22:51:33:842] <32465> debug:true
DEBUG	[2010-11-28 22:51:33:842] <32465> mid:battlebana
DEBUG	[2010-11-28 22:51:33:842] <32465> admin:1111
DEBUG	[2010-11-28 22:51:33:842] <32465> tid:INIphpISP_battlebana20101126141006044744
DEBUG	[2010-11-28 22:51:33:842] <32465> cancelmsg:
INFO	[2010-11-28 22:51:33:842] <32465> Check Field OK
INFO	[2010-11-28 22:51:33:842] <32465> PI PUB KEY LOAD OK []
INFO	[2010-11-28 22:51:33:842] <32465> PG PUB KEY LOAD OK [30]
INFO	[2010-11-28 22:51:33:842] <32465> MERCHANT PRIV KEY LOAD OK
INFO	[2010-11-28 22:51:33:843] <32465> MERCHANT PUB KEY LOAD OK [0]
DEBUG	[2010-11-28 22:51:33:844] <32465> MAKE ENCRYPT OK[<?xml version="1.0" encoding="UTF-8"?>
<CancelInfo>
	  <CancelTID>INIphpISP_battlebana20101126141006044744</CancelTID>
	  <CancelMsg/></CancelInfo>]
INFO	[2010-11-28 22:51:33:844] <32465> MAKE BODY OK
INFO	[2010-11-28 22:51:33:847] <32465> SIGN OK
INFO	[2010-11-28 22:51:33:848] <32465> MAKE HEAD OK
INFO	[2010-11-28 22:51:33:848] <32465> MSG_TO_PG:[0082000175D SHA1                   0                                      300420battlebana                    INIphpISP_battlebana20101126141006044744<?xml version="1.0" encoding="UTF-8"?>
<INIpay>
	  <CancelInfo>
	    <SessionKey>FWb1HICx1MWgCOyl/Gv9lDJu2ylVVTUVib1l9Bdtje2cXNAyI0K6RtRtyv1Ck9D/
MzZwfQklCrY7zy06AyBXuxmzfjay/9+pXxcr/sNIy7TUZrqoSU8734iOjyKPr40z
ImjBcXTIJtTONr1NTJvnw2LeLDNibXCBAA0u/o6QTbyK6NR+SySwVA==
</SessionKey>
	    <Encrypted>x/UlXPPYMhaF5fqhXikNsLFhhZhIqrjwZb52mJ+ibikeOkKplH1Lc2hZfavEtMd3
Fegg131qGYxdPfwTyiR9FkMmswCh1g88OcbMnJ6wPXOVISJ8N0AFuT/nJAICKdZU
64IkFP/qBsKWY57U2Y1ByrgBHP9EuDrqWR+1ZjS9B+U8xS9HQJRLXjL0XhUazNgA
owlsvIV2w3I=
</Encrypted></CancelInfo>
	  <ReservedInfo>
	    <MReserved1/>
	    <MReserved2/>
	    <MReserved3/></ReservedInfo>
	  <ManageInfo>
	    <Language/>
	    <URL/>
	    <TXVersion>5030B091216canceLinux     PHPchkfake   2.6.18-164.15.1.el5PAEPHP:5.2.</TXVersion>
	    <TXUserID/>
	    <TXRegNum/></ManageInfo></INIpay>AS2N1YMNPLpEQYhBbm9JlO5K+HxT3ORxWGyD62mfnLlXCdrBvE/KiZ3Q1evEJNAU
17H7FmhAIzWdPLk16D8n+sy1pVcTJITOtFEhPav1e/DjRW+E+Cjs7atkmC2lhdGP
F0yEqHqT2kuBcHwOs5Hu2Wl4YGFvIPFZciI83If8MGSt
]
INFO	[2010-11-28 22:51:33:861] <32465> DNS LOOKUP OK(pg.inicis.com:203.238.37.3:34049) laptime:0.01
INFO	[2010-11-28 22:51:33:865] <32465> SOCKET CONNECT OK
INFO	[2010-11-28 22:51:33:865] <32465> SEND OK
INFO	[2010-11-28 22:51:34:101] <32465> RECV OK
INFO	[2010-11-28 22:51:34:101] <32465> MSG_FROM_PG:[0108200175D SHA1                   0                                      300430battlebana                    INIphpISP_battlebana20101126141006044744<?xml version="1.0" encoding="UTF-8"?>
<INIpay>
  <CancelInfo>
    <ResultCode>170000</ResultCode>
    <ResultMsg urlencode="1">%C1%A4%BB%F3%BF%CF%B7%E1</ResultMsg>
    <SessionKey>AKCyMO7kBSqyNSTnckugwDdWLa5KizNe99t0UiRQgIqRWNBmkhDOMKg9pTtT6V7q
PYhNlNjTbyPNxOiVSXcGgvSpD/tUxze4MG5YrbawPrs6MiKETeG+7rxql8GLRszM
TJxFFnnY6AZ5g7wmh/dQyaMJkS2nnqK+52Juujzl4pQkpvApvXrypNw=
</SessionKey>
    <Encrypted>L3AVGGHOfmpxQiZz0zujh7ZnBij0dggpdolCanWe2wqDDFsmr0O4UgcFCnNuGwoW
u0zUUpVrDpzn5kgUEXKX/BcdbMBpoLfdq7bgu5ImzewyuFROhziKrIWw715J9Auu
NIRpOl5x427bDhZILscaq4ggPM0r2M23dApHFTGMyDdmCyFo8JIuefE6xCXbVrFU
/Dl/FaMJfmS3FQRt4ceG33y1aXnOutVpjTSCbiG16SzvFhuc0VeFErEq3yBFj5VU
X8DddU+iewxWTyiSNmWWkX80xkVX++tLCoDQ8gDdzjXmuSMZIr/F7VlZ0v9Eteys
</Encrypted>
  </CancelInfo>
  <ManageInfo/>
  <ReservedInfo>
    <MReserved1 urlencode="1"></MReserved1>
    <MReserved2 urlencode="1"></MReserved2>
    <MReserved3 urlencode="1"></MReserved3>
    <PGReserved1 urlencode="1"></PGReserved1>
    <PGReserved2 urlencode="1"></PGReserved2>
    <PGReserved3 urlencode="1"></PGReserved3>
  </ReservedInfo>
</INIpay>
t3SEX5UOebh/2Mj2aO74BvbMKDmSbgnDb0oh49nCbfh2CrYaSweo5+Js3Chvx/ez
CEV4BIYSv7QYNJzZ9BkvjaQyqPD5lmRMe89aw7wWwACORkhqPFZPL2YZWnWPJ1OA
fHAZXZK//auEQsFaI0fbtdrQy5WFy6XmsD68UT9XPqM=
]
INFO	[2010-11-28 22:51:34:101] <32465> VERIFY OK
INFO	[2010-11-28 22:51:34:101] <32465> PARSE HEAD OK
INFO	[2010-11-28 22:51:34:102] <32465> PARSE BODY OK
INFO	[2010-11-28 22:51:34:105] <32465> DECRYPT OK
DEBUG	[2010-11-28 22:51:34:105] <32465> DECRYPT MSG:[<?xml version="1.0" encoding="UTF-8"?>
<CancelInfo>
  <CancelDate>20101128</CancelDate>
  <CancelTime>225137</CancelTime>
  <ResultCode>170000</ResultCode>
  <ResultMsg urlencode="1">%C1%A4%BB%F3%BF%CF%B7%E1</ResultMsg>
</CancelInfo>]
INFO	[2010-11-28 22:51:34:106] <32465> DECRYPT PARSE OK
INFO	[2010-11-28 22:51:34:106] <32465> END cancel 정상완료 Laptime:[0.27sec]
INFO	[2010-11-28 22:51:34:106] <32465> ===============================================================
INFO	[2010-11-28 22:51:49:837] <31338> START INIPHP cancel (V5030-091216)(OS:Linux2.6.18-164.15.1.el5PAE,PHP:5.2.0)
DEBUG	[2010-11-28 22:51:49:837] <31338> inipayhome:/home/banana/public_html/INIpay50
DEBUG	[2010-11-28 22:51:49:837] <31338> type:cancel
DEBUG	[2010-11-28 22:51:49:837] <31338> debug:true
DEBUG	[2010-11-28 22:51:49:837] <31338> mid:battlebana
DEBUG	[2010-11-28 22:51:49:837] <31338> admin:1111
DEBUG	[2010-11-28 22:51:49:837] <31338> tid:INIphpISP_battlebana20101125144849267645
DEBUG	[2010-11-28 22:51:49:837] <31338> cancelmsg:
INFO	[2010-11-28 22:51:49:837] <31338> Check Field OK
INFO	[2010-11-28 22:51:49:837] <31338> PI PUB KEY LOAD OK []
INFO	[2010-11-28 22:51:49:838] <31338> PG PUB KEY LOAD OK [30]
INFO	[2010-11-28 22:51:49:838] <31338> MERCHANT PRIV KEY LOAD OK
INFO	[2010-11-28 22:51:49:838] <31338> MERCHANT PUB KEY LOAD OK [0]
DEBUG	[2010-11-28 22:51:49:839] <31338> MAKE ENCRYPT OK[<?xml version="1.0" encoding="UTF-8"?>
<CancelInfo>
	  <CancelTID>INIphpISP_battlebana20101125144849267645</CancelTID>
	  <CancelMsg/></CancelInfo>]
INFO	[2010-11-28 22:51:49:840] <31338> MAKE BODY OK
INFO	[2010-11-28 22:51:49:842] <31338> SIGN OK
INFO	[2010-11-28 22:51:49:842] <31338> MAKE HEAD OK
INFO	[2010-11-28 22:51:49:842] <31338> MSG_TO_PG:[0082000175D SHA1                   0                                      300420battlebana                    INIphpISP_battlebana20101125144849267645<?xml version="1.0" encoding="UTF-8"?>
<INIpay>
	  <CancelInfo>
	    <SessionKey>keqZ4I3Cl1Ic6JIKK8t5j+LUDddLf80b0v6OUZXDsvKveiiRmDDmW/K4LMpykzkc
aWd+hYFElDFboAFIe8/b78Jhwo2R4Xk2qCC0FnMIcM4zn0MEm1S8kUW77Widpvsf
6uGdlXeB9sm/GNd4IOtdttANGyENhT6QJrlb/RR9cUjD5hO+46ovTw==
</SessionKey>
	    <Encrypted>oWEnrZJr5jHDvG4OR2b1jJznswY3buab2M40mE8hn/5CHaJLsl92ceNaVZridN2y
C+xBL+wf/HugotbUyNSsNIXJjs52fnAPZGkoxDm3+TI0Q5XGuhqbeJ0UC63Cz7P7
qBQ2sT2JqP65EpQ1YUyo76zJUA27cxCGwxVwACZYE5uOOnLNAi4UFUVEfYW/HWDk
8zdh+2FwHxQ=
</Encrypted></CancelInfo>
	  <ReservedInfo>
	    <MReserved1/>
	    <MReserved2/>
	    <MReserved3/></ReservedInfo>
	  <ManageInfo>
	    <Language/>
	    <URL/>
	    <TXVersion>5030B091216canceLinux     PHPchkfake   2.6.18-164.15.1.el5PAEPHP:5.2.</TXVersion>
	    <TXUserID/>
	    <TXRegNum/></ManageInfo></INIpay>ANkLcSMOQ5TGmx3WvDkf9WFNaqNtGDSmqtRGGm7wYT71RkdHrD6pjggEgcvVM2J+
lIGZFOEHO0lWQjGJg0/vj2JyBKmwF2cA5px4jqZ8l4FQJ5GicDHOA1WXmHQO5onU
QVqVOdARt3lIOWvD1D0yWvI6uJtCAxkCQAFEgObAGqD2
]
INFO	[2010-11-28 22:51:49:855] <31338> DNS LOOKUP OK(pg.inicis.com:203.238.37.3:34049) laptime:0.02
INFO	[2010-11-28 22:51:49:859] <31338> SOCKET CONNECT OK
INFO	[2010-11-28 22:51:49:859] <31338> SEND OK
INFO	[2010-11-28 22:51:49:985] <31338> RECV OK
INFO	[2010-11-28 22:51:49:985] <31338> MSG_FROM_PG:[0108200175D SHA1                   0                                      300430battlebana                    INIphpISP_battlebana20101125144849267645<?xml version="1.0" encoding="UTF-8"?>
<INIpay>
  <CancelInfo>
    <ResultCode>501626</ResultCode>
    <ResultMsg urlencode="1">%B1%E2+%C3%EB%BC%D2+%B0%C5%B7%A1</ResultMsg>
    <SessionKey>APnbL9bwrpQYWY3lNunxMgJlhyF36peeej41JJpK7CkZgMti0zxJnkiO9ElhpXe3
KNhbiqL9zKM8IgjlCrJmHFI6GuGJkzboKlrw+egLD7mMm6UxrADRozFI5FzaXuDM
WEBGIIKYyh3QICra85J4pViCf86WVx+GeVjxPuagKQbmMxwffdtr8o4=
</SessionKey>
    <Encrypted>qtdHvgksv8WAvHBjL9dR+jgiAF4q5O+XX8EXJs4vQlC/IdFMmhw2Snz9ZphyJpAv
bOjNUTN8o30/YoymUxCmhzd49zMu2ezeeHHoyenbTvV4mMHdjMsWNTsL43w4sn2n
QM7pUciGMhHS5vH+5KOMJlJ8fojPtCQFlhpuWY4beBURI1is7202yispw1RNzlJV
K+3EXWGLvzGYxTSgTgDZdijUHgKtP3fvqWVpZfMUNQL/Yu3GX4DO4zsqXbnaETvq
Z95olh2WFEqbApVIxRARSSowQx9Hp0CHlnt1oxTsRMYaCSe74YL6nw==
</Encrypted>
  </CancelInfo>
  <ManageInfo/>
  <ReservedInfo>
    <MReserved1 urlencode="1"></MReserved1>
    <MReserved2 urlencode="1"></MReserved2>
    <MReserved3 urlencode="1"></MReserved3>
    <PGReserved1 urlencode="1"></PGReserved1>
    <PGReserved2 urlencode="1"></PGReserved2>
    <PGReserved3 urlencode="1"></PGReserved3>
  </ReservedInfo>
</INIpay>
N0dWzh9AKyA5tBlMU9Zrq/w/nrDnlXWv8ZcCgbOeBKYkGYxnAR5hxyvyUbMZwZDK
rvEqrIbfhmeErGB4AUgykO8E86YksNqfIkt7reR7KAb9rMiFStfAma1sEA5ftF47
Jwa3SB6Pgb0XUIG7OSLDMu5xAl/NrWKn1PlpSfDe9yQ=
]
INFO	[2010-11-28 22:51:49:985] <31338> VERIFY OK
INFO	[2010-11-28 22:51:49:985] <31338> PARSE HEAD OK
INFO	[2010-11-28 22:51:49:986] <31338> PARSE BODY OK
INFO	[2010-11-28 22:51:49:989] <31338> DECRYPT OK
DEBUG	[2010-11-28 22:51:49:989] <31338> DECRYPT MSG:[<?xml version="1.0" encoding="UTF-8"?>
<CancelInfo>
  <CancelDate></CancelDate>
  <CancelTime></CancelTime>
  <ResultCode>501626</ResultCode>
  <ResultMsg urlencode="1">%B1%E2+%C3%EB%BC%D2+%B0%C5%B7%A1</ResultMsg>
</CancelInfo>]
INFO	[2010-11-28 22:51:49:989] <31338> DECRYPT PARSE OK
INFO	[2010-11-28 22:51:49:989] <31338> END cancel [501626|기 취소 거래] Laptime:[0.15sec]
INFO	[2010-11-28 22:51:49:990] <31338> ===============================================================
INFO	[2010-11-28 22:53:28:695] <20610> START INIPHP cancel (V5030-091216)(OS:Linux2.6.18-164.15.1.el5PAE,PHP:5.2.0)
DEBUG	[2010-11-28 22:53:28:695] <20610> inipayhome:/home/banana/public_html/INIpay50
DEBUG	[2010-11-28 22:53:28:695] <20610> type:cancel
DEBUG	[2010-11-28 22:53:28:695] <20610> debug:true
DEBUG	[2010-11-28 22:53:28:695] <20610> mid:battlebana
DEBUG	[2010-11-28 22:53:28:695] <20610> admin:1111
DEBUG	[2010-11-28 22:53:28:695] <20610> tid:INIphpCARDbattlebana20101125203422905351
DEBUG	[2010-11-28 22:53:28:695] <20610> cancelmsg:
INFO	[2010-11-28 22:53:28:695] <20610> Check Field OK
INFO	[2010-11-28 22:53:28:696] <20610> PI PUB KEY LOAD OK []
INFO	[2010-11-28 22:53:28:696] <20610> PG PUB KEY LOAD OK [30]
INFO	[2010-11-28 22:53:28:696] <20610> MERCHANT PRIV KEY LOAD OK
INFO	[2010-11-28 22:53:28:696] <20610> MERCHANT PUB KEY LOAD OK [0]
DEBUG	[2010-11-28 22:53:28:698] <20610> MAKE ENCRYPT OK[<?xml version="1.0" encoding="UTF-8"?>
<CancelInfo>
	  <CancelTID>INIphpCARDbattlebana20101125203422905351</CancelTID>
	  <CancelMsg/></CancelInfo>]
INFO	[2010-11-28 22:53:28:698] <20610> MAKE BODY OK
INFO	[2010-11-28 22:53:28:701] <20610> SIGN OK
INFO	[2010-11-28 22:53:28:701] <20610> MAKE HEAD OK
INFO	[2010-11-28 22:53:28:701] <20610> MSG_TO_PG:[0082000175D SHA1                   0                                      300420battlebana                    INIphpCARDbattlebana20101125203422905351<?xml version="1.0" encoding="UTF-8"?>
<INIpay>
	  <CancelInfo>
	    <SessionKey>m6ZTphKbcCQGhsF0GzxrzxvnL1j9UqxMxSMkmaLu7qV0qG1f9JPTpmqs6RTxqSOt
O1B90CMuElk+4wDZo56vwp0g7Arrgd2TCi2hvkvImi+r5IeszzIGVtKc4e2ChgXh
M9TYS87Q9SOQ/hyzWvpAqpyo1dtwExgDun5D8aG2D2Cky5sG72M5eg==
</SessionKey>
	    <Encrypted>xdaq+Da99vPNrfkJXp9viBd3i82X8ynFuq4HBDlWq6cXEbDHd6uzUhm07OTx9Y10
fagvvz7KyWHh9di7H2cB0Ss6N+uGKiVI1ovTXxwv8bRfdoSAU6RgIva+tJVgFWB/
xQFEJQKY+ScDvMoa4wCPSMaEkVn2nVyoW7nXCq8vgYhUBg3RmTX6eLT91UbsaeHQ
zmVvjEvt+20=
</Encrypted></CancelInfo>
	  <ReservedInfo>
	    <MReserved1/>
	    <MReserved2/>
	    <MReserved3/></ReservedInfo>
	  <ManageInfo>
	    <Language/>
	    <URL/>
	    <TXVersion>5030B091216canceLinux     PHPchkfake   2.6.18-164.15.1.el5PAEPHP:5.2.</TXVersion>
	    <TXUserID/>
	    <TXRegNum/></ManageInfo></INIpay>AVFEBHtUq1VE7cKFdpV5kRUUw2dLMPHJUSfazA7y5sG59KponZEkR7XL6NL3u1ut
76BTkHOjU6S7hQx+6RUaNnMXioj2SB/7Gw1xCTZuz2qOWF8bol2egG4y8I2I/r0A
5BcB3iJSf0I7y5Sm8T8QgjJU2+Xr5mUpjSiPrx9Iy1+o
]
INFO	[2010-11-28 22:53:28:715] <20610> DNS LOOKUP OK(pg.inicis.com:203.238.37.3:34049) laptime:0.02
INFO	[2010-11-28 22:53:28:719] <20610> SOCKET CONNECT OK
INFO	[2010-11-28 22:53:28:720] <20610> SEND OK
INFO	[2010-11-28 22:53:28:888] <20610> RECV OK
INFO	[2010-11-28 22:53:28:888] <20610> MSG_FROM_PG:[0115800175D SHA1                   0                                      300430battlebana                    INIphpCARDbattlebana20101125203422905351<?xml version="1.0" encoding="UTF-8"?>
<INIpay>
  <CancelInfo>
    <ResultCode>120000</ResultCode>
    <ResultMsg urlencode="1">%C1%A4%BB%F3%C3%B3%B8%AE%B5%C7%BE%FA%BD%C0%B4%CF%B4%D9.</ResultMsg>
    <SessionKey>AQhSQXKGZLRLC30UzIpvwemke2Qu5zYG+f2iexhKF1/BTo2Nf8TkuR5FU3qWhgW0
hBYiYYxyjiSkPig7TCxzI1Ib0Fx52g22YLegp8PUFK9i+PLCwZNfQs+wbkrDYrxS
gF6Zt7qaGEn1wcd/H6dnp6WwwZCG5vd0YXQDIS6HkBoJ07gJNjkG0bU=
</SessionKey>
    <Encrypted>MhkQKFpv/SprDtzjl5s/+oFkvJyjYifRj0GhgI43qQ4uJOca8T83I1+4+Yx2o3MR
CRqy3vKRgnjHqXDFpZpkB8OFW0rODH5+jepVHeGNn8+aDT/R5qRlaUR3Y0sNhHvI
qY0pEQ+F3YG8OHPGoWAvKbenQdBVik8UqnfRVf0HJ/9azSz4eYCqaEfBjGlpTsgq
22SgJebEQ5Ib+FRICMLIdAHtWLUofsHTHBTYuRMJel6DZT6p7a/dwXER6T9vuXzF
fTsjOe5L8y6/RnLLjeUKI0rksLLiftCDTgpeui+7Xe1k5Z2EciLpxDjIf5mMgJQZ
yiKngQlEiHgx+iklCbtlP11LQ1msO/DwWcc7z+Wbpoo=
</Encrypted>
  </CancelInfo>
  <ManageInfo/>
  <ReservedInfo>
    <MReserved1 urlencode="1"></MReserved1>
    <MReserved2 urlencode="1"></MReserved2>
    <MReserved3 urlencode="1"></MReserved3>
    <PGReserved1 urlencode="1"></PGReserved1>
    <PGReserved2 urlencode="1"></PGReserved2>
    <PGReserved3 urlencode="1"></PGReserved3>
  </ReservedInfo>
</INIpay>
dle18daSXWJp9aqP8mepE+lxRABl9AOZORHyMLRqm+xWqR6fnDXS0uIOiL+DRw1g
jyMEzCVp9kSvK1LZdq/ia2/fd9NAQE27XklnXUOwlrW9oK8QWF2wesMnVhMMkPrk
cOo7eCH+aU9JqL2g+YfygFbzTNMjUvRLTY/6fzDTdvo=
]
INFO	[2010-11-28 22:53:28:888] <20610> VERIFY OK
INFO	[2010-11-28 22:53:28:888] <20610> PARSE HEAD OK
INFO	[2010-11-28 22:53:28:889] <20610> PARSE BODY OK
INFO	[2010-11-28 22:53:28:892] <20610> DECRYPT OK
DEBUG	[2010-11-28 22:53:28:892] <20610> DECRYPT MSG:[<?xml version="1.0" encoding="UTF-8"?>
<CancelInfo>
  <CancelDate>20101128</CancelDate>
  <CancelTime>225332</CancelTime>
  <ResultCode>120000</ResultCode>
  <ResultMsg urlencode="1">%C1%A4%BB%F3%C3%B3%B8%AE%B5%C7%BE%FA%BD%C0%B4%CF%B4%D9.</ResultMsg>
</CancelInfo>]
INFO	[2010-11-28 22:53:28:892] <20610> DECRYPT PARSE OK
INFO	[2010-11-28 22:53:28:893] <20610> END cancel 정상처리되었습니다. Laptime:[0.19sec]
INFO	[2010-11-28 22:53:28:893] <20610> ===============================================================
INFO	[2010-11-28 23:26:28:437] <9549> START INIPHP cancel (V5030-091216)(OS:Linux2.6.18-164.15.1.el5PAE,PHP:5.2.0)
DEBUG	[2010-11-28 23:26:28:437] <9549> inipayhome:/home/banana/public_html/INIpay50
DEBUG	[2010-11-28 23:26:28:437] <9549> type:cancel
DEBUG	[2010-11-28 23:26:28:437] <9549> debug:true
DEBUG	[2010-11-28 23:26:28:437] <9549> mid:battlebana
DEBUG	[2010-11-28 23:26:28:437] <9549> admin:1111
DEBUG	[2010-11-28 23:26:28:437] <9549> tid:INIphpHPP_battlebana20101125142829361542
DEBUG	[2010-11-28 23:26:28:437] <9549> cancelmsg:
INFO	[2010-11-28 23:26:28:437] <9549> Check Field OK
INFO	[2010-11-28 23:26:28:438] <9549> PI PUB KEY LOAD OK []
INFO	[2010-11-28 23:26:28:438] <9549> PG PUB KEY LOAD OK [30]
INFO	[2010-11-28 23:26:28:438] <9549> MERCHANT PRIV KEY LOAD OK
INFO	[2010-11-28 23:26:28:439] <9549> MERCHANT PUB KEY LOAD OK [0]
DEBUG	[2010-11-28 23:26:28:440] <9549> MAKE ENCRYPT OK[<?xml version="1.0" encoding="UTF-8"?>
<CancelInfo>
	  <CancelTID>INIphpHPP_battlebana20101125142829361542</CancelTID>
	  <CancelMsg/></CancelInfo>]
INFO	[2010-11-28 23:26:28:440] <9549> MAKE BODY OK
INFO	[2010-11-28 23:26:28:443] <9549> SIGN OK
INFO	[2010-11-28 23:26:28:443] <9549> MAKE HEAD OK
INFO	[2010-11-28 23:26:28:444] <9549> MSG_TO_PG:[0082000175D SHA1                   0                                      300420battlebana                    INIphpHPP_battlebana20101125142829361542<?xml version="1.0" encoding="UTF-8"?>
<INIpay>
	  <CancelInfo>
	    <SessionKey>uNAFZbWRoOsLg/CCWNROAAiYZI2Jci2vYufktOz42eqjx9MJ0s2gOKOKqbAG9kqa
e0b0a8S9EeZLGZo8amSUI2Tvy2arqWcK7ZXxvnh0pEzInoN2JXzkrfVY3Xx3TcPa
NxfGwEzfAwEuxSb4qj6lr7GIqKWEr2/DMlQAyGSr7ZZz0H3ZYtzPIg==
</SessionKey>
	    <Encrypted>/7DOfjLFnb2M9WXXIWHlHjOaBNhb0y4Nx6vyOwl3h5Czb7sA6aEPUbSu8IyeeLi7
oDmIwOYUZN0buZe10uFvLNgk6e6of/sB+bNFMkKdLa8QYiiM/uRVjejulyvHnGTG
5psnUEqZ1UBnrOvAtWOytBh8W5zW7jsOc9dQ6cdLR+6SIPK3e+PUTiC9qWnHP8T4
efQmOzv4idU=
</Encrypted></CancelInfo>
	  <ReservedInfo>
	    <MReserved1/>
	    <MReserved2/>
	    <MReserved3/></ReservedInfo>
	  <ManageInfo>
	    <Language/>
	    <URL/>
	    <TXVersion>5030B091216canceLinux     PHPchkfake   2.6.18-164.15.1.el5PAEPHP:5.2.</TXVersion>
	    <TXUserID/>
	    <TXRegNum/></ManageInfo></INIpay>AFs2zmq12X4zsjgMlMcnaO1+ID7ILqonfTa++v+Tu2r5u1hNvt0aiuf0TUFzupeF
JtjzEGFIkKlRx7pxfmexDEnMfiUDIJBkdZLahWVOqyefiLX+DjhZvXbWG4Z3Vdch
//ptXwAJApJZadWSkzeIUFM4Gh9RrVcaCHyXDcb/o4lu
]
INFO	[2010-11-28 23:26:28:462] <9549> DNS LOOKUP OK(pg.inicis.com:203.238.37.3:34049) laptime:0.02
INFO	[2010-11-28 23:26:28:468] <9549> SOCKET CONNECT OK
INFO	[2010-11-28 23:26:28:468] <9549> SEND OK
INFO	[2010-11-28 23:26:29:141] <9549> RECV OK
INFO	[2010-11-28 23:26:29:141] <9549> MSG_FROM_PG:[0115800175D SHA1                   0                                      300430battlebana                    INIphpHPP_battlebana20101125142829361542<?xml version="1.0" encoding="UTF-8"?>
<INIpay>
  <CancelInfo>
    <ResultCode>110000</ResultCode>
    <ResultMsg urlencode="1">%C1%A4%BB%F3%C3%B3%B8%AE%B5%C7%BE%FA%BD%C0%B4%CF%B4%D9.</ResultMsg>
    <SessionKey>ADxCvSgGH1WYU85cvV4vwjrkqoooD/eoTZiysmU2EM4Lbh84YPhfxUQYF4JcDopq
FsEYOkoYjm2VceRuLbC804atmUqs+e/wAR9gf+muBCa/8RQvEqcDBmyl/tQHxJbJ
woLGgoNDrAnJyTokcN6rCe3eUp9aXPDxyCFuQe7Yz83KF5v70LcOqmw=
</SessionKey>
    <Encrypted>FlUDRob5+Hc4giE3P6QvnqnBwoHHE2s9dyZZwEI2GWGQB6NY6BokenDDsqx5A5q1
XggYpXzaplTVOlQGEVqb0IvhhSbYbGWS4USxU3bElndbyYTg9VPQJiGgSRM7gPki
dOGP9E9RfpnNCiLohhrYRGLU6bAO0AOCxhAKMqs/zX319yIv+KUpRqstsZUi2ISo
AvO6o+y8JrfPQk+UMwgZW+ZZD2hl4+Xuw59tqxRsQhYq82KzllZNSE9ewJId7OxT
Z9le+2+JYFA6tATHU4g2bAI8i58rjdu+Yp+2tGQcXOzbPJAmNV3SDsE86Rc6wjsr
5772evUH6OtLFPP85e9LbVsS22+2j/9S7uXhC5n7HUI=
</Encrypted>
  </CancelInfo>
  <ManageInfo/>
  <ReservedInfo>
    <MReserved1 urlencode="1"></MReserved1>
    <MReserved2 urlencode="1"></MReserved2>
    <MReserved3 urlencode="1"></MReserved3>
    <PGReserved1 urlencode="1"></PGReserved1>
    <PGReserved2 urlencode="1"></PGReserved2>
    <PGReserved3 urlencode="1"></PGReserved3>
  </ReservedInfo>
</INIpay>
E6mKVy4exudCNXsOe2iP5v6LkAErNPSs2WYj2FwIPXf12cd71uYX36o0sORqy8p9
CjeeMycR0sg0jjUfHNj2xhZf/HRuqujN/me2uaj5iEPEX+3ITV/uQyPWwlbls4qR
ipzykbdMbmrRDPp7SvnMwleMps/c8rd/SPf2Gq/CGA0=
]
INFO	[2010-11-28 23:26:29:141] <9549> VERIFY OK
INFO	[2010-11-28 23:26:29:141] <9549> PARSE HEAD OK
INFO	[2010-11-28 23:26:29:142] <9549> PARSE BODY OK
INFO	[2010-11-28 23:26:29:145] <9549> DECRYPT OK
DEBUG	[2010-11-28 23:26:29:145] <9549> DECRYPT MSG:[<?xml version="1.0" encoding="UTF-8"?>
<CancelInfo>
  <CancelDate>20101128</CancelDate>
  <CancelTime>232632</CancelTime>
  <ResultCode>110000</ResultCode>
  <ResultMsg urlencode="1">%C1%A4%BB%F3%C3%B3%B8%AE%B5%C7%BE%FA%BD%C0%B4%CF%B4%D9.</ResultMsg>
</CancelInfo>]
INFO	[2010-11-28 23:26:29:146] <9549> DECRYPT PARSE OK
INFO	[2010-11-28 23:26:29:146] <9549> END cancel 정상처리되었습니다. Laptime:[0.71sec]
INFO	[2010-11-28 23:26:29:146] <9549> ===============================================================
INFO	[2010-11-28 23:27:17:654] <8619> START INIPHP cancel (V5030-091216)(OS:Linux2.6.18-164.15.1.el5PAE,PHP:5.2.0)
DEBUG	[2010-11-28 23:27:17:654] <8619> inipayhome:/home/banana/public_html/INIpay50
DEBUG	[2010-11-28 23:27:17:654] <8619> type:cancel
DEBUG	[2010-11-28 23:27:17:654] <8619> debug:true
DEBUG	[2010-11-28 23:27:17:654] <8619> mid:battlebana
DEBUG	[2010-11-28 23:27:17:654] <8619> admin:1111
DEBUG	[2010-11-28 23:27:17:654] <8619> tid:INIphpHPP_battlebana20101126002727474535
DEBUG	[2010-11-28 23:27:17:654] <8619> cancelmsg:
INFO	[2010-11-28 23:27:17:654] <8619> Check Field OK
INFO	[2010-11-28 23:27:17:654] <8619> PI PUB KEY LOAD OK []
INFO	[2010-11-28 23:27:17:655] <8619> PG PUB KEY LOAD OK [30]
INFO	[2010-11-28 23:27:17:655] <8619> MERCHANT PRIV KEY LOAD OK
INFO	[2010-11-28 23:27:17:655] <8619> MERCHANT PUB KEY LOAD OK [0]
DEBUG	[2010-11-28 23:27:17:656] <8619> MAKE ENCRYPT OK[<?xml version="1.0" encoding="UTF-8"?>
<CancelInfo>
	  <CancelTID>INIphpHPP_battlebana20101126002727474535</CancelTID>
	  <CancelMsg/></CancelInfo>]
INFO	[2010-11-28 23:27:17:657] <8619> MAKE BODY OK
INFO	[2010-11-28 23:27:17:660] <8619> SIGN OK
INFO	[2010-11-28 23:27:17:660] <8619> MAKE HEAD OK
INFO	[2010-11-28 23:27:17:660] <8619> MSG_TO_PG:[0082000175D SHA1                   0                                      300420battlebana                    INIphpHPP_battlebana20101126002727474535<?xml version="1.0" encoding="UTF-8"?>
<INIpay>
	  <CancelInfo>
	    <SessionKey>emz4ejN/P91CzuRhvehlJ66ruyOwk/L6pbmCmko+rIxvHZXTaSIeVLLT2787EJlm
LJgUPKwlCi8CXWjOYPEqCUIhM3M953L5pbEjc1QTsazunS8Xq1/HPgVrH0loVP5D
ET1JzbbfS0URSJEotPBmabSedgiDEiHPdpeMCJi2ZI1FY4LSQZKaHw==
</SessionKey>
	    <Encrypted>zFYqEMJo2QLnwsHmojojbG/9JbUD+m1etmH/Drh0noXB/uVvWEBQCz4YgJLTnK64
dUSw6GBbPpM51e2MueIUP/Xeyh3rzHDmD14MhoHOXeF8cUNaHXCdES7Y293UrUar
/0YsTW7g6C0M4fgvSYumJBnddPCDsvL00QiKDrSMwIw9IJoZ/nALZ2eW/4wq68Rv
MPFYe/psFVw=
</Encrypted></CancelInfo>
	  <ReservedInfo>
	    <MReserved1/>
	    <MReserved2/>
	    <MReserved3/></ReservedInfo>
	  <ManageInfo>
	    <Language/>
	    <URL/>
	    <TXVersion>5030B091216canceLinux     PHPchkfake   2.6.18-164.15.1.el5PAEPHP:5.2.</TXVersion>
	    <TXUserID/>
	    <TXRegNum/></ManageInfo></INIpay>AL5T13oWXCcZ+Su3zzzVMBsA8rMMQ56dsSbtu0xU8BQ1llmuHWVsULF3AyF/Zwvr
e9aTknf8IJxqFXlxCzhXJBTf+dQunaNyklJ++RnePWUvTPKV+HTB51kifYSpMfnL
wf4j5C1uwf76r0AgIxm+Itilrf3k2BAN3esoR3rj2ZdF
]
INFO	[2010-11-28 23:27:17:678] <8619> DNS LOOKUP OK(pg.inicis.com:203.238.37.3:34049) laptime:0.02
INFO	[2010-11-28 23:27:17:685] <8619> SOCKET CONNECT OK
INFO	[2010-11-28 23:27:17:685] <8619> SEND OK
INFO	[2010-11-28 23:27:18:377] <8619> RECV OK
INFO	[2010-11-28 23:27:18:377] <8619> MSG_FROM_PG:[0115800175D SHA1                   0                                      300430battlebana                    INIphpHPP_battlebana20101126002727474535<?xml version="1.0" encoding="UTF-8"?>
<INIpay>
  <CancelInfo>
    <ResultCode>110000</ResultCode>
    <ResultMsg urlencode="1">%C1%A4%BB%F3%C3%B3%B8%AE%B5%C7%BE%FA%BD%C0%B4%CF%B4%D9.</ResultMsg>
    <SessionKey>ATAcYmECz+x595MIfu1YJNih2umFoyloEhgvYBsEW536ryNWIJuzSytAqSG16tJw
TTDaY8CjIAVlx6zdgzQEgKhUiNU9+/BtG+WKCr7Iif5cY6F/dMYWk49dmwkaraQ4
B9j3Qiu93FXCYswf1wvLTedWWLPVh/OFOyHvqi5Vh0yy8CN994hXi6s=
</SessionKey>
    <Encrypted>QZjjeyTMZepT8aFRr4PH6rshtxMqUKXX4nbzpqSOcyrpLD3QscHWMppc2fZbuRyU
rhxZJCEkFW9E+GaQCBekMlvBbiRYXfMpfEXYaw4AT7gFICDVKohsRRGmzso40Tdh
Z9YNBV3qdeHaqSGa80gxxIrMYh68sHzUMibwL8KvV3+9e0KF9mKSpuuo/Raz9t3F
8o9faVey+s29F3KZKEZQTs1RNYiv58J5gK8yh+gvW7SAkUF+aMsLefeiIFDGH12v
E9K6L16WXuWplfxI9lLginHaxRdgJ0MZ4ZmobJzwiVGSt2qGcIzAufX/1yyHWp7P
f+LgGFGeyaopDIwASepOHO7W2H3R3OCg4DpMouK3Fm0=
</Encrypted>
  </CancelInfo>
  <ManageInfo/>
  <ReservedInfo>
    <MReserved1 urlencode="1"></MReserved1>
    <MReserved2 urlencode="1"></MReserved2>
    <MReserved3 urlencode="1"></MReserved3>
    <PGReserved1 urlencode="1"></PGReserved1>
    <PGReserved2 urlencode="1"></PGReserved2>
    <PGReserved3 urlencode="1"></PGReserved3>
  </ReservedInfo>
</INIpay>
veTeuMJuYl/3VVkMWdLGAASkFPkl0sXEHzRU+SyeKtOKr6frAGmqx71BOEgSxoJZ
js2E7myVuW77MPG60NzTgB5XwxqtMShsxmSqcbXFYWITtvjgLV5DjDs/CvZnp4Kp
cxETLo6ezjmfzzCt1z3QxSgU/2SVWfW4mKaZtrY59iA=
]
INFO	[2010-11-28 23:27:18:378] <8619> VERIFY OK
INFO	[2010-11-28 23:27:18:378] <8619> PARSE HEAD OK
INFO	[2010-11-28 23:27:18:379] <8619> PARSE BODY OK
INFO	[2010-11-28 23:27:18:382] <8619> DECRYPT OK
DEBUG	[2010-11-28 23:27:18:382] <8619> DECRYPT MSG:[<?xml version="1.0" encoding="UTF-8"?>
<CancelInfo>
  <CancelDate>20101128</CancelDate>
  <CancelTime>232722</CancelTime>
  <ResultCode>110000</ResultCode>
  <ResultMsg urlencode="1">%C1%A4%BB%F3%C3%B3%B8%AE%B5%C7%BE%FA%BD%C0%B4%CF%B4%D9.</ResultMsg>
</CancelInfo>]
INFO	[2010-11-28 23:27:18:382] <8619> DECRYPT PARSE OK
INFO	[2010-11-28 23:27:18:382] <8619> END cancel 정상처리되었습니다. Laptime:[0.73sec]
INFO	[2010-11-28 23:27:18:382] <8619> ===============================================================
INFO	[2010-11-28 23:28:27:957] <5764> START INIPHP cancel (V5030-091216)(OS:Linux2.6.18-164.15.1.el5PAE,PHP:5.2.0)
DEBUG	[2010-11-28 23:28:27:958] <5764> inipayhome:/home/banana/public_html/INIpay50
DEBUG	[2010-11-28 23:28:27:958] <5764> type:cancel
DEBUG	[2010-11-28 23:28:27:958] <5764> debug:true
DEBUG	[2010-11-28 23:28:27:958] <5764> mid:battlebana
DEBUG	[2010-11-28 23:28:27:958] <5764> admin:1111
DEBUG	[2010-11-28 23:28:27:958] <5764> tid:INIphpHPP_battlebana20101125211230242816
DEBUG	[2010-11-28 23:28:27:958] <5764> cancelmsg:
INFO	[2010-11-28 23:28:27:958] <5764> Check Field OK
INFO	[2010-11-28 23:28:27:958] <5764> PI PUB KEY LOAD OK []
INFO	[2010-11-28 23:28:27:958] <5764> PG PUB KEY LOAD OK [30]
INFO	[2010-11-28 23:28:27:958] <5764> MERCHANT PRIV KEY LOAD OK
INFO	[2010-11-28 23:28:27:959] <5764> MERCHANT PUB KEY LOAD OK [0]
DEBUG	[2010-11-28 23:28:27:960] <5764> MAKE ENCRYPT OK[<?xml version="1.0" encoding="UTF-8"?>
<CancelInfo>
	  <CancelTID>INIphpHPP_battlebana20101125211230242816</CancelTID>
	  <CancelMsg/></CancelInfo>]
INFO	[2010-11-28 23:28:27:960] <5764> MAKE BODY OK
INFO	[2010-11-28 23:28:27:963] <5764> SIGN OK
INFO	[2010-11-28 23:28:27:963] <5764> MAKE HEAD OK
INFO	[2010-11-28 23:28:27:963] <5764> MSG_TO_PG:[0082000175D SHA1                   0                                      300420battlebana                    INIphpHPP_battlebana20101125211230242816<?xml version="1.0" encoding="UTF-8"?>
<INIpay>
	  <CancelInfo>
	    <SessionKey>hJ5eZKOnPx7YVNvfLk+I8mHUw9cJkyUwp9yua8f43RuZLp5D0LfJIr7RQYe5RWtW
RM154uweyp40IiyCn2nu54R6qRfvf1XTg7wW5yqrpt/+wJ+X/tTwkoo4+AUkAANd
F+79gD6ZahjknDXT20HxQ/TKnvXRQhVAslODS8hfWfa9myB0ZSap/Q==
</SessionKey>
	    <Encrypted>qtsJR/X9GJNUmtNOiBVjiFxNUskvN39vIaoy7foqtU7kGrKWQ5QSGOPFvf5yg+/m
7gGPoBSw51QuuCSTm4DOhKpxXR48h1crCfG+XqiMQLJ9Yxfmi1Cq506hLgTzBEZ9
5j7J0ry58vvIY6lG0hz4K03lecohVDH0QGBU/Laxx/ivIxeRehAanFw8B+hVoSly
HusyLOe/YiI=
</Encrypted></CancelInfo>
	  <ReservedInfo>
	    <MReserved1/>
	    <MReserved2/>
	    <MReserved3/></ReservedInfo>
	  <ManageInfo>
	    <Language/>
	    <URL/>
	    <TXVersion>5030B091216canceLinux     PHPchkfake   2.6.18-164.15.1.el5PAEPHP:5.2.</TXVersion>
	    <TXUserID/>
	    <TXRegNum/></ManageInfo></INIpay>AT+7sXAIw/Vzmzw/dfiv2AluJCwz5aXnkZb0dQ/RBkDeMzN6mQFJHTsBEKSExMY5
U8hof1QuAlPeSbxVGjUAllvv//ugqWFg5sA7fk8j5clnpL7wjvqsj653bf8EkdTz
YDRDsr0Kwp9c10AW2/0GoNBQfGzujul0sHMK02zFKTPS
]
INFO	[2010-11-28 23:28:27:980] <5764> DNS LOOKUP OK(pg.inicis.com:203.238.37.3:34049) laptime:0.02
INFO	[2010-11-28 23:28:27:987] <5764> SOCKET CONNECT OK
INFO	[2010-11-28 23:28:27:987] <5764> SEND OK
INFO	[2010-11-28 23:28:28:685] <5764> RECV OK
INFO	[2010-11-28 23:28:28:685] <5764> MSG_FROM_PG:[0115800175D SHA1                   0                                      300430battlebana                    INIphpHPP_battlebana20101125211230242816<?xml version="1.0" encoding="UTF-8"?>
<INIpay>
  <CancelInfo>
    <ResultCode>110000</ResultCode>
    <ResultMsg urlencode="1">%C1%A4%BB%F3%C3%B3%B8%AE%B5%C7%BE%FA%BD%C0%B4%CF%B4%D9.</ResultMsg>
    <SessionKey>AElG2cqC5XRVRQOXcH47BXxVUGnEYEzuGGSyV5N99utfWnYwKQaglyt2SqBiseXD
trYgjQ8MsqNcfzVtQCWbzWkmpqvQPbvubTVcafQEwgBWku8fs99LnzLRewEHjJqA
mnuqUPEZrcKtRqk32sDXM1GMlYXZ7K+ewQ6wHtMoh2UzquKYAwunYW4=
</SessionKey>
    <Encrypted>bEPVws3jAAAMlne+9uC7OMQQUL8JTRhI6Qg7US/Br41RKQzxiOiO0sCORUxOhJun
sSTCkbMFgWZiZMohRmwyS3qjynYhJh5ny6anu8kYF3S5zriI4hIBe+Rfm6iI0kuQ
J+ZB4Udr+6zvIjBZC0EmGS3O9MZi4fZcDfOpglGt1U4BkDRmBNgxc9M/+Og4k/Qg
bTGQ6HUT7MBlN7Z9qRQS7trNOnl6Xwym5bWdvaIrWggBOIS7RgjRVLWadpQKEFZM
pZciftUG4nvc8EOZflAqc/pq2vdej+qkdll57pjxJ0HL/jlDzFwAGNG8SkcmrLzI
k3oQrg4sjdJiaK08MmNsuCI04CbuoVxFVXQcCZTp33w=
</Encrypted>
  </CancelInfo>
  <ManageInfo/>
  <ReservedInfo>
    <MReserved1 urlencode="1"></MReserved1>
    <MReserved2 urlencode="1"></MReserved2>
    <MReserved3 urlencode="1"></MReserved3>
    <PGReserved1 urlencode="1"></PGReserved1>
    <PGReserved2 urlencode="1"></PGReserved2>
    <PGReserved3 urlencode="1"></PGReserved3>
  </ReservedInfo>
</INIpay>
2OqFjVsC3s/iKArNjdBP74SRiO8PZiioj5TFb8S/Fx+5Opn8LTelUC3feyJoIg8Q
CmaJP7UJzge569TO6S65h8QXe3ozqWVo+u3g16bel6bSoKsM5FOp8qc0mZNKA1K3
yCuAsqjKD4lL4Qbo3Hp+n/T/ec3t12RXjR88w1uF5q8=
]
INFO	[2010-11-28 23:28:28:685] <5764> VERIFY OK
INFO	[2010-11-28 23:28:28:685] <5764> PARSE HEAD OK
INFO	[2010-11-28 23:28:28:686] <5764> PARSE BODY OK
INFO	[2010-11-28 23:28:28:689] <5764> DECRYPT OK
DEBUG	[2010-11-28 23:28:28:689] <5764> DECRYPT MSG:[<?xml version="1.0" encoding="UTF-8"?>
<CancelInfo>
  <CancelDate>20101128</CancelDate>
  <CancelTime>232832</CancelTime>
  <ResultCode>110000</ResultCode>
  <ResultMsg urlencode="1">%C1%A4%BB%F3%C3%B3%B8%AE%B5%C7%BE%FA%BD%C0%B4%CF%B4%D9.</ResultMsg>
</CancelInfo>]
INFO	[2010-11-28 23:28:28:689] <5764> DECRYPT PARSE OK
INFO	[2010-11-28 23:28:28:689] <5764> END cancel 정상처리되었습니다. Laptime:[0.73sec]
INFO	[2010-11-28 23:28:28:690] <5764> ===============================================================
