INFO	[2010-08-02 19:05:26:694] <14100> START INIPHP securepay (V5030-091216)(OS:Linux2.6.18-164.15.1.el5PAE,PHP:5.2.0)
DEBUG	[2010-08-02 19:05:26:694] <14100> inipayhome:/home/banana/public_html/INIpay50/
DEBUG	[2010-08-02 19:05:26:694] <14100> type:securepay
DEBUG	[2010-08-02 19:05:26:694] <14100> pgid:INIphp
DEBUG	[2010-08-02 19:05:26:694] <14100> subpgip:203.238.3.10
DEBUG	[2010-08-02 19:05:26:694] <14100> admin:
DEBUG	[2010-08-02 19:05:26:694] <14100> debug:true
DEBUG	[2010-08-02 19:05:26:694] <14100> uid:
DEBUG	[2010-08-02 19:05:26:694] <14100> goodname:
DEBUG	[2010-08-02 19:05:26:694] <14100> currency:
DEBUG	[2010-08-02 19:05:26:694] <14100> mid:
DEBUG	[2010-08-02 19:05:26:694] <14100> rn:
DEBUG	[2010-08-02 19:05:26:694] <14100> price:
DEBUG	[2010-08-02 19:05:26:694] <14100> enctype:
DEBUG	[2010-08-02 19:05:26:694] <14100> buyername:
DEBUG	[2010-08-02 19:05:26:694] <14100> buyertel:
DEBUG	[2010-08-02 19:05:26:694] <14100> buyeremail:
DEBUG	[2010-08-02 19:05:26:694] <14100> paymethod:
DEBUG	[2010-08-02 19:05:26:694] <14100> encrypted:
DEBUG	[2010-08-02 19:05:26:694] <14100> sessionkey:
DEBUG	[2010-08-02 19:05:26:694] <14100> url:http://www.battlebanana.com
DEBUG	[2010-08-02 19:05:26:694] <14100> cardcode:
DEBUG	[2010-08-02 19:05:26:694] <14100> parentemail:
DEBUG	[2010-08-02 19:05:26:694] <14100> recvname:
DEBUG	[2010-08-02 19:05:26:694] <14100> recvtel:
DEBUG	[2010-08-02 19:05:26:694] <14100> recvaddr:
DEBUG	[2010-08-02 19:05:26:694] <14100> recvpostnum:
DEBUG	[2010-08-02 19:05:26:694] <14100> recvmsg:
DEBUG	[2010-08-02 19:05:26:694] <14100> joincard:
DEBUG	[2010-08-02 19:05:26:694] <14100> joinexpire:
DEBUG	[2010-08-02 19:05:26:694] <14100> id_customer:
ERROR	[2010-08-02 19:05:26:704] <14100> 필수항목(mid)이 누락되었습니다.
INFO	[2010-08-02 19:05:26:705] <14100> END securepay [TX9202|필수항목(mid)이 누락되었습니다.] Laptime:[0.02sec]
INFO	[2010-08-02 19:05:26:705] <14100> ===============================================================
INFO	[2010-08-02 19:06:41:218] <31683> START INIPHP securepay (V5030-091216)(OS:Linux2.6.18-164.15.1.el5PAE,PHP:5.2.0)
DEBUG	[2010-08-02 19:06:41:218] <31683> inipayhome:/home/banana/public_html/INIpay50/
DEBUG	[2010-08-02 19:06:41:218] <31683> type:securepay
DEBUG	[2010-08-02 19:06:41:218] <31683> pgid:INIphp
DEBUG	[2010-08-02 19:06:41:218] <31683> subpgip:203.238.3.10
DEBUG	[2010-08-02 19:06:41:218] <31683> admin:
DEBUG	[2010-08-02 19:06:41:218] <31683> debug:true
DEBUG	[2010-08-02 19:06:41:218] <31683> uid:
DEBUG	[2010-08-02 19:06:41:218] <31683> goodname:
DEBUG	[2010-08-02 19:06:41:218] <31683> currency:
DEBUG	[2010-08-02 19:06:41:218] <31683> mid:
DEBUG	[2010-08-02 19:06:41:218] <31683> rn:
DEBUG	[2010-08-02 19:06:41:218] <31683> price:
DEBUG	[2010-08-02 19:06:41:218] <31683> enctype:
DEBUG	[2010-08-02 19:06:41:218] <31683> buyername:
DEBUG	[2010-08-02 19:06:41:218] <31683> buyertel:
DEBUG	[2010-08-02 19:06:41:218] <31683> buyeremail:
DEBUG	[2010-08-02 19:06:41:218] <31683> paymethod:
DEBUG	[2010-08-02 19:06:41:218] <31683> encrypted:
DEBUG	[2010-08-02 19:06:41:218] <31683> sessionkey:
DEBUG	[2010-08-02 19:06:41:218] <31683> url:http://www.battlebanana.com
DEBUG	[2010-08-02 19:06:41:218] <31683> cardcode:
DEBUG	[2010-08-02 19:06:41:218] <31683> parentemail:
DEBUG	[2010-08-02 19:06:41:218] <31683> recvname:
DEBUG	[2010-08-02 19:06:41:218] <31683> recvtel:
DEBUG	[2010-08-02 19:06:41:218] <31683> recvaddr:
DEBUG	[2010-08-02 19:06:41:218] <31683> recvpostnum:
DEBUG	[2010-08-02 19:06:41:218] <31683> recvmsg:
DEBUG	[2010-08-02 19:06:41:218] <31683> joincard:
DEBUG	[2010-08-02 19:06:41:218] <31683> joinexpire:
DEBUG	[2010-08-02 19:06:41:218] <31683> id_customer:
ERROR	[2010-08-02 19:06:41:229] <31683> 필수항목(mid)이 누락되었습니다.
INFO	[2010-08-02 19:06:41:229] <31683> END securepay [TX9202|필수항목(mid)이 누락되었습니다.] Laptime:[0.01sec]
INFO	[2010-08-02 19:06:41:229] <31683> ===============================================================
