INFO	[2010-10-02 17:18:54:158] <3120> START INIPHP cancel (V5030-091216)(OS:Linux2.6.18-164.15.1.el5PAE,PHP:5.2.0)
DEBUG	[2010-10-02 17:18:54:158] <3120> inipayhome:/home/banana/public_html/INIpay50
DEBUG	[2010-10-02 17:18:54:158] <3120> type:cancel
DEBUG	[2010-10-02 17:18:54:158] <3120> debug:true
DEBUG	[2010-10-02 17:18:54:158] <3120> mid:battlebana
DEBUG	[2010-10-02 17:18:54:158] <3120> admin:1111
DEBUG	[2010-10-02 17:18:54:158] <3120> tid:INIphpCARDbattlebana20100926153454063719
DEBUG	[2010-10-02 17:18:54:158] <3120> cancelmsg:
INFO	[2010-10-02 17:18:54:158] <3120> Check Field OK
INFO	[2010-10-02 17:18:54:158] <3120> PI PUB KEY LOAD OK []
INFO	[2010-10-02 17:18:54:159] <3120> PG PUB KEY LOAD OK [30]
INFO	[2010-10-02 17:18:54:159] <3120> MERCHANT PRIV KEY LOAD OK
INFO	[2010-10-02 17:18:54:159] <3120> MERCHANT PUB KEY LOAD OK [0]
DEBUG	[2010-10-02 17:18:54:160] <3120> MAKE ENCRYPT OK[<?xml version="1.0" encoding="UTF-8"?>
<CancelInfo>
	  <CancelTID>INIphpCARDbattlebana20100926153454063719</CancelTID>
	  <CancelMsg/></CancelInfo>]
INFO	[2010-10-02 17:18:54:161] <3120> MAKE BODY OK
INFO	[2010-10-02 17:18:54:164] <3120> SIGN OK
INFO	[2010-10-02 17:18:54:164] <3120> MAKE HEAD OK
INFO	[2010-10-02 17:18:54:164] <3120> MSG_TO_PG:[0082000175D SHA1                   0                                      300420battlebana                    INIphpCARDbattlebana20100926153454063719<?xml version="1.0" encoding="UTF-8"?>
<INIpay>
	  <CancelInfo>
	    <SessionKey>EaK2kxHp4TmWr0eTKp+1RrxzTymma3gdzeHnQZkd54KPhe23aun53pkNVuCCiOtS
Y6bjFI24hRlTIBK1+Qf7Ldkkc1TTeDcwup+3nrb3nMTfmzUSnMbAB7fCIo11PQ4h
uCwg8nq4b1PF3s0wcYs3kpujkP2ikelgtGBJe3piMkFCc8FNWc7bwg==
</SessionKey>
	    <Encrypted>nVPgiEK8fnVRlWVNQgCoi+h/X3w94O1B38qUg6h2vRx6/giJp2shPperVxRgCi/7
rpfGuIifiC54k7qQkArtV1+l1kyfrwbUfQMoPKLenU8AiKvdGwKLAhLqfzoQGkVw
AZ/kNtyNedkw8budwikL/gB60sCO/qEl0wk4HPQxSqMs2zFxubVZP32X8xilfn1o
IIhqsi8JZQc=
</Encrypted></CancelInfo>
	  <ReservedInfo>
	    <MReserved1/>
	    <MReserved2/>
	    <MReserved3/></ReservedInfo>
	  <ManageInfo>
	    <Language/>
	    <URL/>
	    <TXVersion>5030B091216canceLinux     PHPchkfake   2.6.18-164.15.1.el5PAEPHP:5.2.</TXVersion>
	    <TXUserID/>
	    <TXRegNum/></ManageInfo></INIpay>ACIFECgofsgt6FFoY831t0bFlf4Z3jKqTIOV3bj5Jde5U0q5+fHPPnjIIrbODFmb
bjM5s/2uoFlr9bGQ2Yami0jstaSVf9Tzz9MOMQclGpt1zTXAqZ6kbSkfgdzouhcD
A4FJJQ56L/jo/HBVXdhYg+0HNALyHOPaEqowCZwSB+yK
]
INFO	[2010-10-02 17:18:54:167] <3120> DNS LOOKUP OK(pg.inicis.com:203.238.37.3:34049) laptime:0.01
INFO	[2010-10-02 17:18:54:171] <3120> SOCKET CONNECT OK
INFO	[2010-10-02 17:18:54:171] <3120> SEND OK
INFO	[2010-10-02 17:18:54:341] <3120> RECV OK
INFO	[2010-10-02 17:18:54:341] <3120> MSG_FROM_PG:[0108200175D SHA1                   0                                      300430battlebana                    INIphpCARDbattlebana20100926153454063719<?xml version="1.0" encoding="UTF-8"?>
<INIpay>
  <CancelInfo>
    <ResultCode>500626</ResultCode>
    <ResultMsg urlencode="1">%B1%E2+%C3%EB%BC%D2+%B0%C5%B7%A1</ResultMsg>
    <SessionKey>ADPnAcncxPOoPwIBQnx9HUrufV9Vz4bD7zhd5WkyuEXktLqFqeTPtpFy9iRmZUuv
I51+OlyyCxjXcsicrVPocr797X8dS4M+f+VTLhe+m7VXnEeOvV7weKFshtKbOTfe
Ye2Sdi3Yvy0neIMuRaTwVsn7Tkyly+zQ3nz9zviKsWpzSbesFcg3vS4=
</SessionKey>
    <Encrypted>lnwfVwx+1XpTkZd7ZtEDDiq4TudsVC13RfpUJ/U8GbtSH35BwRmXgx1L6wQKUxU0
SL9PoEReMMYzJwxzkxop4fllRYXwM3tZVvRFmN3HNeDrbLADi+sJ5sdVWT7jxnGY
U2JCdNDaCfEJsQmVXC4ZEOLqTgwbLu2GBJzsQxPn7jLWMuXflXhaE4cBOqwtbAnw
c6ekp3/6NnU0A7hPFllwYghmphAcWkaG08fMnv6UCsUDosyfF6/g/WHwKiEqL7LQ
DWFI1O8OmZt9lOcN50000QcfEjdjXg0XWNNqlvFddsdXp8BEWDUl4A==
</Encrypted>
  </CancelInfo>
  <ManageInfo/>
  <ReservedInfo>
    <MReserved1 urlencode="1"></MReserved1>
    <MReserved2 urlencode="1"></MReserved2>
    <MReserved3 urlencode="1"></MReserved3>
    <PGReserved1 urlencode="1"></PGReserved1>
    <PGReserved2 urlencode="1"></PGReserved2>
    <PGReserved3 urlencode="1"></PGReserved3>
  </ReservedInfo>
</INIpay>
UrddPPJxCkovmwJmNumdctki+NPspG4EuDd6WI2T1WRzVfC1yel17hxS8NcA52gx
K52cRrkR7QdisP1LirxUwSUODCTHDiffjUxB4sFB2MAnGYKXK2iTO+UuFiqeU460
/K30/crpZfYa1//7X7CN66jq+j6OMKOVLvExMWOEelk=
]
INFO	[2010-10-02 17:18:54:341] <3120> VERIFY OK
INFO	[2010-10-02 17:18:54:341] <3120> PARSE HEAD OK
INFO	[2010-10-02 17:18:54:342] <3120> PARSE BODY OK
INFO	[2010-10-02 17:18:54:345] <3120> DECRYPT OK
DEBUG	[2010-10-02 17:18:54:345] <3120> DECRYPT MSG:[<?xml version="1.0" encoding="UTF-8"?>
<CancelInfo>
  <CancelDate></CancelDate>
  <CancelTime></CancelTime>
  <ResultCode>500626</ResultCode>
  <ResultMsg urlencode="1">%B1%E2+%C3%EB%BC%D2+%B0%C5%B7%A1</ResultMsg>
</CancelInfo>]
INFO	[2010-10-02 17:18:54:345] <3120> DECRYPT PARSE OK
INFO	[2010-10-02 17:18:54:346] <3120> END cancel [500626|기 취소 거래] Laptime:[0.19sec]
INFO	[2010-10-02 17:18:54:346] <3120> ===============================================================
