INFO	[2010-09-26 15:33:43:355] <28632> START INIPHP chkfake (V5030-091216)(OS:Linux2.6.18-164.15.1.el5PAE,PHP:5.2.0)
DEBUG	[2010-09-26 15:33:43:355] <28632> inipayhome:/home/banana/public_html/INIpay50/
DEBUG	[2010-09-26 15:33:43:355] <28632> type:chkfake
DEBUG	[2010-09-26 15:33:43:355] <28632> debug:true
DEBUG	[2010-09-26 15:33:43:355] <28632> enctype:asym
DEBUG	[2010-09-26 15:33:43:355] <28632> admin:1111
DEBUG	[2010-09-26 15:33:43:355] <28632> checkopt:false
DEBUG	[2010-09-26 15:33:43:355] <28632> mid:battlebana
DEBUG	[2010-09-26 15:33:43:355] <28632> price:2200
DEBUG	[2010-09-26 15:33:43:355] <28632> nointerest:no
DEBUG	[2010-09-26 15:33:43:355] <28632> quotabase:선택:일시불:2개월:3개월:6개월
INFO	[2010-09-26 15:33:43:355] <28632> Check Field OK
INFO	[2010-09-26 15:33:43:356] <28632> MERCHANT PRIV KEY LOAD OK
INFO	[2010-09-26 15:33:43:356] <28632> MERCHANT PUB KEY LOAD OK []
INFO	[2010-09-26 15:33:43:359] <28632> CHKFAKE KEY MAKE OK:MjAxMDA5MjYxNTMzNDMzNTY4ODY5MA==

INFO	[2010-09-26 15:33:43:359] <28632> END chkfake  Laptime:[0sec]
INFO	[2010-09-26 15:33:43:359] <28632> ===============================================================
INFO	[2010-09-26 15:34:54:63] <27897> START INIPHP securepay (V5030-091216)(OS:Linux2.6.18-164.15.1.el5PAE,PHP:5.2.0)
DEBUG	[2010-09-26 15:34:54:63] <27897> inipayhome:/home/banana/public_html/INIpay50/
DEBUG	[2010-09-26 15:34:54:63] <27897> type:securepay
DEBUG	[2010-09-26 15:34:54:63] <27897> pgid:INIphpCARD
DEBUG	[2010-09-26 15:34:54:63] <27897> subpgip:203.238.3.10
DEBUG	[2010-09-26 15:34:54:63] <27897> admin:1111
DEBUG	[2010-09-26 15:34:54:63] <27897> debug:true
DEBUG	[2010-09-26 15:34:54:63] <27897> uid:
DEBUG	[2010-09-26 15:34:54:63] <27897> goodname:바나나충전 (5개)
DEBUG	[2010-09-26 15:34:54:63] <27897> currency:WON
DEBUG	[2010-09-26 15:34:54:63] <27897> mid:battlebana
DEBUG	[2010-09-26 15:34:54:63] <27897> rn:MjAxMDA5MjYxNTMzNDMzNTY4ODY5MA==

DEBUG	[2010-09-26 15:34:54:63] <27897> price:2200
DEBUG	[2010-09-26 15:34:54:63] <27897> enctype:
DEBUG	[2010-09-26 15:34:54:63] <27897> buyername:김주원
DEBUG	[2010-09-26 15:34:54:63] <27897> buyertel:01092899889
DEBUG	[2010-09-26 15:34:54:63] <27897> buyeremail:skymusic@empal.com
DEBUG	[2010-09-26 15:34:54:63] <27897> paymethod:Card
DEBUG	[2010-09-26 15:34:54:63] <27897> encrypted:Version=4.1&PayMethod=Card&RsaKeyNum=1&EncryptionAlgorithm=SEED-CBC&SignAlgorithm=RSAwithSHA1&CertVer=39&moid=B_128548282316&ver_trace=main(6035,6025)ncard(6029,6026)net(6008)Cons(6012)Dat(6002)Par(6002)Conf(6020)Fve(0000)Lan(6052)Res(6023)Ver(6006)Paycrypt(6021)&pg1=211.219.96.180&pg2=203.238.37.3&pg1ip=211.219.96.180&pg2ip=203.238.37.3&Data=HXi4KqVvhBZK7JXF5zIyt6Nd/W2miB4r3VawQbauuOHk/taK4pbpQ6kNY3sAale3
uEM5hm2k0PreoZfnz2mS1sXGIQSAzBNSMzZF7ZtiMz8pxBhvlqoFFXhfRnXEIpAo
r1e1HKKJ7IHdqtuaeP9dHhUw9ReEjSLWOymbtTyLkj+UF7Axiuz41DBb1B3xxQ7s
J2PiLMTfDsUloKeXN+BAvk1fptv2yIPGNK4Nzk1xc8bevy9nJWOaxltdRgjlgZN3
OIQUmswLCq5PFdcYsOKS+gqHSPLsH91cdpM6ISaCKYbZKTDqTVrbmzrBCAwMR7qm
n0rJaEbqbnZb0MpUSy4MLLarriyYt1U9de+Z67eYWp3y6CR67fkjmd2978IHqltx
l4MeXdWaOkUHUEYyDhjgIZI4t0a7F1KXhnZdqJwuTcwuNRo6s5agnHy9VchC72AD
mFOPNI5DxHbUuZbc2YRa5qB0HQ8xRYfQtnjfwPoUOlEhLP0M3ccDjBVaTo5PZ7N2
zYVcOlhDAI6Mp6sMXdMrT0N+ahue6v7vApPez2YziW0PWt6YeMxpaCecCmXksL51
dV0uXMxwLUJ8tnGs/sqiva1/dX7mJbsdkZrrSx3xrU2Y7NM2R90PcopVh2+aYaX9
3y8CeCKhWIiJowCxr7s4TGnmfjM1GiUXsIR1bOzHxsei8B78GoFvkIw=

DEBUG	[2010-09-26 15:34:54:63] <27897> sessionkey:Kau1cEjaZhLsUi/knS4uYZDhEI80S6WiVOOZayMCqexvj+fydnL/iNLowiZzjsoY
qQeImDjsQ7Ps+8oJXIQIMRHyWrSzkAIXtQ9Eu2Yg0e1t2c0dpOqPXQBty4Yc2mJW
108HraT3lwUV4MRnX4leoP+AHF9bczZTcF+DeG21BR8=

DEBUG	[2010-09-26 15:34:54:63] <27897> url:http://www.battlebanana.com
DEBUG	[2010-09-26 15:34:54:63] <27897> cardcode:04
DEBUG	[2010-09-26 15:34:54:63] <27897> parentemail:
DEBUG	[2010-09-26 15:34:54:63] <27897> recvname:
DEBUG	[2010-09-26 15:34:54:63] <27897> recvtel:
DEBUG	[2010-09-26 15:34:54:63] <27897> recvaddr:
DEBUG	[2010-09-26 15:34:54:63] <27897> recvpostnum:
DEBUG	[2010-09-26 15:34:54:63] <27897> recvmsg:
DEBUG	[2010-09-26 15:34:54:63] <27897> joincard:
DEBUG	[2010-09-26 15:34:54:63] <27897> joinexpire:
DEBUG	[2010-09-26 15:34:54:63] <27897> id_customer:
INFO	[2010-09-26 15:34:54:63] <27897> Check Field OK
INFO	[2010-09-26 15:34:54:63] <27897> Make TID OK INIphpCARDbattlebana20100926153454063719
INFO	[2010-09-26 15:34:54:63] <27897> PI PUB KEY LOAD OK [39]
INFO	[2010-09-26 15:34:54:64] <27897> PG PUB KEY LOAD OK [30]
INFO	[2010-09-26 15:34:54:64] <27897> MERCHANT PRIV KEY LOAD OK
INFO	[2010-09-26 15:34:54:64] <27897> MERCHANT PUB KEY LOAD OK [0]
INFO	[2010-09-26 15:34:54:65] <27897> MAKE BODY OK
INFO	[2010-09-26 15:34:54:68] <27897> SIGN OK
INFO	[2010-09-26 15:34:54:68] <27897> MAKE HEAD OK
INFO	[2010-09-26 15:34:54:68] <27897> MSG_TO_PG:[0266900175R SHA1                   0                  39                  300200battlebana                2200INIphpCARDbattlebana20100926153454063719<?xml version="1.0" encoding="UTF-8"?>
<INIpay>
	  <GoodsInfo>
	    <GoodsCnt>1</GoodsCnt>
	    <MOID/>
	    <Currency>WON</Currency>
	    <Goods>
	      <SMID>battlebana</SMID>
	      <GoodsName urlencode="1">%B9%D9%B3%AA%B3%AA%C3%E6%C0%FC+%285%B0%B3%29</GoodsName>
	      <GoodsPrice>2200</GoodsPrice></Goods></GoodsInfo>
	  <BuyerInfo>
	    <BuyerName urlencode="1">%B1%E8%C1%D6%BF%F8</BuyerName>
	    <BuyerTel>01092899889</BuyerTel>
	    <BuyerEmail urlencode="1">skymusic%40empal.com</BuyerEmail>
	    <ParentEmail/>
	    <RecvName/>
	    <RecvTel/>
	    <RecvMsg/>
	    <RecvAddr/>
	    <RecvPostNum/></BuyerInfo>
	  <PaymentInfo>
	    <Payment>
	      <PayMethod>Card</PayMethod>
	      <JoinCard/>
	      <JoinExpire/>
	      <MailOrder/>
	      <SessionKey>Kau1cEjaZhLsUi/knS4uYZDhEI80S6WiVOOZayMCqexvj+fydnL/iNLowiZzjsoY
qQeImDjsQ7Ps+8oJXIQIMRHyWrSzkAIXtQ9Eu2Yg0e1t2c0dpOqPXQBty4Yc2mJW
108HraT3lwUV4MRnX4leoP+AHF9bczZTcF+DeG21BR8=
</SessionKey>
	      <Encrypted urlencode="1">Version%3D4.1%26PayMethod%3DCard%26RsaKeyNum%3D1%26EncryptionAlgorithm%3DSEED-CBC%26SignAlgorithm%3DRSAwithSHA1%26CertVer%3D39%26moid%3DB_128548282316%26ver_trace%3Dmain%286035%2C6025%29ncard%286029%2C6026%29net%286008%29Cons%286012%29Dat%286002%29Par%286002%29Conf%286020%29Fve%280000%29Lan%286052%29Res%286023%29Ver%286006%29Paycrypt%286021%29%26pg1%3D211.219.96.180%26pg2%3D203.238.37.3%26pg1ip%3D211.219.96.180%26pg2ip%3D203.238.37.3%26Data%3DHXi4KqVvhBZK7JXF5zIyt6Nd%2FW2miB4r3VawQbauuOHk%2FtaK4pbpQ6kNY3sAale3%0D%0AuEM5hm2k0PreoZfnz2mS1sXGIQSAzBNSMzZF7ZtiMz8pxBhvlqoFFXhfRnXEIpAo%0D%0Ar1e1HKKJ7IHdqtuaeP9dHhUw9ReEjSLWOymbtTyLkj%2BUF7Axiuz41DBb1B3xxQ7s%0D%0AJ2PiLMTfDsUloKeXN%2BBAvk1fptv2yIPGNK4Nzk1xc8bevy9nJWOaxltdRgjlgZN3%0D%0AOIQUmswLCq5PFdcYsOKS%2BgqHSPLsH91cdpM6ISaCKYbZKTDqTVrbmzrBCAwMR7qm%0D%0An0rJaEbqbnZb0MpUSy4MLLarriyYt1U9de%2BZ67eYWp3y6CR67fkjmd2978IHqltx%0D%0Al4MeXdWaOkUHUEYyDhjgIZI4t0a7F1KXhnZdqJwuTcwuNRo6s5agnHy9VchC72AD%0D%0AmFOPNI5DxHbUuZbc2YRa5qB0HQ8xRYfQtnjfwPoUOlEhLP0M3ccDjBVaTo5PZ7N2%0D%0AzYVcOlhDAI6Mp6sMXdMrT0N%2Bahue6v7vApPez2YziW0PWt6YeMxpaCecCmXksL51%0D%0AdV0uXMxwLUJ8tnGs%2Fsqiva1%2FdX7mJbsdkZrrSx3xrU2Y7NM2R90PcopVh2%2BaYaX9%0D%0A3y8CeCKhWIiJowCxr7s4TGnmfjM1GiUXsIR1bOzHxsei8B78GoFvkIw%3D%0D%0A</Encrypted></Payment></PaymentInfo>
	  <ReservedInfo>
	    <MReserved1/>
	    <MReserved2/>
	    <MReserved3/></ReservedInfo>
	  <ManageInfo>
	    <Language/>
	    <URL urlencode="1">http%3A%2F%2Fwww.battlebanana.com</URL>
	    <TXVersion>5030B091216securLinux     PHPchkfake   2.6.18-164.15.1.el5PAEPHP:5.2.</TXVersion>
	    <TXUserID/>
	    <TXRegNum/>
	    <Ack>1</Ack>
	    <TXRN>MjAxMDA5MjYxNTMzNDMzNTY4ODY5MA==
</TXRN></ManageInfo></INIpay>ATlqFF19Tjcn0TDmIvzm50zssOwlq4AH6xZZ4VwTI+4gx2dvJhEiL7oLse/j6dHj
4hJ9N1h6xxlObTRM6kgo9TxAdDSfS7J050qGcbhRJkuZfRHcHNStfVo24Y7O3PpB
KMNqNyLNh5gi6XJAH7DT0pq54DL3+LWAyWWCMJjDwNyK
]
INFO	[2010-09-26 15:34:54:68] <27897> DNS LOOKUP OK(211.219.96.180:211.219.96.180:34049) laptime:0
INFO	[2010-09-26 15:34:54:71] <27897> SOCKET CONNECT OK
INFO	[2010-09-26 15:34:54:71] <27897> SEND OK
INFO	[2010-09-26 15:34:55:247] <27897> RECV OK
INFO	[2010-09-26 15:34:55:247] <27897> MSG_FROM_PG:[0264400175D SHA1                   0                  39                  300210battlebana                2200INIphpCARDbattlebana20100926153454063719<?xml version="1.0" encoding="UTF-8"?>
<INIpay>
  <GoodsInfo>
    <GoodsCnt>1</GoodsCnt>
    <MOID urlencode="1">B_128548282316</MOID>
    <Currency>WON</Currency>
    <Goods no="1">
      <SMID>battlebana</SMID>
      <GoodsName urlencode="1">%B9%D9%B3%AA%B3%AA%C3%E6%C0%FC+%285%B0%B3%29</GoodsName>
      <GoodsCntS>1</GoodsCntS>
      <GoodsPrice>2200</GoodsPrice>
    </Goods>
  </GoodsInfo>
  <PaymentInfo>
    <Payment>
      <SessionKey>ANa5dzuy9c3C5tQAVxnJ1qNYci8+rlFDA/PWflw0Uc40CzA6SpPvFoElOSRtP4Rk
TX2e4God8W3MK0Zj1v4zbthBzhCmapInNZOLELGO71mQ7LKV7h/YKDVHuovJR2jh
j1W+2AVf44kVLKcC+mKw5vBgQq5oDeCjeORp5NY3xLc1WvEgtBZWFW8=
</SessionKey>
      <Encrypted>RShRb4uL+tCvFUAgkF+x+whYsSX7r6KKh0wG86sw9nHy/bqfK/ElV+jCsr8OQWA6
Eunk9tIvuCXXverBzKqOgsCrs5auqvL4Y64JjmPz/GtYN1L3QDysV8H29hrleI0F
UwAjdqh34FKoEVa3YYS7TL1maY/VEU8MQfTAMNRU48J/gTxdJ0f7z4hdBsdS9qLC
H+Prwul6vQWN00XhvO5TtQE0Ddri2jmlDVJkrWf4TLCqlaL69GriaIe+RAyrJpXx
6/YVSp+xJK3wYHXQLGScpEsDgkUbbEjNuA5DjMW0Tghlt9Cbaj+2jTOxJC5ucifV
e0MWB+GZyBVxYG0WQLowFBF0q/hpRQCTsKXyP3LS7aXbd9AiyHw6Kv+0NZprRpgk
gvh+mar3AL3CNXAM//oJQFl8VVwcWhtPHUGVWAqCcixPtjP71iMXvQslKH6n2ckk
+kyGr6lyBcu41VL/9kJjFqS6cCzfqZ5HM4IQLJKzTuZzf7q7P+Pc/VbmznbMHJ1V
7Edkpb35l/XuzMU3jRJsBVpSlcsHvgqiPXoz10FkXMAMxL3hFG75HVcxgxv+VZBd
3Uno6kzFNRNi8VYHRIpi2FZp8JSCLJukrJbAUBaJEJxY1CEphrda7ZfabnhRE5yI
AwhyxdfRKUMfycss4AkFlj9S3vhoT3GuWIaSHd2hp+9G45eUwwY98guRoznND0m3
KvSoZpWHByLn3fjNqZhlti1G/19Z3XgmQ7RVLeSp715qR+WOkLa03qaMR9cI3rXa
IXNHCgAYzX+XW9RrZde1ISDPv+6jhbI5XuF+WhAU2z08N0n7AZ2CuyiYC9IqjFDr
uHbVn31l7kJJa2E6boWwNVJ2sPy1aSlHZs4/6yW+5zjbDmA7wDjfp8TpfFELOobX
s5e5sXTgrPsmsxHGaS2nPhI58PNlpdtWNrhZnfj+AksbRsoo/+NdFWaed9gCSWBY
O/CnvxQimDgp+/z97OTych/K+wxydXHnpj6BfGXO/MjcIF284V/aCbiZZEU8ig2c
esGp6FBLCiaswNYVc1wyXJJCa8MKYDzk1unvDiZqXlxd+ZpORG+BEdhDkfJE58pn
81i2wkwlMeOyk6xp5Qay3IuaIvbZZ3Fgfet6fWR2S3PLiWHmW7ghA8yXOFt/V8RF
uKDx3CAcclyJX4gwl+/z46FjLmDowVxQyAsc6N/I/uo41K15GCMufLWmv/kX/Es4
b1LtuONY/58Ti9Ycu2lW0W5yyrQONVN4syFajvegE+v8tXqTGKgax1xnssOMMgQ7
</Encrypted>
      <PayMethod>Card</PayMethod>
      <ResultCode>120000</ResultCode>
      <ResultMsg urlencode="1">%C1%A4%BB%F3%C3%B3%B8%AE%B5%C7%BE%FA%BD%C0%B4%CF%B4%D9.</ResultMsg>
    </Payment>
  </PaymentInfo>
  <ManageInfo>
    <EventCode></EventCode>
    <OrgCurrency></OrgCurrency>
    <ExchangeRate></ExchangeRate>
    <OrgPrice></OrgPrice>
  </ManageInfo>
  <ReservedInfo>
    <MReserved1 urlencode="1"></MReserved1>
    <MReserved2 urlencode="1"></MReserved2>
    <MReserved3 urlencode="1"></MReserved3>
    <PGReserved1 urlencode="1"></PGReserved1>
    <PGReserved2 urlencode="1"></PGReserved2>
    <PGReserved3 urlencode="1"></PGReserved3>
  </ReservedInfo>
</INIpay>
DaRtvI8a4mNQh17cxsEb/uJSZxKHMyfjqmAvd7/yu4XxM17xHp5YDza2pGGx7FpK
BioJ9TGb8hQCtu9GhAPvS5rbiDhL8OpKaL4C8mw7yql/G36rz1ocdYwioSlSBc8A
OEMaEpPRANgSz7KkWfvC0YXYt3QaDf1X7n1x70FBGRY=
]
INFO	[2010-09-26 15:34:55:247] <27897> VERIFY OK
INFO	[2010-09-26 15:34:55:247] <27897> PARSE HEAD OK
INFO	[2010-09-26 15:34:55:249] <27897> PARSE BODY OK
INFO	[2010-09-26 15:34:55:253] <27897> DECRYPT OK
DEBUG	[2010-09-26 15:34:55:253] <27897> DECRYPT MSG:[<?xml version="1.0" encoding="UTF-8"?>
<PaymentInfo>
  <Payment>
    <Card>
      <CARD_ApplPrice>2200</CARD_ApplPrice>
      <CARD_Num>402857077116</CARD_Num>
      <CARD_Expire></CARD_Expire>
      <CARD_Code>04</CARD_Code>
      <CARD_BankCode>00</CARD_BankCode>
      <CARD_Quota>00</CARD_Quota>
      <CARD_Interest>0</CARD_Interest>
      <CARD_Point></CARD_Point>
      <CARD_AuthType>99</CARD_AuthType>
      <CARD_RegNum></CARD_RegNum>
      <CARD_ApplDate>20100926</CARD_ApplDate>
      <CARD_ApplTime>153457</CARD_ApplTime>
      <CARD_ApplNum>00482125</CARD_ApplNum>
      <CARD_TerminalNum>0197727000</CARD_TerminalNum>
      <CARD_MemberNum></CARD_MemberNum>
      <CARD_PurchaseCode></CARD_PurchaseCode>
      <CARD_ResultCode>120000</CARD_ResultCode>
      <CARD_ResultMsg urlencode="1">%C1%A4%BB%F3%C3%B3%B8%AE%B5%C7%BE%FA%BD%C0%B4%CF%B4%D9.</CARD_ResultMsg>
      <CARD_PrtcCode>1</CARD_PrtcCode>
    </Card>
  </Payment>
</PaymentInfo>]
INFO	[2010-09-26 15:34:55:254] <27897> DECRYPT PARSE OK
INFO	[2010-09-26 15:34:55:254] <27897> WAIT ACK INVOKING
DEBUG	[2010-09-26 15:34:55:254] <27897> MAKE HEAD OK
INFO	[2010-09-26 15:34:55:258] <27897> SUCCESS ACK INVOKING
INFO	[2010-09-26 15:34:55:258] <27897> END securepay 정상처리되었습니다. Laptime:[1.2sec]
INFO	[2010-09-26 15:34:55:258] <27897> ===============================================================
