************************************************ID_MERCHANT : 
NO_TID : 
NO_OID : 
NO_VACCT : 
AMT_INPUT : 
NM_INPUTBANK : 
NM_INPUT : 
************************************************************************************************ID_MERCHANT : battlebana
NO_TID : IniTechPG_battlebana20100710002416233883
NO_OID : B_127868887793
NO_VACCT : 45549012207061
AMT_INPUT : 0000000017600
NM_INPUTBANK : __테스트__
NM_INPUT : 홍길동
************************************************************************************************ID_MERCHANT : battlebana
NO_TID : IniTechPG_battlebana20100710003044690408
NO_OID : B_127868926953
NO_VACCT : 45549012207061
AMT_INPUT : 0000000572000
NM_INPUTBANK : __테스트__
NM_INPUT : 홍길동
************************************************************************************************ID_MERCHANT : battlebana
NO_TID : IniTechPG_battlebana20100710022829680405
NO_OID : I_127869623355
NO_VACCT : 45549012207061
AMT_INPUT : 0000000212100
NM_INPUTBANK : __테스트__
NM_INPUT : 홍길동
************************************************************************************************ID_MERCHANT : battlebana
NO_TID : IniTechPG_battlebana20100710030456084260
NO_OID : I_127869829937
NO_VACCT : 45549012207061
AMT_INPUT : 0000000007300
NM_INPUTBANK : __테스트__
NM_INPUT : 홍길동
************************************************************************************************ID_MERCHANT : battlebana
NO_TID : IniTechPG_battlebana20100710170419232905
NO_OID : I_127874406896
NO_VACCT : 26242994818016
AMT_INPUT : 0000000279300
NM_INPUTBANK : __테스트__
NM_INPUT : 홍길동
************************************************************************************************ID_MERCHANT : battlebana
NO_TID : IniTechPG_battlebana20100710171914455918
NO_OID : I_127874373282
NO_VACCT : 26242994818016
AMT_INPUT : 0000000003060
NM_INPUTBANK : __테스트__
NM_INPUT : 홍길동
************************************************************************************************ID_MERCHANT : battlebana
NO_TID : IniTechPG_battlebana20100710172316845834
NO_OID : B_127874998430
NO_VACCT : 26242994818016
AMT_INPUT : 0000000022000
NM_INPUTBANK : __테스트__
NM_INPUT : 홍길동
************************************************************************************************ID_MERCHANT : battlebana
NO_TID : IniTechPG_battlebana20100710173527758910
NO_OID : B_127875016185
NO_VACCT : 26242994818016
AMT_INPUT : 0000000044000
NM_INPUTBANK : __테스트__
NM_INPUT : 홍길동
************************************************************************************************ID_MERCHANT : battlebana
NO_TID : IniTechPG_battlebana20100710175537758993
NO_OID : B_127875189620
NO_VACCT : 45549012207061
AMT_INPUT : 0000000030800
NM_INPUTBANK : __테스트__
NM_INPUT : 홍길동
************************************************************************************************ID_MERCHANT : battlebana
NO_TID : IniTechPG_battlebana20100711010313651581
NO_OID : B_127877747873
NO_VACCT : 26242994818016
AMT_INPUT : 0000000015400
NM_INPUTBANK : __테스트__
NM_INPUT : 홍길동
************************************************************************************************ID_MERCHANT : battlebana
NO_TID : IniTechPG_battlebana20100711194915665035
NO_OID : B_127884514854
NO_VACCT : 01445264090980
AMT_INPUT : 0000000002200
NM_INPUTBANK : __테스트__
NM_INPUT : 홍길동
************************************************************************************************ID_MERCHANT : battlebana
NO_TID : IniTechPG_battlebana20100713132525680909
NO_OID : I_127899482889
NO_VACCT : 32829345118874
AMT_INPUT : 0000000601300
NM_INPUTBANK : __테스트__
NM_INPUT : 홍길동
************************************************************************************************ID_MERCHANT : battlebana
NO_TID : IniTechPG_battlebana20100713170444236412
NO_OID : B_127900807073
NO_VACCT : 01442564342438
AMT_INPUT : 0000000006600
NM_INPUTBANK : __테스트__
NM_INPUT : 홍길동
************************************************************************************************ID_MERCHANT : battlebana
NO_TID : IniTechPG_battlebana20100717214210680932
NO_OID : B_127936985854
NO_VACCT : 01442564342438
AMT_INPUT : 0000000022000
NM_INPUTBANK : __테스트__
NM_INPUT : 홍길동
************************************************************************************************ID_MERCHANT : battlebana
NO_TID : IniTechPG_battlebana20100717214336876890
NO_OID : B_127937030181
NO_VACCT : 01442564342438
AMT_INPUT : 0000000022000
NM_INPUTBANK : __테스트__
NM_INPUT : 홍길동
************************************************************************************************ID_MERCHANT : battlebana
NO_TID : IniTechPG_battlebana20100717214734665352
NO_OID : B_127937066167
NO_VACCT : 45549012207061
AMT_INPUT : 0000000022000
NM_INPUTBANK : __테스트__
NM_INPUT : 홍길동
************************************************************************************************ID_MERCHANT : battlebana
NO_TID : IniTechPG_battlebana20100717214942651701
NO_OID : B_127937078129
NO_VACCT : 45549012207061
AMT_INPUT : 0000000026400
NM_INPUTBANK : __테스트__
NM_INPUT : 홍길동
************************************************************************************************ID_MERCHANT : battlebana
NO_TID : IniTechPG_battlebana20100717214210680932
NO_OID : B_127936985854
NO_VACCT : 01442564342438
AMT_INPUT : 0000000022000
NM_INPUTBANK : __테스트__
NM_INPUT : 홍길동
************************************************************************************************ID_MERCHANT : battlebana
NO_TID : IniTechPG_battlebana20100717214336876890
NO_OID : B_127937030181
NO_VACCT : 01442564342438
AMT_INPUT : 0000000022000
NM_INPUTBANK : __테스트__
NM_INPUT : 홍길동
************************************************************************************************ID_MERCHANT : battlebana
NO_TID : IniTechPG_battlebana20100717214210680932
NO_OID : B_127936985854
NO_VACCT : 01442564342438
AMT_INPUT : 0000000022000
NM_INPUTBANK : __테스트__
NM_INPUT : 홍길동
************************************************************************************************ID_MERCHANT : battlebana
NO_TID : IniTechPG_battlebana20100717214336876890
NO_OID : B_127937030181
NO_VACCT : 01442564342438
AMT_INPUT : 0000000022000
NM_INPUTBANK : __테스트__
NM_INPUT : 홍길동
************************************************************************************************ID_MERCHANT : battlebana
NO_TID : IniTechPG_battlebana20100717222409680007
NO_OID : I_127937284199
NO_VACCT : 01442564342438
AMT_INPUT : 0000000218500
NM_INPUTBANK : __테스트__
NM_INPUT : 홍길동
************************************************************************************************ID_MERCHANT : battlebana
NO_TID : IniTechPG_battlebana20100717214210680932
NO_OID : B_127936985854
NO_VACCT : 01442564342438
AMT_INPUT : 0000000022000
NM_INPUTBANK : __테스트__
NM_INPUT : 홍길동
************************************************************************************************ID_MERCHANT : battlebana
NO_TID : IniTechPG_battlebana20100717214336876890
NO_OID : B_127937030181
NO_VACCT : 01442564342438
AMT_INPUT : 0000000022000
NM_INPUTBANK : __테스트__
NM_INPUT : 홍길동
************************************************************************************************ID_MERCHANT : battlebana
NO_TID : IniTechPG_battlebana20100717214210680932
NO_OID : B_127936985854
NO_VACCT : 01442564342438
AMT_INPUT : 0000000022000
NM_INPUTBANK : __테스트__
NM_INPUT : 홍길동
************************************************************************************************ID_MERCHANT : battlebana
NO_TID : IniTechPG_battlebana20100717214336876890
NO_OID : B_127937030181
NO_VACCT : 01442564342438
AMT_INPUT : 0000000022000
NM_INPUTBANK : __테스트__
NM_INPUT : 홍길동
************************************************************************************************ID_MERCHANT : battlebana
NO_TID : IniTechPG_battlebana20100717214210680932
NO_OID : B_127936985854
NO_VACCT : 01442564342438
AMT_INPUT : 0000000022000
NM_INPUTBANK : __테스트__
NM_INPUT : 홍길동
************************************************************************************************ID_MERCHANT : battlebana
NO_TID : IniTechPG_battlebana20100717214336876890
NO_OID : B_127937030181
NO_VACCT : 01442564342438
AMT_INPUT : 0000000022000
NM_INPUTBANK : __테스트__
NM_INPUT : 홍길동
************************************************************************************************ID_MERCHANT : battlebana
NO_TID : IniTechPG_battlebana20100717214210680932
NO_OID : B_127936985854
NO_VACCT : 01442564342438
AMT_INPUT : 0000000022000
NM_INPUTBANK : __테스트__
NM_INPUT : 홍길동
************************************************************************************************ID_MERCHANT : battlebana
NO_TID : IniTechPG_battlebana20100717214336876890
NO_OID : B_127937030181
NO_VACCT : 01442564342438
AMT_INPUT : 0000000022000
NM_INPUTBANK : __테스트__
NM_INPUT : 홍길동
************************************************************************************************ID_MERCHANT : battlebana
NO_TID : IniTechPG_battlebana20100717214210680932
NO_OID : B_127936985854
NO_VACCT : 01442564342438
AMT_INPUT : 0000000022000
NM_INPUTBANK : __테스트__
NM_INPUT : 홍길동
************************************************************************************************ID_MERCHANT : battlebana
NO_TID : IniTechPG_battlebana20100717214336876890
NO_OID : B_127937030181
NO_VACCT : 01442564342438
AMT_INPUT : 0000000022000
NM_INPUTBANK : __테스트__
NM_INPUT : 홍길동
************************************************************************************************ID_MERCHANT : battlebana
NO_TID : IniTechPG_battlebana20100717214210680932
NO_OID : B_127936985854
NO_VACCT : 01442564342438
AMT_INPUT : 0000000022000
NM_INPUTBANK : __테스트__
NM_INPUT : 홍길동
************************************************************************************************ID_MERCHANT : battlebana
NO_TID : IniTechPG_battlebana20100717214336876890
NO_OID : B_127937030181
NO_VACCT : 01442564342438
AMT_INPUT : 0000000022000
NM_INPUTBANK : __테스트__
NM_INPUT : 홍길동
************************************************************************************************ID_MERCHANT : battlebana
NO_TID : IniTechPG_battlebana20100717214210680932
NO_OID : B_127936985854
NO_VACCT : 01442564342438
AMT_INPUT : 0000000022000
NM_INPUTBANK : __테스트__
NM_INPUT : 홍길동
************************************************************************************************ID_MERCHANT : battlebana
NO_TID : IniTechPG_battlebana20100717214336876890
NO_OID : B_127937030181
NO_VACCT : 01442564342438
AMT_INPUT : 0000000022000
NM_INPUTBANK : __테스트__
NM_INPUT : 홍길동
************************************************************************************************ID_MERCHANT : battlebana
NO_TID : IniTechPG_battlebana20100802162947680708
NO_OID : I_128073371992
NO_VACCT : 01442564342438
AMT_INPUT : 0000000005200
NM_INPUTBANK : __테스트__
NM_INPUT : 홍길동
************************************************************************************************ID_MERCHANT : battlebana
NO_TID : IniTechPG_battlebana20100802163032697804
NO_OID : I_128073393330
NO_VACCT : 01442564342438
AMT_INPUT : 0000001263000
NM_INPUTBANK : __테스트__
NM_INPUT : 홍길동
************************************************************************************************ID_MERCHANT : battlebana
NO_TID : IniTechPG_battlebana20100802163054886034
NO_OID : I_128073405941
NO_VACCT : 01442564342438
AMT_INPUT : 0000000003320
NM_INPUTBANK : __테스트__
NM_INPUT : 홍길동
************************************************