INFO	[2010-07-14 18:13:18:383] <31444> START INIPHP cancel (V5030-091216)(OS:Linux2.6.18-164.15.1.el5PAE,PHP:5.2.0)
DEBUG	[2010-07-14 18:13:18:383] <31444> inipayhome:/home/banana/public_html/INIpay50
DEBUG	[2010-07-14 18:13:18:383] <31444> type:cancel
DEBUG	[2010-07-14 18:13:18:383] <31444> debug:true
DEBUG	[2010-07-14 18:13:18:383] <31444> mid:battlebana
DEBUG	[2010-07-14 18:13:18:383] <31444> admin:1111
DEBUG	[2010-07-14 18:13:18:383] <31444> tid:INIphpCARDbattlebana20100711032755163488
DEBUG	[2010-07-14 18:13:18:383] <31444> cancelmsg:
INFO	[2010-07-14 18:13:18:383] <31444> Check Field OK
INFO	[2010-07-14 18:13:18:383] <31444> PI PUB KEY LOAD OK []
INFO	[2010-07-14 18:13:18:383] <31444> PG PUB KEY LOAD OK [30]
INFO	[2010-07-14 18:13:18:383] <31444> MERCHANT PRIV KEY LOAD OK
INFO	[2010-07-14 18:13:18:384] <31444> MERCHANT PUB KEY LOAD OK [0]
DEBUG	[2010-07-14 18:13:18:384] <31444> MAKE ENCRYPT OK[<?xml version="1.0" encoding="UTF-8"?>
<CancelInfo>
	  <CancelTID>INIphpCARDbattlebana20100711032755163488</CancelTID>
	  <CancelMsg/></CancelInfo>]
INFO	[2010-07-14 18:13:18:385] <31444> MAKE BODY OK
INFO	[2010-07-14 18:13:18:387] <31444> SIGN OK
INFO	[2010-07-14 18:13:18:387] <31444> MAKE HEAD OK
INFO	[2010-07-14 18:13:18:387] <31444> MSG_TO_PG:[0082000175D SHA1                   0                                      300420battlebana                    INIphpCARDbattlebana20100711032755163488<?xml version="1.0" encoding="UTF-8"?>
<INIpay>
	  <CancelInfo>
	    <SessionKey>rA79cy4xtWoDp3aN2iRclxsByPfnu65U8bhZvNCzYo5ofLaMwrjLfXKP869qq/aI
iwpiY2wULHvOuBgkREEVVSUK1eHcXNZQD3rMR3nKVIwJaRnid3F9/sZEhgJkDVEB
z9qcKLxcRui08jNU5u09Zpz1NfpAe0zpkt3QIQV41UR0K7FmVpHgsA==
</SessionKey>
	    <Encrypted>NfVAZujBgi1BdobsKvL+/mVVLt+ysUalN7oLCyOnZY+KWqCP/pwASGjNOYaVrHRc
1MLuSUV3vjO3VZkFNN1MXyBzndgzSunAjsVoPic6YT9HpOTSbl+DryfpBiLwRnW3
xrzgz+rMw1lXP7pQmm7uAOfGS25oYRtVADjgQBG5ve2Npdipcj5r3Y4+uWOQ5B9F
0Qdc2uqYj8o=
</Encrypted></CancelInfo>
	  <ReservedInfo>
	    <MReserved1/>
	    <MReserved2/>
	    <MReserved3/></ReservedInfo>
	  <ManageInfo>
	    <Language/>
	    <URL/>
	    <TXVersion>5030B091216canceLinux     PHPchkfake   2.6.18-164.15.1.el5PAEPHP:5.2.</TXVersion>
	    <TXUserID/>
	    <TXRegNum/></ManageInfo></INIpay>ALdDUBoqruOdcMDwZMA+ThCvFiU+WaHUN36sd59WkTLUzckcFRg4qwmdDmVMAcZh
xUoN6zzsMYEiBtzDcAKOCftJRcDiZ4aMjWY8ZPYy/vRF2uutw15E7oPjmyAdNSkE
1n+z58Pk+pHQSem0PNKBKvDFkO00h115X0DVWfL007w3
]
INFO	[2010-07-14 18:13:18:390] <31444> DNS LOOKUP OK(pg.inicis.com:203.238.37.3:34049) laptime:0
INFO	[2010-07-14 18:13:18:394] <31444> SOCKET CONNECT OK
INFO	[2010-07-14 18:13:18:394] <31444> SEND OK
INFO	[2010-07-14 18:13:18:511] <31444> RECV OK
INFO	[2010-07-14 18:13:18:511] <31444> MSG_FROM_PG:[0115800175D SHA1                   0                                      300430battlebana                    INIphpCARDbattlebana20100711032755163488<?xml version="1.0" encoding="UTF-8"?>
<INIpay>
  <CancelInfo>
    <ResultCode>120000</ResultCode>
    <ResultMsg urlencode="1">%C1%A4%BB%F3%C3%B3%B8%AE%B5%C7%BE%FA%BD%C0%B4%CF%B4%D9.</ResultMsg>
    <SessionKey>ABijvDn2e8x9MapG2GcOaCfLlcM5xfvJvNgfq03aUW4h9KNQK+ynb+8qQxsrYQNd
wO8PnjlbLiAEkzvyN+iCE3RHR7lgNbbwv/GD1jYAE4mv8H4sGbKAvvqCj7U8wiTr
HKueDQBLlrV3XTxmKjG+ySkN1Ul+p7a7cySqh+zXc2KiQ2wakXgWPq0=
</SessionKey>
    <Encrypted>CWAUl2KK5suPkP533iQZ5j+DRLlbFYxVszkZKVfV/J9GtyrckAZbwJWiGEI1JTcL
F8nc4Hf45SvbUIM8JGvN2LV8io1lh6sIzlHcFN5iPjdFmQgzagiKvltx4n+Vici2
2TJFQDVlJploJUnvf5GNO7ip9inGJ5CdDbZTKWXms8f+PsPOhBM65lA+6yF/jEPX
tb6MWQ3P2+HHEurKEoeK2UTlqHaolFumuFaSSvfNq1Dv7zbO52peaqsXSlEgOfAR
pjJE9UIlHN69jhRJd/+Y//o5H5ScB29KRHBSqm5A0klGxSKCPrjYEulilAZJwfbn
WqytANJuz+dyDkUR8tH7jAk+Zep5PHxhzg3/nKhMykA=
</Encrypted>
  </CancelInfo>
  <ManageInfo/>
  <ReservedInfo>
    <MReserved1 urlencode="1"></MReserved1>
    <MReserved2 urlencode="1"></MReserved2>
    <MReserved3 urlencode="1"></MReserved3>
    <PGReserved1 urlencode="1"></PGReserved1>
    <PGReserved2 urlencode="1"></PGReserved2>
    <PGReserved3 urlencode="1"></PGReserved3>
  </ReservedInfo>
</INIpay>
ZU9JrP+EDDkXeezOmfOr0ITUKjm3esPBWiK9l8xX9XT9jWdr9H1F0lV5p6M21214
PMy66mRvu3jOppJTT+FmdBFlJqSfTggqa0DF9Mtt6wagfuGEDZ4IabEV20hhG71Y
+FR3QhgVDjkcJlVCOyn/+fEG1kKhJQo4iR7XAXCIKkg=
]
INFO	[2010-07-14 18:13:18:511] <31444> VERIFY OK
INFO	[2010-07-14 18:13:18:511] <31444> PARSE HEAD OK
INFO	[2010-07-14 18:13:18:512] <31444> PARSE BODY OK
INFO	[2010-07-14 18:13:18:515] <31444> DECRYPT OK
DEBUG	[2010-07-14 18:13:18:515] <31444> DECRYPT MSG:[<?xml version="1.0" encoding="UTF-8"?>
<CancelInfo>
  <CancelDate>20100714</CancelDate>
  <CancelTime>181540</CancelTime>
  <ResultCode>120000</ResultCode>
  <ResultMsg urlencode="1">%C1%A4%BB%F3%C3%B3%B8%AE%B5%C7%BE%FA%BD%C0%B4%CF%B4%D9.</ResultMsg>
</CancelInfo>]
INFO	[2010-07-14 18:13:18:516] <31444> DECRYPT PARSE OK
INFO	[2010-07-14 18:13:18:516] <31444> END cancel 정상처리되었습니다. Laptime:[0.14sec]
INFO	[2010-07-14 18:13:18:516] <31444> ===============================================================
