INFO	[2010-07-21 15:16:49:528] <29949> START INIPHP chkfake (V5030-091216)(OS:Linux2.6.18-164.15.1.el5PAE,PHP:5.2.0)
DEBUG	[2010-07-21 15:16:49:528] <29949> inipayhome:/home/banana/public_html/INIpay50/
DEBUG	[2010-07-21 15:16:49:528] <29949> type:chkfake
DEBUG	[2010-07-21 15:16:49:528] <29949> debug:true
DEBUG	[2010-07-21 15:16:49:528] <29949> enctype:asym
DEBUG	[2010-07-21 15:16:49:528] <29949> admin:1111
DEBUG	[2010-07-21 15:16:49:528] <29949> checkopt:false
DEBUG	[2010-07-21 15:16:49:528] <29949> mid:battlebana
DEBUG	[2010-07-21 15:16:49:528] <29949> price:13200
DEBUG	[2010-07-21 15:16:49:528] <29949> nointerest:no
DEBUG	[2010-07-21 15:16:49:528] <29949> quotabase:선택:일시불:2개월:3개월:6개월
INFO	[2010-07-21 15:16:49:528] <29949> Check Field OK
INFO	[2010-07-21 15:16:49:529] <29949> MERCHANT PRIV KEY LOAD OK
INFO	[2010-07-21 15:16:49:529] <29949> MERCHANT PUB KEY LOAD OK []
INFO	[2010-07-21 15:16:49:532] <29949> CHKFAKE KEY MAKE OK:MjAxMDA3MjExNTE2NDk1Mjk5MzAxNQ==

INFO	[2010-07-21 15:16:49:532] <29949> END chkfake  Laptime:[0sec]
INFO	[2010-07-21 15:16:49:532] <29949> ===============================================================
INFO	[2010-07-21 15:17:14:761] <6901> START INIPHP chkfake (V5030-091216)(OS:Linux2.6.18-164.15.1.el5PAE,PHP:5.2.0)
DEBUG	[2010-07-21 15:17:14:761] <6901> inipayhome:/home/banana/public_html/INIpay50/
DEBUG	[2010-07-21 15:17:14:761] <6901> type:chkfake
DEBUG	[2010-07-21 15:17:14:761] <6901> debug:true
DEBUG	[2010-07-21 15:17:14:761] <6901> enctype:asym
DEBUG	[2010-07-21 15:17:14:761] <6901> admin:1111
DEBUG	[2010-07-21 15:17:14:761] <6901> checkopt:false
DEBUG	[2010-07-21 15:17:14:761] <6901> mid:battlebana
DEBUG	[2010-07-21 15:17:14:761] <6901> price:26400
DEBUG	[2010-07-21 15:17:14:761] <6901> nointerest:no
DEBUG	[2010-07-21 15:17:14:761] <6901> quotabase:선택:일시불:2개월:3개월:6개월
INFO	[2010-07-21 15:17:14:761] <6901> Check Field OK
INFO	[2010-07-21 15:17:14:761] <6901> MERCHANT PRIV KEY LOAD OK
INFO	[2010-07-21 15:17:14:761] <6901> MERCHANT PUB KEY LOAD OK []
INFO	[2010-07-21 15:17:14:764] <6901> CHKFAKE KEY MAKE OK:MjAxMDA3MjExNTE3MTQ3NjEyNzIzOA==

INFO	[2010-07-21 15:17:14:764] <6901> END chkfake  Laptime:[0sec]
INFO	[2010-07-21 15:17:14:764] <6901> ===============================================================
