INFO	[2010-11-27 22:40:01:793] <4712> START INIPHP chkfake (V5030-091216)(OS:Linux2.6.18-164.15.1.el5PAE,PHP:5.2.0)
DEBUG	[2010-11-27 22:40:01:793] <4712> inipayhome:/home/banana/public_html/INIpay50/
DEBUG	[2010-11-27 22:40:01:793] <4712> type:chkfake
DEBUG	[2010-11-27 22:40:01:793] <4712> debug:true
DEBUG	[2010-11-27 22:40:01:793] <4712> enctype:asym
DEBUG	[2010-11-27 22:40:01:793] <4712> admin:1111
DEBUG	[2010-11-27 22:40:01:793] <4712> checkopt:false
DEBUG	[2010-11-27 22:40:01:793] <4712> mid:battlebana
DEBUG	[2010-11-27 22:40:01:793] <4712> price:7490
DEBUG	[2010-11-27 22:40:01:793] <4712> nointerest:no
DEBUG	[2010-11-27 22:40:01:793] <4712> quotabase:선택:일시불:2개월:3개월:6개월
INFO	[2010-11-27 22:40:01:793] <4712> Check Field OK
INFO	[2010-11-27 22:40:01:793] <4712> MERCHANT PRIV KEY LOAD OK
INFO	[2010-11-27 22:40:01:793] <4712> MERCHANT PUB KEY LOAD OK []
INFO	[2010-11-27 22:40:01:797] <4712> CHKFAKE KEY MAKE OK:MjAxMDExMjcyMjQwMDE3OTQxMDQ4MQ==

INFO	[2010-11-27 22:40:01:797] <4712> END chkfake  Laptime:[0.01sec]
INFO	[2010-11-27 22:40:01:797] <4712> ===============================================================
INFO	[2010-11-27 22:41:15:937] <9057> START INIPHP securepay (V5030-091216)(OS:Linux2.6.18-164.15.1.el5PAE,PHP:5.2.0)
DEBUG	[2010-11-27 22:41:15:937] <9057> inipayhome:/home/banana/public_html/INIpay50/
DEBUG	[2010-11-27 22:41:15:937] <9057> type:securepay
DEBUG	[2010-11-27 22:41:15:937] <9057> pgid:INIphpISP_
DEBUG	[2010-11-27 22:41:15:937] <9057> subpgip:203.238.3.10
DEBUG	[2010-11-27 22:41:15:937] <9057> admin:1111
DEBUG	[2010-11-27 22:41:15:937] <9057> debug:true
DEBUG	[2010-11-27 22:41:15:937] <9057> uid:
DEBUG	[2010-11-27 22:41:15:937] <9057> goodname:애플 아이팟 Nano 8G (6세대)
DEBUG	[2010-11-27 22:41:15:937] <9057> currency:WON
DEBUG	[2010-11-27 22:41:15:937] <9057> mid:battlebana
DEBUG	[2010-11-27 22:41:15:937] <9057> rn:MjAxMDExMjcyMjQwMDE3OTQxMDQ4MQ==

DEBUG	[2010-11-27 22:41:15:937] <9057> price:7490
DEBUG	[2010-11-27 22:41:15:937] <9057> enctype:
DEBUG	[2010-11-27 22:41:15:937] <9057> buyername:홍석찬
DEBUG	[2010-11-27 22:41:15:937] <9057> buyertel:010-4713-5179
DEBUG	[2010-11-27 22:41:15:937] <9057> buyeremail:piscean@snu.ac.kr
DEBUG	[2010-11-27 22:41:15:937] <9057> paymethod:VCard
DEBUG	[2010-11-27 22:41:15:937] <9057> encrypted:Version=4.1&PayMethod=VCard&RsaKeyNum=1&EncryptionAlgorithm=NONE&SignAlgorithm=SHA1WithRSAEncryption&CertVer=39&moid=I_129086520181&ver_trace=main(6035,6025)nvcard(6017)ncard(6032,6029)net(6008)Cons(6012)Dat(6002)Par(6002)Conf(6020)Fve(0000)Lan(6056)Res(6024)Ver(6006)P&pg1=211.219.96.180&pg2=203.238.37.3&pg1ip=211.219.96.180&pg2ip=203.238.37.3&rn=3/jEtW0/BAZd1D6B2M0PAJGrvulxjAaW60oyNLaSizo=
&VCode=000100110717121&VQuota=00&VNoint=0&ip=211.44.34.70&mac=90FBA641B17A&cardpoint=9&custemail=piscean@snu.ac.kr&price=4uDsrkVGdkopjnub+tIuGLKwnbZZ5Wc=
&encisp=0&pgnoint=0&VKBPoint=&VSessionKey=pXmp0rx0M7CQWQuYlMdFxj8k%2btAA1rGBcrNUrBIQ42z%2bE4PjttQdSfSAF0yarJEV%0d%0amKu%2bGk9gOnpCOKQ3At7rXqXddBdzPnhET4qMGqWryrCdi3ZsGdrMqry3at9dXEQr%0d%0aLezUUe6l5Y02AE%2bMd4eUftqoyEKkkTCXhJgwera%2bGIk%3d%0d%0a&Data=Version%3d1.0%26KeyFlag%3d1%26KeyNum%3d1%26EncryptAlgorithm%3dSEED%2dCBC%26SignAlgorithm%3dSHA1%26Data%3dewgazvY87%252bCe5LB9JPace0B5t95yS0FMNnXIN%252byAdIIR%2f%252brHcdlS%2fX0RA4jGccW0%250amNQNp1FyQqol3e6zKYGSe0MoYwNN2XlUD3iOmcGILWYjviXvu%2f7BdB9MhzZYnoQ%252b%250axvEheG6qy16k3rhyx7Znn9QMO3uY9vv9J8FM%2ffEP8Z9mRrbwOPQO2n7aKXle%252bEua%250aNUkWflVIt%2fRIGRVH4ckH0Z71Ul%2fCzMvN2DQRoHfC7Zs74cCaUXBEBBbQHVzLzgWo%250awwoCQhR1XhuaI9HpZ4Cwrdok%252b8FhqE8nIKwE50fPmqYzI2ma01azoO3b9vWNnpxn%250aqlm%252b8fn%2frI1rFc%2f7A%252bVUrKXE5yx0O31RA4hioSClGTJJcGmDDzFO6ABVMskMMvD4%250a%252b4%252bgkA20kI47mCXvB4XQKCyJKZjsCKIg4sNJ7eH%2fvMRikZ%2fMuD8f6K383gFbxSa3%250apoW%252bozhjIVYtSgYE8jP0EA%253d%253d%250a%26PubCert%3dNOT&ts=101127224118e16qQYaS22HVyzUDLLSmww009517&src_flg=0&OSv=IE8_WinVista 6.01.7600 Home Edition <notray:J> [battlebana] (61_40secunissl)&ip2=211.44.34.70
DEBUG	[2010-11-27 22:41:15:937] <9057> sessionkey:VCard
DEBUG	[2010-11-27 22:41:15:937] <9057> url:http://www.battlebanana.com
DEBUG	[2010-11-27 22:41:15:937] <9057> cardcode:11
DEBUG	[2010-11-27 22:41:15:937] <9057> parentemail:
DEBUG	[2010-11-27 22:41:15:937] <9057> recvname:
DEBUG	[2010-11-27 22:41:15:937] <9057> recvtel:
DEBUG	[2010-11-27 22:41:15:937] <9057> recvaddr:
DEBUG	[2010-11-27 22:41:15:937] <9057> recvpostnum:
DEBUG	[2010-11-27 22:41:15:937] <9057> recvmsg:
DEBUG	[2010-11-27 22:41:15:937] <9057> joincard:
DEBUG	[2010-11-27 22:41:15:937] <9057> joinexpire:
DEBUG	[2010-11-27 22:41:15:937] <9057> id_customer:
INFO	[2010-11-27 22:41:15:937] <9057> Check Field OK
INFO	[2010-11-27 22:41:15:937] <9057> Make TID OK INIphpISP_battlebana20101127224115937273
INFO	[2010-11-27 22:41:15:937] <9057> PI PUB KEY LOAD OK [39]
INFO	[2010-11-27 22:41:15:940] <9057> PG PUB KEY LOAD OK [30]
INFO	[2010-11-27 22:41:15:940] <9057> MERCHANT PRIV KEY LOAD OK
INFO	[2010-11-27 22:41:15:941] <9057> MERCHANT PUB KEY LOAD OK [0]
INFO	[2010-11-27 22:41:15:942] <9057> MAKE BODY OK
INFO	[2010-11-27 22:41:15:945] <9057> SIGN OK
INFO	[2010-11-27 22:41:15:946] <9057> MAKE HEAD OK
INFO	[2010-11-27 22:41:15:946] <9057> MSG_TO_PG:[0325700175R SHA1                   0                  39                  300200battlebana                7490INIphpISP_battlebana20101127224115937273<?xml version="1.0" encoding="UTF-8"?>
<INIpay>
	  <GoodsInfo>
	    <GoodsCnt>1</GoodsCnt>
	    <MOID/>
	    <Currency>WON</Currency>
	    <Goods>
	      <SMID>battlebana</SMID>
	      <GoodsName urlencode="1">%BE%D6%C7%C3+%BE%C6%C0%CC%C6%CC+Nano+8G+%286%BC%BC%B4%EB%29</GoodsName>
	      <GoodsPrice>7490</GoodsPrice></Goods></GoodsInfo>
	  <BuyerInfo>
	    <BuyerName urlencode="1">%C8%AB%BC%AE%C2%F9</BuyerName>
	    <BuyerTel>010-4713-5179</BuyerTel>
	    <BuyerEmail urlencode="1">piscean%40snu.ac.kr</BuyerEmail>
	    <ParentEmail/>
	    <RecvName/>
	    <RecvTel/>
	    <RecvMsg/>
	    <RecvAddr/>
	    <RecvPostNum/></BuyerInfo>
	  <PaymentInfo>
	    <Payment>
	      <PayMethod>VCard</PayMethod>
	      <JoinCard/>
	      <JoinExpire/>
	      <MailOrder/>
	      <SessionKey>VCard</SessionKey>
	      <Encrypted urlencode="1">Version%3D4.1%26PayMethod%3DVCard%26RsaKeyNum%3D1%26EncryptionAlgorithm%3DNONE%26SignAlgorithm%3DSHA1WithRSAEncryption%26CertVer%3D39%26moid%3DI_129086520181%26ver_trace%3Dmain%286035%2C6025%29nvcard%286017%29ncard%286032%2C6029%29net%286008%29Cons%286012%29Dat%286002%29Par%286002%29Conf%286020%29Fve%280000%29Lan%286056%29Res%286024%29Ver%286006%29P%26pg1%3D211.219.96.180%26pg2%3D203.238.37.3%26pg1ip%3D211.219.96.180%26pg2ip%3D203.238.37.3%26rn%3D3%2FjEtW0%2FBAZd1D6B2M0PAJGrvulxjAaW60oyNLaSizo%3D%0D%0A%26VCode%3D000100110717121%26VQuota%3D00%26VNoint%3D0%26ip%3D211.44.34.70%26mac%3D90FBA641B17A%26cardpoint%3D9%26custemail%3Dpiscean%40snu.ac.kr%26price%3D4uDsrkVGdkopjnub%2BtIuGLKwnbZZ5Wc%3D%0D%0A%26encisp%3D0%26pgnoint%3D0%26VKBPoint%3D%26VSessionKey%3DpXmp0rx0M7CQWQuYlMdFxj8k%252btAA1rGBcrNUrBIQ42z%252bE4PjttQdSfSAF0yarJEV%250d%250amKu%252bGk9gOnpCOKQ3At7rXqXddBdzPnhET4qMGqWryrCdi3ZsGdrMqry3at9dXEQr%250d%250aLezUUe6l5Y02AE%252bMd4eUftqoyEKkkTCXhJgwera%252bGIk%253d%250d%250a%26Data%3DVersion%253d1.0%2526KeyFlag%253d1%2526KeyNum%253d1%2526EncryptAlgorithm%253dSEED%252dCBC%2526SignAlgorithm%253dSHA1%2526Data%253dewgazvY87%25252bCe5LB9JPace0B5t95yS0FMNnXIN%25252byAdIIR%252f%25252brHcdlS%252fX0RA4jGccW0%25250amNQNp1FyQqol3e6zKYGSe0MoYwNN2XlUD3iOmcGILWYjviXvu%252f7BdB9MhzZYnoQ%25252b%25250axvEheG6qy16k3rhyx7Znn9QMO3uY9vv9J8FM%252ffEP8Z9mRrbwOPQO2n7aKXle%25252bEua%25250aNUkWflVIt%252fRIGRVH4ckH0Z71Ul%252fCzMvN2DQRoHfC7Zs74cCaUXBEBBbQHVzLzgWo%25250awwoCQhR1XhuaI9HpZ4Cwrdok%25252b8FhqE8nIKwE50fPmqYzI2ma01azoO3b9vWNnpxn%25250aqlm%25252b8fn%252frI1rFc%252f7A%25252bVUrKXE5yx0O31RA4hioSClGTJJcGmDDzFO6ABVMskMMvD4%25250a%25252b4%25252bgkA20kI47mCXvB4XQKCyJKZjsCKIg4sNJ7eH%252fvMRikZ%252fMuD8f6K383gFbxSa3%25250apoW%25252bozhjIVYtSgYE8jP0EA%25253d%25253d%25250a%2526PubCert%253dNOT%26ts%3D101127224118e16qQYaS22HVyzUDLLSmww009517%26src_flg%3D0%26OSv%3DIE8_WinVista+6.01.7600+Home+Edition+%3Cnotray%3AJ%3E+%5Bbattlebana%5D+%2861_40secunissl%29%26ip2%3D211.44.34.70</Encrypted></Payment></PaymentInfo>
	  <ReservedInfo>
	    <MReserved1/>
	    <MReserved2/>
	    <MReserved3/></ReservedInfo>
	  <ManageInfo>
	    <Language/>
	    <URL urlencode="1">http%3A%2F%2Fwww.battlebanana.com</URL>
	    <TXVersion>5030B091216securLinux     PHPchkfake   2.6.18-164.15.1.el5PAEPHP:5.2.</TXVersion>
	    <TXUserID/>
	    <TXRegNum/>
	    <Ack>1</Ack>
	    <TXRN>MjAxMDExMjcyMjQwMDE3OTQxMDQ4MQ==
</TXRN></ManageInfo></INIpay>AK3ZF+khznzghzZlm0DicAvMv+QW5GnHQ4TArIcINJX0YjATxGSW2Ys4hl3laz1I
3Nvkrz3mnEv0wDK83wqTYnrcYngLK51er/WTmryJO4nydZ6MyA4vOAfpMVgMIMqS
j9v3fc/e5snUKizdmGt8izXosFFcliWtQA0V96tyvHey
]
INFO	[2010-11-27 22:41:15:946] <9057> DNS LOOKUP OK(211.219.96.180:211.219.96.180:34049) laptime:0
INFO	[2010-11-27 22:41:15:957] <9057> SOCKET CONNECT OK
INFO	[2010-11-27 22:41:15:958] <9057> SEND OK
INFO	[2010-11-27 22:41:18:2] <9057> RECV OK
INFO	[2010-11-27 22:41:18:2] <9057> MSG_FROM_PG:[0242600175D SHA1                   0                  39                  300210battlebana                7490INIphpISP_battlebana20101127224115937273<?xml version="1.0" encoding="UTF-8"?>
<INIpay>
  <GoodsInfo>
    <GoodsCnt>1</GoodsCnt>
    <MOID urlencode="1">I_129086520181</MOID>
    <Currency>WON</Currency>
    <Goods no="1">
      <SMID>battlebana</SMID>
      <GoodsName urlencode="1">%BE%D6%C7%C3+%BE%C6%C0%CC%C6%CC+Nano+8G+%286%BC%BC%B4%EB%29</GoodsName>
      <GoodsCntS>1</GoodsCntS>
      <GoodsPrice>7490</GoodsPrice>
    </Goods>
  </GoodsInfo>
  <PaymentInfo>
    <Payment>
      <SessionKey>AH8yi4pMgWd5J5MO7X2OXo/f0TBTQtnJD+P7hK6qfDpXczDKIDJVJkbSiNcqDwUf
kMDFw4dErkfRnL6AGOakulLtT9zKR5UJ1hpIs8TDSsxF/b6sHSA/NgMs4spzsYLz
rZnR5ZR7iR7/j/ZdAENcPV2hsvIc45bB3QSpUzXI+4zP5boRlD/CRc0=
</SessionKey>
      <Encrypted>0kSyM/N+OEDK96vuBz37afD81HdTkCh2xs2zBbntMbonojoLErpBdZ3a1gbLEpCd
41WWukTAcgmQOUd/U3fFEF5m7YjocEYRJKSdAFqG4GRuj5xDWN4eFmayJxbGxjVU
WGMFXBuu+Q/ZsUfGZPpeXqQCUYKEAaGk81e/hmjEpkurWz0WmsO5j4b/+c2AA5Pl
tpgQe4wvaLCE1m6o4m/I92YI8d9uN1UdBpBhrBzOcH3dm79iaQedwBTf6RQowlo+
1N6JsfN/g/8+n1UCYD4UkqMVnVpss0VYli1WIZ+GwXGHPxDmA3vSeZ4KszRDp3Qm
igmjcwsWBcuwtWtTj99WY64Xy0OFgZ6Mgd4wA2TqXw38k+0qI4owP44SxgnA/SCe
OIIt6qmwanwq8NfcvtvHHt4igJqRNHdgfURrvTLbffT8LBS3tmQlgSkTDJDB8Mm1
0nHJPXsOiBcE/JSwFlHzCSM8OIGNjTgT442P0Px2zboCwqBnjXOM2Ph3tlSLZ/i/
HIBEDZSYNaMuX5g9dMZ2QrZEOJpSrfhncjB2Gurv/rlkQN/WHe4RMfExRQLFDGeB
a8vf2diXN70K3KTKyvbcscNM+NX1qNxe0p887WRhxEim2aiMyUBYM4Iy5zGaJjHy
tMfmCbPQq6ZK+Ach0+7gQ0ITqyBLaGuNvzrrrVpsPgVkhCDUcN9KnnI7vIGXnR3e
iGWA1wjO2m2z0mYUz7Ek18R0nQvZUyI71rqaA4UCh/C+AX1xF4G356MFq7mXm4TZ
ZgQAIpVqx4SE6ZdgeKzitM3gaY0GCT8mU41QfHluhdg6VVxd08biM3nHaZlT5uib
pjzF3AaqbJTsnLJLoJiqCIBgtqOegvUXm5fOzN+oVCjH5oLwRuc/YNJN8YPcPPzC
hbGbvJ/3AhOgHZFrgnDOtm4b8GbGsgEsVhjdEHJpt5o/w4iy9U7j1TQlbkuj0vQ4
qs8ulAQ040+l/AAj+YAvxCPtKMN1ufDYEGAiQIzDZZ3Y8/9zjn34AojoOjODt9WP
ziJ31GOa+QZIVHwykC6HP9eXw0y52ZGYxAPWpT56UG12W1rPQp1CmQ==
</Encrypted>
      <PayMethod>VCard</PayMethod>
      <ResultCode>170000</ResultCode>
      <ResultMsg urlencode="1">%C1%A4%BB%F3%BF%CF%B7%E1</ResultMsg>
    </Payment>
  </PaymentInfo>
  <ManageInfo>
    <EventCode></EventCode>
    <OrgCurrency></OrgCurrency>
    <ExchangeRate></ExchangeRate>
    <OrgPrice></OrgPrice>
  </ManageInfo>
  <ReservedInfo>
    <MReserved1 urlencode="1"></MReserved1>
    <MReserved2 urlencode="1"></MReserved2>
    <MReserved3 urlencode="1"></MReserved3>
    <PGReserved1 urlencode="1"></PGReserved1>
    <PGReserved2 urlencode="1"></PGReserved2>
    <PGReserved3 urlencode="1"></PGReserved3>
  </ReservedInfo>
</INIpay>
HCCTAbiE7hLrVJEupISuNKa0fasb4cgsVNLQz93A3o7bvas4r424vUDBNR1rDTGh
ihpMaR0DyDw60ETijLzyURklYkMVcEBi1jCvdMbNbGL9JZ9mGqOpqENwz6VpYzka
gzygL38onh+Z0bpxTYt7OY9y5Sl1N/UlLkFzLCWiC/8=
]
INFO	[2010-11-27 22:41:18:2] <9057> VERIFY OK
INFO	[2010-11-27 22:41:18:2] <9057> PARSE HEAD OK
INFO	[2010-11-27 22:41:18:4] <9057> PARSE BODY OK
INFO	[2010-11-27 22:41:18:7] <9057> DECRYPT OK
DEBUG	[2010-11-27 22:41:18:7] <9057> DECRYPT MSG:[<?xml version="1.0" encoding="UTF-8"?>
<PaymentInfo>
  <Payment>
    <VCard>
      <ISP_ApplPrice>7490</ISP_ApplPrice>
      <ISP_BankCode>00</ISP_BankCode>
      <ISP_Quota>00</ISP_Quota>
      <ISP_Interest>0</ISP_Interest>
      <ISP_CardCode>11</ISP_CardCode>
      <ISP_CardNum>94401142****</ISP_CardNum>
      <ISP_Point></ISP_Point>
      <ISP_ApplDate>20101127</ISP_ApplDate>
      <ISP_ApplTime>224121</ISP_ApplTime>
      <ISP_ApplNum>41108136</ISP_ApplNum>
      <ISP_TerminalNum>0197727000</ISP_TerminalNum>
      <ISP_MemberNum></ISP_MemberNum>
      <ISP_PurchaseCode></ISP_PurchaseCode>
      <ISP_ResultCode>170000</ISP_ResultCode>
      <ISP_ResultMsg urlencode="1">%C1%A4%BB%F3%BF%CF%B7%E1</ISP_ResultMsg>
      <ISP_PrtcCode>1</ISP_PrtcCode>
    </VCard>
  </Payment>
</PaymentInfo>]
INFO	[2010-11-27 22:41:18:9] <9057> DECRYPT PARSE OK
INFO	[2010-11-27 22:41:18:9] <9057> WAIT ACK INVOKING
DEBUG	[2010-11-27 22:41:18:9] <9057> MAKE HEAD OK
INFO	[2010-11-27 22:41:18:20] <9057> SUCCESS ACK INVOKING
INFO	[2010-11-27 22:41:18:20] <9057> END securepay 정상완료 Laptime:[2.08sec]
INFO	[2010-11-27 22:41:18:21] <9057> ===============================================================
INFO	[2010-11-27 23:03:50:658] <17463> START INIPHP chkfake (V5030-091216)(OS:Linux2.6.18-164.15.1.el5PAE,PHP:5.2.0)
DEBUG	[2010-11-27 23:03:50:658] <17463> inipayhome:/home/banana/public_html/INIpay50/
DEBUG	[2010-11-27 23:03:50:658] <17463> type:chkfake
DEBUG	[2010-11-27 23:03:50:658] <17463> debug:true
DEBUG	[2010-11-27 23:03:50:658] <17463> enctype:asym
DEBUG	[2010-11-27 23:03:50:658] <17463> admin:1111
DEBUG	[2010-11-27 23:03:50:658] <17463> checkopt:false
DEBUG	[2010-11-27 23:03:50:658] <17463> mid:battlebana
DEBUG	[2010-11-27 23:03:50:658] <17463> price:2000
DEBUG	[2010-11-27 23:03:50:658] <17463> nointerest:no
DEBUG	[2010-11-27 23:03:50:658] <17463> quotabase:선택:일시불:2개월:3개월:6개월
INFO	[2010-11-27 23:03:50:658] <17463> Check Field OK
INFO	[2010-11-27 23:03:50:659] <17463> MERCHANT PRIV KEY LOAD OK
INFO	[2010-11-27 23:03:50:659] <17463> MERCHANT PUB KEY LOAD OK []
INFO	[2010-11-27 23:03:50:662] <17463> CHKFAKE KEY MAKE OK:MjAxMDExMjcyMzAzNTA2NTkyMDQ5Nw==

INFO	[2010-11-27 23:03:50:662] <17463> END chkfake  Laptime:[0sec]
INFO	[2010-11-27 23:03:50:662] <17463> ===============================================================
