INFO	[2010-07-24 14:14:27:858] <5998> START INIPHP chkfake (V5030-091216)(OS:Linux2.6.18-164.15.1.el5PAE,PHP:5.2.0)
DEBUG	[2010-07-24 14:14:27:858] <5998> inipayhome:/home/banana/public_html/INIpay50/
DEBUG	[2010-07-24 14:14:27:858] <5998> type:chkfake
DEBUG	[2010-07-24 14:14:27:858] <5998> debug:true
DEBUG	[2010-07-24 14:14:27:858] <5998> enctype:asym
DEBUG	[2010-07-24 14:14:27:858] <5998> admin:1111
DEBUG	[2010-07-24 14:14:27:858] <5998> checkopt:false
DEBUG	[2010-07-24 14:14:27:858] <5998> mid:battlebana
DEBUG	[2010-07-24 14:14:27:858] <5998> price:2200
DEBUG	[2010-07-24 14:14:27:858] <5998> nointerest:no
DEBUG	[2010-07-24 14:14:27:858] <5998> quotabase:선택:일시불:2개월:3개월:6개월
INFO	[2010-07-24 14:14:27:858] <5998> Check Field OK
INFO	[2010-07-24 14:14:27:858] <5998> MERCHANT PRIV KEY LOAD OK
INFO	[2010-07-24 14:14:27:858] <5998> MERCHANT PUB KEY LOAD OK []
INFO	[2010-07-24 14:14:27:861] <5998> CHKFAKE KEY MAKE OK:MjAxMDA3MjQxNDE0Mjc4NTk5Nzc5NA==

INFO	[2010-07-24 14:14:27:861] <5998> END chkfake  Laptime:[0sec]
INFO	[2010-07-24 14:14:27:861] <5998> ===============================================================
INFO	[2010-07-24 14:14:42:640] <26715> START INIPHP chkfake (V5030-091216)(OS:Linux2.6.18-164.15.1.el5PAE,PHP:5.2.0)
DEBUG	[2010-07-24 14:14:42:640] <26715> inipayhome:/home/banana/public_html/INIpay50/
DEBUG	[2010-07-24 14:14:42:640] <26715> type:chkfake
DEBUG	[2010-07-24 14:14:42:640] <26715> debug:true
DEBUG	[2010-07-24 14:14:42:640] <26715> enctype:asym
DEBUG	[2010-07-24 14:14:42:640] <26715> admin:1111
DEBUG	[2010-07-24 14:14:42:640] <26715> checkopt:false
DEBUG	[2010-07-24 14:14:42:640] <26715> mid:battlebana
DEBUG	[2010-07-24 14:14:42:640] <26715> price:13200
DEBUG	[2010-07-24 14:14:42:640] <26715> nointerest:no
DEBUG	[2010-07-24 14:14:42:640] <26715> quotabase:선택:일시불:2개월:3개월:6개월
INFO	[2010-07-24 14:14:42:640] <26715> Check Field OK
INFO	[2010-07-24 14:14:42:641] <26715> MERCHANT PRIV KEY LOAD OK
INFO	[2010-07-24 14:14:42:641] <26715> MERCHANT PUB KEY LOAD OK []
INFO	[2010-07-24 14:14:42:644] <26715> CHKFAKE KEY MAKE OK:MjAxMDA3MjQxNDE0NDI2NDE4ODYyMA==

INFO	[2010-07-24 14:14:42:644] <26715> END chkfake  Laptime:[0sec]
INFO	[2010-07-24 14:14:42:644] <26715> ===============================================================
INFO	[2010-07-24 14:40:49:275] <12849> START INIPHP chkfake (V5030-091216)(OS:Linux2.6.18-164.15.1.el5PAE,PHP:5.2.0)
DEBUG	[2010-07-24 14:40:49:275] <12849> inipayhome:/home/banana/public_html/INIpay50/
DEBUG	[2010-07-24 14:40:49:275] <12849> type:chkfake
DEBUG	[2010-07-24 14:40:49:275] <12849> debug:true
DEBUG	[2010-07-24 14:40:49:275] <12849> enctype:asym
DEBUG	[2010-07-24 14:40:49:275] <12849> admin:1111
DEBUG	[2010-07-24 14:40:49:275] <12849> checkopt:false
DEBUG	[2010-07-24 14:40:49:275] <12849> mid:battlebana
DEBUG	[2010-07-24 14:40:49:275] <12849> price:4400
DEBUG	[2010-07-24 14:40:49:275] <12849> nointerest:no
DEBUG	[2010-07-24 14:40:49:275] <12849> quotabase:선택:일시불:2개월:3개월:6개월
INFO	[2010-07-24 14:40:49:276] <12849> Check Field OK
INFO	[2010-07-24 14:40:49:276] <12849> MERCHANT PRIV KEY LOAD OK
INFO	[2010-07-24 14:40:49:276] <12849> MERCHANT PUB KEY LOAD OK []
INFO	[2010-07-24 14:40:49:279] <12849> CHKFAKE KEY MAKE OK:MjAxMDA3MjQxNDQwNDkyNzY5ODc1Nw==

INFO	[2010-07-24 14:40:49:279] <12849> END chkfake  Laptime:[0sec]
INFO	[2010-07-24 14:40:49:280] <12849> ===============================================================
