INFO	[2010-08-02 19:31:53:957] <15394> START INIPHP cancel (V5030-091216)(OS:Linux2.6.18-164.15.1.el5PAE,PHP:5.2.0)
DEBUG	[2010-08-02 19:31:53:957] <15394> inipayhome:/home/banana/public_html/INIpay50
DEBUG	[2010-08-02 19:31:53:957] <15394> type:cancel
DEBUG	[2010-08-02 19:31:53:957] <15394> debug:true
DEBUG	[2010-08-02 19:31:53:957] <15394> mid:battlebana
DEBUG	[2010-08-02 19:31:53:957] <15394> admin:1111
DEBUG	[2010-08-02 19:31:53:957] <15394> tid:INIphpVBNKbattlebana20100802192920586380
DEBUG	[2010-08-02 19:31:53:957] <15394> cancelmsg:
INFO	[2010-08-02 19:31:53:958] <15394> Check Field OK
INFO	[2010-08-02 19:31:53:958] <15394> PI PUB KEY LOAD OK []
INFO	[2010-08-02 19:31:53:958] <15394> PG PUB KEY LOAD OK [30]
INFO	[2010-08-02 19:31:53:958] <15394> MERCHANT PRIV KEY LOAD OK
INFO	[2010-08-02 19:31:53:959] <15394> MERCHANT PUB KEY LOAD OK [0]
DEBUG	[2010-08-02 19:31:53:960] <15394> MAKE ENCRYPT OK[<?xml version="1.0" encoding="UTF-8"?>
<CancelInfo>
	  <CancelTID>INIphpVBNKbattlebana20100802192920586380</CancelTID>
	  <CancelMsg/></CancelInfo>]
INFO	[2010-08-02 19:31:53:960] <15394> MAKE BODY OK
INFO	[2010-08-02 19:31:53:963] <15394> SIGN OK
INFO	[2010-08-02 19:31:53:963] <15394> MAKE HEAD OK
INFO	[2010-08-02 19:31:53:963] <15394> MSG_TO_PG:[0082000175D SHA1                   0                                      300420battlebana                    INIphpVBNKbattlebana20100802192920586380<?xml version="1.0" encoding="UTF-8"?>
<INIpay>
	  <CancelInfo>
	    <SessionKey>yBdLobYd6yPXO3d0bpyI/LD4NsjF7Ug5qlBeMkeHO+OjOs+ka1hicZCYA1X7PPvv
XIsy9xUH70AERRefDO6ZhWs8+MFfnTUabPAptnTRvTQcd6RGox+IVhTmN8jwsXaR
aYVc02aaaik2xvazEAyeYaQTouIuSsMJYGXZtEiOooCmu921VFxRVw==
</SessionKey>
	    <Encrypted>z4dYuT5kyVhwzL4FNxpzSnLBAw7gdTEKcW7n/WYYlmg1Nw0mQwfd67mKzjGcOCvn
L23ICz5aPUVPlv9hUbhxcwxxFGRH96q7T/LnwerBwZmK45MF/zUVPQC+73RQZK/N
POJf6SLHi1v0kZLLYXfrW4QhZlEgT791ns3/fhVxiI1Vf+v6S72V4oUJ6bWs2NqU
qnYy+I6wBFE=
</Encrypted></CancelInfo>
	  <ReservedInfo>
	    <MReserved1/>
	    <MReserved2/>
	    <MReserved3/></ReservedInfo>
	  <ManageInfo>
	    <Language/>
	    <URL/>
	    <TXVersion>5030B091216canceLinux     PHPchkfake   2.6.18-164.15.1.el5PAEPHP:5.2.</TXVersion>
	    <TXUserID/>
	    <TXRegNum/></ManageInfo></INIpay>AVIoySqRYfViejfl8XxoNS0VDF3V64b6sFvvn5MnEMqZJkBhYvWyPAaCOZD/3a40
52TUCJOpXcEqBeWJBBjpsUDV2B49pu1Yo0Z7ITDk2yVsprn3T9N94WFlg+G6osBy
w+OPsH4kAwHJByW3mWHHrTw+73ezppiqOSTyGt3FHsWy
]
INFO	[2010-08-02 19:31:53:971] <15394> DNS LOOKUP OK(pg.inicis.com:203.238.37.3:34049) laptime:0.01
INFO	[2010-08-02 19:31:53:974] <15394> SOCKET CONNECT OK
INFO	[2010-08-02 19:31:53:975] <15394> SEND OK
INFO	[2010-08-02 19:31:54:81] <15394> RECV OK
INFO	[2010-08-02 19:31:54:81] <15394> MSG_FROM_PG:[0150300175D SHA1                   0                                      300430battlebana                    INIphpVBNKbattlebana20100802192920586380<?xml version="1.0" encoding="UTF-8"?>
<INIpay>
  <CancelInfo>
    <ResultCode>170000</ResultCode>
    <ResultMsg urlencode="1">%C1%A4%BB%F3%C3%B3%B8%AE%B5%C7%BE%FA%BD%C0%B4%CF%B4%D9.</ResultMsg>
    <SessionKey>AK3IxgNgh0q2BsyWqva41DRCJ9b6a+z4Ck1u8Z5JwTXH829V2cxnLPzuxupE1mXB
ISiAs6qU05H/VlCqWSEUnKuAMrzdnwqFW/9OSRC7i8u6dinJDRk11LKtiRazD55j
pot4yxHeBlReluiIkFy3DrGKPgDhyGV/YFi823lw3jIQgr1gSf5tOT4=
</SessionKey>
    <Encrypted>kAyZZ9Np8nOsebpfHUFmCH5gB+3PvqEPF/Hv2nfUQjxArG82r//UaAlJufl/fsCR
N41uTeshkBC7V4gI8wzeuQtGWy6DfVwVkceGnTkjpcKBF4z96Tl4kOs2BbyNiwCz
9O/wcOLc1ZyngRwZYekJn5yVZwxvQ/zlRR+nFmGAxFjLKA4e1KKF8z4RwsvEplec
Z+2eNDw/rdlNIWqkXqk/jCfTiAwPdW6V2YkSB8JtXPDsUyLvnaxw9L8OtHtuvwq0
Eoaomzgk3HDzFehOL548S99KSuaq9s/7SZ8/3TCEE1DmhAwnXjXcsM8q/+qgIHiR
DQtOEO31YCos2AFj4B2CDmKhM1PJkOkxCS+m/OnBIMfk1QZjoUKmr7al9mttA2uy
b5zQwnXjvlqOjlcO5ISJyHaxVZ2+Ux3vESox4gvGR+X3wNsW7Qw5Q+JVRzqdkfW1
idOT+6EbfBa7MGftozoYmziofNXkXAHjQC5kzM7fjcJNG6vgu69P6awQKfO2Wgrc
MmKQs84WlS3e4T/oPXQ0FZcZI/FGb1hTNm18UYDrrfEsSpi/GGjpd4f8ILgFuDcv
Lpg5AXrJDZMmD9+HZdV/ZhuRpvW4+BaiKtk/I2mvU9zwwhZtRyxTjS5z+RRpPoJl
JSIzUrUdobXVzo6d3J1IJTwp0LsZ8GOhSu6tmDc8seLd+Q3wNvnWEu01nOMTc0xS
</Encrypted>
  </CancelInfo>
  <ManageInfo/>
  <ReservedInfo>
    <MReserved1 urlencode="1"></MReserved1>
    <MReserved2 urlencode="1"></MReserved2>
    <MReserved3 urlencode="1"></MReserved3>
    <PGReserved1 urlencode="1"></PGReserved1>
    <PGReserved2 urlencode="1"></PGReserved2>
    <PGReserved3 urlencode="1"></PGReserved3>
  </ReservedInfo>
</INIpay>
3kFH6CdcThrxUFXm6KkP9VG9GgJnCH0QMHC8BhPHP8wnOtPUwL+xWqgNW1Mmqp75
N2eN1z1RKeC7UyGpoC/Pb/B7PhAEOKqXE12FROBapmaDeEYqzXggawW3/8Ph/AS7
DWefjYwKln/jHQVmlhO8e22IC8qxIDHQB1h37QflPEI=
]
INFO	[2010-08-02 19:31:54:81] <15394> VERIFY OK
INFO	[2010-08-02 19:31:54:81] <15394> PARSE HEAD OK
INFO	[2010-08-02 19:31:54:82] <15394> PARSE BODY OK
INFO	[2010-08-02 19:31:54:85] <15394> DECRYPT OK
DEBUG	[2010-08-02 19:31:54:86] <15394> DECRYPT MSG:[<?xml version="1.0" encoding="UTF-8"?>
<CancelInfo>
  <CancelDate>20100802</CancelDate>
  <CancelTime>193157</CancelTime>
  <ResultCode>170000</ResultCode>
  <ResultMsg urlencode="1">%C1%A4%BB%F3%C3%B3%B8%AE%B5%C7%BE%FA%BD%C0%B4%CF%B4%D9.</ResultMsg>
  <CSHR_CancelNum></CSHR_CancelNum>
  <CSHR_CancelDate>20100802</CSHR_CancelDate>
  <CSHR_CancelTime>193157</CSHR_CancelTime>
  <CSHR_ResultCode>505623</CSHR_ResultCode>
  <CSHR_ResultMsg urlencode="1">%C7%D8%B4%E7%B0%C5%B7%A1+%BE%F8%C0%BD</CSHR_ResultMsg>
</CancelInfo>]
INFO	[2010-08-02 19:31:54:86] <15394> DECRYPT PARSE OK
INFO	[2010-08-02 19:31:54:86] <15394> END cancel 정상처리되었습니다. Laptime:[0.13sec]
INFO	[2010-08-02 19:31:54:86] <15394> ===============================================================
INFO	[2010-08-02 19:31:58:996] <15394> START INIPHP cancel (V5030-091216)(OS:Linux2.6.18-164.15.1.el5PAE,PHP:5.2.0)
DEBUG	[2010-08-02 19:31:58:996] <15394> inipayhome:/home/banana/public_html/INIpay50
DEBUG	[2010-08-02 19:31:58:996] <15394> type:cancel
DEBUG	[2010-08-02 19:31:58:996] <15394> debug:true
DEBUG	[2010-08-02 19:31:58:996] <15394> mid:battlebana
DEBUG	[2010-08-02 19:31:58:996] <15394> admin:1111
DEBUG	[2010-08-02 19:31:58:996] <15394> tid:INIphpVBNKbattlebana20100802163820202195
DEBUG	[2010-08-02 19:31:58:996] <15394> cancelmsg:
INFO	[2010-08-02 19:31:58:996] <15394> Check Field OK
INFO	[2010-08-02 19:31:58:996] <15394> PI PUB KEY LOAD OK []
INFO	[2010-08-02 19:31:58:997] <15394> PG PUB KEY LOAD OK [30]
INFO	[2010-08-02 19:31:58:997] <15394> MERCHANT PRIV KEY LOAD OK
INFO	[2010-08-02 19:31:58:997] <15394> MERCHANT PUB KEY LOAD OK [0]
DEBUG	[2010-08-02 19:31:58:998] <15394> MAKE ENCRYPT OK[<?xml version="1.0" encoding="UTF-8"?>
<CancelInfo>
	  <CancelTID>INIphpVBNKbattlebana20100802163820202195</CancelTID>
	  <CancelMsg/></CancelInfo>]
INFO	[2010-08-02 19:31:58:999] <15394> MAKE BODY OK
INFO	[2010-08-02 19:31:59:2] <15394> SIGN OK
INFO	[2010-08-02 19:31:59:2] <15394> MAKE HEAD OK
INFO	[2010-08-02 19:31:59:2] <15394> MSG_TO_PG:[0082000175D SHA1                   0                                      300420battlebana                    INIphpVBNKbattlebana20100802163820202195<?xml version="1.0" encoding="UTF-8"?>
<INIpay>
	  <CancelInfo>
	    <SessionKey>Hki1IsaGoR+HRw8Lio4O9LpGIwKH9Z3bD/5DUk2QSIvLUS77bxPGFjsydauUAAQI
LIs2GU26oqEpvG3xhWBPYCPVZLNx/i9eQrzpEJ0z3fS/M69ildgxTR4U8l/W73Xp
1XXToiE3P/k0AAVOJQwMIkE3IuVJ9oVuk71+w4hKADEOtAHbTGvbAw==
</SessionKey>
	    <Encrypted>5jFCDh4fzRBBy7FTkR8mReI5kbTxUdfpAenwSR0cwNxTFl0slLDiPTwiQFgaCs8S
NPbvj8AHSZGFCJmmwFucfpNhSdWt93zH+IK04h+kiVG3NlweAZXc0ZiVvWfW/0JI
uZvCqag/3gfSHE+JUpm4xCP1iG4s+GCKS1CjxtnSsARqVMtaiPBWmPFUJ0gIrAqA
HQiWTjiF92w=
</Encrypted></CancelInfo>
	  <ReservedInfo>
	    <MReserved1/>
	    <MReserved2/>
	    <MReserved3/></ReservedInfo>
	  <ManageInfo>
	    <Language/>
	    <URL/>
	    <TXVersion>5030B091216canceLinux     PHPchkfake   2.6.18-164.15.1.el5PAEPHP:5.2.</TXVersion>
	    <TXUserID/>
	    <TXRegNum/></ManageInfo></INIpay>AHqeRaGEC7PiBJTtsnq1qmpjfoG2QdhG50/lvR7zqs76b0KAl9zpxkv+SoHb04QR
eFT68r1yGDmHQS76ZP7B6mBcy8qhnGe99RQbT+VNSzTguJV4rt0HoFKIT2xcAS9p
JRwJ/fb8oFS9j9vti8HoZM1ekFmbfXC0L25Pr7nmXxkj
]
INFO	[2010-08-02 19:31:59:4] <15394> DNS LOOKUP OK(pg.inicis.com:203.238.37.3:34049) laptime:0
INFO	[2010-08-02 19:31:59:8] <15394> SOCKET CONNECT OK
INFO	[2010-08-02 19:31:59:8] <15394> SEND OK
INFO	[2010-08-02 19:31:59:114] <15394> RECV OK
INFO	[2010-08-02 19:31:59:114] <15394> MSG_FROM_PG:[0150300175D SHA1                   0                                      300430battlebana                    INIphpVBNKbattlebana20100802163820202195<?xml version="1.0" encoding="UTF-8"?>
<INIpay>
  <CancelInfo>
    <ResultCode>170000</ResultCode>
    <ResultMsg urlencode="1">%C1%A4%BB%F3%C3%B3%B8%AE%B5%C7%BE%FA%BD%C0%B4%CF%B4%D9.</ResultMsg>
    <SessionKey>AUXI969ymzi7oHl+5t6A1s+D2sAraFdH6eS9yoMf/+LmYoYmOxxgke1Q9dzI6PE/
+/evmGu9hFmn5oMBuHZWURfZIYoORtRkXLoe311jzA4dorO0xZc8sfOLrU66jQgy
54sNnayu1uIwZp90pmZAZB/oDybg2FNPlEKO/adp8iUKBAnbxXlM7ws=
</SessionKey>
    <Encrypted>H3Zx+mSmYzxZVxB0uUw1WIypzTn8JU09BncXLD563YIOhGxEyzqqIwemBPinU88f
j3BbTzLmYS0o/SS8RaBJlYIjfm//tBKDEDURLiCLGc2BW6waxP8oQWS37+6mCACi
eE9Tt2Jt8OTJCUahQN6FZfujy/6eImsB9bOdYBEbpwDLFQ/qq1vuyiRgGbEArcQ5
RLJhq+YWJRhzbp68oNZNsqaIysj08duCTADxhDL3mQ33JHpUibGp1Uczdi9gOf+v
ud4kGNn1Ws3BMz9g6xnxU2cRqGv9n7OhYjH90Zr1DRB0FtBc/IMVSqZGGdLEgrKp
aFjdwRCy4pV9ztY9ZOTyeixfeu9nnW5cbSNfBxdL/n0QoDOyM1gWxlYhN7KMnqy+
dloizJRTIukuJ9jxDHOWCV8E7DxLhaRiskG02ele1l0ftrrUfPMeFZCqB7+Agd4Y
14S95pxsyHG7f28xiZV5n9lcXiMqfuCzp2X4SJ5mNJmCxX47OOr3TpINEeod3VJo
yvqKw+fEsu9duIIkncrIpbmDOyOik9h0wvxkC85W08nKiv8HQ2FCs+k0p637XqNE
cSHT1Dk1rjSzO1CuyEif7rpi0JIYpRF9VVtJG+wqj7vmG4hzEb/q89AvrYWrCiAZ
4dBJCVSNiNCbkV4tumXEXkKOnV8g5EIEFwWfu3UykUjtVLkD9WusDpQ8HON6lzuw
</Encrypted>
  </CancelInfo>
  <ManageInfo/>
  <ReservedInfo>
    <MReserved1 urlencode="1"></MReserved1>
    <MReserved2 urlencode="1"></MReserved2>
    <MReserved3 urlencode="1"></MReserved3>
    <PGReserved1 urlencode="1"></PGReserved1>
    <PGReserved2 urlencode="1"></PGReserved2>
    <PGReserved3 urlencode="1"></PGReserved3>
  </ReservedInfo>
</INIpay>
iQXklWKrqcFB0xFmj28FEVep1o7AGWtSnHSv+mhKF19X0HlbIt9UJzZvtJ6FZcii
QccItnVhgzXi4VSMqgKafqa0CyBWrQEkn4YWg33DD+Ue3216kteLIawDn9Cg7mXQ
GMMMT/gOczRZtOEqUAgDoTcQQFcJgE5HeBFJSiMhZ/Q=
]
INFO	[2010-08-02 19:31:59:114] <15394> VERIFY OK
INFO	[2010-08-02 19:31:59:114] <15394> PARSE HEAD OK
INFO	[2010-08-02 19:31:59:115] <15394> PARSE BODY OK
INFO	[2010-08-02 19:31:59:118] <15394> DECRYPT OK
DEBUG	[2010-08-02 19:31:59:118] <15394> DECRYPT MSG:[<?xml version="1.0" encoding="UTF-8"?>
<CancelInfo>
  <CancelDate>20100802</CancelDate>
  <CancelTime>193202</CancelTime>
  <ResultCode>170000</ResultCode>
  <ResultMsg urlencode="1">%C1%A4%BB%F3%C3%B3%B8%AE%B5%C7%BE%FA%BD%C0%B4%CF%B4%D9.</ResultMsg>
  <CSHR_CancelNum></CSHR_CancelNum>
  <CSHR_CancelDate>20100802</CSHR_CancelDate>
  <CSHR_CancelTime>193202</CSHR_CancelTime>
  <CSHR_ResultCode>505623</CSHR_ResultCode>
  <CSHR_ResultMsg urlencode="1">%C7%D8%B4%E7%B0%C5%B7%A1+%BE%F8%C0%BD</CSHR_ResultMsg>
</CancelInfo>]
INFO	[2010-08-02 19:31:59:119] <15394> DECRYPT PARSE OK
INFO	[2010-08-02 19:31:59:119] <15394> END cancel 정상처리되었습니다. Laptime:[0.12sec]
INFO	[2010-08-02 19:31:59:119] <15394> ===============================================================
INFO	[2010-08-02 19:32:05:676] <15394> START INIPHP cancel (V5030-091216)(OS:Linux2.6.18-164.15.1.el5PAE,PHP:5.2.0)
DEBUG	[2010-08-02 19:32:05:676] <15394> inipayhome:/home/banana/public_html/INIpay50
DEBUG	[2010-08-02 19:32:05:676] <15394> type:cancel
DEBUG	[2010-08-02 19:32:05:676] <15394> debug:true
DEBUG	[2010-08-02 19:32:05:676] <15394> mid:battlebana
DEBUG	[2010-08-02 19:32:05:676] <15394> admin:1111
DEBUG	[2010-08-02 19:32:05:676] <15394> tid:INIphpVBNKbattlebana20100802162755823835
DEBUG	[2010-08-02 19:32:05:676] <15394> cancelmsg:
INFO	[2010-08-02 19:32:05:676] <15394> Check Field OK
INFO	[2010-08-02 19:32:05:676] <15394> PI PUB KEY LOAD OK []
INFO	[2010-08-02 19:32:05:676] <15394> PG PUB KEY LOAD OK [30]
INFO	[2010-08-02 19:32:05:676] <15394> MERCHANT PRIV KEY LOAD OK
INFO	[2010-08-02 19:32:05:677] <15394> MERCHANT PUB KEY LOAD OK [0]
DEBUG	[2010-08-02 19:32:05:678] <15394> MAKE ENCRYPT OK[<?xml version="1.0" encoding="UTF-8"?>
<CancelInfo>
	  <CancelTID>INIphpVBNKbattlebana20100802162755823835</CancelTID>
	  <CancelMsg/></CancelInfo>]
INFO	[2010-08-02 19:32:05:678] <15394> MAKE BODY OK
INFO	[2010-08-02 19:32:05:681] <15394> SIGN OK
INFO	[2010-08-02 19:32:05:681] <15394> MAKE HEAD OK
INFO	[2010-08-02 19:32:05:681] <15394> MSG_TO_PG:[0082000175D SHA1                   0                                      300420battlebana                    INIphpVBNKbattlebana20100802162755823835<?xml version="1.0" encoding="UTF-8"?>
<INIpay>
	  <CancelInfo>
	    <SessionKey>bAxJ70xRlPFQHLzafoPxK779IO65lUrOT7nLPMkpct0e/JWmxHM/dcOAixPQ9bM3
AXzrg7dRQ9c+1eKUnBY9CEPfOQvNdI7HiEYv+2DMe+zQIndXD7yOJAv5n82PJV04
C74BmYYxMBirkIOJzgXI2L9wCNzeLBqlUm9b61CRTmNuxc7OCusuLQ==
</SessionKey>
	    <Encrypted>yKSZEZOhhMVrpraVeA20uuPH7RXAnwXmseZR3T5kkNZTuoiCFtuEAXAMFGv7+nCY
RYql1vrS/G6RsAFy1pkW6EirlqZ1sQFM+SUG6u/uWV9ueClGezxR0YirWZaPhvsP
UUslJpb22kK2n3xP1x+XZ3PUf9MzZ0FVU4rYEnmZSfBTLTkbowI1Y2Chi8Ta7XJo
2yJDXGyCt/4=
</Encrypted></CancelInfo>
	  <ReservedInfo>
	    <MReserved1/>
	    <MReserved2/>
	    <MReserved3/></ReservedInfo>
	  <ManageInfo>
	    <Language/>
	    <URL/>
	    <TXVersion>5030B091216canceLinux     PHPchkfake   2.6.18-164.15.1.el5PAEPHP:5.2.</TXVersion>
	    <TXUserID/>
	    <TXRegNum/></ManageInfo></INIpay>ATFnD6hF4ZXNY9wjLHJC26Rof4Zc13iWVYFjuAL8PUOq4RxVs/GJr847Eq4HUjYg
J8fW7Y+gz7QPQVJhh9yeCW3vppSv0Msq04wmpdwDG85+2RoM0aVC1mDHc8owUAHS
7JcCJCcobD7kO8jmWd5WJix0m7Ro7BNkxKcnwpF4XXXq
]
INFO	[2010-08-02 19:32:05:689] <15394> DNS LOOKUP OK(pg.inicis.com:203.238.37.3:34049) laptime:0.01
INFO	[2010-08-02 19:32:05:693] <15394> SOCKET CONNECT OK
INFO	[2010-08-02 19:32:05:693] <15394> SEND OK
INFO	[2010-08-02 19:32:05:814] <15394> RECV OK
INFO	[2010-08-02 19:32:05:814] <15394> MSG_FROM_PG:[0139400175D SHA1                   0                                      300430battlebana                    INIphpVBNKbattlebana20100802162755823835<?xml version="1.0" encoding="UTF-8"?>
<INIpay>
  <CancelInfo>
    <ResultCode>504628</ResultCode>
    <ResultMsg urlencode="1">%C3%EB%BC%D2%BA%D2%B0%A1%B4%C9+%B0%C5%B7%A1</ResultMsg>
    <SessionKey>AMd2qSx++J/G8CWZxlMczRKjCv0Pj+yQAxB/NqEJ/20MmYYMAKGGb/8wVrmw/PrW
hCgHexttKDa0vhZBzfWE0Hvt9ADpKLYyMHCjC9RzDQ3JbE/X98BJVhbl9bAkhV2d
yujW16n3pxwGfA2PBGapQju6ydu6Vga8S4DnkUyyJd+MxYqyCfUmIz8=
</SessionKey>
    <Encrypted>5g+yCHYQ5uCQmDUdnm/XUVrqDxexGa5djYeMR+eEssC/rr6pi1TmakIPJ9QWHlzN
Av2F90K49NLL0uv1QO+eJHgVNEx+ybHitrzZcI+9I/f1ecXTb4BXHV/8nqSgP6KR
WpEfZwnNUQrK7PIiBHbxiD9vwcaVRNnQJtz9Z/+CAnrAWbBtKDoH4Oc5BGyOu9HF
zetObC+zwyj5sNnxGy38MYHQvK1UfRw49goxEB0TnuB0Mb6Ls1PWORuCfXTl/oPY
H9f0sk9F1IsT/zuUPR2ZnWxj/pd3GnbgfY8E2SQvOlryIVnAxvpDpoec60bF2OEs
drG1cRuZn3jrhC6s9Z8ey0yeq39GnqLEZl8pdjcoyYPp4YZOGOT2QnJJCzb3ZjXP
Ra3N4u8ZOxtiNiinrGGFVvWtJbhPysjt/JKo4IfPIfAlvzSMkuF9nA5FCE0yLsEf
iMzJk4sUf5j/Jfr7Pj0yGVuBjm5hvr+Gq91lf/9ebcqCO093UjJNWGjWULafJ9P0
OST6QZG7g+ghWrE803R1sqwwODg2quP5ZckJlPxa7p6GxcMBJ+WIOlHGBYud1DvJ
WyUKihJIDxytZwd3lsLEHZ5guyrtfikg
</Encrypted>
  </CancelInfo>
  <ManageInfo/>
  <ReservedInfo>
    <MReserved1 urlencode="1"></MReserved1>
    <MReserved2 urlencode="1"></MReserved2>
    <MReserved3 urlencode="1"></MReserved3>
    <PGReserved1 urlencode="1"></PGReserved1>
    <PGReserved2 urlencode="1"></PGReserved2>
    <PGReserved3 urlencode="1"></PGReserved3>
  </ReservedInfo>
</INIpay>
v5N0YaUFcsTfJBKYHheafYSzayl1+Qu4veANPrHFPAFzyKu5UOG5EXxnAwX2sS9Y
J41JOZHJqM8uzwK9q3vba2pljmbwmHZaMjeDNoAoI5A6Xg56tTav4y3xWn+Of8Qu
hxPthrG4AABXyexaMYS41USWv2etn7ahVV7b0dSLWnk=
]
INFO	[2010-08-02 19:32:05:814] <15394> VERIFY OK
INFO	[2010-08-02 19:32:05:814] <15394> PARSE HEAD OK
INFO	[2010-08-02 19:32:05:815] <15394> PARSE BODY OK
INFO	[2010-08-02 19:32:05:818] <15394> DECRYPT OK
DEBUG	[2010-08-02 19:32:05:819] <15394> DECRYPT MSG:[<?xml version="1.0" encoding="UTF-8"?>
<CancelInfo>
  <CancelDate>20100802</CancelDate>
  <CancelTime>193208</CancelTime>
  <ResultCode>504628</ResultCode>
  <ResultMsg urlencode="1">%C3%EB%BC%D2%BA%D2%B0%A1%B4%C9+%B0%C5%B7%A1</ResultMsg>
  <CSHR_CancelNum></CSHR_CancelNum>
  <CSHR_CancelDate></CSHR_CancelDate>
  <CSHR_CancelTime></CSHR_CancelTime>
  <CSHR_ResultCode></CSHR_ResultCode>
  <CSHR_ResultMsg urlencode="1"></CSHR_ResultMsg>
</CancelInfo>]
INFO	[2010-08-02 19:32:05:819] <15394> DECRYPT PARSE OK
INFO	[2010-08-02 19:32:05:819] <15394> END cancel [504628|취소불가능 거래] Laptime:[0.14sec]
INFO	[2010-08-02 19:32:05:819] <15394> ===============================================================
INFO	[2010-08-02 19:32:14:28] <32213> START INIPHP cancel (V5030-091216)(OS:Linux2.6.18-164.15.1.el5PAE,PHP:5.2.0)
DEBUG	[2010-08-02 19:32:14:28] <32213> inipayhome:/home/banana/public_html/INIpay50
DEBUG	[2010-08-02 19:32:14:28] <32213> type:cancel
DEBUG	[2010-08-02 19:32:14:28] <32213> debug:true
DEBUG	[2010-08-02 19:32:14:28] <32213> mid:battlebana
DEBUG	[2010-08-02 19:32:14:28] <32213> admin:1111
DEBUG	[2010-08-02 19:32:14:28] <32213> tid:INIphpVBNKbattlebana20100802162550960922
DEBUG	[2010-08-02 19:32:14:28] <32213> cancelmsg:
INFO	[2010-08-02 19:32:14:28] <32213> Check Field OK
INFO	[2010-08-02 19:32:14:28] <32213> PI PUB KEY LOAD OK []
INFO	[2010-08-02 19:32:14:29] <32213> PG PUB KEY LOAD OK [30]
INFO	[2010-08-02 19:32:14:29] <32213> MERCHANT PRIV KEY LOAD OK
INFO	[2010-08-02 19:32:14:29] <32213> MERCHANT PUB KEY LOAD OK [0]
DEBUG	[2010-08-02 19:32:14:30] <32213> MAKE ENCRYPT OK[<?xml version="1.0" encoding="UTF-8"?>
<CancelInfo>
	  <CancelTID>INIphpVBNKbattlebana20100802162550960922</CancelTID>
	  <CancelMsg/></CancelInfo>]
INFO	[2010-08-02 19:32:14:31] <32213> MAKE BODY OK
INFO	[2010-08-02 19:32:14:34] <32213> SIGN OK
INFO	[2010-08-02 19:32:14:34] <32213> MAKE HEAD OK
INFO	[2010-08-02 19:32:14:34] <32213> MSG_TO_PG:[0082000175D SHA1                   0                                      300420battlebana                    INIphpVBNKbattlebana20100802162550960922<?xml version="1.0" encoding="UTF-8"?>
<INIpay>
	  <CancelInfo>
	    <SessionKey>2he2rk3ITsoBTmqE1pYlIe68eSKd7LFAZSaHo/r9iEYS6sQuu+EVisonz5uuSj65
45ybqyT9gG+/bb/cyulIVgZGJ81X0LWiSe3mihrUYVxfqh0TMWNdBREPCbQMdA2B
67+kgr3N0C/GdXCONPlmBzKcJivJUH+pz5hUQqQjFPLC/pTmPYpVOA==
</SessionKey>
	    <Encrypted>+X/PF/vzG7/uYbhJCBD060/Cpc5dZcPiHAQe9Ei18CFlyE5GMR3u+XU7M8MNidlq
gG0vnmZFa/joRE01qDnjD0ItQMFBglswPOj5kx++Pibw9xy75pGad1kW7F2Di3Uk
RTRdHKf107p57RiyAqPLrqPY0dHv5GZoUUzwCW9y2ekad6xK2oH2kwIX+Yw3l/sI
DWe1vCf4RvE=
</Encrypted></CancelInfo>
	  <ReservedInfo>
	    <MReserved1/>
	    <MReserved2/>
	    <MReserved3/></ReservedInfo>
	  <ManageInfo>
	    <Language/>
	    <URL/>
	    <TXVersion>5030B091216canceLinux     PHPchkfake   2.6.18-164.15.1.el5PAEPHP:5.2.</TXVersion>
	    <TXUserID/>
	    <TXRegNum/></ManageInfo></INIpay>AUVHXzwR+hlU40vgM/riFKyU7YqlX7UvGQzXpechDy9ZW3OSvnzBF5RHRApn6nur
6b5wyd/TSB/J2hq+wk8uwQ+1NoFlUmqJ7NsooH66nOPBosRAtZvDF6VEVS6qLyCO
bACNUoUD3xiJJ5O31AL+PD4k5HqwYzo2H+ZOv5CbMsOk
]
INFO	[2010-08-02 19:32:14:37] <32213> DNS LOOKUP OK(pg.inicis.com:203.238.37.3:34049) laptime:0.01
INFO	[2010-08-02 19:32:14:40] <32213> SOCKET CONNECT OK
INFO	[2010-08-02 19:32:14:41] <32213> SEND OK
INFO	[2010-08-02 19:32:14:131] <32213> RECV OK
INFO	[2010-08-02 19:32:14:131] <32213> MSG_FROM_PG:[0139400175D SHA1                   0                                      300430battlebana                    INIphpVBNKbattlebana20100802162550960922<?xml version="1.0" encoding="UTF-8"?>
<INIpay>
  <CancelInfo>
    <ResultCode>504628</ResultCode>
    <ResultMsg urlencode="1">%C3%EB%BC%D2%BA%D2%B0%A1%B4%C9+%B0%C5%B7%A1</ResultMsg>
    <SessionKey>AEVYwv2iF9gpIr6Bl3cofmsXKGDetEnoqWwMsPAT1crewwMvqxDn8VrNRkkWGoZC
qH6ZprvgBpQpI7w5iSM0K3X4cD/NAftqwWvX7baaysOACGgbslLrmum9IdTDDeCd
r27J0Q58lRIAdzQ7tqqUxBDaKhXTq7ZmyOx1ds+HQ77PnZvgzAXJiTU=
</SessionKey>
    <Encrypted>Ewidg2UWJb3ebvnGZPRDJZzbnac3sdNs+EKYYDtU6/ZkmqeGS29wMfFpxPXjhw8T
HdVTSNjA0hrqW684h19uxYdASEd8FA7Ar+ZDCjSlYtahElBLMF0iZHYifViyAwtm
YL8xEdIRZIrGVN8AddLf8pJBxFNQdedqbHbnBxqbf2DQ7pbybDCBfJLbN0yWiKs1
AWldLj/HaIFway4F/cDS0S6XITYWopoYsIVw4kQz/tntYP6bwgPwJ1VrHbV3f3nT
4fBczz5jyhhnnFDFpFmmDbYGSvKmfcl31OdsqbeNPXpnSD9sHRefRLqpH9Wklord
xa/GX3esmv6ywmbLeSSF5WGyUgTrba+VMZ78L5NQE1EjoC7TBQUiIQd6tQGIjOKF
5qhfVkGnmP/WbqxcpIOj13QLleXRfGK9OobHuFi7YagQhQZEb29wkv73Z+BjzPyo
BD6UbG6xMPNRg+5MILA7sOvVgZgPhU8gchAPiryqyjw9BIgS7289Krcpmt9irHtM
qySk8KYugE+pnW5mtQcdmciFyR3Jp9TMSYwkG3zOEw6inf850+6Th7Gyxs9xeIm1
zxI+UUP8HbG+2g58BjaCKNSnkDhnn0os
</Encrypted>
  </CancelInfo>
  <ManageInfo/>
  <ReservedInfo>
    <MReserved1 urlencode="1"></MReserved1>
    <MReserved2 urlencode="1"></MReserved2>
    <MReserved3 urlencode="1"></MReserved3>
    <PGReserved1 urlencode="1"></PGReserved1>
    <PGReserved2 urlencode="1"></PGReserved2>
    <PGReserved3 urlencode="1"></PGReserved3>
  </ReservedInfo>
</INIpay>
kSzwr8yHybkyzKytnxXXAXVc8oxW7omkvwCDa8V0d0F6aAp4GaKPDbFVLYx0KFLI
663/CD9Uvcr4pzdeiWoOTd5uHuGBucBBdYBQwpgcp0o0tBUKf5Rk47FvmnYPRJB6
Mx/mfAByqcPJLypDh/h1JI6h+fQ4MhthN7rGKSDMwwU=
]
INFO	[2010-08-02 19:32:14:131] <32213> VERIFY OK
INFO	[2010-08-02 19:32:14:131] <32213> PARSE HEAD OK
INFO	[2010-08-02 19:32:14:132] <32213> PARSE BODY OK
INFO	[2010-08-02 19:32:14:136] <32213> DECRYPT OK
DEBUG	[2010-08-02 19:32:14:136] <32213> DECRYPT MSG:[<?xml version="1.0" encoding="UTF-8"?>
<CancelInfo>
  <CancelDate>20100802</CancelDate>
  <CancelTime>193217</CancelTime>
  <ResultCode>504628</ResultCode>
  <ResultMsg urlencode="1">%C3%EB%BC%D2%BA%D2%B0%A1%B4%C9+%B0%C5%B7%A1</ResultMsg>
  <CSHR_CancelNum></CSHR_CancelNum>
  <CSHR_CancelDate></CSHR_CancelDate>
  <CSHR_CancelTime></CSHR_CancelTime>
  <CSHR_ResultCode></CSHR_ResultCode>
  <CSHR_ResultMsg urlencode="1"></CSHR_ResultMsg>
</CancelInfo>]
INFO	[2010-08-02 19:32:14:136] <32213> DECRYPT PARSE OK
INFO	[2010-08-02 19:32:14:136] <32213> END cancel [504628|취소불가능 거래] Laptime:[0.11sec]
INFO	[2010-08-02 19:32:14:136] <32213> ===============================================================
INFO	[2010-08-02 19:32:21:509] <32213> START INIPHP cancel (V5030-091216)(OS:Linux2.6.18-164.15.1.el5PAE,PHP:5.2.0)
DEBUG	[2010-08-02 19:32:21:509] <32213> inipayhome:/home/banana/public_html/INIpay50
DEBUG	[2010-08-02 19:32:21:509] <32213> type:cancel
DEBUG	[2010-08-02 19:32:21:509] <32213> debug:true
DEBUG	[2010-08-02 19:32:21:509] <32213> mid:battlebana
DEBUG	[2010-08-02 19:32:21:509] <32213> admin:1111
DEBUG	[2010-08-02 19:32:21:509] <32213> tid:INIphpVBNKbattlebana20100802162216553210
DEBUG	[2010-08-02 19:32:21:509] <32213> cancelmsg:
INFO	[2010-08-02 19:32:21:509] <32213> Check Field OK
INFO	[2010-08-02 19:32:21:509] <32213> PI PUB KEY LOAD OK []
INFO	[2010-08-02 19:32:21:510] <32213> PG PUB KEY LOAD OK [30]
INFO	[2010-08-02 19:32:21:510] <32213> MERCHANT PRIV KEY LOAD OK
INFO	[2010-08-02 19:32:21:510] <32213> MERCHANT PUB KEY LOAD OK [0]
DEBUG	[2010-08-02 19:32:21:511] <32213> MAKE ENCRYPT OK[<?xml version="1.0" encoding="UTF-8"?>
<CancelInfo>
	  <CancelTID>INIphpVBNKbattlebana20100802162216553210</CancelTID>
	  <CancelMsg/></CancelInfo>]
INFO	[2010-08-02 19:32:21:512] <32213> MAKE BODY OK
INFO	[2010-08-02 19:32:21:515] <32213> SIGN OK
INFO	[2010-08-02 19:32:21:515] <32213> MAKE HEAD OK
INFO	[2010-08-02 19:32:21:515] <32213> MSG_TO_PG:[0082000175D SHA1                   0                                      300420battlebana                    INIphpVBNKbattlebana20100802162216553210<?xml version="1.0" encoding="UTF-8"?>
<INIpay>
	  <CancelInfo>
	    <SessionKey>y4aZChNbaQCAms7eKYMsUm5cccKQQWt+UFafBTTSX3KACNKZT/0eKUmbN8flIg0n
Ufw5MQ8I3S7c4Vo7E1o6LW+cQMkKr8tcYBc6KvtR0SHC3uSLtrp1e6sMi0ds2WTA
E1bkwO6VpcfnKXo1OiWptqzdr6z4FYCyy5DQ1zWWH86oWmnJbqdHGw==
</SessionKey>
	    <Encrypted>lVEfcnarsr7tSjHr3LU8LWIR/x4XgsG6MoxbrEsXf1hi4wL5g/YFqI/Ybm/wr0bn
AaPu3Q4ZnLgl9OlOwh8DAnVn4okijEwhVGbq3C7VqdGeckI3rbnwTCdEd+lYdZyd
nZ86fn0HzLNhoh1rQdhodIyUJlgzJcn9MpYn1T2477qWCjjyd7bcyOFd9+T3uDws
4GiNW92Lrpo=
</Encrypted></CancelInfo>
	  <ReservedInfo>
	    <MReserved1/>
	    <MReserved2/>
	    <MReserved3/></ReservedInfo>
	  <ManageInfo>
	    <Language/>
	    <URL/>
	    <TXVersion>5030B091216canceLinux     PHPchkfake   2.6.18-164.15.1.el5PAEPHP:5.2.</TXVersion>
	    <TXUserID/>
	    <TXRegNum/></ManageInfo></INIpay>AONlvyXmy9ZphVj14gjJXEEqb7STCmK9eZpoyk6/FpKVtf/YLbgCErg1vmGjW0W4
/TSQ6y0Gp1rD41rK/3aWzMaluhPTz4Rrpz4I6hEOxdxrF5QsWYwiqIVd1GQ2dE4l
ZgCfjY4GzRRMykIaiDlM6FeyZKa67heyskpZ9jZV4KMS
]
INFO	[2010-08-02 19:32:21:523] <32213> DNS LOOKUP OK(pg.inicis.com:203.238.37.3:34049) laptime:0
INFO	[2010-08-02 19:32:21:527] <32213> SOCKET CONNECT OK
INFO	[2010-08-02 19:32:21:527] <32213> SEND OK
INFO	[2010-08-02 19:32:21:617] <32213> RECV OK
INFO	[2010-08-02 19:32:21:617] <32213> MSG_FROM_PG:[0139400175D SHA1                   0                                      300430battlebana                    INIphpVBNKbattlebana20100802162216553210<?xml version="1.0" encoding="UTF-8"?>
<INIpay>
  <CancelInfo>
    <ResultCode>504628</ResultCode>
    <ResultMsg urlencode="1">%C3%EB%BC%D2%BA%D2%B0%A1%B4%C9+%B0%C5%B7%A1</ResultMsg>
    <SessionKey>AEmGS1pEPVhmMggEWj0HpLsSxoQRd81xjHCvbqFhLytsXvmTFIB9JGzFvxa2wm28
LF/F1UlhSVc//rUzdyi7NviNxMX1xlXAXpe/yO/iHyzETLrtjmQCbDNjEReeyyXp
Ux6Ux/Fn5wxJlcVm2e8wUrx4GfDVNRk3ttHBk2TON1c79trKphmPPOg=
</SessionKey>
    <Encrypted>ekWebFj6yE2ovIPXbT05rz3kILo71iwTfzbaSOb5ekYcJfsc5eppPIuwJJKIZdeA
2QU4Z++a/5duEvUPQogL7pJfkkjqAYrnFJ06PCpWCdWgsN62ywcu67VdqN405E0g
0UdHKogjwaaG5r6wjclDiYoBsNFfuQNN3Dp+juPrWQCNQFVaGmcHEXaMZB0tfoS0
R22kkhYB7Wi5RG0NXlPTyEynNMprtFZRKOlC8+CBFPYmA7dlQVftIPQsweybMuVW
mrTxE9nHAEf0ROasCEOqzH+emzIh40/cVgQLavfsiriKQb3st+mWdUdLdpv2Kn0e
eNDnI+FUzncxyjIfeiJi6MsnZ36s0GTRlO+0WGYIzBgS7Q0OPYfJibXDLWjzCXDf
+2A306txQiQEHPrhJqSw9KmZoSoNScC6v6pn2zt3SWdvI7qBWNjIM3BSFdxmk5E5
ijR9g0KjHK0LJJSbEq/TvdC91AMED5m3KzTFYIY/GqvE+K2iyx7K0IaBeXwDSJXq
4/TDi6ZE2VWSnkukUQqbpIBILCS+IWDfB6/t52FAgIbCLNj1Pa9AQyvxMNOVF5VU
Dk6D3hDuzVVOIs+IugY1RhfVEoIOkoxH
</Encrypted>
  </CancelInfo>
  <ManageInfo/>
  <ReservedInfo>
    <MReserved1 urlencode="1"></MReserved1>
    <MReserved2 urlencode="1"></MReserved2>
    <MReserved3 urlencode="1"></MReserved3>
    <PGReserved1 urlencode="1"></PGReserved1>
    <PGReserved2 urlencode="1"></PGReserved2>
    <PGReserved3 urlencode="1"></PGReserved3>
  </ReservedInfo>
</INIpay>
qvefzp28JM3uAdvXMoV4yTwiKABiYU66hnw1fG30XDl+yGYzysgcWPeSCWoG4CGu
aANdlTffrlXvCjO+11RIRsH7UVCxrT9D8cGoxuih1SuaAZm3GEL5S2+5DHr5aYeQ
yWXk+CJl9M42usmtnBTqP4vSmt2pOl6evzmUXFuSjgo=
]
INFO	[2010-08-02 19:32:21:617] <32213> VERIFY OK
INFO	[2010-08-02 19:32:21:617] <32213> PARSE HEAD OK
INFO	[2010-08-02 19:32:21:618] <32213> PARSE BODY OK
INFO	[2010-08-02 19:32:21:622] <32213> DECRYPT OK
DEBUG	[2010-08-02 19:32:21:622] <32213> DECRYPT MSG:[<?xml version="1.0" encoding="UTF-8"?>
<CancelInfo>
  <CancelDate>20100802</CancelDate>
  <CancelTime>193224</CancelTime>
  <ResultCode>504628</ResultCode>
  <ResultMsg urlencode="1">%C3%EB%BC%D2%BA%D2%B0%A1%B4%C9+%B0%C5%B7%A1</ResultMsg>
  <CSHR_CancelNum></CSHR_CancelNum>
  <CSHR_CancelDate></CSHR_CancelDate>
  <CSHR_CancelTime></CSHR_CancelTime>
  <CSHR_ResultCode></CSHR_ResultCode>
  <CSHR_ResultMsg urlencode="1"></CSHR_ResultMsg>
</CancelInfo>]
INFO	[2010-08-02 19:32:21:622] <32213> DECRYPT PARSE OK
INFO	[2010-08-02 19:32:21:622] <32213> END cancel [504628|취소불가능 거래] Laptime:[0.11sec]
INFO	[2010-08-02 19:32:21:622] <32213> ===============================================================
INFO	[2010-08-02 19:32:40:776] <32213> START INIPHP cancel (V5030-091216)(OS:Linux2.6.18-164.15.1.el5PAE,PHP:5.2.0)
DEBUG	[2010-08-02 19:32:40:776] <32213> inipayhome:/home/banana/public_html/INIpay50
DEBUG	[2010-08-02 19:32:40:776] <32213> type:cancel
DEBUG	[2010-08-02 19:32:40:776] <32213> debug:true
DEBUG	[2010-08-02 19:32:40:776] <32213> mid:battlebana
DEBUG	[2010-08-02 19:32:40:776] <32213> admin:1111
DEBUG	[2010-08-02 19:32:40:776] <32213> tid:INIphpVBNKbattlebana20100802191332764466
DEBUG	[2010-08-02 19:32:40:776] <32213> cancelmsg:
INFO	[2010-08-02 19:32:40:776] <32213> Check Field OK
INFO	[2010-08-02 19:32:40:776] <32213> PI PUB KEY LOAD OK []
INFO	[2010-08-02 19:32:40:776] <32213> PG PUB KEY LOAD OK [30]
INFO	[2010-08-02 19:32:40:777] <32213> MERCHANT PRIV KEY LOAD OK
INFO	[2010-08-02 19:32:40:777] <32213> MERCHANT PUB KEY LOAD OK [0]
DEBUG	[2010-08-02 19:32:40:778] <32213> MAKE ENCRYPT OK[<?xml version="1.0" encoding="UTF-8"?>
<CancelInfo>
	  <CancelTID>INIphpVBNKbattlebana20100802191332764466</CancelTID>
	  <CancelMsg/></CancelInfo>]
INFO	[2010-08-02 19:32:40:778] <32213> MAKE BODY OK
INFO	[2010-08-02 19:32:40:781] <32213> SIGN OK
INFO	[2010-08-02 19:32:40:782] <32213> MAKE HEAD OK
INFO	[2010-08-02 19:32:40:782] <32213> MSG_TO_PG:[0082000175D SHA1                   0                                      300420battlebana                    INIphpVBNKbattlebana20100802191332764466<?xml version="1.0" encoding="UTF-8"?>
<INIpay>
	  <CancelInfo>
	    <SessionKey>Rzc4qPeHk8OhQFVtS4kcI0/OVz9mkTwsSGhKkZBZsAtQJNLDqIWJ42JUdwFS/CY+
StoEJU35saPMkk5qanWVPXXcs8QQ+KMbr25jJAmWfq4CmQhvyBexcg/5qRhIFO6J
W4tY88Kz0uGECuE4kwKMj+Qb+4/ohDKnS/aG8fdEpDvQATvHjZbPng==
</SessionKey>
	    <Encrypted>lASixJKmZBVYy9Ac8jjxGedXEE+/Wkb9kyzyXFg15pOP73JR9cucm/RVTQPHs3+X
qxQWNNKYaQuMuw4POq2sFH06cy3p1oenZWX9ma7FF9FWTYjAa9QpTgnHYBj0nIq7
Oa8jZmPoA4IApqv3BgTWZtLoJJaaVMhJMb5RXhhxOOPq7k/toUSotIYkZlGwgI9l
5F4DLalR8zg=
</Encrypted></CancelInfo>
	  <ReservedInfo>
	    <MReserved1/>
	    <MReserved2/>
	    <MReserved3/></ReservedInfo>
	  <ManageInfo>
	    <Language/>
	    <URL/>
	    <TXVersion>5030B091216canceLinux     PHPchkfake   2.6.18-164.15.1.el5PAEPHP:5.2.</TXVersion>
	    <TXUserID/>
	    <TXRegNum/></ManageInfo></INIpay>ATsCsSjwZVCuo/dxq1VBTqy8N70D0JjwvoOh/UE0y21p3PPFuuIBFANp9AJf+iU/
wNI2l4wtFLcBrW/w0KwLiQ2dQxJiet/6nK2Tkyv8NKCCPssq2lwL9F7PsRQvSOlB
sQYUfvvrG3GfUo9TL3+WfYbsu5G03vSEz1iaD61m4+vH
]
INFO	[2010-08-02 19:32:40:790] <32213> DNS LOOKUP OK(pg.inicis.com:203.238.37.3:34049) laptime:0.01
INFO	[2010-08-02 19:32:40:793] <32213> SOCKET CONNECT OK
INFO	[2010-08-02 19:32:40:793] <32213> SEND OK
INFO	[2010-08-02 19:32:40:897] <32213> RECV OK
INFO	[2010-08-02 19:32:40:897] <32213> MSG_FROM_PG:[0150300175D SHA1                   0                                      300430battlebana                    INIphpVBNKbattlebana20100802191332764466<?xml version="1.0" encoding="UTF-8"?>
<INIpay>
  <CancelInfo>
    <ResultCode>170000</ResultCode>
    <ResultMsg urlencode="1">%C1%A4%BB%F3%C3%B3%B8%AE%B5%C7%BE%FA%BD%C0%B4%CF%B4%D9.</ResultMsg>
    <SessionKey>AM31Y0CKm78b5amnSP2QT1su3atEx1tvsuIn3n8wPAegk2jovIJ7GBSK0M4emes3
LXTviDWoIXwQvcjdL6Q/7TOPijbqNUe+a0OQBQPwKdSb8W0/sXHKmwEhcD4z8kid
yI7GKWexpYefLi0P5f2Qex1Rwl+R6ZUKnXWpRdPTZ4YgfdeGa/giGds=
</SessionKey>
    <Encrypted>p1+sR0Xo0P2XvkQRzp4mAIobSvdcEkB9LUuOmTlRIE8dhVrv9XEKjt0awShfE5nx
7TxOyCcah2VWNa8Av0zGFMEx1VKe3b0z40QdR98DrOvUe/t6aY2Bm0h0u6o745DZ
NB0vtkpl0m9uctkJAiv4p/thjggzmGO14BVnsWPw9v43i0ndXimksg8SAfAYvots
UUBNc5CSleBnoyVnpUiCWz1tyJ2S81mzeO1dCsLIvEQ6GtA5iJgzZ8tmV+G+yeKI
lN1/iSN8blrpULEzgCsycxGaYblKkZYEy4TOXopxGQnJbtBeDV8dtQxvywH9uXDu
pH6um+p9/l8qc+5MNlVLmGR1cehvo1VS7pHKPCrFQDWz8/JSRLGl4+VeCbhpSm19
GTVQI5btqoOgFY7Ze2Kf03qBkZaKq1ym/IPoXkEVeWulaIHAVb52brH5GA9hoIY6
R4pS5PXLhsuMv5IkEx1+d3c+aQlM3FJAPLPPwKO0YQAEiDJgIksUdvY0onXexTSi
vP7TmZM99alAokKG171BonsQyffD8YTHwrcBb2BXOzRV8nox4wFsdr1SbLEqK6b4
I1jhbGkEJ1W9TIVzfktWldMBNlLpzZ4UnT91OuzNKlSqjpmwPqLB/bFKcE/wYIhu
z9Z7gZWjYeNLPj/tllYH5837ZdjboADD62Zjn6rL3PXX1csjxLkIKcparPBQAJyG
</Encrypted>
  </CancelInfo>
  <ManageInfo/>
  <ReservedInfo>
    <MReserved1 urlencode="1"></MReserved1>
    <MReserved2 urlencode="1"></MReserved2>
    <MReserved3 urlencode="1"></MReserved3>
    <PGReserved1 urlencode="1"></PGReserved1>
    <PGReserved2 urlencode="1"></PGReserved2>
    <PGReserved3 urlencode="1"></PGReserved3>
  </ReservedInfo>
</INIpay>
Z4PcBBJVA0hW3O3/v+yCbxzQKFkTPU7JCp+zp5cKf3Bet3Vd4IhUKYnmH5xQixeD
M1FK/PfIIQHHo5yroR1BZNNBtujvMhOhFTQj6gBwTUozDzbgofDFCoZeiWmry5L7
5ilhKOCjZp4avlJ2LT49IqFuseM++lZY9x0f+SBvDUw=
]
INFO	[2010-08-02 19:32:40:897] <32213> VERIFY OK
INFO	[2010-08-02 19:32:40:897] <32213> PARSE HEAD OK
INFO	[2010-08-02 19:32:40:898] <32213> PARSE BODY OK
INFO	[2010-08-02 19:32:40:901] <32213> DECRYPT OK
DEBUG	[2010-08-02 19:32:40:902] <32213> DECRYPT MSG:[<?xml version="1.0" encoding="UTF-8"?>
<CancelInfo>
  <CancelDate>20100802</CancelDate>
  <CancelTime>193243</CancelTime>
  <ResultCode>170000</ResultCode>
  <ResultMsg urlencode="1">%C1%A4%BB%F3%C3%B3%B8%AE%B5%C7%BE%FA%BD%C0%B4%CF%B4%D9.</ResultMsg>
  <CSHR_CancelNum></CSHR_CancelNum>
  <CSHR_CancelDate>20100802</CSHR_CancelDate>
  <CSHR_CancelTime>193243</CSHR_CancelTime>
  <CSHR_ResultCode>505623</CSHR_ResultCode>
  <CSHR_ResultMsg urlencode="1">%C7%D8%B4%E7%B0%C5%B7%A1+%BE%F8%C0%BD</CSHR_ResultMsg>
</CancelInfo>]
INFO	[2010-08-02 19:32:40:902] <32213> DECRYPT PARSE OK
INFO	[2010-08-02 19:32:40:902] <32213> END cancel 정상처리되었습니다. Laptime:[0.12sec]
INFO	[2010-08-02 19:32:40:902] <32213> ===============================================================
INFO	[2010-08-02 19:32:49:426] <8279> START INIPHP cancel (V5030-091216)(OS:Linux2.6.18-164.15.1.el5PAE,PHP:5.2.0)
DEBUG	[2010-08-02 19:32:49:426] <8279> inipayhome:/home/banana/public_html/INIpay50
DEBUG	[2010-08-02 19:32:49:426] <8279> type:cancel
DEBUG	[2010-08-02 19:32:49:426] <8279> debug:true
DEBUG	[2010-08-02 19:32:49:426] <8279> mid:battlebana
DEBUG	[2010-08-02 19:32:49:426] <8279> admin:1111
DEBUG	[2010-08-02 19:32:49:426] <8279> tid:INIphpCARDbattlebana20100802150610691631
DEBUG	[2010-08-02 19:32:49:426] <8279> cancelmsg:
INFO	[2010-08-02 19:32:49:427] <8279> Check Field OK
INFO	[2010-08-02 19:32:49:427] <8279> PI PUB KEY LOAD OK []
INFO	[2010-08-02 19:32:49:427] <8279> PG PUB KEY LOAD OK [30]
INFO	[2010-08-02 19:32:49:427] <8279> MERCHANT PRIV KEY LOAD OK
INFO	[2010-08-02 19:32:49:428] <8279> MERCHANT PUB KEY LOAD OK [0]
DEBUG	[2010-08-02 19:32:49:429] <8279> MAKE ENCRYPT OK[<?xml version="1.0" encoding="UTF-8"?>
<CancelInfo>
	  <CancelTID>INIphpCARDbattlebana20100802150610691631</CancelTID>
	  <CancelMsg/></CancelInfo>]
INFO	[2010-08-02 19:32:49:429] <8279> MAKE BODY OK
INFO	[2010-08-02 19:32:49:432] <8279> SIGN OK
INFO	[2010-08-02 19:32:49:432] <8279> MAKE HEAD OK
INFO	[2010-08-02 19:32:49:432] <8279> MSG_TO_PG:[0082000175D SHA1                   0                                      300420battlebana                    INIphpCARDbattlebana20100802150610691631<?xml version="1.0" encoding="UTF-8"?>
<INIpay>
	  <CancelInfo>
	    <SessionKey>3NdqdeLYthJ4NwK34a3MxSBKzZhknJB6PKUTIpQ9z10rOM/akucttO7W+z0x1YXm
b30pv906d1h4bhQK9TCbJHIIwM8MNVQik/TxsvHNWVg/lGCliN+T0sYLOLgtgCMZ
ns8gGvMRMIesrw92XJ8vLoznnDoPb7135fBJSRqmt+Y118UdJBvzdQ==
</SessionKey>
	    <Encrypted>xs4t0vcJK0HDOXbNqXdITM3nU/mNIk8tjra7fqsDkScGbIyXvnPAyx7WpDDrd1cv
lG73l95I1OSjS4cnZr4ldv1hEXCMzyEFvihbL1a3Vz0GYiGbFfNJ637bZtCO9+R4
AbQ5BEHQGZipW2Uhar0w4r3UA2ZgNKn3COJDt5DPfCTGo2yl9149UC5BDHn20mG8
eWggb0HyxQo=
</Encrypted></CancelInfo>
	  <ReservedInfo>
	    <MReserved1/>
	    <MReserved2/>
	    <MReserved3/></ReservedInfo>
	  <ManageInfo>
	    <Language/>
	    <URL/>
	    <TXVersion>5030B091216canceLinux     PHPchkfake   2.6.18-164.15.1.el5PAEPHP:5.2.</TXVersion>
	    <TXUserID/>
	    <TXRegNum/></ManageInfo></INIpay>AUs9W4M5VVvY6C07+ZsoDDcp3rnTqMyBsaQLbWot5ir9azjNk/BsxNh6qg2Tr7y3
SVbDeYL5yTjUykhi2kFI6aThnnH0iAgVipWvoKVPj8TeiVrCbF+SrWZgevWxpqg5
Ol6YASZ18Hte38oeGfG4AVRdmJbYDk5I5b+KZs+MtS+5
]
INFO	[2010-08-02 19:32:49:439] <8279> DNS LOOKUP OK(pg.inicis.com:203.238.37.3:34049) laptime:0.01
INFO	[2010-08-02 19:32:49:442] <8279> SOCKET CONNECT OK
INFO	[2010-08-02 19:32:49:443] <8279> SEND OK
INFO	[2010-08-02 19:32:50:75] <8279> RECV OK
INFO	[2010-08-02 19:32:50:75] <8279> MSG_FROM_PG:[0115800175D SHA1                   0                                      300430battlebana                    INIphpCARDbattlebana20100802150610691631<?xml version="1.0" encoding="UTF-8"?>
<INIpay>
  <CancelInfo>
    <ResultCode>120000</ResultCode>
    <ResultMsg urlencode="1">%C1%A4%BB%F3%C3%B3%B8%AE%B5%C7%BE%FA%BD%C0%B4%CF%B4%D9.</ResultMsg>
    <SessionKey>AHrCVpnUbvskFqhzIQd8cp7r9Arc8yJrBqI7F0A4jhHctrStXQrFXMiE5S9ttK9T
or4pz3ZqK10jNJj3RunVhnvGw243zmLCREAOW7G5qKp3mqChs6d9Vlf1pucrUbDY
5AN9sDtDZ4x4ub9JSCIgljogfK5SG4ktUCGo3tb5mkqnSbDIFKdE8FY=
</SessionKey>
    <Encrypted>izHiI2KpbXqCrgUaxFQfjoAMJMohsdWGqqdzmkjnmr8FQ0waQZhKC+rTiqHiIICz
WLWh/cvaD8p4Wdcx01hMgbnOO6yElzNiK3OfhTFcpDJwIykrys2yCsMYqw2+PKHM
1IqUvsGCvqFs6v/hNEINLkIZUqn4UQKbd+yEvI/YfqnLC9V9IKn9MfJoORBbbY8I
ZOKvEpCp3uIeae9v6PKra8S0/MgIcnI3PFO6tkZ9e/pufb/FA2iKcUW2GC1Kc/uU
alHhXBwfmshtSE4EiSmNo8U6CqxZeacxw9NGqA+j3ZApKCBmCyBA6z6FIZaBeMti
xCIRx8KJ3AmkcfkWJn92tsJT20bl0cMxusP4+KD5oUs=
</Encrypted>
  </CancelInfo>
  <ManageInfo/>
  <ReservedInfo>
    <MReserved1 urlencode="1"></MReserved1>
    <MReserved2 urlencode="1"></MReserved2>
    <MReserved3 urlencode="1"></MReserved3>
    <PGReserved1 urlencode="1"></PGReserved1>
    <PGReserved2 urlencode="1"></PGReserved2>
    <PGReserved3 urlencode="1"></PGReserved3>
  </ReservedInfo>
</INIpay>
p4pHTOiSKZGB5Wv3Ocf73lJyM8E2GIYOjPI+4LPJeQksATFEwavI/XogCG1MizxI
DutYHyrpZRlxb7NsZ9mKLhOglRZe6pM2GaVIiRfEn0oBYl/SZlFj28DUEIU6SSo1
Rlk3kPgk5fxlfOMKsmfpA22lyjqp4VCCMYTCAaPPwI0=
]
INFO	[2010-08-02 19:32:50:75] <8279> VERIFY OK
INFO	[2010-08-02 19:32:50:75] <8279> PARSE HEAD OK
INFO	[2010-08-02 19:32:50:76] <8279> PARSE BODY OK
INFO	[2010-08-02 19:32:50:79] <8279> DECRYPT OK
DEBUG	[2010-08-02 19:32:50:79] <8279> DECRYPT MSG:[<?xml version="1.0" encoding="UTF-8"?>
<CancelInfo>
  <CancelDate>20100802</CancelDate>
  <CancelTime>193252</CancelTime>
  <ResultCode>120000</ResultCode>
  <ResultMsg urlencode="1">%C1%A4%BB%F3%C3%B3%B8%AE%B5%C7%BE%FA%BD%C0%B4%CF%B4%D9.</ResultMsg>
</CancelInfo>]
INFO	[2010-08-02 19:32:50:79] <8279> DECRYPT PARSE OK
INFO	[2010-08-02 19:32:50:80] <8279> END cancel 정상처리되었습니다. Laptime:[0.65sec]
INFO	[2010-08-02 19:32:50:80] <8279> ===============================================================
INFO	[2010-08-02 19:32:55:293] <8279> START INIPHP cancel (V5030-091216)(OS:Linux2.6.18-164.15.1.el5PAE,PHP:5.2.0)
DEBUG	[2010-08-02 19:32:55:293] <8279> inipayhome:/home/banana/public_html/INIpay50
DEBUG	[2010-08-02 19:32:55:293] <8279> type:cancel
DEBUG	[2010-08-02 19:32:55:293] <8279> debug:true
DEBUG	[2010-08-02 19:32:55:293] <8279> mid:battlebana
DEBUG	[2010-08-02 19:32:55:293] <8279> admin:1111
DEBUG	[2010-08-02 19:32:55:293] <8279> tid:INIphpCARDbattlebana20100802145848317687
DEBUG	[2010-08-02 19:32:55:293] <8279> cancelmsg:
INFO	[2010-08-02 19:32:55:293] <8279> Check Field OK
INFO	[2010-08-02 19:32:55:293] <8279> PI PUB KEY LOAD OK []
INFO	[2010-08-02 19:32:55:294] <8279> PG PUB KEY LOAD OK [30]
INFO	[2010-08-02 19:32:55:294] <8279> MERCHANT PRIV KEY LOAD OK
INFO	[2010-08-02 19:32:55:294] <8279> MERCHANT PUB KEY LOAD OK [0]
DEBUG	[2010-08-02 19:32:55:295] <8279> MAKE ENCRYPT OK[<?xml version="1.0" encoding="UTF-8"?>
<CancelInfo>
	  <CancelTID>INIphpCARDbattlebana20100802145848317687</CancelTID>
	  <CancelMsg/></CancelInfo>]
INFO	[2010-08-02 19:32:55:296] <8279> MAKE BODY OK
INFO	[2010-08-02 19:32:55:299] <8279> SIGN OK
INFO	[2010-08-02 19:32:55:299] <8279> MAKE HEAD OK
INFO	[2010-08-02 19:32:55:299] <8279> MSG_TO_PG:[0082000175D SHA1                   0                                      300420battlebana                    INIphpCARDbattlebana20100802145848317687<?xml version="1.0" encoding="UTF-8"?>
<INIpay>
	  <CancelInfo>
	    <SessionKey>bRX/8+oXLWo+F+lsrMynz1t86BTahbZZ5g6COwpTCpCG7GQZsiVwO3no5aQuGlc1
baracQMEhKI9NYgeW79CJUpYvRW4Wx+9doaEqJtyMznUb6UbqQ/caiAZoBAZauok
l+u9vPBNmugbtp0PdUahV2XtDoz3cak8zQQfyryw5KCuEo+3eoJ1/w==
</SessionKey>
	    <Encrypted>/B7l9Kzbx0MW15jrE6hBbLIVNkXK6S0upUorv67q4R9YR/B+6YVrKK0QmrJZsVFk
fNVdaO+tK8WjjXXlLb82KpKEHKb9LHiJjYnmVvEOcmIi3aiXfGpEhD7+8Hhbjwk+
qQWlNYcjs1ZB6rsDtnpmUf2x//fMB8z216NGMoZIhCmPnYzclQx5qKryWv01KjJQ
ntiCBiSZbQ4=
</Encrypted></CancelInfo>
	  <ReservedInfo>
	    <MReserved1/>
	    <MReserved2/>
	    <MReserved3/></ReservedInfo>
	  <ManageInfo>
	    <Language/>
	    <URL/>
	    <TXVersion>5030B091216canceLinux     PHPchkfake   2.6.18-164.15.1.el5PAEPHP:5.2.</TXVersion>
	    <TXUserID/>
	    <TXRegNum/></ManageInfo></INIpay>AGtOfcoNSn+cAR9R6sGFNSwSlKVe2NVX3DsHVequWT9d+Qz12e5/ZgKsPKUCaJ+g
EkloNOXPT9KsyOS3/W8wntFdfRi4OFcuzW6MZ/bsbHR1kMRJ2QM/nyhnIGIbQBmI
Vc7vjpWXR4ILgFawvr6p6w2/6BH8bD58q1V1UwqrD47L
]
INFO	[2010-08-02 19:32:55:313] <8279> DNS LOOKUP OK(pg.inicis.com:203.238.37.3:34049) laptime:0.01
INFO	[2010-08-02 19:32:55:316] <8279> SOCKET CONNECT OK
INFO	[2010-08-02 19:32:55:317] <8279> SEND OK
INFO	[2010-08-02 19:32:56:719] <8279> RECV OK
INFO	[2010-08-02 19:32:56:719] <8279> MSG_FROM_PG:[0115800175D SHA1                   0                                      300430battlebana                    INIphpCARDbattlebana20100802145848317687<?xml version="1.0" encoding="UTF-8"?>
<INIpay>
  <CancelInfo>
    <ResultCode>120000</ResultCode>
    <ResultMsg urlencode="1">%C1%A4%BB%F3%C3%B3%B8%AE%B5%C7%BE%FA%BD%C0%B4%CF%B4%D9.</ResultMsg>
    <SessionKey>AUCnV74yBXc6pCQ7IHM942aoQ09KHUnlR6PEkGfF9bmCGwd1Kv90qSqPDELhivl5
rcvR3BtCxnn1RrtaeR4L6f3Bk0QYX9iYutmYX1TSu+ZHwb+RRSA/DHvAZ9zrcgTu
cR9a60z7vc+3ly6YxmLGfSq9RX8jrs/1XfLSyQBlKS8bvL60l5bQb0I=
</SessionKey>
    <Encrypted>EtUMZNdIYWkHOUh+IML1jLMpWHUdaGBz69MtbBbpPG5ug4Mg9N+UQ6Jb/afOZa+/
QS/sNJkyHJ0BU7+l2Ge7y0mH8tiXiEIFl3DdaX4kekoePCkvoqrKUuVlUgc8Jczv
KpT9wpehss5FxNrdP/QwVGokluiLQC3F6NBEk7aM1YIyrVPqB4PNBDbxFVKFWEG0
idM6VHayvgEdZUdBtI4yjRU20DlWJ1eT7AK2fObRbgUD8CIc7U4bBCSrPD0Gu9mS
tsPX02KrJDpeRjLSxv32o79734AII1k4LeAqGTZS+A22dYx63BLQs23xpDsm/GxI
Wk12eXk19azV4HXyZJpO0QGF1zpqOrMDLMV5QGJxEb8=
</Encrypted>
  </CancelInfo>
  <ManageInfo/>
  <ReservedInfo>
    <MReserved1 urlencode="1"></MReserved1>
    <MReserved2 urlencode="1"></MReserved2>
    <MReserved3 urlencode="1"></MReserved3>
    <PGReserved1 urlencode="1"></PGReserved1>
    <PGReserved2 urlencode="1"></PGReserved2>
    <PGReserved3 urlencode="1"></PGReserved3>
  </ReservedInfo>
</INIpay>
DK7Gw4j97rlwIoBsbJ0UsupzWM3PhBz0VzznSzGHwldXgAp6RqWaso/jyUluSX9y
XzdeK88S5JJKUII2jq1dhIjeOMwe4habBUxtmRiTJb8o35cBxNHYj3IrfMLMB4vL
V2EyHa54X3f03WngUzUD5FFmiUvSbJkNZMxGe7igRZw=
]
INFO	[2010-08-02 19:32:56:719] <8279> VERIFY OK
INFO	[2010-08-02 19:32:56:720] <8279> PARSE HEAD OK
INFO	[2010-08-02 19:32:56:720] <8279> PARSE BODY OK
INFO	[2010-08-02 19:32:56:724] <8279> DECRYPT OK
DEBUG	[2010-08-02 19:32:56:724] <8279> DECRYPT MSG:[<?xml version="1.0" encoding="UTF-8"?>
<CancelInfo>
  <CancelDate>20100802</CancelDate>
  <CancelTime>193258</CancelTime>
  <ResultCode>120000</ResultCode>
  <ResultMsg urlencode="1">%C1%A4%BB%F3%C3%B3%B8%AE%B5%C7%BE%FA%BD%C0%B4%CF%B4%D9.</ResultMsg>
</CancelInfo>]
INFO	[2010-08-02 19:32:56:724] <8279> DECRYPT PARSE OK
INFO	[2010-08-02 19:32:56:724] <8279> END cancel 정상처리되었습니다. Laptime:[1.43sec]
INFO	[2010-08-02 19:32:56:724] <8279> ===============================================================
INFO	[2010-08-02 19:33:13:823] <8279> START INIPHP cancel (V5030-091216)(OS:Linux2.6.18-164.15.1.el5PAE,PHP:5.2.0)
DEBUG	[2010-08-02 19:33:13:823] <8279> inipayhome:/home/banana/public_html/INIpay50
DEBUG	[2010-08-02 19:33:13:823] <8279> type:cancel
DEBUG	[2010-08-02 19:33:13:823] <8279> debug:true
DEBUG	[2010-08-02 19:33:13:823] <8279> mid:battlebana
DEBUG	[2010-08-02 19:33:13:823] <8279> admin:1111
DEBUG	[2010-08-02 19:33:13:823] <8279> tid:INIphpHPP_battlebana20100801162451940304
DEBUG	[2010-08-02 19:33:13:823] <8279> cancelmsg:
INFO	[2010-08-02 19:33:13:824] <8279> Check Field OK
INFO	[2010-08-02 19:33:13:824] <8279> PI PUB KEY LOAD OK []
INFO	[2010-08-02 19:33:13:824] <8279> PG PUB KEY LOAD OK [30]
INFO	[2010-08-02 19:33:13:824] <8279> MERCHANT PRIV KEY LOAD OK
INFO	[2010-08-02 19:33:13:824] <8279> MERCHANT PUB KEY LOAD OK [0]
DEBUG	[2010-08-02 19:33:13:826] <8279> MAKE ENCRYPT OK[<?xml version="1.0" encoding="UTF-8"?>
<CancelInfo>
	  <CancelTID>INIphpHPP_battlebana20100801162451940304</CancelTID>
	  <CancelMsg/></CancelInfo>]
INFO	[2010-08-02 19:33:13:826] <8279> MAKE BODY OK
INFO	[2010-08-02 19:33:13:829] <8279> SIGN OK
INFO	[2010-08-02 19:33:13:829] <8279> MAKE HEAD OK
INFO	[2010-08-02 19:33:13:829] <8279> MSG_TO_PG:[0082000175D SHA1                   0                                      300420battlebana                    INIphpHPP_battlebana20100801162451940304<?xml version="1.0" encoding="UTF-8"?>
<INIpay>
	  <CancelInfo>
	    <SessionKey>UpCqavYDU/I/SEgwdSHz2Fj2n20L3BOWONE6xC9jem9p06NxweZ7VoT5PI2VOxDS
Vcn45V3apI4wW398r8JMlhAPkHFhdNo3eXX3Uy5racfDqRtxc6NpJkd6hgESwDmD
CY98aigCvvgh2iQiwa5foDlglKZHLBhIPWhmljpZHFfAx7EN6YATbw==
</SessionKey>
	    <Encrypted>VDyFTvnBXr38QagUZjUTed7j5YFJG46EWeZM4RtU65II35WK2AS9+x1Svmz6wcXC
ZSGt79i3z2yppcNKIPHvWuzoMzNFzwK2RkNFbIbdW0OLhes7TEAtx6QDQuVt/X2e
7Ohk6eAxqa9HAmvrAQoNBL1RnTiTYNVGrkonPbW6W5VVoa6p/lA6x2AlFCsn0byc
FteKPCIwVZE=
</Encrypted></CancelInfo>
	  <ReservedInfo>
	    <MReserved1/>
	    <MReserved2/>
	    <MReserved3/></ReservedInfo>
	  <ManageInfo>
	    <Language/>
	    <URL/>
	    <TXVersion>5030B091216canceLinux     PHPchkfake   2.6.18-164.15.1.el5PAEPHP:5.2.</TXVersion>
	    <TXUserID/>
	    <TXRegNum/></ManageInfo></INIpay>APj+lSBC0bACJF4EvRK/680GGzY8vZZpeEVRGPU1LPpYuRQZyVeuhf30NaIxxIpb
HUGQw4LZgGV68OwQ0x39qT9VU/ojb9j1DqWF2SZTepbhidJvX7P1rUdkYzgluE+9
f4Uec+wCZdqNzB9fPqt02tflyFvv+Rdexh2ZCAX0rqfj
]
INFO	[2010-08-02 19:33:13:839] <8279> DNS LOOKUP OK(pg.inicis.com:203.238.37.3:34049) laptime:0.01
INFO	[2010-08-02 19:33:13:843] <8279> SOCKET CONNECT OK
INFO	[2010-08-02 19:33:13:843] <8279> SEND OK
INFO	[2010-08-02 19:33:13:976] <8279> RECV OK
INFO	[2010-08-02 19:33:13:976] <8279> MSG_FROM_PG:[0110300175D SHA1                   0                                      300430battlebana                    INIphpHPP_battlebana20100801162451940304<?xml version="1.0" encoding="UTF-8"?>
<INIpay>
  <CancelInfo>
    <ResultCode>512626</ResultCode>
    <ResultMsg urlencode="1">%B1%E2+%C3%EB%BC%D2+%B0%C5%B7%A1</ResultMsg>
    <SessionKey>AKWrs7/u7nVwMHy53SDyB7f2CDHpb1r2SYy2iWDAQ2wVP4na3qploVLVpQm4k7AM
dnihaJyIoxhYqf6yyapuiIt4DK7fdbnRkdpi3297xInm4Ye8iwhmMYQO3FK4F9vp
o6TJErmkhZdXCh2A9or4/tv9NI7PEys6q36P2yp6AU08qkib9WZxWVI=
</SessionKey>
    <Encrypted>XEJ1hfcNBlBtHOgOa+yMo1FTibyeYrJN8E2T6w4SC8eZpi09A1zei2KaBF/r3J7v
iy9rd5QQayU8d+pBO+fJMA5vtNjnBNM/IlztI4sSFwpLF+zyohSzJPVdIQ18OoGU
a1Hp3yKBmpmCLDptABEK3HXtHUCmpuTbiMg1G7N5jRGj5iWQBGfAjyNpl2uVZ3B0
qh12vKovtZE5igJ5oXjeRvWOwU4hMdfg9vB7SiHP4QWhlR9s2FiFquyBWDx42Evy
m9+0J/M7Q2Q7zJ3qs2scmL8dLftKxNVL2FUHGDlcsjKWQKxgF49KtdWcKlnK/Vwz
PBplGFQcifc=
</Encrypted>
  </CancelInfo>
  <ManageInfo/>
  <ReservedInfo>
    <MReserved1 urlencode="1"></MReserved1>
    <MReserved2 urlencode="1"></MReserved2>
    <MReserved3 urlencode="1"></MReserved3>
    <PGReserved1 urlencode="1"></PGReserved1>
    <PGReserved2 urlencode="1"></PGReserved2>
    <PGReserved3 urlencode="1"></PGReserved3>
  </ReservedInfo>
</INIpay>
qyilm4XxbAipCIhpICGIzhehWC3xZnc92tUdUNEJLecfAhOcPU1d+a1dFd84dccJ
xg0jr/qb3XQh3tLb+FcHDhK819LHM/yJt6VsA60RUq24MQ1iI03YsVHdGnQb2/cV
VW8+3Id4M1hXSRMwYE5B6EToF4sugCo4VXaE85Df4qM=
]
INFO	[2010-08-02 19:33:13:976] <8279> VERIFY OK
INFO	[2010-08-02 19:33:13:976] <8279> PARSE HEAD OK
INFO	[2010-08-02 19:33:13:977] <8279> PARSE BODY OK
INFO	[2010-08-02 19:33:13:980] <8279> DECRYPT OK
DEBUG	[2010-08-02 19:33:13:980] <8279> DECRYPT MSG:[<?xml version="1.0" encoding="UTF-8"?>
<CancelInfo>
  <CancelDate>20100802</CancelDate>
  <CancelTime>193317</CancelTime>
  <ResultCode>512626</ResultCode>
  <ResultMsg urlencode="1">%B1%E2+%C3%EB%BC%D2+%B0%C5%B7%A1</ResultMsg>
</CancelInfo>]
INFO	[2010-08-02 19:33:13:980] <8279> DECRYPT PARSE OK
INFO	[2010-08-02 19:33:13:980] <8279> END cancel [512626|기 취소 거래] Laptime:[0.16sec]
INFO	[2010-08-02 19:33:13:980] <8279> ===============================================================
